<?xml version="1.0" encoding="UTF-8"?>
<robot generator="Robot 6.1.1 (Python 3.12.0 on win32)" generated="20240130 11:41:31.691" rpa="false" schemaversion="4">
<suite id="s1" name="WSJ Regression" source="D:\Codes\Jenkins_2050\userservices-qa-automation\panda-qa\Tests\FollowWidget\Regression\WSJ_Regression.robot">
<test id="s1-t1" name="Validate the multiple authors follow button from articles page" line="24">
<kw name="Start WSJ Article" library="CommonFunctionality" type="SETUP">
<kw name="Set Selenium Speed" library="SeleniumLibrary">
<arg>0.5 seconds</arg>
<doc>Sets the delay that is waited after each Selenium command.</doc>
<status status="PASS" starttime="20240130 11:41:32.436" endtime="20240130 11:41:32.436"/>
</kw>
<kw name="Set Browser Options" library="CommonFunctionality">
<var>${options}</var>
<if>
<branch type="IF" condition="&quot;${Browser}&quot; == &quot;firefox&quot;">
<kw name="Evaluate" library="BuiltIn">
<var>${options}</var>
<arg>selenium.webdriver.FirefoxOptions()</arg>
<doc>Evaluates the given expression in Python and returns the result.</doc>
<status status="NOT RUN" starttime="20240130 11:41:32.438" endtime="20240130 11:41:32.438"/>
</kw>
<kw name="Call Method" library="BuiltIn">
<arg>${options}</arg>
<arg>add_argument</arg>
<arg>--CreateProfile</arg>
<doc>Calls the named method of the given object with the provided arguments.</doc>
<status status="NOT RUN" starttime="20240130 11:41:32.438" endtime="20240130 11:41:32.438"/>
</kw>
<kw name="Call Method" library="BuiltIn">
<arg>${options}</arg>
<arg>add_argument</arg>
<arg>--start-maximized</arg>
<doc>Calls the named method of the given object with the provided arguments.</doc>
<status status="NOT RUN" starttime="20240130 11:41:32.439" endtime="20240130 11:41:32.439"/>
</kw>
<kw name="Call Method" library="BuiltIn">
<arg>${options}</arg>
<arg>add_argument</arg>
<arg>--disable-dev-shm-usage</arg>
<doc>Calls the named method of the given object with the provided arguments.</doc>
<status status="NOT RUN" starttime="20240130 11:41:32.439" endtime="20240130 11:41:32.440"/>
</kw>
<kw name="Call Method" library="BuiltIn">
<arg>${options}</arg>
<arg>add_argument</arg>
<arg>--no-sandbox</arg>
<doc>Calls the named method of the given object with the provided arguments.</doc>
<status status="NOT RUN" starttime="20240130 11:41:32.440" endtime="20240130 11:41:32.440"/>
</kw>
<kw name="Call Method" library="BuiltIn">
<arg>${options}</arg>
<arg>add_argument</arg>
<arg>--disable-gpu</arg>
<doc>Calls the named method of the given object with the provided arguments.</doc>
<status status="NOT RUN" starttime="20240130 11:41:32.440" endtime="20240130 11:41:32.441"/>
</kw>
<kw name="Call Method" library="BuiltIn">
<arg>${options}</arg>
<arg>add_argument</arg>
<arg>--headless</arg>
<doc>Calls the named method of the given object with the provided arguments.</doc>
<status status="NOT RUN" starttime="20240130 11:41:32.441" endtime="20240130 11:41:32.441"/>
</kw>
<kw name="Call Method" library="BuiltIn">
<arg>${options}</arg>
<arg>add_argument</arg>
<arg>--devtools.debugger.force-local</arg>
<doc>Calls the named method of the given object with the provided arguments.</doc>
<status status="NOT RUN" starttime="20240130 11:41:32.442" endtime="20240130 11:41:32.442"/>
</kw>
<kw name="Call Method" library="BuiltIn">
<arg>${options}</arg>
<arg>add_argument</arg>
<arg>--devtools.debugger.remote-enabled</arg>
<doc>Calls the named method of the given object with the provided arguments.</doc>
<status status="NOT RUN" starttime="20240130 11:41:32.442" endtime="20240130 11:41:32.442"/>
</kw>
<kw name="Call Method" library="BuiltIn">
<arg>${options}</arg>
<arg>add_argument</arg>
<arg>--devtools.chrome.enabled</arg>
<doc>Calls the named method of the given object with the provided arguments.</doc>
<status status="NOT RUN" starttime="20240130 11:41:32.443" endtime="20240130 11:41:32.443"/>
</kw>
<kw name="Call Method" library="BuiltIn">
<arg>${options}</arg>
<arg>add_argument</arg>
<arg>--devtools.debugger.prompt-connection</arg>
<doc>Calls the named method of the given object with the provided arguments.</doc>
<status status="NOT RUN" starttime="20240130 11:41:32.443" endtime="20240130 11:41:32.443"/>
</kw>
<kw name="Call Method" library="BuiltIn">
<arg>${options}</arg>
<arg>add_argument</arg>
<arg>--browser.dom.window.dump.enabled</arg>
<doc>Calls the named method of the given object with the provided arguments.</doc>
<status status="NOT RUN" starttime="20240130 11:41:32.443" endtime="20240130 11:41:32.444"/>
</kw>
<return>
<value>${options}</value>
<status status="NOT RUN" starttime="20240130 11:41:32.444" endtime="20240130 11:41:32.444"/>
</return>
<status status="NOT RUN" starttime="20240130 11:41:32.437" endtime="20240130 11:41:32.444"/>
</branch>
<branch type="ELSE IF" condition="&quot;${Browser}&quot; == &quot;chrome&quot;">
<kw name="Evaluate" library="BuiltIn">
<var>${options}</var>
<arg>selenium.webdriver.ChromeOptions()</arg>
<doc>Evaluates the given expression in Python and returns the result.</doc>
<msg timestamp="20240130 11:41:32.445" level="INFO">${options} = &lt;selenium.webdriver.chrome.options.Options object at 0x00000267E376F770&gt;</msg>
<status status="PASS" starttime="20240130 11:41:32.445" endtime="20240130 11:41:32.448"/>
</kw>
<kw name="Call Method" library="BuiltIn">
<arg>${options}</arg>
<arg>add_argument</arg>
<arg>--start-maximized</arg>
<doc>Calls the named method of the given object with the provided arguments.</doc>
<status status="PASS" starttime="20240130 11:41:32.448" endtime="20240130 11:41:32.449"/>
</kw>
<kw name="Call Method" library="BuiltIn">
<arg>${options}</arg>
<arg>add_argument</arg>
<arg>--disable-dev-shm-usage</arg>
<doc>Calls the named method of the given object with the provided arguments.</doc>
<status status="PASS" starttime="20240130 11:41:32.449" endtime="20240130 11:41:32.449"/>
</kw>
<kw name="Call Method" library="BuiltIn">
<arg>${options}</arg>
<arg>add_argument</arg>
<arg>--no-sandbox</arg>
<doc>Calls the named method of the given object with the provided arguments.</doc>
<status status="PASS" starttime="20240130 11:41:32.450" endtime="20240130 11:41:32.450"/>
</kw>
<kw name="Call Method" library="BuiltIn">
<arg>${options}</arg>
<arg>add_argument</arg>
<arg>--disable-gpu</arg>
<doc>Calls the named method of the given object with the provided arguments.</doc>
<status status="PASS" starttime="20240130 11:41:32.450" endtime="20240130 11:41:32.451"/>
</kw>
<kw name="Call Method" library="BuiltIn">
<arg>${options}</arg>
<arg>add_argument</arg>
<arg>--ignore-certificate-errors</arg>
<doc>Calls the named method of the given object with the provided arguments.</doc>
<status status="PASS" starttime="20240130 11:41:32.451" endtime="20240130 11:41:32.451"/>
</kw>
<kw name="Call Method" library="BuiltIn">
<arg>${options}</arg>
<arg>add_argument</arg>
<arg>--disable-extensions</arg>
<doc>Calls the named method of the given object with the provided arguments.</doc>
<status status="PASS" starttime="20240130 11:41:32.452" endtime="20240130 11:41:32.452"/>
</kw>
<kw name="Call Method" library="BuiltIn">
<arg>${options}</arg>
<arg>add_argument</arg>
<arg>--no-user-gesture-required</arg>
<doc>Calls the named method of the given object with the provided arguments.</doc>
<status status="PASS" starttime="20240130 11:41:32.452" endtime="20240130 11:41:32.452"/>
</kw>
<kw name="Call Method" library="BuiltIn">
<arg>${options}</arg>
<arg>add_argument</arg>
<arg>--no-first-run</arg>
<doc>Calls the named method of the given object with the provided arguments.</doc>
<status status="PASS" starttime="20240130 11:41:32.452" endtime="20240130 11:41:32.453"/>
</kw>
<kw name="Call Method" library="BuiltIn">
<arg>${options}</arg>
<arg>add_argument</arg>
<arg>--use-fake-ui-for-media-stream</arg>
<doc>Calls the named method of the given object with the provided arguments.</doc>
<status status="PASS" starttime="20240130 11:41:32.453" endtime="20240130 11:41:32.453"/>
</kw>
<kw name="Call Method" library="BuiltIn">
<arg>${options}</arg>
<arg>add_argument</arg>
<arg>--use-fake-device-for-media-stream</arg>
<doc>Calls the named method of the given object with the provided arguments.</doc>
<status status="PASS" starttime="20240130 11:41:32.453" endtime="20240130 11:41:32.455"/>
</kw>
<kw name="Call Method" library="BuiltIn">
<arg>${options}</arg>
<arg>add_argument</arg>
<arg>--disable-sync</arg>
<doc>Calls the named method of the given object with the provided arguments.</doc>
<status status="PASS" starttime="20240130 11:41:32.455" endtime="20240130 11:41:32.456"/>
</kw>
<return>
<value>${options}</value>
<status status="PASS" starttime="20240130 11:41:32.456" endtime="20240130 11:41:32.456"/>
</return>
<status status="PASS" starttime="20240130 11:41:32.444" endtime="20240130 11:41:32.456"/>
</branch>
<status status="PASS" starttime="20240130 11:41:32.437" endtime="20240130 11:41:32.456"/>
</if>
<msg timestamp="20240130 11:41:32.457" level="INFO">${options} = &lt;selenium.webdriver.chrome.options.Options object at 0x00000267E376F770&gt;</msg>
<status status="PASS" starttime="20240130 11:41:32.437" endtime="20240130 11:41:32.457"/>
</kw>
<if>
<branch type="IF" condition="&quot;${Env}&quot; == &quot;prod&quot;">
<kw name="Open Browser" library="SeleniumLibrary">
<arg>https://www.wsj.com</arg>
<arg>${Browser}</arg>
<arg>options=${options}</arg>
<doc>Opens a new browser instance to the optional ``url``.</doc>
<status status="NOT RUN" starttime="20240130 11:41:32.457" endtime="20240130 11:41:32.458"/>
</kw>
<kw name="Go To" library="SeleniumLibrary">
<arg>https://www.wsj.com/articles/twitter-elon-musk-to-argue-over-trial-timetable-to-force-44-billion-takeover-11658223001?cx_testId=3&amp;cx_testVariant=cx_5&amp;cx_artPos=6&amp;mod=WTRN#cxrecs_s</arg>
<doc>Navigates the current browser window to the provided ``url``.</doc>
<status status="NOT RUN" starttime="20240130 11:41:32.458" endtime="20240130 11:41:32.459"/>
</kw>
<status status="NOT RUN" starttime="20240130 11:41:32.457" endtime="20240130 11:41:32.459"/>
</branch>
<branch type="ELSE IF" condition="&quot;${Env}&quot; == &quot;dev&quot;">
<kw name="Open Browser" library="SeleniumLibrary">
<arg>https://www.s.dev.wsj.com</arg>
<arg>${Browser}</arg>
<arg>options=${options}</arg>
<doc>Opens a new browser instance to the optional ``url``.</doc>
<msg timestamp="20240130 11:41:32.460" level="INFO">Opening browser 'chrome' to base url 'https://www.s.dev.wsj.com'.</msg>
<status status="PASS" starttime="20240130 11:41:32.459" endtime="20240130 11:41:46.459"/>
</kw>
<kw name="Go To" library="SeleniumLibrary">
<arg>https://www.s.dev.wsj.com/articles/twitter-elon-musk-to-argue-over-trial-timetable-to-force-44-billion-takeover-11658223001?cx_testId=3&amp;cx_testVariant=cx_5&amp;cx_artPos=6&amp;mod=WTRN#cxrecs_s</arg>
<doc>Navigates the current browser window to the provided ``url``.</doc>
<msg timestamp="20240130 11:41:46.460" level="INFO">Opening url 'https://www.s.dev.wsj.com/articles/twitter-elon-musk-to-argue-over-trial-timetable-to-force-44-billion-takeover-11658223001?cx_testId=3&amp;cx_testVariant=cx_5&amp;cx_artPos=6&amp;mod=WTRN#cxrecs_s'</msg>
<msg timestamp="20240130 11:43:11.163" level="WARN">Keyword 'Capture Page Screenshot' could not be run on failure: Message: disconnected: not connected to DevTools
  (failed to check if window was closed: disconnected: not connected to DevTools)
  (Session info: chrome=120.0.6099.225)
Stacktrace:
	GetHandleVerifier [0x00007FF6E89B4D02+56194]
	(No symbol) [0x00007FF6E89204B2]
	(No symbol) [0x00007FF6E87C76AA]
	(No symbol) [0x00007FF6E87AFD6A]
	(No symbol) [0x00007FF6E87AFC20]
	(No symbol) [0x00007FF6E87C99A1]
	(No symbol) [0x00007FF6E8852047]
	(No symbol) [0x00007FF6E8835C23]
	(No symbol) [0x00007FF6E8804A45]
	(No symbol) [0x00007FF6E8805AD4]
	GetHandleVerifier [0x00007FF6E8D2D5BB+3695675]
	GetHandleVerifier [0x00007FF6E8D86197+4059159]
	GetHandleVerifier [0x00007FF6E8D7DF63+4025827]
	GetHandleVerifier [0x00007FF6E8A4F029+687785]
	(No symbol) [0x00007FF6E892B508]
	(No symbol) [0x00007FF6E8927564]
	(No symbol) [0x00007FF6E89276E9]
	(No symbol) [0x00007FF6E8918094]
	BaseThreadInitThunk [0x00007FFE5DBF7344+20]
	RtlUserThreadStart [0x00007FFE5E3A26B1+33]
</msg>
<msg timestamp="20240130 11:43:11.164" level="FAIL">WebDriverException: Message: disconnected: not connected to DevTools
  (failed to check if window was closed: disconnected: not connected to DevTools)
  (Session info: chrome=120.0.6099.225)
Stacktrace:
	GetHandleVerifier [0x00007FF6E89B4D02+56194]
	(No symbol) [0x00007FF6E89204B2]
	(No symbol) [0x00007FF6E87C76AA]
	(No symbol) [0x00007FF6E87AFD6A]
	(No symbol) [0x00007FF6E87D40AD]
	(No symbol) [0x00007FF6E885297F]
	(No symbol) [0x00007FF6E8835C23]
	(No symbol) [0x00007FF6E8804A45]
	(No symbol) [0x00007FF6E8805AD4]
	GetHandleVerifier [0x00007FF6E8D2D5BB+3695675]
	GetHandleVerifier [0x00007FF6E8D86197+4059159]
	GetHandleVerifier [0x00007FF6E8D7DF63+4025827]
	GetHandleVerifier [0x00007FF6E8A4F029+687785]
	(No symbol) [0x00007FF6E892B508]
	(No symbol) [0x00007FF6E8927564]
	(No symbol) [0x00007FF6E89276E9]
	(No symbol) [0x00007FF6E8918094]
	BaseThreadInitThunk [0x00007FFE5DBF7344+20]
	RtlUserThreadStart [0x00007FFE5E3A26B1+33]
</msg>
<status status="FAIL" starttime="20240130 11:41:46.459" endtime="20240130 11:43:11.169"/>
</kw>
<status status="FAIL" starttime="20240130 11:41:32.459" endtime="20240130 11:43:11.170"/>
</branch>
<status status="FAIL" starttime="20240130 11:41:32.457" endtime="20240130 11:43:11.171"/>
</if>
<kw name="Maximize Browser Window" library="SeleniumLibrary">
<doc>Maximizes current browser window.</doc>
<status status="NOT RUN" starttime="20240130 11:43:11.171" endtime="20240130 11:43:11.171"/>
</kw>
<status status="FAIL" starttime="20240130 11:41:32.435" endtime="20240130 11:43:11.171"/>
</kw>
<doc>This test case validates the multiple authors follow button from articles page</doc>
<tag>Article</tag>
<tag>Author</tag>
<tag>Follow</tag>
<tag>Regression</tag>
<tag>WSJ</tag>
<status status="FAIL" starttime="20240130 11:41:32.434" endtime="20240130 11:43:11.172">Setup failed:
WebDriverException: Message: disconnected: not connected to DevTools
  (failed to check if window was closed: disconnected: not connected to DevTools)
  (Session info: chrome=120.0.6099.225)
Stacktrace:
	GetHandleVerifier [0x00007FF6E89B4D02+56194]
	(No symbol) [0x00007FF6E89204B2]
	(No symbol) [0x00007FF6E87C76AA]
	(No symbol) [0x00007FF6E87AFD6A]
	(No symbol) [0x00007FF6E87D40AD]
	(No symbol) [0x00007FF6E885297F]
	(No symbol) [0x00007FF6E8835C23]
	(No symbol) [0x00007FF6E8804A45]
	(No symbol) [0x00007FF6E8805AD4]
	GetHandleVerifier [0x00007FF6E8D2D5BB+3695675]
	GetHandleVerifier [0x00007FF6E8D86197+4059159]
	GetHandleVerifier [0x00007FF6E8D7DF63+4025827]
	GetHandleVerifier [0x00007FF6E8A4F029+687785]
	(No symbol) [0x00007FF6E892B508]
	(No symbol) [0x00007FF6E8927564]
	(No symbol) [0x00007FF6E89276E9]
	(No symbol) [0x00007FF6E8918094]
	BaseThreadInitThunk [0x00007FFE5DBF7344+20]
	RtlUserThreadStart [0x00007FFE5E3A26B1+33]
</status>
</test>
<doc>WSJ Regression Tests</doc>
<status status="FAIL" starttime="20240130 11:41:31.696" endtime="20240130 11:43:11.173"/>
</suite>
<statistics>
<total>
<stat pass="0" fail="1" skip="0">All Tests</stat>
</total>
<tag>
<stat pass="0" fail="1" skip="0">Article</stat>
<stat pass="0" fail="1" skip="0">Author</stat>
<stat pass="0" fail="1" skip="0">Follow</stat>
<stat pass="0" fail="1" skip="0">Regression</stat>
<stat pass="0" fail="1" skip="0">WSJ</stat>
</tag>
<suite>
<stat pass="0" fail="1" skip="0" id="s1" name="WSJ Regression">WSJ Regression</stat>
</suite>
</statistics>
<errors>
<msg timestamp="20240130 11:43:11.163" level="WARN">Keyword 'Capture Page Screenshot' could not be run on failure: Message: disconnected: not connected to DevTools
  (failed to check if window was closed: disconnected: not connected to DevTools)
  (Session info: chrome=120.0.6099.225)
Stacktrace:
	GetHandleVerifier [0x00007FF6E89B4D02+56194]
	(No symbol) [0x00007FF6E89204B2]
	(No symbol) [0x00007FF6E87C76AA]
	(No symbol) [0x00007FF6E87AFD6A]
	(No symbol) [0x00007FF6E87AFC20]
	(No symbol) [0x00007FF6E87C99A1]
	(No symbol) [0x00007FF6E8852047]
	(No symbol) [0x00007FF6E8835C23]
	(No symbol) [0x00007FF6E8804A45]
	(No symbol) [0x00007FF6E8805AD4]
	GetHandleVerifier [0x00007FF6E8D2D5BB+3695675]
	GetHandleVerifier [0x00007FF6E8D86197+4059159]
	GetHandleVerifier [0x00007FF6E8D7DF63+4025827]
	GetHandleVerifier [0x00007FF6E8A4F029+687785]
	(No symbol) [0x00007FF6E892B508]
	(No symbol) [0x00007FF6E8927564]
	(No symbol) [0x00007FF6E89276E9]
	(No symbol) [0x00007FF6E8918094]
	BaseThreadInitThunk [0x00007FFE5DBF7344+20]
	RtlUserThreadStart [0x00007FFE5E3A26B1+33]
</msg>
</errors>
</robot>
