<?xml version="1.0" encoding="UTF-8"?>
<robot generator="Robot 6.1.1 (Python 3.12.0 on win32)" generated="20240115 15:21:17.446" rpa="false" schemaversion="4">
<suite id="s1" name="MansionGlobal Smoke" source="D:\Codes\Jenkins_2050\userservices-qa-automation\panda-qa\Tests\FollowWidget\Smoke\MansionGlobal_Smoke.robot">
<test id="s1-t1" name="Validate the Mansion Global Preference Center page" line="43">
<kw name="Start Mansion Global Article" library="CommonFunctionality" type="SETUP">
<kw name="Set Selenium Speed" library="SeleniumLibrary">
<arg>1 seconds</arg>
<doc>Sets the delay that is waited after each Selenium command.</doc>
<status status="PASS" starttime="20240115 15:21:18.013" endtime="20240115 15:21:18.013"/>
</kw>
<kw name="Set Browser Options" library="CommonFunctionality">
<var>${options}</var>
<if>
<branch type="IF" condition="&quot;${Browser}&quot; == &quot;firefox&quot;">
<kw name="Evaluate" library="BuiltIn">
<var>${options}</var>
<arg>selenium.webdriver.FirefoxOptions()</arg>
<doc>Evaluates the given expression in Python and returns the result.</doc>
<status status="NOT RUN" starttime="20240115 15:21:18.015" endtime="20240115 15:21:18.015"/>
</kw>
<kw name="Call Method" library="BuiltIn">
<arg>${options}</arg>
<arg>add_argument</arg>
<arg>--CreateProfile</arg>
<doc>Calls the named method of the given object with the provided arguments.</doc>
<status status="NOT RUN" starttime="20240115 15:21:18.015" endtime="20240115 15:21:18.015"/>
</kw>
<kw name="Call Method" library="BuiltIn">
<arg>${options}</arg>
<arg>add_argument</arg>
<arg>--start-maximized</arg>
<doc>Calls the named method of the given object with the provided arguments.</doc>
<status status="NOT RUN" starttime="20240115 15:21:18.016" endtime="20240115 15:21:18.016"/>
</kw>
<kw name="Call Method" library="BuiltIn">
<arg>${options}</arg>
<arg>add_argument</arg>
<arg>--disable-dev-shm-usage</arg>
<doc>Calls the named method of the given object with the provided arguments.</doc>
<status status="NOT RUN" starttime="20240115 15:21:18.016" endtime="20240115 15:21:18.016"/>
</kw>
<kw name="Call Method" library="BuiltIn">
<arg>${options}</arg>
<arg>add_argument</arg>
<arg>--no-sandbox</arg>
<doc>Calls the named method of the given object with the provided arguments.</doc>
<status status="NOT RUN" starttime="20240115 15:21:18.016" endtime="20240115 15:21:18.016"/>
</kw>
<kw name="Call Method" library="BuiltIn">
<arg>${options}</arg>
<arg>add_argument</arg>
<arg>--disable-gpu</arg>
<doc>Calls the named method of the given object with the provided arguments.</doc>
<status status="NOT RUN" starttime="20240115 15:21:18.017" endtime="20240115 15:21:18.017"/>
</kw>
<kw name="Call Method" library="BuiltIn">
<arg>${options}</arg>
<arg>add_argument</arg>
<arg>--headless</arg>
<doc>Calls the named method of the given object with the provided arguments.</doc>
<status status="NOT RUN" starttime="20240115 15:21:18.017" endtime="20240115 15:21:18.018"/>
</kw>
<kw name="Call Method" library="BuiltIn">
<arg>${options}</arg>
<arg>add_argument</arg>
<arg>--devtools.debugger.force-local</arg>
<doc>Calls the named method of the given object with the provided arguments.</doc>
<status status="NOT RUN" starttime="20240115 15:21:18.018" endtime="20240115 15:21:18.018"/>
</kw>
<kw name="Call Method" library="BuiltIn">
<arg>${options}</arg>
<arg>add_argument</arg>
<arg>--devtools.debugger.remote-enabled</arg>
<doc>Calls the named method of the given object with the provided arguments.</doc>
<status status="NOT RUN" starttime="20240115 15:21:18.018" endtime="20240115 15:21:18.018"/>
</kw>
<kw name="Call Method" library="BuiltIn">
<arg>${options}</arg>
<arg>add_argument</arg>
<arg>--devtools.chrome.enabled</arg>
<doc>Calls the named method of the given object with the provided arguments.</doc>
<status status="NOT RUN" starttime="20240115 15:21:18.018" endtime="20240115 15:21:18.018"/>
</kw>
<kw name="Call Method" library="BuiltIn">
<arg>${options}</arg>
<arg>add_argument</arg>
<arg>--devtools.debugger.prompt-connection</arg>
<doc>Calls the named method of the given object with the provided arguments.</doc>
<status status="NOT RUN" starttime="20240115 15:21:18.018" endtime="20240115 15:21:18.018"/>
</kw>
<kw name="Call Method" library="BuiltIn">
<arg>${options}</arg>
<arg>add_argument</arg>
<arg>--browser.dom.window.dump.enabled</arg>
<doc>Calls the named method of the given object with the provided arguments.</doc>
<status status="NOT RUN" starttime="20240115 15:21:18.018" endtime="20240115 15:21:18.019"/>
</kw>
<return>
<value>${options}</value>
<status status="NOT RUN" starttime="20240115 15:21:18.019" endtime="20240115 15:21:18.019"/>
</return>
<status status="NOT RUN" starttime="20240115 15:21:18.015" endtime="20240115 15:21:18.019"/>
</branch>
<branch type="ELSE IF" condition="&quot;${Browser}&quot; == &quot;chrome&quot;">
<kw name="Evaluate" library="BuiltIn">
<var>${options}</var>
<arg>selenium.webdriver.ChromeOptions()</arg>
<doc>Evaluates the given expression in Python and returns the result.</doc>
<msg timestamp="20240115 15:21:18.020" level="INFO">${options} = &lt;selenium.webdriver.chrome.options.Options object at 0x0000023BF0688FE0&gt;</msg>
<status status="PASS" starttime="20240115 15:21:18.019" endtime="20240115 15:21:18.023"/>
</kw>
<kw name="Call Method" library="BuiltIn">
<arg>${options}</arg>
<arg>add_argument</arg>
<arg>--start-maximized</arg>
<doc>Calls the named method of the given object with the provided arguments.</doc>
<status status="PASS" starttime="20240115 15:21:18.023" endtime="20240115 15:21:18.024"/>
</kw>
<kw name="Call Method" library="BuiltIn">
<arg>${options}</arg>
<arg>add_argument</arg>
<arg>--disable-dev-shm-usage</arg>
<doc>Calls the named method of the given object with the provided arguments.</doc>
<status status="PASS" starttime="20240115 15:21:18.024" endtime="20240115 15:21:18.024"/>
</kw>
<kw name="Call Method" library="BuiltIn">
<arg>${options}</arg>
<arg>add_argument</arg>
<arg>--no-sandbox</arg>
<doc>Calls the named method of the given object with the provided arguments.</doc>
<status status="PASS" starttime="20240115 15:21:18.025" endtime="20240115 15:21:18.025"/>
</kw>
<kw name="Call Method" library="BuiltIn">
<arg>${options}</arg>
<arg>add_argument</arg>
<arg>--headless</arg>
<doc>Calls the named method of the given object with the provided arguments.</doc>
<status status="PASS" starttime="20240115 15:21:18.025" endtime="20240115 15:21:18.026"/>
</kw>
<kw name="Call Method" library="BuiltIn">
<arg>${options}</arg>
<arg>add_argument</arg>
<arg>--disable-gpu</arg>
<doc>Calls the named method of the given object with the provided arguments.</doc>
<status status="PASS" starttime="20240115 15:21:18.026" endtime="20240115 15:21:18.026"/>
</kw>
<kw name="Call Method" library="BuiltIn">
<arg>${options}</arg>
<arg>add_argument</arg>
<arg>--ignore-certificate-errors</arg>
<doc>Calls the named method of the given object with the provided arguments.</doc>
<status status="PASS" starttime="20240115 15:21:18.026" endtime="20240115 15:21:18.027"/>
</kw>
<kw name="Call Method" library="BuiltIn">
<arg>${options}</arg>
<arg>add_argument</arg>
<arg>--disable-extensions</arg>
<doc>Calls the named method of the given object with the provided arguments.</doc>
<status status="PASS" starttime="20240115 15:21:18.027" endtime="20240115 15:21:18.027"/>
</kw>
<kw name="Call Method" library="BuiltIn">
<arg>${options}</arg>
<arg>add_argument</arg>
<arg>--no-user-gesture-required</arg>
<doc>Calls the named method of the given object with the provided arguments.</doc>
<status status="PASS" starttime="20240115 15:21:18.028" endtime="20240115 15:21:18.028"/>
</kw>
<kw name="Call Method" library="BuiltIn">
<arg>${options}</arg>
<arg>add_argument</arg>
<arg>--no-first-run</arg>
<doc>Calls the named method of the given object with the provided arguments.</doc>
<status status="PASS" starttime="20240115 15:21:18.028" endtime="20240115 15:21:18.028"/>
</kw>
<kw name="Call Method" library="BuiltIn">
<arg>${options}</arg>
<arg>add_argument</arg>
<arg>--use-fake-ui-for-media-stream</arg>
<doc>Calls the named method of the given object with the provided arguments.</doc>
<status status="PASS" starttime="20240115 15:21:18.030" endtime="20240115 15:21:18.030"/>
</kw>
<kw name="Call Method" library="BuiltIn">
<arg>${options}</arg>
<arg>add_argument</arg>
<arg>--use-fake-device-for-media-stream</arg>
<doc>Calls the named method of the given object with the provided arguments.</doc>
<status status="PASS" starttime="20240115 15:21:18.030" endtime="20240115 15:21:18.030"/>
</kw>
<kw name="Call Method" library="BuiltIn">
<arg>${options}</arg>
<arg>add_argument</arg>
<arg>--disable-sync</arg>
<doc>Calls the named method of the given object with the provided arguments.</doc>
<status status="PASS" starttime="20240115 15:21:18.031" endtime="20240115 15:21:18.031"/>
</kw>
<return>
<value>${options}</value>
<status status="PASS" starttime="20240115 15:21:18.031" endtime="20240115 15:21:18.031"/>
</return>
<status status="PASS" starttime="20240115 15:21:18.019" endtime="20240115 15:21:18.031"/>
</branch>
<status status="PASS" starttime="20240115 15:21:18.014" endtime="20240115 15:21:18.031"/>
</if>
<msg timestamp="20240115 15:21:18.032" level="INFO">${options} = &lt;selenium.webdriver.chrome.options.Options object at 0x0000023BF0688FE0&gt;</msg>
<status status="PASS" starttime="20240115 15:21:18.014" endtime="20240115 15:21:18.032"/>
</kw>
<if>
<branch type="IF" condition="&quot;${Env}&quot; == &quot;prod&quot;">
<kw name="Open Browser" library="SeleniumLibrary">
<arg>https://www.mansionglobal.com</arg>
<arg>${Browser}</arg>
<arg>options=${options}</arg>
<doc>Opens a new browser instance to the optional ``url``.</doc>
<status status="NOT RUN" starttime="20240115 15:21:18.032" endtime="20240115 15:21:18.033"/>
</kw>
<kw name="Go To" library="SeleniumLibrary">
<arg>https://www.mansionglobal.com/articles/are-there-tax-breaks-on-agricultural-land-in-pennsylvania-01648119848</arg>
<doc>Navigates the current browser window to the provided ``url``.</doc>
<status status="NOT RUN" starttime="20240115 15:21:18.033" endtime="20240115 15:21:18.033"/>
</kw>
<status status="NOT RUN" starttime="20240115 15:21:18.032" endtime="20240115 15:21:18.033"/>
</branch>
<branch type="ELSE IF" condition="&quot;${Env}&quot; == &quot;dev&quot;">
<kw name="Open Browser" library="SeleniumLibrary">
<arg>https://www.s.dev.mansionglobal.com</arg>
<arg>${Browser}</arg>
<arg>options=${options}</arg>
<doc>Opens a new browser instance to the optional ``url``.</doc>
<msg timestamp="20240115 15:21:18.035" level="INFO">Opening browser 'chrome' to base url 'https://www.s.dev.mansionglobal.com'.</msg>
<status status="PASS" starttime="20240115 15:21:18.034" endtime="20240115 15:21:28.452"/>
</kw>
<kw name="Go To" library="SeleniumLibrary">
<arg>https://www.s.dev.mansionglobal.com/articles/article-long-text-01643043212</arg>
<doc>Navigates the current browser window to the provided ``url``.</doc>
<msg timestamp="20240115 15:21:28.453" level="INFO">Opening url 'https://www.s.dev.mansionglobal.com/articles/article-long-text-01643043212'</msg>
<status status="PASS" starttime="20240115 15:21:28.453" endtime="20240115 15:21:35.412"/>
</kw>
<status status="PASS" starttime="20240115 15:21:18.033" endtime="20240115 15:21:35.412"/>
</branch>
<status status="PASS" starttime="20240115 15:21:18.032" endtime="20240115 15:21:35.412"/>
</if>
<kw name="Wait Until Page Contains Element" library="SeleniumLibrary">
<arg>dom:${JSFollowButtonMGPath}</arg>
<doc>Waits until the element ``locator`` appears on the current page.</doc>
<status status="PASS" starttime="20240115 15:21:35.412" endtime="20240115 15:21:36.425"/>
</kw>
<kw name="Maximize Browser Window" library="SeleniumLibrary">
<doc>Maximizes current browser window.</doc>
<status status="PASS" starttime="20240115 15:21:36.425" endtime="20240115 15:21:37.547"/>
</kw>
<status status="PASS" starttime="20240115 15:21:18.012" endtime="20240115 15:21:37.547"/>
</kw>
<kw name="Navigate Preference Center page" library="MansionGlobalPreferenceCenterPage">
<if>
<branch type="IF" condition="&quot;${Env}&quot; == &quot;prod&quot;">
<kw name="Go To" library="SeleniumLibrary">
<arg>https://www.mansionglobal.com/follow</arg>
<doc>Navigates the current browser window to the provided ``url``.</doc>
<status status="NOT RUN" starttime="20240115 15:21:37.548" endtime="20240115 15:21:37.549"/>
</kw>
<status status="NOT RUN" starttime="20240115 15:21:37.548" endtime="20240115 15:21:37.549"/>
</branch>
<branch type="ELSE IF" condition="&quot;${Env}&quot; == &quot;dev&quot;">
<kw name="Go To" library="SeleniumLibrary">
<arg>https://www.s.dev.mansionglobal.com/follow</arg>
<doc>Navigates the current browser window to the provided ``url``.</doc>
<msg timestamp="20240115 15:21:37.549" level="INFO">Opening url 'https://www.s.dev.mansionglobal.com/follow'</msg>
<status status="PASS" starttime="20240115 15:21:37.549" endtime="20240115 15:21:39.592"/>
</kw>
<status status="PASS" starttime="20240115 15:21:37.549" endtime="20240115 15:21:39.592"/>
</branch>
<status status="PASS" starttime="20240115 15:21:37.548" endtime="20240115 15:21:39.592"/>
</if>
<status status="PASS" starttime="20240115 15:21:37.547" endtime="20240115 15:21:39.592"/>
</kw>
<kw name="Sign In Process" library="DefinedKeywords">
<if>
<branch type="IF" condition="&quot;${Env}&quot; == &quot;prod&quot;">
<kw name="Set Variable" library="BuiltIn">
<var>${Email}</var>
<arg>${Email_prod}</arg>
<doc>Returns the given values which can then be assigned to a variables.</doc>
<status status="NOT RUN" starttime="20240115 15:21:39.593" endtime="20240115 15:21:39.593"/>
</kw>
<kw name="Set Variable" library="BuiltIn">
<var>${Password}</var>
<arg>${Password_prod}</arg>
<doc>Returns the given values which can then be assigned to a variables.</doc>
<status status="NOT RUN" starttime="20240115 15:21:39.593" endtime="20240115 15:21:39.594"/>
</kw>
<status status="NOT RUN" starttime="20240115 15:21:39.593" endtime="20240115 15:21:39.594"/>
</branch>
<branch type="ELSE IF" condition="&quot;${Env}&quot; == &quot;dev&quot;">
<kw name="Set Variable" library="BuiltIn">
<var>${Email}</var>
<arg>${Email_dev}</arg>
<doc>Returns the given values which can then be assigned to a variables.</doc>
<msg timestamp="20240115 15:21:39.595" level="INFO">${Email} = QABARRONSONLY</msg>
<status status="PASS" starttime="20240115 15:21:39.594" endtime="20240115 15:21:39.595"/>
</kw>
<kw name="Set Variable" library="BuiltIn">
<var>${Password}</var>
<arg>${Password_dev}</arg>
<doc>Returns the given values which can then be assigned to a variables.</doc>
<msg timestamp="20240115 15:21:39.596" level="INFO">${Password} = password1</msg>
<status status="PASS" starttime="20240115 15:21:39.595" endtime="20240115 15:21:39.596"/>
</kw>
<status status="PASS" starttime="20240115 15:21:39.594" endtime="20240115 15:21:39.596"/>
</branch>
<status status="PASS" starttime="20240115 15:21:39.593" endtime="20240115 15:21:39.596"/>
</if>
<kw name="Wait Until Element Is Visible" library="SeleniumLibrary">
<arg>//input[@type='email']</arg>
<doc>Waits until the element ``locator`` is visible.</doc>
<status status="PASS" starttime="20240115 15:21:39.596" endtime="20240115 15:21:41.644"/>
</kw>
<kw name="Click Button" library="SeleniumLibrary">
<arg>//input[@type='email']</arg>
<doc>Clicks the button identified by ``locator``.</doc>
<msg timestamp="20240115 15:21:41.645" level="INFO">Clicking button '//input[@type='email']'.</msg>
<status status="PASS" starttime="20240115 15:21:41.644" endtime="20240115 15:21:48.761"/>
</kw>
<kw name="Input Text" library="SeleniumLibrary">
<arg>//input[@type='email']</arg>
<arg>${Email}</arg>
<doc>Types the given ``text`` into the text field identified by ``locator``.</doc>
<msg timestamp="20240115 15:21:48.763" level="INFO">Typing text 'QABARRONSONLY' into text field '//input[@type='email']'.</msg>
<status status="PASS" starttime="20240115 15:21:48.761" endtime="20240115 15:21:51.906"/>
</kw>
<kw name="Set Selenium Implicit Wait" library="SeleniumLibrary">
<arg>10s</arg>
<doc>Sets the implicit wait value used by Selenium.</doc>
<status status="PASS" starttime="20240115 15:21:51.907" endtime="20240115 15:21:52.909"/>
</kw>
<kw name="Click Element" library="SeleniumLibrary">
<arg>//span[text()="Continue"]</arg>
<doc>Click the element identified by ``locator``.</doc>
<msg timestamp="20240115 15:21:52.910" level="INFO">Clicking element '//span[text()="Continue"]'.</msg>
<status status="PASS" starttime="20240115 15:21:52.909" endtime="20240115 15:21:54.994"/>
</kw>
<kw name="Set Selenium Implicit Wait" library="SeleniumLibrary">
<arg>10s</arg>
<doc>Sets the implicit wait value used by Selenium.</doc>
<status status="PASS" starttime="20240115 15:21:54.995" endtime="20240115 15:21:55.997"/>
</kw>
<kw name="Wait Until Element Is Visible" library="SeleniumLibrary">
<arg>//*[@id="password-login-password"]</arg>
<doc>Waits until the element ``locator`` is visible.</doc>
<status status="PASS" starttime="20240115 15:21:55.997" endtime="20240115 15:21:58.038"/>
</kw>
<kw name="Input Text" library="SeleniumLibrary">
<arg>//*[@id="password-login-password"]</arg>
<arg>${Password}</arg>
<doc>Types the given ``text`` into the text field identified by ``locator``.</doc>
<msg timestamp="20240115 15:21:58.039" level="INFO">Typing text 'password1' into text field '//*[@id="password-login-password"]'.</msg>
<status status="PASS" starttime="20240115 15:21:58.038" endtime="20240115 15:22:01.228"/>
</kw>
<kw name="Set Selenium Implicit Wait" library="SeleniumLibrary">
<arg>10s</arg>
<doc>Sets the implicit wait value used by Selenium.</doc>
<status status="PASS" starttime="20240115 15:22:01.228" endtime="20240115 15:22:02.231"/>
</kw>
<kw name="Set Selenium Speed" library="SeleniumLibrary">
<arg>1.0 seconds</arg>
<doc>Sets the delay that is waited after each Selenium command.</doc>
<status status="PASS" starttime="20240115 15:22:02.231" endtime="20240115 15:22:02.232"/>
</kw>
<if>
<branch type="IF" condition="&quot;${Env}&quot; == &quot;prod&quot;">
<kw name="Click Element" library="SeleniumLibrary">
<arg>//*[@id="password-login"]/div/form/div[5]/button</arg>
<doc>Click the element identified by ``locator``.</doc>
<status status="NOT RUN" starttime="20240115 15:22:02.232" endtime="20240115 15:22:02.232"/>
</kw>
<status status="NOT RUN" starttime="20240115 15:22:02.232" endtime="20240115 15:22:02.232"/>
</branch>
<branch type="ELSE IF" condition="&quot;${Env}&quot; == &quot;dev&quot;">
<kw name="Click Element" library="SeleniumLibrary">
<arg>//*[@id="password-login"]/div/form/div[5]/button</arg>
<doc>Click the element identified by ``locator``.</doc>
<msg timestamp="20240115 15:22:02.233" level="INFO">Clicking element '//*[@id="password-login"]/div/form/div[5]/button'.</msg>
<status status="PASS" starttime="20240115 15:22:02.233" endtime="20240115 15:22:04.311"/>
</kw>
<status status="PASS" starttime="20240115 15:22:02.232" endtime="20240115 15:22:04.311"/>
</branch>
<status status="PASS" starttime="20240115 15:22:02.232" endtime="20240115 15:22:04.311"/>
</if>
<kw name="Wait Until Element Is Not Visible" library="SeleniumLibrary">
<arg>//*[@id="password-login"]/div/form/div/div[5]/div[1]/button</arg>
<doc>Waits until the element ``locator`` is not visible.</doc>
<status status="PASS" starttime="20240115 15:22:04.311" endtime="20240115 15:22:16.881"/>
</kw>
<status status="PASS" starttime="20240115 15:21:39.592" endtime="20240115 15:22:16.881"/>
</kw>
<kw name="Validate Followed Authors" library="MansionGlobalPreferenceCenterPage">
<kw name="Page Should Contain" library="SeleniumLibrary">
<arg>Authors</arg>
<doc>Verifies that current page contains ``text``.</doc>
<msg timestamp="20240115 15:22:18.902" level="INFO">Current page contains text 'Authors'.</msg>
<status status="PASS" starttime="20240115 15:22:16.882" endtime="20240115 15:22:18.902"/>
</kw>
<status status="PASS" starttime="20240115 15:22:16.881" endtime="20240115 15:22:18.903"/>
</kw>
<kw name="Validate Following Toggle Feature" library="MansionGlobalPreferenceCenterPage">
<if>
<branch type="IF" condition="&quot;${Env}&quot; == &quot;prod&quot;">
<kw name="Wait Until Element Is Visible" library="SeleniumLibrary">
<arg>//*[text()="V.L. HENDRICKSON"]/../../../../td[4]/div</arg>
<doc>Waits until the element ``locator`` is visible.</doc>
<status status="NOT RUN" starttime="20240115 15:22:18.904" endtime="20240115 15:22:18.904"/>
</kw>
<kw name="Page Should Contain Element" library="SeleniumLibrary">
<arg>//*[text()="V.L. HENDRICKSON"]/../../../../td[4]/div</arg>
<doc>Verifies that element ``locator`` is found on the current page.</doc>
<status status="NOT RUN" starttime="20240115 15:22:18.904" endtime="20240115 15:22:18.904"/>
</kw>
<status status="NOT RUN" starttime="20240115 15:22:18.903" endtime="20240115 15:22:18.904"/>
</branch>
<branch type="ELSE IF" condition="&quot;${Env}&quot; == &quot;dev&quot;">
<kw name="Wait Until Element Is Visible" library="SeleniumLibrary">
<arg>//*[text()="Mariana Nuñez"]/../../../../td[4]/div</arg>
<doc>Waits until the element ``locator`` is visible.</doc>
<msg timestamp="20240115 15:22:31.218" level="INFO" html="true">&lt;/td&gt;&lt;/tr&gt;&lt;tr&gt;&lt;td colspan="3"&gt;&lt;a href="selenium-screenshot-36.png"&gt;&lt;img src="selenium-screenshot-36.png" width="800px"&gt;&lt;/a&gt;</msg>
<msg timestamp="20240115 15:22:31.219" level="FAIL">Element '//*[text()="Mariana Nuñez"]/../../../../td[4]/div' not visible after 5 seconds.</msg>
<status status="FAIL" starttime="20240115 15:22:18.905" endtime="20240115 15:22:31.224"/>
</kw>
<kw name="Page Should Contain Element" library="SeleniumLibrary">
<arg>//*[text()="Mariana Nuñez"]/../../../../td[4]/div</arg>
<doc>Verifies that element ``locator`` is found on the current page.</doc>
<status status="NOT RUN" starttime="20240115 15:22:31.224" endtime="20240115 15:22:31.224"/>
</kw>
<status status="FAIL" starttime="20240115 15:22:18.904" endtime="20240115 15:22:31.225"/>
</branch>
<status status="FAIL" starttime="20240115 15:22:18.903" endtime="20240115 15:22:31.225"/>
</if>
<status status="FAIL" starttime="20240115 15:22:18.903" endtime="20240115 15:22:31.225"/>
</kw>
<kw name="Click Following Toggle Feature" library="MansionGlobalPreferenceCenterPage">
<status status="NOT RUN" starttime="20240115 15:22:31.225" endtime="20240115 15:22:31.225"/>
</kw>
<kw name="Validate Following Toggle Alert Pop up" library="MansionGlobalPreferenceCenterPage">
<status status="NOT RUN" starttime="20240115 15:22:31.225" endtime="20240115 15:22:31.226"/>
</kw>
<kw name="Click Following Toggle Alert Pop up" library="MansionGlobalPreferenceCenterPage">
<status status="NOT RUN" starttime="20240115 15:22:31.226" endtime="20240115 15:22:31.226"/>
</kw>
<kw name="Navigate Article page" library="MansionGlobalPreferenceCenterPage">
<status status="NOT RUN" starttime="20240115 15:22:31.226" endtime="20240115 15:22:31.226"/>
</kw>
<kw name="Execute Javascript" library="SeleniumLibrary">
<arg>window.scrollTo(0,500)</arg>
<doc>Executes the given JavaScript code with possible arguments.</doc>
<status status="NOT RUN" starttime="20240115 15:22:31.226" endtime="20240115 15:22:31.227"/>
</kw>
<kw name="Validate Follow Button" library="MansionGlobalArticlePage">
<status status="NOT RUN" starttime="20240115 15:22:31.227" endtime="20240115 15:22:31.227"/>
</kw>
<kw name="Finish Testcase" library="CommonFunctionality" type="TEARDOWN">
<kw name="Close Browser" library="SeleniumLibrary">
<doc>Closes the current browser.</doc>
<status status="PASS" starttime="20240115 15:22:31.228" endtime="20240115 15:22:34.347"/>
</kw>
<status status="PASS" starttime="20240115 15:22:31.227" endtime="20240115 15:22:34.347"/>
</kw>
<doc>This test case validates the mansion global preference center page</doc>
<tag>MansionGlobal</tag>
<tag>PreferenceCenter</tag>
<tag>Smoke</tag>
<status status="FAIL" starttime="20240115 15:21:18.010" endtime="20240115 15:22:34.347">Element '//*[text()="Mariana Nuñez"]/../../../../td[4]/div' not visible after 5 seconds.</status>
</test>
<doc>Mansion Global Smoke Tests</doc>
<status status="FAIL" starttime="20240115 15:21:17.450" endtime="20240115 15:22:34.348"/>
</suite>
<statistics>
<total>
<stat pass="0" fail="1" skip="0">All Tests</stat>
</total>
<tag>
<stat pass="0" fail="1" skip="0">MansionGlobal</stat>
<stat pass="0" fail="1" skip="0">PreferenceCenter</stat>
<stat pass="0" fail="1" skip="0">Smoke</stat>
</tag>
<suite>
<stat pass="0" fail="1" skip="0" id="s1" name="MansionGlobal Smoke">MansionGlobal Smoke</stat>
</suite>
</statistics>
<errors>
</errors>
</robot>
