<?xml version="1.0" encoding="UTF-8"?>
<robot generator="Robot 6.1.1 (Python 3.12.0 on win32)" generated="20240102 14:56:43.511" rpa="false" schemaversion="4">
<suite id="s1" name="MansionGlobal Regression" source="D:\Codes\Jenkins_2050\userservices-qa-automation\panda-qa\Tests\FollowWidget\Regression\MansionGlobal_Regression.robot">
<test id="s1-t1" name="Validate the Mansion GLobal Preference Center page" line="20">
<kw name="Start Mansion Global Article" library="CommonFunctionality" type="SETUP">
<kw name="Set Selenium Speed" library="SeleniumLibrary">
<arg>1 seconds</arg>
<doc>Sets the delay that is waited after each Selenium command.</doc>
<status status="PASS" starttime="20240102 14:56:45.350" endtime="20240102 14:56:45.353"/>
</kw>
<if>
<branch type="IF" condition="&quot;${Env}&quot; == &quot;prod&quot;">
<kw name="Open Browser" library="SeleniumLibrary">
<arg>https://www.mansionglobal.com</arg>
<arg>${Browser}</arg>
<doc>Opens a new browser instance to the optional ``url``.</doc>
<status status="NOT RUN" starttime="20240102 14:56:45.357" endtime="20240102 14:56:45.357"/>
</kw>
<kw name="Go To" library="SeleniumLibrary">
<arg>https://www.mansionglobal.com/articles/are-there-tax-breaks-on-agricultural-land-in-pennsylvania-01648119848</arg>
<doc>Navigates the current browser window to the provided ``url``.</doc>
<status status="NOT RUN" starttime="20240102 14:56:45.359" endtime="20240102 14:56:45.360"/>
</kw>
<status status="NOT RUN" starttime="20240102 14:56:45.355" endtime="20240102 14:56:45.361"/>
</branch>
<branch type="ELSE IF" condition="&quot;${Env}&quot; == &quot;dev&quot;">
<if>
<branch type="IF" condition="&quot;${Browser}&quot; == &quot;chrome&quot;">
<kw name="Evaluate" library="BuiltIn">
<var>${options}</var>
<arg>selenium.webdriver.ChromeOptions()</arg>
<doc>Evaluates the given expression in Python and returns the result.</doc>
<msg timestamp="20240102 14:56:45.368" level="INFO">${options} = &lt;selenium.webdriver.chrome.options.Options object at 0x000001686C500C50&gt;</msg>
<status status="PASS" starttime="20240102 14:56:45.365" endtime="20240102 14:56:45.373"/>
</kw>
<kw name="Call Method" library="BuiltIn">
<arg>${options}</arg>
<arg>add_argument</arg>
<arg>--start-maximized</arg>
<doc>Calls the named method of the given object with the provided arguments.</doc>
<status status="PASS" starttime="20240102 14:56:45.375" endtime="20240102 14:56:45.377"/>
</kw>
<kw name="Call Method" library="BuiltIn">
<arg>${options}</arg>
<arg>add_argument</arg>
<arg>--disable-dev-shm-usage</arg>
<doc>Calls the named method of the given object with the provided arguments.</doc>
<status status="PASS" starttime="20240102 14:56:45.378" endtime="20240102 14:56:45.380"/>
</kw>
<kw name="Call Method" library="BuiltIn">
<arg>${options}</arg>
<arg>add_argument</arg>
<arg>--no-sandbox</arg>
<doc>Calls the named method of the given object with the provided arguments.</doc>
<status status="PASS" starttime="20240102 14:56:45.382" endtime="20240102 14:56:45.384"/>
</kw>
<kw name="Call Method" library="BuiltIn">
<arg>${options}</arg>
<arg>add_argument</arg>
<arg>--disable-gpu</arg>
<doc>Calls the named method of the given object with the provided arguments.</doc>
<status status="PASS" starttime="20240102 14:56:45.385" endtime="20240102 14:56:45.386"/>
</kw>
<kw name="Call Method" library="BuiltIn">
<arg>${options}</arg>
<arg>add_argument</arg>
<arg>--no-user-gesture-required</arg>
<doc>Calls the named method of the given object with the provided arguments.</doc>
<status status="PASS" starttime="20240102 14:56:45.387" endtime="20240102 14:56:45.389"/>
</kw>
<kw name="Call Method" library="BuiltIn">
<arg>${options}</arg>
<arg>add_argument</arg>
<arg>--no-first-run</arg>
<doc>Calls the named method of the given object with the provided arguments.</doc>
<status status="PASS" starttime="20240102 14:56:45.390" endtime="20240102 14:56:45.393"/>
</kw>
<kw name="Call Method" library="BuiltIn">
<arg>${options}</arg>
<arg>add_argument</arg>
<arg>--use-fake-ui-for-media-stream</arg>
<doc>Calls the named method of the given object with the provided arguments.</doc>
<status status="PASS" starttime="20240102 14:56:45.393" endtime="20240102 14:56:45.396"/>
</kw>
<kw name="Call Method" library="BuiltIn">
<arg>${options}</arg>
<arg>add_argument</arg>
<arg>--use-fake-device-for-media-stream</arg>
<doc>Calls the named method of the given object with the provided arguments.</doc>
<status status="PASS" starttime="20240102 14:56:45.397" endtime="20240102 14:56:45.398"/>
</kw>
<kw name="Call Method" library="BuiltIn">
<arg>${options}</arg>
<arg>add_argument</arg>
<arg>--disable-sync</arg>
<doc>Calls the named method of the given object with the provided arguments.</doc>
<status status="PASS" starttime="20240102 14:56:45.399" endtime="20240102 14:56:45.402"/>
</kw>
<kw name="Open Browser" library="SeleniumLibrary">
<arg>https://www.s.dev.mansionglobal.com</arg>
<arg>chrome</arg>
<arg>options=${options}</arg>
<doc>Opens a new browser instance to the optional ``url``.</doc>
<msg timestamp="20240102 14:56:45.407" level="INFO">Opening browser 'chrome' to base url 'https://www.s.dev.mansionglobal.com'.</msg>
<status status="PASS" starttime="20240102 14:56:45.403" endtime="20240102 14:56:53.119"/>
</kw>
<status status="PASS" starttime="20240102 14:56:45.363" endtime="20240102 14:56:53.120"/>
</branch>
<branch type="ELSE">
<kw name="Open Browser" library="SeleniumLibrary">
<arg>https://www.s.dev.mansionglobal.com</arg>
<arg>${Browser}</arg>
<doc>Opens a new browser instance to the optional ``url``.</doc>
<status status="NOT RUN" starttime="20240102 14:56:53.123" endtime="20240102 14:56:53.124"/>
</kw>
<status status="NOT RUN" starttime="20240102 14:56:53.121" endtime="20240102 14:56:53.124"/>
</branch>
<status status="PASS" starttime="20240102 14:56:45.363" endtime="20240102 14:56:53.126"/>
</if>
<kw name="Go To" library="SeleniumLibrary">
<arg>https://www.s.dev.mansionglobal.com/articles/article-long-text-01643043212</arg>
<doc>Navigates the current browser window to the provided ``url``.</doc>
<msg timestamp="20240102 14:56:53.127" level="INFO">Opening url 'https://www.s.dev.mansionglobal.com/articles/article-long-text-01643043212'</msg>
<status status="PASS" starttime="20240102 14:56:53.126" endtime="20240102 14:56:58.888"/>
</kw>
<status status="PASS" starttime="20240102 14:56:45.362" endtime="20240102 14:56:58.889"/>
</branch>
<status status="PASS" starttime="20240102 14:56:45.355" endtime="20240102 14:56:58.890"/>
</if>
<kw name="Wait Until Page Contains Element" library="SeleniumLibrary">
<arg>dom:${JSFollowButtonMGPath}</arg>
<doc>Waits until the element ``locator`` appears on the current page.</doc>
<status status="PASS" starttime="20240102 14:56:58.890" endtime="20240102 14:56:59.907"/>
</kw>
<kw name="Maximize Browser Window" library="SeleniumLibrary">
<doc>Maximizes current browser window.</doc>
<status status="PASS" starttime="20240102 14:56:59.908" endtime="20240102 14:57:00.916"/>
</kw>
<status status="PASS" starttime="20240102 14:56:45.345" endtime="20240102 14:57:00.918"/>
</kw>
<kw name="Add Author By Hotlink" library="MansionGlobalPreferenceCenterPage">
<kw name="Go To" library="SeleniumLibrary">
<arg>https://www.s.dev.mansionglobal.com/follow?alert=author&amp;id=8686_MG&amp;frequency=realtime</arg>
<doc>Navigates the current browser window to the provided ``url``.</doc>
<msg timestamp="20240102 14:57:00.923" level="INFO">Opening url 'https://www.s.dev.mansionglobal.com/follow?alert=author&amp;id=8686_MG&amp;frequency=realtime'</msg>
<status status="PASS" starttime="20240102 14:57:00.922" endtime="20240102 14:57:03.104"/>
</kw>
<status status="PASS" starttime="20240102 14:57:00.919" endtime="20240102 14:57:03.105"/>
</kw>
<kw name="Sign In Process" library="DefinedKeywords">
<if>
<branch type="IF" condition="&quot;${Env}&quot; == &quot;prod&quot;">
<kw name="Set Variable" library="BuiltIn">
<var>${Email}</var>
<arg>${Email_prod}</arg>
<doc>Returns the given values which can then be assigned to a variables.</doc>
<status status="NOT RUN" starttime="20240102 14:57:03.111" endtime="20240102 14:57:03.112"/>
</kw>
<kw name="Set Variable" library="BuiltIn">
<var>${Password}</var>
<arg>${Password_prod}</arg>
<doc>Returns the given values which can then be assigned to a variables.</doc>
<status status="NOT RUN" starttime="20240102 14:57:03.113" endtime="20240102 14:57:03.115"/>
</kw>
<status status="NOT RUN" starttime="20240102 14:57:03.108" endtime="20240102 14:57:03.115"/>
</branch>
<branch type="ELSE IF" condition="&quot;${Env}&quot; == &quot;dev&quot;">
<kw name="Set Variable" library="BuiltIn">
<var>${Email}</var>
<arg>${Email_dev}</arg>
<doc>Returns the given values which can then be assigned to a variables.</doc>
<msg timestamp="20240102 14:57:03.121" level="INFO">${Email} = QABARRONSONLY</msg>
<status status="PASS" starttime="20240102 14:57:03.118" endtime="20240102 14:57:03.121"/>
</kw>
<kw name="Set Variable" library="BuiltIn">
<var>${Password}</var>
<arg>${Password_dev}</arg>
<doc>Returns the given values which can then be assigned to a variables.</doc>
<msg timestamp="20240102 14:57:03.126" level="INFO">${Password} = password1</msg>
<status status="PASS" starttime="20240102 14:57:03.122" endtime="20240102 14:57:03.127"/>
</kw>
<status status="PASS" starttime="20240102 14:57:03.116" endtime="20240102 14:57:03.127"/>
</branch>
<status status="PASS" starttime="20240102 14:57:03.108" endtime="20240102 14:57:03.129"/>
</if>
<kw name="Wait Until Element Is Visible" library="SeleniumLibrary">
<arg>//input[@type='email']</arg>
<doc>Waits until the element ``locator`` is visible.</doc>
<status status="PASS" starttime="20240102 14:57:03.129" endtime="20240102 14:57:05.182"/>
</kw>
<kw name="Click Button" library="SeleniumLibrary">
<arg>//input[@type='email']</arg>
<doc>Clicks the button identified by ``locator``.</doc>
<msg timestamp="20240102 14:57:05.186" level="INFO">Clicking button '//input[@type='email']'.</msg>
<status status="PASS" starttime="20240102 14:57:05.183" endtime="20240102 14:57:12.307"/>
</kw>
<kw name="Input Text" library="SeleniumLibrary">
<arg>//input[@type='email']</arg>
<arg>${Email}</arg>
<doc>Types the given ``text`` into the text field identified by ``locator``.</doc>
<msg timestamp="20240102 14:57:12.311" level="INFO">Typing text 'QABARRONSONLY' into text field '//input[@type='email']'.</msg>
<status status="PASS" starttime="20240102 14:57:12.307" endtime="20240102 14:57:15.465"/>
</kw>
<kw name="Set Selenium Implicit Wait" library="SeleniumLibrary">
<arg>10s</arg>
<doc>Sets the implicit wait value used by Selenium.</doc>
<status status="PASS" starttime="20240102 14:57:15.465" endtime="20240102 14:57:16.474"/>
</kw>
<kw name="Click Element" library="SeleniumLibrary">
<arg>//span[text()="Continue"]</arg>
<doc>Click the element identified by ``locator``.</doc>
<msg timestamp="20240102 14:57:16.478" level="INFO">Clicking element '//span[text()="Continue"]'.</msg>
<status status="PASS" starttime="20240102 14:57:16.475" endtime="20240102 14:57:18.559"/>
</kw>
<kw name="Set Selenium Implicit Wait" library="SeleniumLibrary">
<arg>10s</arg>
<doc>Sets the implicit wait value used by Selenium.</doc>
<status status="PASS" starttime="20240102 14:57:18.560" endtime="20240102 14:57:19.566"/>
</kw>
<kw name="Wait Until Element Is Visible" library="SeleniumLibrary">
<arg>//*[@id="password-login-password"]</arg>
<doc>Waits until the element ``locator`` is visible.</doc>
<status status="PASS" starttime="20240102 14:57:19.567" endtime="20240102 14:57:21.613"/>
</kw>
<kw name="Input Text" library="SeleniumLibrary">
<arg>//*[@id="password-login-password"]</arg>
<arg>${Password}</arg>
<doc>Types the given ``text`` into the text field identified by ``locator``.</doc>
<msg timestamp="20240102 14:57:21.618" level="INFO">Typing text 'password1' into text field '//*[@id="password-login-password"]'.</msg>
<status status="PASS" starttime="20240102 14:57:21.614" endtime="20240102 14:57:24.716"/>
</kw>
<kw name="Set Selenium Implicit Wait" library="SeleniumLibrary">
<arg>10s</arg>
<doc>Sets the implicit wait value used by Selenium.</doc>
<status status="PASS" starttime="20240102 14:57:24.717" endtime="20240102 14:57:25.723"/>
</kw>
<kw name="Set Selenium Speed" library="SeleniumLibrary">
<arg>1.0 seconds</arg>
<doc>Sets the delay that is waited after each Selenium command.</doc>
<status status="PASS" starttime="20240102 14:57:25.723" endtime="20240102 14:57:25.726"/>
</kw>
<if>
<branch type="IF" condition="&quot;${Env}&quot; == &quot;prod&quot;">
<kw name="Click Element" library="SeleniumLibrary">
<arg>//*[@id="password-login"]/div/form/div/div[5]/div[1]/button</arg>
<doc>Click the element identified by ``locator``.</doc>
<status status="NOT RUN" starttime="20240102 14:57:25.728" endtime="20240102 14:57:25.729"/>
</kw>
<status status="NOT RUN" starttime="20240102 14:57:25.727" endtime="20240102 14:57:25.730"/>
</branch>
<branch type="ELSE IF" condition="&quot;${Env}&quot; == &quot;dev&quot;">
<kw name="Click Element" library="SeleniumLibrary">
<arg>//*[@id="password-login"]/div/form/div[5]/button</arg>
<doc>Click the element identified by ``locator``.</doc>
<msg timestamp="20240102 14:57:25.735" level="INFO">Clicking element '//*[@id="password-login"]/div/form/div[5]/button'.</msg>
<status status="PASS" starttime="20240102 14:57:25.732" endtime="20240102 14:57:27.823"/>
</kw>
<status status="PASS" starttime="20240102 14:57:25.730" endtime="20240102 14:57:27.825"/>
</branch>
<status status="PASS" starttime="20240102 14:57:25.727" endtime="20240102 14:57:27.825"/>
</if>
<kw name="Wait Until Element Is Not Visible" library="SeleniumLibrary">
<arg>//*[@id="password-login"]/div/form/div/div[5]/div[1]/button</arg>
<doc>Waits until the element ``locator`` is not visible.</doc>
<status status="PASS" starttime="20240102 14:57:27.826" endtime="20240102 14:57:40.590"/>
</kw>
<status status="PASS" starttime="20240102 14:57:03.106" endtime="20240102 14:57:40.591"/>
</kw>
<kw name="Validate Followed Authors" library="MansionGlobalPreferenceCenterPage">
<kw name="Page Should Contain" library="SeleniumLibrary">
<arg>Authors</arg>
<doc>Verifies that current page contains ``text``.</doc>
<msg timestamp="20240102 14:57:42.620" level="INFO">Current page contains text 'Authors'.</msg>
<status status="PASS" starttime="20240102 14:57:40.594" endtime="20240102 14:57:42.621"/>
</kw>
<status status="PASS" starttime="20240102 14:57:40.592" endtime="20240102 14:57:42.622"/>
</kw>
<kw name="Get Element Count" library="SeleniumLibrary">
<var>${val}</var>
<arg>//*[@id="root"]/div/div/div/div[3]/div/div/button</arg>
<doc>Returns the number of elements matching ``locator``.</doc>
<msg timestamp="20240102 14:57:53.635" level="INFO">${val} = 0</msg>
<status status="PASS" starttime="20240102 14:57:42.623" endtime="20240102 14:57:53.636"/>
</kw>
<kw name="Run Keyword If" library="BuiltIn">
<arg>${val} &gt; 0</arg>
<arg>MansionGLobalPreferenceCenterPage.Click Following Toggle Alert Pop up</arg>
<doc>Runs the given keyword with the given arguments, if ``condition`` is true.</doc>
<status status="PASS" starttime="20240102 14:57:53.637" endtime="20240102 14:57:53.640"/>
</kw>
<kw name="Validate Author Name" library="MansionGlobalPreferenceCenterPage">
<kw name="Page Should Contain" library="SeleniumLibrary">
<arg>Mariana Nuñez</arg>
<doc>Verifies that current page contains ``text``.</doc>
<msg timestamp="20240102 14:57:55.669" level="INFO">Current page contains text 'Mariana Nuñez'.</msg>
<status status="PASS" starttime="20240102 14:57:53.643" endtime="20240102 14:57:55.669"/>
</kw>
<status status="PASS" starttime="20240102 14:57:53.642" endtime="20240102 14:57:55.671"/>
</kw>
<kw name="Validate Following Toggle Feature" library="MansionGlobalPreferenceCenterPage">
<kw name="Get Element Count" library="SeleniumLibrary">
<var>${count}</var>
<arg>//*[@id="root"]/div/div/div/div[2]/div/div/div/table[1]/tbody/tr</arg>
<doc>Returns the number of elements matching ``locator``.</doc>
<msg timestamp="20240102 14:57:56.694" level="INFO">${count} = 5</msg>
<status status="PASS" starttime="20240102 14:57:55.674" endtime="20240102 14:57:56.696"/>
</kw>
<kw name="Set Variable" library="BuiltIn">
<var>${val}</var>
<arg>${0}</arg>
<doc>Returns the given values which can then be assigned to a variables.</doc>
<msg timestamp="20240102 14:57:56.701" level="INFO">${val} = 0</msg>
<status status="PASS" starttime="20240102 14:57:56.697" endtime="20240102 14:57:56.702"/>
</kw>
<for flavor="IN RANGE">
<var>${val}</var>
<value>10</value>
<iter>
<var name="${val}">0</var>
<if>
<branch type="IF" condition="${val} &gt; 0">
<kw name="Get Text" library="SeleniumLibrary">
<var>${authorElem}</var>
<arg>//*[@id="root"]/div/div/div/div[2]/div/div/div/table[1]/tbody/tr[${val}]/td/div/div/a</arg>
<doc>Returns the text value of the element identified by ``locator``.</doc>
<status status="NOT RUN" starttime="20240102 14:57:59.874" endtime="20240102 14:57:59.876"/>
</kw>
<if>
<branch type="IF" condition="&quot;Mariana&quot; in &quot;${authorElem}&quot;">
<break>
<status status="NOT RUN" starttime="20240102 14:57:59.878" endtime="20240102 14:57:59.879"/>
</break>
<status status="NOT RUN" starttime="20240102 14:57:59.877" endtime="20240102 14:57:59.880"/>
</branch>
<status status="NOT RUN" starttime="20240102 14:57:59.877" endtime="20240102 14:57:59.881"/>
</if>
<status status="NOT RUN" starttime="20240102 14:57:59.871" endtime="20240102 14:57:59.881"/>
</branch>
<status status="PASS" starttime="20240102 14:57:59.871" endtime="20240102 14:57:59.881"/>
</if>
<status status="PASS" starttime="20240102 14:57:58.672" endtime="20240102 14:57:59.883"/>
</iter>
<iter>
<var name="${val}">1</var>
<if>
<branch type="IF" condition="${val} &gt; 0">
<kw name="Get Text" library="SeleniumLibrary">
<var>${authorElem}</var>
<arg>//*[@id="root"]/div/div/div/div[2]/div/div/div/table[1]/tbody/tr[${val}]/td/div/div/a</arg>
<doc>Returns the text value of the element identified by ``locator``.</doc>
<msg timestamp="20240102 14:58:04.148" level="INFO">${authorElem} = Sunita Adhikarla</msg>
<status status="PASS" starttime="20240102 14:58:01.323" endtime="20240102 14:58:04.148"/>
</kw>
<if>
<branch type="IF" condition="&quot;Mariana&quot; in &quot;${authorElem}&quot;">
<break>
<status status="NOT RUN" starttime="20240102 14:58:04.151" endtime="20240102 14:58:04.152"/>
</break>
<status status="NOT RUN" starttime="20240102 14:58:04.150" endtime="20240102 14:58:04.153"/>
</branch>
<status status="PASS" starttime="20240102 14:58:04.150" endtime="20240102 14:58:04.154"/>
</if>
<status status="PASS" starttime="20240102 14:58:00.783" endtime="20240102 14:58:04.154"/>
</branch>
<status status="PASS" starttime="20240102 14:58:00.783" endtime="20240102 14:58:04.155"/>
</if>
<status status="PASS" starttime="20240102 14:57:59.884" endtime="20240102 14:58:04.155"/>
</iter>
<iter>
<var name="${val}">2</var>
<if>
<branch type="IF" condition="${val} &gt; 0">
<kw name="Get Text" library="SeleniumLibrary">
<var>${authorElem}</var>
<arg>//*[@id="root"]/div/div/div/div[2]/div/div/div/table[1]/tbody/tr[${val}]/td/div/div/a</arg>
<doc>Returns the text value of the element identified by ``locator``.</doc>
<msg timestamp="20240102 14:58:09.181" level="INFO">${authorElem} = MansionGlobal Author</msg>
<status status="PASS" starttime="20240102 14:58:05.899" endtime="20240102 14:58:09.182"/>
</kw>
<if>
<branch type="IF" condition="&quot;Mariana&quot; in &quot;${authorElem}&quot;">
<break>
<status status="NOT RUN" starttime="20240102 14:58:09.184" endtime="20240102 14:58:09.184"/>
</break>
<status status="NOT RUN" starttime="20240102 14:58:09.182" endtime="20240102 14:58:09.186"/>
</branch>
<status status="PASS" starttime="20240102 14:58:09.182" endtime="20240102 14:58:09.186"/>
</if>
<status status="PASS" starttime="20240102 14:58:05.371" endtime="20240102 14:58:09.187"/>
</branch>
<status status="PASS" starttime="20240102 14:58:05.371" endtime="20240102 14:58:09.188"/>
</if>
<status status="PASS" starttime="20240102 14:58:04.156" endtime="20240102 14:58:09.188"/>
</iter>
<iter>
<var name="${val}">3</var>
<if>
<branch type="IF" condition="${val} &gt; 0">
<kw name="Get Text" library="SeleniumLibrary">
<var>${authorElem}</var>
<arg>//*[@id="root"]/div/div/div/div[2]/div/div/div/table[1]/tbody/tr[${val}]/td/div/div/a</arg>
<doc>Returns the text value of the element identified by ``locator``.</doc>
<msg timestamp="20240102 14:58:13.485" level="INFO">${authorElem} = Gavin Corbett</msg>
<status status="PASS" starttime="20240102 14:58:11.139" endtime="20240102 14:58:13.485"/>
</kw>
<if>
<branch type="IF" condition="&quot;Mariana&quot; in &quot;${authorElem}&quot;">
<break>
<status status="NOT RUN" starttime="20240102 14:58:13.487" endtime="20240102 14:58:13.489"/>
</break>
<status status="NOT RUN" starttime="20240102 14:58:13.486" endtime="20240102 14:58:13.490"/>
</branch>
<status status="PASS" starttime="20240102 14:58:13.486" endtime="20240102 14:58:13.491"/>
</if>
<status status="PASS" starttime="20240102 14:58:10.533" endtime="20240102 14:58:13.491"/>
</branch>
<status status="PASS" starttime="20240102 14:58:10.532" endtime="20240102 14:58:13.492"/>
</if>
<status status="PASS" starttime="20240102 14:58:09.189" endtime="20240102 14:58:13.492"/>
</iter>
<iter>
<var name="${val}">4</var>
<if>
<branch type="IF" condition="${val} &gt; 0">
<kw name="Get Text" library="SeleniumLibrary">
<var>${authorElem}</var>
<arg>//*[@id="root"]/div/div/div/div[2]/div/div/div/table[1]/tbody/tr[${val}]/td/div/div/a</arg>
<doc>Returns the text value of the element identified by ``locator``.</doc>
<msg timestamp="20240102 14:58:17.309" level="INFO">${authorElem} = Mariana Nuñez</msg>
<status status="PASS" starttime="20240102 14:58:14.667" endtime="20240102 14:58:17.310"/>
</kw>
<if>
<branch type="IF" condition="&quot;Mariana&quot; in &quot;${authorElem}&quot;">
<break>
<status status="PASS" starttime="20240102 14:58:18.655" endtime="20240102 14:58:22.387"/>
</break>
<status status="PASS" starttime="20240102 14:58:17.311" endtime="20240102 14:58:22.389"/>
</branch>
<status status="PASS" starttime="20240102 14:58:17.310" endtime="20240102 14:58:22.389"/>
</if>
<status status="PASS" starttime="20240102 14:58:14.203" endtime="20240102 14:58:22.390"/>
</branch>
<status status="PASS" starttime="20240102 14:58:14.203" endtime="20240102 14:58:22.392"/>
</if>
<status status="PASS" starttime="20240102 14:58:13.493" endtime="20240102 14:58:22.392"/>
</iter>
<status status="PASS" starttime="20240102 14:57:56.702" endtime="20240102 14:58:22.393"/>
</for>
<kw name="Page Should Contain Element" library="SeleniumLibrary">
<arg>//*[@id="root"]/div/div/div/div[2]/div/div/div/table[1]/tbody/tr[${val}]/td/div/div/a</arg>
<doc>Verifies that element ``locator`` is found on the current page.</doc>
<msg timestamp="20240102 14:58:35.159" level="INFO">Current page contains element '//*[@id="root"]/div/div/div/div[2]/div/div/div/table[1]/tbody/tr[4]/td/div/div/a'.</msg>
<status status="PASS" starttime="20240102 14:58:22.394" endtime="20240102 14:58:35.160"/>
</kw>
<kw name="Wait Until Element Is Visible" library="SeleniumLibrary">
<arg>//*[@id="root"]/div/div/div/div[2]/div/div/div/table[1]/tbody/tr[1]/td[3]/div</arg>
<doc>Waits until the element ``locator`` is visible.</doc>
<status status="PASS" starttime="20240102 14:58:35.161" endtime="20240102 14:58:39.906"/>
</kw>
<status status="PASS" starttime="20240102 14:57:55.672" endtime="20240102 14:58:39.907"/>
</kw>
<kw name="Validate Following Frequency" library="MansionGlobalPreferenceCenterPage">
<kw name="Page Should Contain Element" library="SeleniumLibrary">
<arg>//*[@id="root"]/div/div/div/div[2]/div/div/div/table[1]/tbody/tr[1]/td[2]/div/label[1]/span[2]</arg>
<doc>Verifies that element ``locator`` is found on the current page.</doc>
<msg timestamp="20240102 14:58:56.204" level="INFO" html="true">&lt;/td&gt;&lt;/tr&gt;&lt;tr&gt;&lt;td colspan="3"&gt;&lt;a href="selenium-screenshot-27.png"&gt;&lt;img src="selenium-screenshot-27.png" width="800px"&gt;&lt;/a&gt;</msg>
<msg timestamp="20240102 14:58:56.205" level="FAIL">Page should have contained element '//*[@id="root"]/div/div/div/div[2]/div/div/div/table[1]/tbody/tr[1]/td[2]/div/label[1]/span[2]' but did not.</msg>
<status status="FAIL" starttime="20240102 14:58:42.995" endtime="20240102 14:58:56.220"/>
</kw>
<kw name="Page Should Contain Element" library="SeleniumLibrary">
<arg>//*[@id="root"]/div/div/div/div[2]/div/div/div/table[1]/tbody/tr[1]/td[2]/div/label[2]/span[2]</arg>
<doc>Verifies that element ``locator`` is found on the current page.</doc>
<status status="NOT RUN" starttime="20240102 14:58:56.222" endtime="20240102 14:58:56.224"/>
</kw>
<status status="FAIL" starttime="20240102 14:58:39.908" endtime="20240102 14:58:56.225"/>
</kw>
<kw name="Validate All Tabs Displayed" library="MansionGlobalPreferenceCenterPage">
<status status="NOT RUN" starttime="20240102 14:58:56.227" endtime="20240102 14:58:56.227"/>
</kw>
<kw name="Validate Author On All Tab" library="MansionGlobalPreferenceCenterPage">
<status status="NOT RUN" starttime="20240102 14:58:56.228" endtime="20240102 14:58:56.229"/>
</kw>
<kw name="Add Company By Hotlink" library="MansionGlobalPreferenceCenterPage">
<status status="NOT RUN" starttime="20240102 14:58:56.230" endtime="20240102 14:58:56.232"/>
</kw>
<kw name="Validate Followed Companies" library="MansionGlobalPreferenceCenterPage">
<status status="NOT RUN" starttime="20240102 14:58:56.233" endtime="20240102 14:58:56.234"/>
</kw>
<kw name="Get Element Count" library="SeleniumLibrary">
<var>${val2}</var>
<arg>//*[@id="root"]/div/div/div/div[3]/div/div/button</arg>
<doc>Returns the number of elements matching ``locator``.</doc>
<status status="NOT RUN" starttime="20240102 14:58:56.235" endtime="20240102 14:58:56.236"/>
</kw>
<kw name="Run Keyword If" library="BuiltIn">
<arg>${val2} &gt; 0</arg>
<arg>MansionGLobalPreferenceCenterPage.Click Following Toggle Alert Pop up</arg>
<doc>Runs the given keyword with the given arguments, if ``condition`` is true.</doc>
<status status="NOT RUN" starttime="20240102 14:58:56.237" endtime="20240102 14:58:56.238"/>
</kw>
<kw name="Validate Company Frequency" library="MansionGlobalPreferenceCenterPage">
<status status="NOT RUN" starttime="20240102 14:58:56.240" endtime="20240102 14:58:56.241"/>
</kw>
<kw name="Validate Company Quote Link" library="MansionGlobalPreferenceCenterPage">
<status status="NOT RUN" starttime="20240102 14:58:56.242" endtime="20240102 14:58:56.243"/>
</kw>
<kw name="Validate Company On All Tab" library="MansionGlobalPreferenceCenterPage">
<status status="NOT RUN" starttime="20240102 14:58:56.243" endtime="20240102 14:58:56.244"/>
</kw>
<kw name="Click Mansion Global tab" library="MansionGlobalPreferenceCenterPage">
<status status="NOT RUN" starttime="20240102 14:58:56.245" endtime="20240102 14:58:56.246"/>
</kw>
<kw name="Validate Company Toggle Feature" library="MansionGlobalPreferenceCenterPage">
<status status="NOT RUN" starttime="20240102 14:58:56.248" endtime="20240102 14:58:56.248"/>
</kw>
<kw name="Click Company Toggle Feature" library="MansionGlobalPreferenceCenterPage">
<status status="NOT RUN" starttime="20240102 14:58:56.249" endtime="20240102 14:58:56.250"/>
</kw>
<kw name="Validate Following Toggle Alert Pop up" library="MansionGlobalPreferenceCenterPage">
<status status="NOT RUN" starttime="20240102 14:58:56.251" endtime="20240102 14:58:56.251"/>
</kw>
<kw name="Click Following Toggle Alert Pop up" library="MansionGlobalPreferenceCenterPage">
<status status="NOT RUN" starttime="20240102 14:58:56.252" endtime="20240102 14:58:56.254"/>
</kw>
<kw name="Finish Testcase" library="CommonFunctionality" type="TEARDOWN">
<kw name="Close Browser" library="SeleniumLibrary">
<doc>Closes the current browser.</doc>
<status status="PASS" starttime="20240102 14:58:56.259" endtime="20240102 14:58:59.471"/>
</kw>
<status status="PASS" starttime="20240102 14:58:56.257" endtime="20240102 14:58:59.472"/>
</kw>
<doc>This test case validates the Mansion GLobal preference center page</doc>
<tag>MansionGlobal</tag>
<tag>PrefrenceCenter</tag>
<tag>Regression</tag>
<status status="FAIL" starttime="20240102 14:56:45.336" endtime="20240102 14:58:59.473">Page should have contained element '//*[@id="root"]/div/div/div/div[2]/div/div/div/table[1]/tbody/tr[1]/td[2]/div/label[1]/span[2]' but did not.</status>
</test>
<doc>Mansion Global Regression Tests</doc>
<status status="FAIL" starttime="20240102 14:56:43.523" endtime="20240102 14:58:59.479"/>
</suite>
<statistics>
<total>
<stat pass="0" fail="1" skip="0">All Tests</stat>
</total>
<tag>
<stat pass="0" fail="1" skip="0">MansionGlobal</stat>
<stat pass="0" fail="1" skip="0">PrefrenceCenter</stat>
<stat pass="0" fail="1" skip="0">Regression</stat>
</tag>
<suite>
<stat pass="0" fail="1" skip="0" id="s1" name="MansionGlobal Regression">MansionGlobal Regression</stat>
</suite>
</statistics>
<errors>
</errors>
</robot>
