<?xml version="1.0" encoding="UTF-8"?>
<robot generator="Robot 6.1.1 (Python 3.12.0 on win32)" generated="20240419 14:36:24.226" rpa="false" schemaversion="4">
<suite id="s1" name="API Automation" source="D:\Codes\Jenkins_2050\userservices-qa-automation\panda-qa\Tests\FollowWidget\Regression\API_Automation.robot">
<test id="s1-t1" name="Create Company for WSJ brand" line="29">
<kw name="Set Selenium Speed" library="SeleniumLibrary">
<arg>0.2 seconds</arg>
<doc>Sets the delay that is waited after each Selenium command.</doc>
<status status="PASS" starttime="20240419 14:36:27.730" endtime="20240419 14:36:27.733"/>
</kw>
<kw name="EXECUTE POST API Call" library="APIAutomationPage">
<kw name="Set Selenium Speed" library="SeleniumLibrary">
<arg>0.2 seconds</arg>
<doc>Sets the delay that is waited after each Selenium command.</doc>
<status status="PASS" starttime="20240419 14:36:58.479" endtime="20240419 14:36:59.538"/>
</kw>
<kw name="Create Session" library="RequestsLibrary">
<arg>MySession</arg>
<arg>${BASE_URL}</arg>
<doc>Create Session: create a HTTP session to a server</doc>
<msg timestamp="20240419 14:37:00.418" level="INFO">Creating Session using : alias=MySession, url=https://int-int-panda-api.vir-dev.onservo.com, headers={},                     cookies={}, auth=None, timeout=None, proxies=None, verify=False,                     debug=0 </msg>
<status status="PASS" starttime="20240419 14:36:59.549" endtime="20240419 14:37:00.428"/>
</kw>
<kw name="Create Dictionary" library="BuiltIn">
<var>${headers}</var>
<arg>${HEADER_CONTENT_TYPE}</arg>
<arg>${HEADER_COOKIE}</arg>
<doc>Creates and returns a dictionary based on the given ``items``.</doc>
<msg timestamp="20240419 14:37:00.766" level="INFO">${headers} = {'Cookie': 'ca_id=eJw1kE1PwzAMhv9Lzm2X5nPZiUkbaBLiMAQXhCY3cVhGP6Y2W0GI_07aiaMfP7b1-od8hCu2hxYaJCuy7u0RWiAZ8dCE-vufP0NoQ6LYQKhTDTevGCZ-57rx1LU4FLZrknS5BJecSmovjFzm0lY6Fx4xB8dl7ikT3moQAnSyYw_2cx6QCpyitL...</msg>
<status status="PASS" starttime="20240419 14:37:00.430" endtime="20240419 14:37:00.766"/>
</kw>
<kw name="Post Request" library="RequestsLibrary">
<var>${response}</var>
<arg>MySession</arg>
<arg>/subscription</arg>
<arg>headers=${headers}</arg>
<arg>data=${COMPANY_JSON}</arg>
<doc>*DEPRECATED* Please use `POST On Session` instead.</doc>
<msg timestamp="20240419 14:37:01.465" level="WARN">Keyword 'RequestsLibrary.Post Request' is deprecated. Please use `POST On Session` instead.</msg>
<msg timestamp="20240419 14:37:01.702" level="INFO">POST Request : url=https://int-int-panda-api.vir-dev.onservo.com/subscription 
 path_url=/subscription 
 headers={'User-Agent': 'python-requests/2.31.0', 'Accept-Encoding': 'gzip, deflate', 'Accept': '*/*', 'Connection': 'keep-alive', 'Cookie': 'ca_id=eJw1kE1PwzAMhv9Lzm2X5nPZiUkbaBLiMAQXhCY3cVhGP6Y2W0GI_07aiaMfP7b1-od8hCu2hxYaJCuy7u0RWiAZ8dCE-vufP0NoQ6LYQKhTDTevGCZ-57rx1LU4FLZrknS5BJecSmovjFzm0lY6Fx4xB8dl7ikT3moQAnSyYw_2cx6QCpyitLJSojIWraXacqFRcsmZZgyY0soJ9AyWhlOlqqVHrpypUq8yaVnf1TiQ1Ru532-3--1Dvnva7F53m5f1I3nPCFzi8RDDFKnUJZ_30ozYHiGiO0BMXBlNpS6VykiYwSQKJkyZ4n-db8BoMYMwpGvkGON5WC0W4zgWDq_FOJymVyxsHbCN5PcPMtxqKg.Q7c8V8-MnpTsTvToiOjrpQXWNpeQZVfKKegHZucDAaRa3wN3Rj3Hj-PPSjGaWaMT1Eg9PQoefDxnbk3xIv-ep1Jburv-IKc9lA1juMuTTyNGxvoPuXn7GdG1y2PLR7IbpFQyNF_PPw210IQr27OsiKzcdlk9Z8fwAmi1uHU5vz00WcgehnEzflyaKJZH-vzSrw_SIOm_CntCoryXlXLsV0QMFEIMHmoaOx0WFfpusttHMZmTinN9TPsKs_7qZSri8fkDxsFyJ0XOB7DtV55mTI3CFEyz_K15JuxU4Sz_GUln8M2hJkokFwvT3MRQq9bk_k23i8SjtVQADxan5NotnhP0leA2ib3YzZNq3SJBiKAX8ZzOySSPmiwOvyo-py0NRl_WQtAtXuxPIaIxlqNCyrUOWnS5TFuGGvD_FiNwMD00i9DldnLmeB4OeSTT_mmbNcN4ARUrn6wr_vfHzpgzLQLuwQvxrwi6xIMIwFlb-KdCnl15S0Rek-PQQM09Klf0PR2-WDAKYcqI0w3ZfsXnu-_89ru0qngR3J_LV1hE7IHk1q1CCbXOMk5jvp0jf4T4XIWI9IxrG14ZWJikxy6KuIckMq67YRKPv68PpzUVoxIN-ucFkb-1q3870ZHO-gShEZYeyEQSyUYn65p_NCJt15300zhTGALEILmSmRSUYww', 'Content-Length': '203'} 
 body=b'{"deliveryPreferences": [],"timezone": "UTC+01:00","criteria": { "engine": "Allesseh", "product": "wsj", "alertType": "company", "term": { "operator": "equal_to", "field": "Fcode", "value": "AMZCOM" } }}' 
 </msg>
<msg timestamp="20240419 14:37:01.703" level="INFO">POST Response : url=https://int-int-panda-api.vir-dev.onservo.com/subscription 
 status=415, reason=Unsupported Media Type 
 headers={'Date': 'Fri, 19 Apr 2024 21:37:01 GMT', 'Content-Type': 'application/json; charset=utf-8', 'Content-Length': '73', 'Connection': 'keep-alive', 'Vary': 'Origin, Accept-Encoding', 'Access-Control-Allow-Credentials': 'true', 'Content-Security-Policy': "default-src 'self';base-uri 'self';font-src 'self' https: data:;form-action 'self';frame-ancestors 'self';img-src 'self' data:;object-src 'none';script-src 'self';script-src-attr 'none';style-src 'self' https: 'unsafe-inline';upgrade-insecure-requests", 'Cross-Origin-Opener-Policy': 'same-origin', 'Cross-Origin-Resource-Policy': 'same-origin', 'Origin-Agent-Cluster': '?1', 'Referrer-Policy': 'no-referrer', 'Strict-Transport-Security': 'max-age=15552000; includeSubDomains', 'X-Content-Type-Options': 'nosniff', 'X-DNS-Prefetch-Control': 'off', 'X-Download-Options': 'noopen', 'X-Frame-Options': 'SAMEORIGIN', 'X-Permitted-Cross-Domain-Policies': 'none', 'X-XSS-Protection': '0', 'ETag': 'W/"49-XMXEq8HBoLi/XG1gcO2ngPqbE30"'} 
 body={"code":415,"message":"unsupported media type undefined","level":"error"} 
 </msg>
<msg timestamp="20240419 14:37:01.703" level="INFO">D:\Users\sainiarchana\AppData\Local\Programs\Python\Python312\Lib\site-packages\urllib3\connectionpool.py:1100: InsecureRequestWarning: Unverified HTTPS request is being made to host 'int-int-panda-api.vir-dev.onservo.com'. Adding certificate verification is strongly advised. See: https://urllib3.readthedocs.io/en/latest/advanced-usage.html#tls-warnings
  warnings.warn(</msg>
<msg timestamp="20240419 14:37:01.704" level="INFO">${response} = &lt;Response [415]&gt;</msg>
<status status="PASS" starttime="20240419 14:37:00.768" endtime="20240419 14:37:01.706"/>
</kw>
<kw name="Should Be Equal As Strings" library="BuiltIn">
<arg>${response.status_code}</arg>
<arg>200</arg>
<doc>Fails if objects are unequal after converting them to strings.</doc>
<msg timestamp="20240419 14:37:03.766" level="INFO">Argument types are:
&lt;class 'int'&gt;
&lt;class 'str'&gt;</msg>
<msg timestamp="20240419 14:37:03.768" level="FAIL">415 != 200</msg>
<status status="FAIL" starttime="20240419 14:37:01.707" endtime="20240419 14:37:03.770"/>
</kw>
<kw name="Set Variable" library="BuiltIn">
<var>${json_response}</var>
<arg>${response.json()}</arg>
<doc>Returns the given values which can then be assigned to a variables.</doc>
<status status="NOT RUN" starttime="20240419 14:37:03.771" endtime="20240419 14:37:03.773"/>
</kw>
<kw name="Set Global Variable" library="BuiltIn">
<arg>${RESPONSE_JSON}</arg>
<arg>${json_response}</arg>
<doc>Makes a variable available globally in all tests and suites.</doc>
<status status="NOT RUN" starttime="20240419 14:37:03.774" endtime="20240419 14:37:03.775"/>
</kw>
<kw name="Set Global Variable" library="BuiltIn">
<arg>${CRITERIA_ID}</arg>
<arg>${json_response['items'][0]['criteria']['criteriaId']}</arg>
<doc>Makes a variable available globally in all tests and suites.</doc>
<status status="NOT RUN" starttime="20240419 14:37:03.777" endtime="20240419 14:37:03.778"/>
</kw>
<status status="FAIL" starttime="20240419 14:36:27.735" endtime="20240419 14:37:03.779"/>
</kw>
<kw name="Validate All Subscriptions from Preference Center" library="APIAutomationPage">
<status status="NOT RUN" starttime="20240419 14:37:03.780" endtime="20240419 14:37:03.782"/>
</kw>
<kw name="EXECUTE GET API Call" library="APIAutomationPage">
<status status="NOT RUN" starttime="20240419 14:37:03.783" endtime="20240419 14:37:03.784"/>
</kw>
<kw name="Validate API data with Pref Center Data" library="APIAutomationPage">
<arg>delete</arg>
<status status="NOT RUN" starttime="20240419 14:37:03.785" endtime="20240419 14:37:03.785"/>
</kw>
<kw name="Set Selenium Speed" library="SeleniumLibrary">
<arg>0.2 seconds</arg>
<doc>Sets the delay that is waited after each Selenium command.</doc>
<status status="NOT RUN" starttime="20240419 14:37:03.786" endtime="20240419 14:37:03.787"/>
</kw>
<kw name="Finish Testcase" library="CommonFunctionality" type="TEARDOWN">
<kw name="Close Browser" library="SeleniumLibrary">
<doc>Closes the current browser.</doc>
<status status="PASS" starttime="20240419 14:37:06.430" endtime="20240419 14:37:06.433"/>
</kw>
<status status="PASS" starttime="20240419 14:37:03.790" endtime="20240419 14:37:06.435"/>
</kw>
<doc>This test case validates theget subscription API Call</doc>
<tag>API</tag>
<tag>Regression</tag>
<status status="FAIL" starttime="20240419 14:36:27.720" endtime="20240419 14:37:06.436">415 != 200</status>
</test>
<doc>PANDA API Regression Tests</doc>
<status status="FAIL" starttime="20240419 14:36:24.237" endtime="20240419 14:37:06.442"/>
</suite>
<statistics>
<total>
<stat pass="0" fail="1" skip="0">All Tests</stat>
</total>
<tag>
<stat pass="0" fail="1" skip="0">API</stat>
<stat pass="0" fail="1" skip="0">Regression</stat>
</tag>
<suite>
<stat pass="0" fail="1" skip="0" id="s1" name="API Automation">API Automation</stat>
</suite>
</statistics>
<errors>
<msg timestamp="20240419 14:37:01.465" level="WARN">Keyword 'RequestsLibrary.Post Request' is deprecated. Please use `POST On Session` instead.</msg>
</errors>
</robot>
