<?xml version="1.0" encoding="UTF-8"?>
<robot generator="Robot 6.1.1 (Python 3.12.0 on win32)" generated="20240105 11:17:57.588" rpa="false" schemaversion="4">
<suite id="s1" name="MansionGlobal Regression" source="D:\Codes\Jenkins_2050\userservices-qa-automation\panda-qa\Tests\FollowWidget\Regression\MansionGlobal_Regression.robot">
<test id="s1-t1" name="Validate Postback on Preference Center" line="88">
<kw name="Start Mansion Global Article" library="CommonFunctionality" type="SETUP">
<kw name="Set Selenium Speed" library="SeleniumLibrary">
<arg>1 seconds</arg>
<doc>Sets the delay that is waited after each Selenium command.</doc>
<status status="PASS" starttime="20240105 11:17:58.063" endtime="20240105 11:17:58.063"/>
</kw>
<if>
<branch type="IF" condition="${Env} == &quot;prod&quot;">
<kw name="Open Browser" library="SeleniumLibrary">
<arg>https://www.mansionglobal.com</arg>
<arg>${Browser}</arg>
<doc>Opens a new browser instance to the optional ``url``.</doc>
<status status="NOT RUN" starttime="20240105 11:17:58.064" endtime="20240105 11:17:58.064"/>
</kw>
<kw name="Go To" library="SeleniumLibrary">
<arg>https://www.mansionglobal.com/articles/are-there-tax-breaks-on-agricultural-land-in-pennsylvania-01648119848</arg>
<doc>Navigates the current browser window to the provided ``url``.</doc>
<status status="NOT RUN" starttime="20240105 11:17:58.064" endtime="20240105 11:17:58.064"/>
</kw>
<status status="NOT RUN" starttime="20240105 11:17:58.063" endtime="20240105 11:17:58.064"/>
</branch>
<branch type="ELSE IF" condition="${Env} == &quot;dev&quot;">
<kw name="Open Browser" library="SeleniumLibrary">
<arg>https://www.s.dev.mansionglobal.com</arg>
<arg>${Browser}</arg>
<doc>Opens a new browser instance to the optional ``url``.</doc>
<msg timestamp="20240105 11:17:58.066" level="INFO">Opening browser 'chrome' to base url 'https://www.s.dev.mansionglobal.com'.</msg>
<status status="PASS" starttime="20240105 11:17:58.065" endtime="20240105 11:18:09.174"/>
</kw>
<kw name="Go To" library="SeleniumLibrary">
<arg>https://www.s.dev.mansionglobal.com/articles/article-long-text-01643043212</arg>
<doc>Navigates the current browser window to the provided ``url``.</doc>
<msg timestamp="20240105 11:18:09.175" level="INFO">Opening url 'https://www.s.dev.mansionglobal.com/articles/article-long-text-01643043212'</msg>
<status status="PASS" starttime="20240105 11:18:09.174" endtime="20240105 11:18:13.907"/>
</kw>
<status status="PASS" starttime="20240105 11:17:58.065" endtime="20240105 11:18:13.907"/>
</branch>
<status status="PASS" starttime="20240105 11:17:58.063" endtime="20240105 11:18:13.907"/>
</if>
<kw name="Wait Until Page Contains Element" library="SeleniumLibrary">
<arg>dom:${JSFollowButtonMGPath}</arg>
<doc>Waits until the element ``locator`` appears on the current page.</doc>
<status status="PASS" starttime="20240105 11:18:13.907" endtime="20240105 11:18:14.917"/>
</kw>
<kw name="Maximize Browser Window" library="SeleniumLibrary">
<doc>Maximizes current browser window.</doc>
<status status="PASS" starttime="20240105 11:18:14.917" endtime="20240105 11:18:16.052"/>
</kw>
<status status="PASS" starttime="20240105 11:17:58.061" endtime="20240105 11:18:16.052"/>
</kw>
<kw name="Add Breaking News By Hotlink" library="MansionGlobalPreferenceCenterPage">
<if>
<branch type="IF" condition="${Env} == &quot;prod&quot;">
<kw name="Go To" library="SeleniumLibrary">
<arg>https://www.mansionglobal.com/follow?alert=news_alert&amp;id=NewsAlertEmailTechnology</arg>
<doc>Navigates the current browser window to the provided ``url``.</doc>
<status status="NOT RUN" starttime="20240105 11:18:16.053" endtime="20240105 11:18:16.053"/>
</kw>
<status status="NOT RUN" starttime="20240105 11:18:16.053" endtime="20240105 11:18:16.053"/>
</branch>
<branch type="ELSE IF" condition="${Env} == &quot;dev&quot;">
<kw name="Go To" library="SeleniumLibrary">
<arg>https://www.s.dev.mansionglobal.com/follow?alert=news_alert&amp;id=NewsAlertEmailTechnology</arg>
<doc>Navigates the current browser window to the provided ``url``.</doc>
<msg timestamp="20240105 11:18:16.054" level="INFO">Opening url 'https://www.s.dev.mansionglobal.com/follow?alert=news_alert&amp;id=NewsAlertEmailTechnology'</msg>
<status status="PASS" starttime="20240105 11:18:16.054" endtime="20240105 11:18:18.405"/>
</kw>
<status status="PASS" starttime="20240105 11:18:16.054" endtime="20240105 11:18:18.405"/>
</branch>
<status status="PASS" starttime="20240105 11:18:16.053" endtime="20240105 11:18:18.405"/>
</if>
<status status="PASS" starttime="20240105 11:18:16.052" endtime="20240105 11:18:18.405"/>
</kw>
<kw name="Sign In Process" library="DefinedKeywords">
<if>
<branch type="IF" condition="${Env} == &quot;prod&quot;">
<kw name="Set Variable" library="BuiltIn">
<var>${Email}</var>
<arg>${Email_prod}</arg>
<doc>Returns the given values which can then be assigned to a variables.</doc>
<status status="NOT RUN" starttime="20240105 11:18:18.407" endtime="20240105 11:18:18.407"/>
</kw>
<kw name="Set Variable" library="BuiltIn">
<var>${Password}</var>
<arg>${Password_prod}</arg>
<doc>Returns the given values which can then be assigned to a variables.</doc>
<status status="NOT RUN" starttime="20240105 11:18:18.407" endtime="20240105 11:18:18.408"/>
</kw>
<status status="NOT RUN" starttime="20240105 11:18:18.405" endtime="20240105 11:18:18.408"/>
</branch>
<branch type="ELSE IF" condition="${Env} == &quot;dev&quot;">
<kw name="Set Variable" library="BuiltIn">
<var>${Email}</var>
<arg>${Email_dev}</arg>
<doc>Returns the given values which can then be assigned to a variables.</doc>
<msg timestamp="20240105 11:18:18.409" level="INFO">${Email} = QABARRONSONLY</msg>
<status status="PASS" starttime="20240105 11:18:18.408" endtime="20240105 11:18:18.409"/>
</kw>
<kw name="Set Variable" library="BuiltIn">
<var>${Password}</var>
<arg>${Password_dev}</arg>
<doc>Returns the given values which can then be assigned to a variables.</doc>
<msg timestamp="20240105 11:18:18.409" level="INFO">${Password} = password1</msg>
<status status="PASS" starttime="20240105 11:18:18.409" endtime="20240105 11:18:18.410"/>
</kw>
<status status="PASS" starttime="20240105 11:18:18.408" endtime="20240105 11:18:18.410"/>
</branch>
<status status="PASS" starttime="20240105 11:18:18.405" endtime="20240105 11:18:18.410"/>
</if>
<kw name="Wait Until Element Is Visible" library="SeleniumLibrary">
<arg>//input[@type='email']</arg>
<doc>Waits until the element ``locator`` is visible.</doc>
<status status="PASS" starttime="20240105 11:18:18.410" endtime="20240105 11:18:20.454"/>
</kw>
<kw name="Click Button" library="SeleniumLibrary">
<arg>//input[@type='email']</arg>
<doc>Clicks the button identified by ``locator``.</doc>
<msg timestamp="20240105 11:18:20.455" level="INFO">Clicking button '//input[@type='email']'.</msg>
<status status="PASS" starttime="20240105 11:18:20.454" endtime="20240105 11:18:27.588"/>
</kw>
<kw name="Input Text" library="SeleniumLibrary">
<arg>//input[@type='email']</arg>
<arg>${Email}</arg>
<doc>Types the given ``text`` into the text field identified by ``locator``.</doc>
<msg timestamp="20240105 11:18:27.589" level="INFO">Typing text 'QABARRONSONLY' into text field '//input[@type='email']'.</msg>
<status status="PASS" starttime="20240105 11:18:27.588" endtime="20240105 11:18:30.724"/>
</kw>
<kw name="Set Selenium Implicit Wait" library="SeleniumLibrary">
<arg>10s</arg>
<doc>Sets the implicit wait value used by Selenium.</doc>
<status status="PASS" starttime="20240105 11:18:30.725" endtime="20240105 11:18:31.727"/>
</kw>
<kw name="Click Element" library="SeleniumLibrary">
<arg>//span[text()="Continue"]</arg>
<doc>Click the element identified by ``locator``.</doc>
<msg timestamp="20240105 11:18:31.727" level="INFO">Clicking element '//span[text()="Continue"]'.</msg>
<status status="PASS" starttime="20240105 11:18:31.727" endtime="20240105 11:18:33.808"/>
</kw>
<kw name="Set Selenium Implicit Wait" library="SeleniumLibrary">
<arg>10s</arg>
<doc>Sets the implicit wait value used by Selenium.</doc>
<status status="PASS" starttime="20240105 11:18:33.808" endtime="20240105 11:18:34.811"/>
</kw>
<kw name="Wait Until Element Is Visible" library="SeleniumLibrary">
<arg>//*[@id="password-login-password"]</arg>
<doc>Waits until the element ``locator`` is visible.</doc>
<status status="PASS" starttime="20240105 11:18:34.811" endtime="20240105 11:18:36.850"/>
</kw>
<kw name="Input Text" library="SeleniumLibrary">
<arg>//*[@id="password-login-password"]</arg>
<arg>${Password}</arg>
<doc>Types the given ``text`` into the text field identified by ``locator``.</doc>
<msg timestamp="20240105 11:18:36.851" level="INFO">Typing text 'password1' into text field '//*[@id="password-login-password"]'.</msg>
<status status="PASS" starttime="20240105 11:18:36.850" endtime="20240105 11:18:39.987"/>
</kw>
<kw name="Set Selenium Implicit Wait" library="SeleniumLibrary">
<arg>10s</arg>
<doc>Sets the implicit wait value used by Selenium.</doc>
<status status="PASS" starttime="20240105 11:18:39.987" endtime="20240105 11:18:40.989"/>
</kw>
<kw name="Set Selenium Speed" library="SeleniumLibrary">
<arg>1.0 seconds</arg>
<doc>Sets the delay that is waited after each Selenium command.</doc>
<status status="PASS" starttime="20240105 11:18:40.989" endtime="20240105 11:18:40.990"/>
</kw>
<if>
<branch type="IF" condition="${Env} == &quot;prod&quot;">
<kw name="Click Element" library="SeleniumLibrary">
<arg>//*[@id="password-login"]/div/form/div[5]/button</arg>
<doc>Click the element identified by ``locator``.</doc>
<status status="NOT RUN" starttime="20240105 11:18:40.990" endtime="20240105 11:18:40.991"/>
</kw>
<status status="NOT RUN" starttime="20240105 11:18:40.990" endtime="20240105 11:18:40.991"/>
</branch>
<branch type="ELSE IF" condition="${Env} == &quot;dev&quot;">
<kw name="Click Element" library="SeleniumLibrary">
<arg>//*[@id="password-login"]/div/form/div[5]/button</arg>
<doc>Click the element identified by ``locator``.</doc>
<msg timestamp="20240105 11:18:40.992" level="INFO">Clicking element '//*[@id="password-login"]/div/form/div[5]/button'.</msg>
<status status="PASS" starttime="20240105 11:18:40.991" endtime="20240105 11:18:43.060"/>
</kw>
<status status="PASS" starttime="20240105 11:18:40.991" endtime="20240105 11:18:43.061"/>
</branch>
<status status="PASS" starttime="20240105 11:18:40.990" endtime="20240105 11:18:43.061"/>
</if>
<kw name="Wait Until Element Is Not Visible" library="SeleniumLibrary">
<arg>//*[@id="password-login"]/div/form/div/div[5]/div[1]/button</arg>
<doc>Waits until the element ``locator`` is not visible.</doc>
<status status="PASS" starttime="20240105 11:18:43.061" endtime="20240105 11:18:55.585"/>
</kw>
<status status="PASS" starttime="20240105 11:18:18.405" endtime="20240105 11:18:55.585"/>
</kw>
<kw name="Validate Followed Breaking News" library="MansionGlobalPreferenceCenterPage">
<kw name="Scroll Down" library="BarronsQuotesPage">
<kw name="Execute Javascript" library="SeleniumLibrary">
<arg>window.scrollTo(0,500)</arg>
<doc>Executes the given JavaScript code with possible arguments.</doc>
<msg timestamp="20240105 11:18:55.587" level="INFO">Executing JavaScript:
window.scrollTo(0,500)
Without any arguments.</msg>
<status status="PASS" starttime="20240105 11:18:55.586" endtime="20240105 11:18:56.598"/>
</kw>
<status status="PASS" starttime="20240105 11:18:55.586" endtime="20240105 11:18:56.598"/>
</kw>
<kw name="Page Should Contain" library="SeleniumLibrary">
<arg>News Alerts</arg>
<doc>Verifies that current page contains ``text``.</doc>
<msg timestamp="20240105 11:18:58.617" level="INFO">Current page contains text 'News Alerts'.</msg>
<status status="PASS" starttime="20240105 11:18:56.598" endtime="20240105 11:18:58.617"/>
</kw>
<status status="PASS" starttime="20240105 11:18:55.585" endtime="20240105 11:18:58.617"/>
</kw>
<kw name="Get Element Count" library="SeleniumLibrary">
<var>${val2}</var>
<arg>//*[@id="root"]/div/div/div/div[3]/div/div/button</arg>
<doc>Returns the number of elements matching ``locator``.</doc>
<msg timestamp="20240105 11:19:09.684" level="INFO">${val2} = 0</msg>
<status status="PASS" starttime="20240105 11:18:58.617" endtime="20240105 11:19:09.684"/>
</kw>
<kw name="Run Keyword If" library="BuiltIn">
<arg>${val2} &gt; 0</arg>
<arg>MansionGlobalPreferenceCenterPage.Click Following Toggle Alert Pop up</arg>
<doc>Runs the given keyword with the given arguments, if ``condition`` is true.</doc>
<status status="PASS" starttime="20240105 11:19:09.685" endtime="20240105 11:19:09.685"/>
</kw>
<kw name="Validate Breaking News Toggle Feature" library="MansionGlobalPreferenceCenterPage">
<kw name="Wait Until Element Is Visible" library="SeleniumLibrary">
<arg>//*[text()="Technology"]/../../..//*[@role="switch"]</arg>
<doc>Waits until the element ``locator`` is visible.</doc>
<status status="PASS" starttime="20240105 11:19:09.686" endtime="20240105 11:19:11.726"/>
</kw>
<kw name="Page Should Contain Element" library="SeleniumLibrary">
<arg>//*[text()="Technology"]/../../..//*[@role="switch"]</arg>
<doc>Verifies that element ``locator`` is found on the current page.</doc>
<msg timestamp="20240105 11:19:12.737" level="INFO">Current page contains element '//*[text()="Technology"]/../../..//*[@role="switch"]'.</msg>
<status status="PASS" starttime="20240105 11:19:11.726" endtime="20240105 11:19:12.737"/>
</kw>
<status status="PASS" starttime="20240105 11:19:09.685" endtime="20240105 11:19:12.737"/>
</kw>
<kw name="Click Breaking News Toggle Feature" library="MansionGlobalPreferenceCenterPage">
<kw name="Click Element" library="SeleniumLibrary">
<arg>//*[text()="Technology"]/../../..//*[@role="switch"]</arg>
<doc>Click the element identified by ``locator``.</doc>
<msg timestamp="20240105 11:19:12.738" level="INFO">Clicking element '//*[text()="Technology"]/../../..//*[@role="switch"]'.</msg>
<status status="PASS" starttime="20240105 11:19:12.737" endtime="20240105 11:19:14.807"/>
</kw>
<status status="PASS" starttime="20240105 11:19:12.737" endtime="20240105 11:19:14.807"/>
</kw>
<kw name="Validate Following Toggle Alert Pop up" library="MansionGlobalPreferenceCenterPage">
<kw name="Page Should Contain Element" library="SeleniumLibrary">
<arg>//*[@id="root"]/div/div/div/div[3]/div/span</arg>
<doc>Verifies that element ``locator`` is found on the current page.</doc>
<msg timestamp="20240105 11:19:15.824" level="INFO">Current page contains element '//*[@id="root"]/div/div/div/div[3]/div/span'.</msg>
<status status="PASS" starttime="20240105 11:19:14.808" endtime="20240105 11:19:15.824"/>
</kw>
<status status="PASS" starttime="20240105 11:19:14.807" endtime="20240105 11:19:15.824"/>
</kw>
<kw name="Click Following Toggle Alert Pop up" library="MansionGlobalPreferenceCenterPage">
<kw name="Click Button" library="SeleniumLibrary">
<arg>//*[@id="root"]/div/div/div/div[3]/div/div/button</arg>
<doc>Clicks the button identified by ``locator``.</doc>
<msg timestamp="20240105 11:19:15.825" level="INFO">Clicking button '//*[@id="root"]/div/div/div/div[3]/div/div/button'.</msg>
<status status="PASS" starttime="20240105 11:19:15.825" endtime="20240105 11:19:20.910"/>
</kw>
<status status="PASS" starttime="20240105 11:19:15.824" endtime="20240105 11:19:20.910"/>
</kw>
<kw name="Validate Over Mouse On Notification Tooltip" library="MansionGlobalPreferenceCenterPage">
<kw name="Click Element" library="SeleniumLibrary">
<arg>//*[@id="root"]/div/div/div/div[2]/div/div/div/table[1]/thead/tr/th[3]/div/button/span</arg>
<doc>Click the element identified by ``locator``.</doc>
<msg timestamp="20240105 11:19:20.911" level="INFO">Clicking element '//*[@id="root"]/div/div/div/div[2]/div/div/div/table[1]/thead/tr/th[3]/div/button/span'.</msg>
<status status="PASS" starttime="20240105 11:19:20.911" endtime="20240105 11:19:22.981"/>
</kw>
<kw name="Page Should Contain" library="SeleniumLibrary">
<arg>Choose whether you want to receive alerts as soon as an article gets published or once a day as a digest.</arg>
<doc>Verifies that current page contains ``text``.</doc>
<msg timestamp="20240105 11:19:25.002" level="INFO">Current page contains text 'Choose whether you want to receive alerts as soon as an article gets published or once a day as a digest.'.</msg>
<status status="PASS" starttime="20240105 11:19:22.981" endtime="20240105 11:19:25.002"/>
</kw>
<status status="PASS" starttime="20240105 11:19:20.910" endtime="20240105 11:19:25.002"/>
</kw>
<kw name="Navigate Mailbox page" library="MansionGlobalMailboxPage">
<kw name="Go To" library="SeleniumLibrary">
<arg>https://login.live.com/login.srf?wa=wsignin1.0&amp;rpsnv=13&amp;ct=1661294982&amp;rver=7.0.6737.0&amp;wp=MBI_SSL&amp;wreply=https%3a%2f%2foutlook.live.com%2fowa%2f%3fnlp%3d1%26RpsCsrfState%3dfb29a836-86c5-c6e2-eeef-e3747c5e70dd&amp;id=292841&amp;aadredir=1&amp;CBCXT=out&amp;lw=1&amp;fl=dob%2cflname%2cwld&amp;cobrandid=90015</arg>
<doc>Navigates the current browser window to the provided ``url``.</doc>
<msg timestamp="20240105 11:19:25.003" level="INFO">Opening url 'https://login.live.com/login.srf?wa=wsignin1.0&amp;rpsnv=13&amp;ct=1661294982&amp;rver=7.0.6737.0&amp;wp=MBI_SSL&amp;wreply=https%3a%2f%2foutlook.live.com%2fowa%2f%3fnlp%3d1%26RpsCsrfState%3dfb29a836-86c5-c6e2-eeef-e3747c5e70dd&amp;id=292841&amp;aadredir=1&amp;CBCXT=out&amp;lw=1&amp;fl=dob%2cflname%2cwld&amp;cobrandid=90015'</msg>
<status status="PASS" starttime="20240105 11:19:25.003" endtime="20240105 11:19:26.561"/>
</kw>
<status status="PASS" starttime="20240105 11:19:25.003" endtime="20240105 11:19:26.561"/>
</kw>
<kw name="Login" library="MansionGlobalMailboxPage">
<kw name="Wait Until Element Is Visible" library="SeleniumLibrary">
<arg>//*[@id="i0116"]</arg>
<doc>Waits until the element ``locator`` is visible.</doc>
<status status="PASS" starttime="20240105 11:19:26.562" endtime="20240105 11:19:28.598"/>
</kw>
<kw name="Input Text" library="SeleniumLibrary">
<arg>//*[@id="i0116"]</arg>
<arg>qapandaautomation@hotmail.com</arg>
<doc>Types the given ``text`` into the text field identified by ``locator``.</doc>
<msg timestamp="20240105 11:19:28.599" level="INFO">Typing text 'qapandaautomation@hotmail.com' into text field '//*[@id="i0116"]'.</msg>
<status status="PASS" starttime="20240105 11:19:28.598" endtime="20240105 11:19:31.740"/>
</kw>
<kw name="Wait Until Element Is Visible" library="SeleniumLibrary">
<arg>//*[@id="idSIButton9"]</arg>
<doc>Waits until the element ``locator`` is visible.</doc>
<status status="PASS" starttime="20240105 11:19:31.740" endtime="20240105 11:19:33.771"/>
</kw>
<kw name="Click Button" library="SeleniumLibrary">
<arg>//*[@id="idSIButton9"]</arg>
<doc>Clicks the button identified by ``locator``.</doc>
<msg timestamp="20240105 11:19:33.771" level="INFO">Clicking button '//*[@id="idSIButton9"]'.</msg>
<status status="PASS" starttime="20240105 11:19:33.771" endtime="20240105 11:19:36.844"/>
</kw>
<kw name="Wait Until Element Is Visible" library="SeleniumLibrary">
<arg>//*[@id="i0118"]</arg>
<doc>Waits until the element ``locator`` is visible.</doc>
<status status="PASS" starttime="20240105 11:19:36.844" endtime="20240105 11:19:38.871"/>
</kw>
<kw name="Input Text" library="SeleniumLibrary">
<arg>//*[@id="i0118"]</arg>
<arg>Testing.123</arg>
<doc>Types the given ``text`` into the text field identified by ``locator``.</doc>
<msg timestamp="20240105 11:19:38.872" level="INFO">Typing text 'Testing.123' into text field '//*[@id="i0118"]'.</msg>
<status status="PASS" starttime="20240105 11:19:38.872" endtime="20240105 11:19:41.952"/>
</kw>
<kw name="Wait Until Element Is Visible" library="SeleniumLibrary">
<arg>//*[@id="idSIButton9"]</arg>
<doc>Waits until the element ``locator`` is visible.</doc>
<status status="PASS" starttime="20240105 11:19:41.952" endtime="20240105 11:19:43.975"/>
</kw>
<kw name="Click Button" library="SeleniumLibrary">
<arg>//*[@id="idSIButton9"]</arg>
<doc>Clicks the button identified by ``locator``.</doc>
<msg timestamp="20240105 11:19:43.975" level="INFO">Clicking button '//*[@id="idSIButton9"]'.</msg>
<status status="PASS" starttime="20240105 11:19:43.975" endtime="20240105 11:19:47.132"/>
</kw>
<kw name="Wait Until Element Is Visible" library="SeleniumLibrary">
<arg>//input[@id="idBtn_Back"]</arg>
<doc>Waits until the element ``locator`` is visible.</doc>
<status status="PASS" starttime="20240105 11:19:47.132" endtime="20240105 11:19:49.162"/>
</kw>
<kw name="Click Button" library="SeleniumLibrary">
<arg>//input[@id="idBtn_Back"]</arg>
<doc>Clicks the button identified by ``locator``.</doc>
<msg timestamp="20240105 11:19:49.163" level="INFO">Clicking button '//input[@id="idBtn_Back"]'.</msg>
<status status="PASS" starttime="20240105 11:19:49.162" endtime="20240105 11:19:53.826"/>
</kw>
<status status="PASS" starttime="20240105 11:19:26.561" endtime="20240105 11:19:53.826"/>
</kw>
<kw name="Select Inbox" library="MansionGlobalMailboxPage">
<kw name="Set Selenium Speed" library="SeleniumLibrary">
<arg>2.0 seconds</arg>
<doc>Sets the delay that is waited after each Selenium command.</doc>
<status status="PASS" starttime="20240105 11:19:53.827" endtime="20240105 11:19:53.827"/>
</kw>
<kw name="Wait Until Page Contains Element" library="SeleniumLibrary">
<arg>//input[@id="topSearchInput"]</arg>
<doc>Waits until the element ``locator`` appears on the current page.</doc>
<status status="PASS" starttime="20240105 11:19:53.828" endtime="20240105 11:19:56.175"/>
</kw>
<kw name="Click Element" library="SeleniumLibrary">
<arg>//input[@id="topSearchInput"]</arg>
<doc>Click the element identified by ``locator``.</doc>
<msg timestamp="20240105 11:19:56.176" level="INFO">Clicking element '//input[@id="topSearchInput"]'.</msg>
<status status="PASS" starttime="20240105 11:19:56.175" endtime="20240105 11:20:00.596"/>
</kw>
<kw name="Wait Until Page Contains Element" library="SeleniumLibrary">
<arg>//span[@id="searchScopeButtonId-option"]</arg>
<doc>Waits until the element ``locator`` appears on the current page.</doc>
<status status="PASS" starttime="20240105 11:20:00.596" endtime="20240105 11:20:02.613"/>
</kw>
<kw name="Click Element" library="SeleniumLibrary">
<arg>//span[@id="searchScopeButtonId-option"]</arg>
<doc>Click the element identified by ``locator``.</doc>
<msg timestamp="20240105 11:20:02.614" level="INFO">Clicking element '//span[@id="searchScopeButtonId-option"]'.</msg>
<status status="PASS" starttime="20240105 11:20:02.614" endtime="20240105 11:20:06.694"/>
</kw>
<kw name="Wait Until Page Contains Element" library="SeleniumLibrary">
<arg>//button[@id="searchScopeButtonId-list1"]</arg>
<doc>Waits until the element ``locator`` appears on the current page.</doc>
<status status="PASS" starttime="20240105 11:20:06.694" endtime="20240105 11:20:08.741"/>
</kw>
<kw name="Click Element" library="SeleniumLibrary">
<arg>//button[@id="searchScopeButtonId-list1"]</arg>
<doc>Click the element identified by ``locator``.</doc>
<msg timestamp="20240105 11:20:08.742" level="INFO">Clicking element '//button[@id="searchScopeButtonId-list1"]'.</msg>
<status status="PASS" starttime="20240105 11:20:08.741" endtime="20240105 11:20:12.854"/>
</kw>
<status status="PASS" starttime="20240105 11:19:53.826" endtime="20240105 11:20:12.854"/>
</kw>
<kw name="Search Mansion Global real-time author notification for Postback" library="MansionGlobalMailboxPage">
<kw name="Wait Until Page Contains Element" library="SeleniumLibrary">
<arg>//input[@id="topSearchInput"]</arg>
<doc>Waits until the element ``locator`` appears on the current page.</doc>
<status status="PASS" starttime="20240105 11:20:12.855" endtime="20240105 11:20:14.865"/>
</kw>
<kw name="Click Element" library="SeleniumLibrary">
<arg>//input[@id="topSearchInput"]</arg>
<doc>Click the element identified by ``locator``.</doc>
<msg timestamp="20240105 11:20:14.866" level="INFO">Clicking element '//input[@id="topSearchInput"]'.</msg>
<status status="PASS" starttime="20240105 11:20:14.865" endtime="20240105 11:20:18.935"/>
</kw>
<kw name="Input Text" library="SeleniumLibrary">
<arg>//input[@id="topSearchInput"]</arg>
<arg>The latest from Casey Farmer</arg>
<doc>Types the given ``text`` into the text field identified by ``locator``.</doc>
<msg timestamp="20240105 11:20:18.937" level="INFO">Typing text 'The latest from Casey Farmer' into text field '//input[@id="topSearchInput"]'.</msg>
<status status="PASS" starttime="20240105 11:20:18.935" endtime="20240105 11:20:25.121"/>
</kw>
<kw name="Click Element" library="SeleniumLibrary">
<arg>//button[@aria-label="Search"]</arg>
<doc>Click the element identified by ``locator``.</doc>
<msg timestamp="20240105 11:20:25.122" level="INFO">Clicking element '//button[@aria-label="Search"]'.</msg>
<status status="PASS" starttime="20240105 11:20:25.121" endtime="20240105 11:20:29.342"/>
</kw>
<status status="PASS" starttime="20240105 11:20:12.854" endtime="20240105 11:20:29.342"/>
</kw>
<kw name="Validate Mansion Global real-time author notification for Postback" library="MansionGlobalMailboxPage">
<kw name="Wait Until Page Contains Element" library="SeleniumLibrary">
<arg>//div[@id="groupHeaderTop results"]/../div[2]</arg>
<doc>Waits until the element ``locator`` appears on the current page.</doc>
<status status="PASS" starttime="20240105 11:20:29.343" endtime="20240105 11:20:31.363"/>
</kw>
<kw name="Click Element" library="SeleniumLibrary">
<arg>//div[@id="groupHeaderTop results"]/../div[2]</arg>
<doc>Click the element identified by ``locator``.</doc>
<msg timestamp="20240105 11:20:31.363" level="INFO">Clicking element '//div[@id="groupHeaderTop results"]/../div[2]'.</msg>
<status status="PASS" starttime="20240105 11:20:31.363" endtime="20240105 11:20:35.528"/>
</kw>
<kw name="Page Should Contain Element" library="SeleniumLibrary">
<arg>${viewInBrowserPath}</arg>
<doc>Verifies that element ``locator`` is found on the current page.</doc>
<msg timestamp="20240105 11:20:37.553" level="INFO">Current page contains element '//*[contains(text(),'View in browser')]'.</msg>
<status status="PASS" starttime="20240105 11:20:35.528" endtime="20240105 11:20:37.553"/>
</kw>
<kw name="Page Should Contain Element" library="SeleniumLibrary">
<arg>//a[text()="Read More "]</arg>
<doc>Verifies that element ``locator`` is found on the current page.</doc>
<msg timestamp="20240105 11:20:39.571" level="INFO">Current page contains element '//a[text()="Read More "]'.</msg>
<status status="PASS" starttime="20240105 11:20:37.554" endtime="20240105 11:20:39.571"/>
</kw>
<kw name="Page Should Contain Element" library="SeleniumLibrary">
<arg>//a[text()="Alerts Center"]</arg>
<doc>Verifies that element ``locator`` is found on the current page.</doc>
<msg timestamp="20240105 11:20:41.588" level="INFO">Current page contains element '//a[text()="Alerts Center"]'.</msg>
<status status="PASS" starttime="20240105 11:20:39.571" endtime="20240105 11:20:41.588"/>
</kw>
<kw name="Page Should Contain Element" library="SeleniumLibrary">
<arg>//a[text()="Contact Us"]</arg>
<doc>Verifies that element ``locator`` is found on the current page.</doc>
<msg timestamp="20240105 11:20:44.707" level="INFO">Current page contains element '//a[text()="Contact Us"]'.</msg>
<status status="PASS" starttime="20240105 11:20:41.588" endtime="20240105 11:20:44.707"/>
</kw>
<kw name="Page Should Contain Element" library="SeleniumLibrary">
<arg>//a[text()="Privacy Policy"]</arg>
<doc>Verifies that element ``locator`` is found on the current page.</doc>
<msg timestamp="20240105 11:20:46.725" level="INFO">Current page contains element '//a[text()="Privacy Policy"]'.</msg>
<status status="PASS" starttime="20240105 11:20:44.707" endtime="20240105 11:20:46.725"/>
</kw>
<kw name="Page Should Contain Element" library="SeleniumLibrary">
<arg>//a[text()="Cookie Policy"]</arg>
<doc>Verifies that element ``locator`` is found on the current page.</doc>
<msg timestamp="20240105 11:20:48.743" level="INFO">Current page contains element '//a[text()="Cookie Policy"]'.</msg>
<status status="PASS" starttime="20240105 11:20:46.725" endtime="20240105 11:20:48.743"/>
</kw>
<status status="PASS" starttime="20240105 11:20:29.342" endtime="20240105 11:20:48.743"/>
</kw>
<kw name="Unsubscribe the mails" library="MansionGlobalMailboxPage">
<kw name="Page Should Contain Element" library="SeleniumLibrary">
<arg>//div[text()="Unsubscribe"]</arg>
<doc>Verifies that element ``locator`` is found on the current page.</doc>
<msg timestamp="20240105 11:21:04.969" level="INFO" html="true">&lt;/td&gt;&lt;/tr&gt;&lt;tr&gt;&lt;td colspan="3"&gt;&lt;a href="selenium-screenshot-5.png"&gt;&lt;img src="selenium-screenshot-5.png" width="800px"&gt;&lt;/a&gt;</msg>
<msg timestamp="20240105 11:21:04.969" level="FAIL">Page should have contained element '//div[text()="Unsubscribe"]' but did not.</msg>
<status status="FAIL" starttime="20240105 11:20:48.744" endtime="20240105 11:21:04.972"/>
</kw>
<kw name="Click Element" library="SeleniumLibrary">
<arg>//div[text()="Unsubscribe"]</arg>
<doc>Click the element identified by ``locator``.</doc>
<status status="NOT RUN" starttime="20240105 11:21:04.974" endtime="20240105 11:21:04.974"/>
</kw>
<kw name="Set Selenium Implicit Wait" library="SeleniumLibrary">
<arg>50s</arg>
<doc>Sets the implicit wait value used by Selenium.</doc>
<status status="NOT RUN" starttime="20240105 11:21:04.974" endtime="20240105 11:21:04.974"/>
</kw>
<kw name="Page Should Contain Element" library="SeleniumLibrary">
<arg>//button[@id="ok-1"]</arg>
<doc>Verifies that element ``locator`` is found on the current page.</doc>
<status status="NOT RUN" starttime="20240105 11:21:04.974" endtime="20240105 11:21:04.974"/>
</kw>
<kw name="Click Element" library="SeleniumLibrary">
<arg>//button[@id="ok-1"]</arg>
<doc>Click the element identified by ``locator``.</doc>
<status status="NOT RUN" starttime="20240105 11:21:04.975" endtime="20240105 11:21:04.975"/>
</kw>
<status status="FAIL" starttime="20240105 11:20:48.743" endtime="20240105 11:21:04.975"/>
</kw>
<kw name="Verify the mail is unsubscribed" library="MansionGlobalMailboxPage">
<status status="NOT RUN" starttime="20240105 11:21:04.975" endtime="20240105 11:21:04.975"/>
</kw>
<kw name="Add Author By Hotlink" library="MansionGlobalPreferenceCenterPage">
<status status="NOT RUN" starttime="20240105 11:21:04.975" endtime="20240105 11:21:04.976"/>
</kw>
<kw name="Finish Testcase" library="CommonFunctionality" type="TEARDOWN">
<kw name="Close Browser" library="SeleniumLibrary">
<doc>Closes the current browser.</doc>
<status status="PASS" starttime="20240105 11:21:04.976" endtime="20240105 11:21:09.329"/>
</kw>
<status status="PASS" starttime="20240105 11:21:04.976" endtime="20240105 11:21:09.329"/>
</kw>
<doc>This test case validates the Mansion Global Postback on Preference Center</doc>
<tag>MansionGlobal</tag>
<tag>Postback</tag>
<tag>Regression</tag>
<status status="FAIL" starttime="20240105 11:17:58.060" endtime="20240105 11:21:09.329">Page should have contained element '//div[text()="Unsubscribe"]' but did not.</status>
</test>
<doc>Mansion Global Regression Tests</doc>
<status status="FAIL" starttime="20240105 11:17:57.593" endtime="20240105 11:21:09.331"/>
</suite>
<statistics>
<total>
<stat pass="0" fail="1" skip="0">All Tests</stat>
</total>
<tag>
<stat pass="0" fail="1" skip="0">MansionGlobal</stat>
<stat pass="0" fail="1" skip="0">Postback</stat>
<stat pass="0" fail="1" skip="0">Regression</stat>
</tag>
<suite>
<stat pass="0" fail="1" skip="0" id="s1" name="MansionGlobal Regression">MansionGlobal Regression</stat>
</suite>
</statistics>
<errors>
</errors>
</robot>
