<?xml version="1.0" encoding="UTF-8"?>
<robot generator="Robot 6.1.1 (Python 3.12.0 on win32)" generated="20240122 14:18:56.139" rpa="false" schemaversion="4">
<suite id="s1" name="MarketWatch Smoke" source="D:\Codes\Jenkins_2050\userservices-qa-automation\panda-qa\Tests\FollowWidget\Smoke\MarketWatch_Smoke.robot">
<test id="s1-t1" name="Validate the follow button from authors page" line="65">
<kw name="Start Market Watch Article" library="CommonFunctionality" type="SETUP">
<kw name="Set Selenium Speed" library="SeleniumLibrary">
<arg>1 seconds</arg>
<doc>Sets the delay that is waited after each Selenium command.</doc>
<status status="PASS" starttime="20240122 14:18:56.650" endtime="20240122 14:18:56.650"/>
</kw>
<kw name="Set Browser Options" library="CommonFunctionality">
<var>${options}</var>
<if>
<branch type="IF" condition="&quot;${Browser}&quot; == &quot;firefox&quot;">
<kw name="Evaluate" library="BuiltIn">
<var>${options}</var>
<arg>selenium.webdriver.FirefoxOptions()</arg>
<doc>Evaluates the given expression in Python and returns the result.</doc>
<status status="NOT RUN" starttime="20240122 14:18:56.651" endtime="20240122 14:18:56.651"/>
</kw>
<kw name="Call Method" library="BuiltIn">
<arg>${options}</arg>
<arg>add_argument</arg>
<arg>--CreateProfile</arg>
<doc>Calls the named method of the given object with the provided arguments.</doc>
<status status="NOT RUN" starttime="20240122 14:18:56.652" endtime="20240122 14:18:56.653"/>
</kw>
<kw name="Call Method" library="BuiltIn">
<arg>${options}</arg>
<arg>add_argument</arg>
<arg>--start-maximized</arg>
<doc>Calls the named method of the given object with the provided arguments.</doc>
<status status="NOT RUN" starttime="20240122 14:18:56.653" endtime="20240122 14:18:56.653"/>
</kw>
<kw name="Call Method" library="BuiltIn">
<arg>${options}</arg>
<arg>add_argument</arg>
<arg>--disable-dev-shm-usage</arg>
<doc>Calls the named method of the given object with the provided arguments.</doc>
<status status="NOT RUN" starttime="20240122 14:18:56.653" endtime="20240122 14:18:56.653"/>
</kw>
<kw name="Call Method" library="BuiltIn">
<arg>${options}</arg>
<arg>add_argument</arg>
<arg>--no-sandbox</arg>
<doc>Calls the named method of the given object with the provided arguments.</doc>
<status status="NOT RUN" starttime="20240122 14:18:56.654" endtime="20240122 14:18:56.654"/>
</kw>
<kw name="Call Method" library="BuiltIn">
<arg>${options}</arg>
<arg>add_argument</arg>
<arg>--disable-gpu</arg>
<doc>Calls the named method of the given object with the provided arguments.</doc>
<status status="NOT RUN" starttime="20240122 14:18:56.654" endtime="20240122 14:18:56.654"/>
</kw>
<kw name="Call Method" library="BuiltIn">
<arg>${options}</arg>
<arg>add_argument</arg>
<arg>--headless</arg>
<doc>Calls the named method of the given object with the provided arguments.</doc>
<status status="NOT RUN" starttime="20240122 14:18:56.654" endtime="20240122 14:18:56.654"/>
</kw>
<kw name="Call Method" library="BuiltIn">
<arg>${options}</arg>
<arg>add_argument</arg>
<arg>--devtools.debugger.force-local</arg>
<doc>Calls the named method of the given object with the provided arguments.</doc>
<status status="NOT RUN" starttime="20240122 14:18:56.655" endtime="20240122 14:18:56.655"/>
</kw>
<kw name="Call Method" library="BuiltIn">
<arg>${options}</arg>
<arg>add_argument</arg>
<arg>--devtools.debugger.remote-enabled</arg>
<doc>Calls the named method of the given object with the provided arguments.</doc>
<status status="NOT RUN" starttime="20240122 14:18:56.655" endtime="20240122 14:18:56.655"/>
</kw>
<kw name="Call Method" library="BuiltIn">
<arg>${options}</arg>
<arg>add_argument</arg>
<arg>--devtools.chrome.enabled</arg>
<doc>Calls the named method of the given object with the provided arguments.</doc>
<status status="NOT RUN" starttime="20240122 14:18:56.655" endtime="20240122 14:18:56.655"/>
</kw>
<kw name="Call Method" library="BuiltIn">
<arg>${options}</arg>
<arg>add_argument</arg>
<arg>--devtools.debugger.prompt-connection</arg>
<doc>Calls the named method of the given object with the provided arguments.</doc>
<status status="NOT RUN" starttime="20240122 14:18:56.656" endtime="20240122 14:18:56.656"/>
</kw>
<kw name="Call Method" library="BuiltIn">
<arg>${options}</arg>
<arg>add_argument</arg>
<arg>--browser.dom.window.dump.enabled</arg>
<doc>Calls the named method of the given object with the provided arguments.</doc>
<status status="NOT RUN" starttime="20240122 14:18:56.656" endtime="20240122 14:18:56.656"/>
</kw>
<return>
<value>${options}</value>
<status status="NOT RUN" starttime="20240122 14:18:56.657" endtime="20240122 14:18:56.657"/>
</return>
<status status="NOT RUN" starttime="20240122 14:18:56.651" endtime="20240122 14:18:56.657"/>
</branch>
<branch type="ELSE IF" condition="&quot;${Browser}&quot; == &quot;chrome&quot;">
<kw name="Evaluate" library="BuiltIn">
<var>${options}</var>
<arg>selenium.webdriver.ChromeOptions()</arg>
<doc>Evaluates the given expression in Python and returns the result.</doc>
<msg timestamp="20240122 14:18:56.658" level="INFO">${options} = &lt;selenium.webdriver.chrome.options.Options object at 0x000002384C5A4EC0&gt;</msg>
<status status="PASS" starttime="20240122 14:18:56.657" endtime="20240122 14:18:56.661"/>
</kw>
<kw name="Call Method" library="BuiltIn">
<arg>${options}</arg>
<arg>add_argument</arg>
<arg>--start-maximized</arg>
<doc>Calls the named method of the given object with the provided arguments.</doc>
<status status="PASS" starttime="20240122 14:18:56.661" endtime="20240122 14:18:56.661"/>
</kw>
<kw name="Call Method" library="BuiltIn">
<arg>${options}</arg>
<arg>add_argument</arg>
<arg>--disable-dev-shm-usage</arg>
<doc>Calls the named method of the given object with the provided arguments.</doc>
<status status="PASS" starttime="20240122 14:18:56.661" endtime="20240122 14:18:56.662"/>
</kw>
<kw name="Call Method" library="BuiltIn">
<arg>${options}</arg>
<arg>add_argument</arg>
<arg>--no-sandbox</arg>
<doc>Calls the named method of the given object with the provided arguments.</doc>
<status status="PASS" starttime="20240122 14:18:56.662" endtime="20240122 14:18:56.662"/>
</kw>
<kw name="Call Method" library="BuiltIn">
<arg>${options}</arg>
<arg>add_argument</arg>
<arg>--disable-gpu</arg>
<doc>Calls the named method of the given object with the provided arguments.</doc>
<status status="PASS" starttime="20240122 14:18:56.662" endtime="20240122 14:18:56.663"/>
</kw>
<kw name="Call Method" library="BuiltIn">
<arg>${options}</arg>
<arg>add_argument</arg>
<arg>--ignore-certificate-errors</arg>
<doc>Calls the named method of the given object with the provided arguments.</doc>
<status status="PASS" starttime="20240122 14:18:56.663" endtime="20240122 14:18:56.663"/>
</kw>
<kw name="Call Method" library="BuiltIn">
<arg>${options}</arg>
<arg>add_argument</arg>
<arg>--disable-extensions</arg>
<doc>Calls the named method of the given object with the provided arguments.</doc>
<status status="PASS" starttime="20240122 14:18:56.663" endtime="20240122 14:18:56.664"/>
</kw>
<kw name="Call Method" library="BuiltIn">
<arg>${options}</arg>
<arg>add_argument</arg>
<arg>--no-user-gesture-required</arg>
<doc>Calls the named method of the given object with the provided arguments.</doc>
<status status="PASS" starttime="20240122 14:18:56.664" endtime="20240122 14:18:56.664"/>
</kw>
<kw name="Call Method" library="BuiltIn">
<arg>${options}</arg>
<arg>add_argument</arg>
<arg>--no-first-run</arg>
<doc>Calls the named method of the given object with the provided arguments.</doc>
<status status="PASS" starttime="20240122 14:18:56.665" endtime="20240122 14:18:56.665"/>
</kw>
<kw name="Call Method" library="BuiltIn">
<arg>${options}</arg>
<arg>add_argument</arg>
<arg>--use-fake-ui-for-media-stream</arg>
<doc>Calls the named method of the given object with the provided arguments.</doc>
<status status="PASS" starttime="20240122 14:18:56.665" endtime="20240122 14:18:56.665"/>
</kw>
<kw name="Call Method" library="BuiltIn">
<arg>${options}</arg>
<arg>add_argument</arg>
<arg>--use-fake-device-for-media-stream</arg>
<doc>Calls the named method of the given object with the provided arguments.</doc>
<status status="PASS" starttime="20240122 14:18:56.666" endtime="20240122 14:18:56.666"/>
</kw>
<kw name="Call Method" library="BuiltIn">
<arg>${options}</arg>
<arg>add_argument</arg>
<arg>--disable-sync</arg>
<doc>Calls the named method of the given object with the provided arguments.</doc>
<status status="PASS" starttime="20240122 14:18:56.667" endtime="20240122 14:18:56.668"/>
</kw>
<return>
<value>${options}</value>
<status status="PASS" starttime="20240122 14:18:56.668" endtime="20240122 14:18:56.668"/>
</return>
<status status="PASS" starttime="20240122 14:18:56.657" endtime="20240122 14:18:56.668"/>
</branch>
<status status="PASS" starttime="20240122 14:18:56.651" endtime="20240122 14:18:56.668"/>
</if>
<msg timestamp="20240122 14:18:56.668" level="INFO">${options} = &lt;selenium.webdriver.chrome.options.Options object at 0x000002384C5A4EC0&gt;</msg>
<status status="PASS" starttime="20240122 14:18:56.650" endtime="20240122 14:18:56.669"/>
</kw>
<if>
<branch type="IF" condition="&quot;${Env}&quot; == &quot;prod&quot;">
<kw name="Open Browser" library="SeleniumLibrary">
<arg>https://www.marketwatch.com</arg>
<arg>${Browser}</arg>
<arg>options=${options}</arg>
<doc>Opens a new browser instance to the optional ``url``.</doc>
<status status="NOT RUN" starttime="20240122 14:18:56.669" endtime="20240122 14:18:56.669"/>
</kw>
<kw name="Go To" library="SeleniumLibrary">
<arg>https://www.marketwatch.com/story/is-the-u-s-stock-market-closed-on-juneteenth-what-investors-need-to-know-11655230158</arg>
<doc>Navigates the current browser window to the provided ``url``.</doc>
<status status="NOT RUN" starttime="20240122 14:18:56.670" endtime="20240122 14:18:56.670"/>
</kw>
<status status="NOT RUN" starttime="20240122 14:18:56.669" endtime="20240122 14:18:56.670"/>
</branch>
<branch type="ELSE IF" condition="&quot;${Env}&quot; == &quot;dev&quot;">
<kw name="Open Browser" library="SeleniumLibrary">
<arg>https://www.dev.marketwatch.com</arg>
<arg>${Browser}</arg>
<arg>options=${options}</arg>
<doc>Opens a new browser instance to the optional ``url``.</doc>
<msg timestamp="20240122 14:18:56.671" level="INFO">Opening browser 'chrome' to base url 'https://www.dev.marketwatch.com'.</msg>
<status status="PASS" starttime="20240122 14:18:56.670" endtime="20240122 14:19:05.640"/>
</kw>
<kw name="Go To" library="SeleniumLibrary">
<arg>https://www.dev.marketwatch.com/author/Catey-Hill</arg>
<doc>Navigates the current browser window to the provided ``url``.</doc>
<msg timestamp="20240122 14:19:05.640" level="INFO">Opening url 'https://www.dev.marketwatch.com/author/Catey-Hill'</msg>
<status status="PASS" starttime="20240122 14:19:05.640" endtime="20240122 14:19:10.519"/>
</kw>
<status status="PASS" starttime="20240122 14:18:56.670" endtime="20240122 14:19:10.519"/>
</branch>
<status status="PASS" starttime="20240122 14:18:56.669" endtime="20240122 14:19:10.519"/>
</if>
<kw name="Maximize Browser Window" library="SeleniumLibrary">
<doc>Maximizes current browser window.</doc>
<status status="PASS" starttime="20240122 14:19:10.520" endtime="20240122 14:19:11.593"/>
</kw>
<status status="PASS" starttime="20240122 14:18:56.650" endtime="20240122 14:19:11.593"/>
</kw>
<kw name="Validate author hyperlink" library="MarketWatchArticlePage">
<kw name="Page Should Contain Element" library="SeleniumLibrary">
<arg>//span[@class='link']/span[text()='Catey Hill']</arg>
<doc>Verifies that element ``locator`` is found on the current page.</doc>
<msg timestamp="20240122 14:19:12.617" level="INFO">Current page contains element '//span[@class='link']/span[text()='Catey Hill']'.</msg>
<status status="PASS" starttime="20240122 14:19:11.593" endtime="20240122 14:19:12.617"/>
</kw>
<status status="PASS" starttime="20240122 14:19:11.593" endtime="20240122 14:19:12.618"/>
</kw>
<kw name="Capture Page Screenshot" library="SeleniumLibrary">
<arg>screenshot.png</arg>
<doc>Takes a screenshot of the current page and embeds it into a log file.</doc>
<msg timestamp="20240122 14:19:13.803" level="INFO" html="true">&lt;/td&gt;&lt;/tr&gt;&lt;tr&gt;&lt;td colspan="3"&gt;&lt;a href="screenshot.png"&gt;&lt;img src="screenshot.png" width="800px"&gt;&lt;/a&gt;</msg>
<status status="PASS" starttime="20240122 14:19:12.618" endtime="20240122 14:19:13.803"/>
</kw>
<kw name="Click author hyperlink" library="MarketWatchArticlePage">
<kw name="Execute Javascript" library="SeleniumLibrary">
<arg>window.scrollTo(0,100)</arg>
<doc>Executes the given JavaScript code with possible arguments.</doc>
<msg timestamp="20240122 14:19:13.805" level="INFO">Executing JavaScript:
window.scrollTo(0,100)
Without any arguments.</msg>
<status status="PASS" starttime="20240122 14:19:13.804" endtime="20240122 14:19:14.820"/>
</kw>
<kw name="Click Element" library="SeleniumLibrary">
<arg>//span[@class='link']/span[text()='Catey Hill']/..</arg>
<doc>Click the element identified by ``locator``.</doc>
<msg timestamp="20240122 14:19:14.820" level="INFO">Clicking element '//span[@class='link']/span[text()='Catey Hill']/..'.</msg>
<status status="PASS" starttime="20240122 14:19:14.820" endtime="20240122 14:19:16.933"/>
</kw>
<status status="PASS" starttime="20240122 14:19:13.803" endtime="20240122 14:19:16.933"/>
</kw>
<kw name="Capture Page Screenshot" library="SeleniumLibrary">
<arg>screenshot.png</arg>
<doc>Takes a screenshot of the current page and embeds it into a log file.</doc>
<msg timestamp="20240122 14:19:18.099" level="INFO" html="true">&lt;/td&gt;&lt;/tr&gt;&lt;tr&gt;&lt;td colspan="3"&gt;&lt;a href="screenshot.png"&gt;&lt;img src="screenshot.png" width="800px"&gt;&lt;/a&gt;</msg>
<status status="PASS" starttime="20240122 14:19:16.933" endtime="20240122 14:19:18.100"/>
</kw>
<kw name="Validate Authors Page" library="MarketWatchAuthorsPage">
<if>
<branch type="IF" condition="&quot;${Env}&quot; == &quot;prod&quot;">
<kw name="Page Should Contain" library="SeleniumLibrary">
<arg>Steve Goldstein</arg>
<doc>Verifies that current page contains ``text``.</doc>
<status status="NOT RUN" starttime="20240122 14:19:18.100" endtime="20240122 14:19:18.100"/>
</kw>
<status status="NOT RUN" starttime="20240122 14:19:18.100" endtime="20240122 14:19:18.101"/>
</branch>
<branch type="ELSE IF" condition="&quot;${Env}&quot; == &quot;dev&quot;">
<kw name="Page Should Contain" library="SeleniumLibrary">
<arg>Catey Hill</arg>
<doc>Verifies that current page contains ``text``.</doc>
<msg timestamp="20240122 14:19:20.145" level="INFO">Current page contains text 'Catey Hill'.</msg>
<status status="PASS" starttime="20240122 14:19:18.101" endtime="20240122 14:19:20.145"/>
</kw>
<status status="PASS" starttime="20240122 14:19:18.101" endtime="20240122 14:19:20.145"/>
</branch>
<status status="PASS" starttime="20240122 14:19:18.100" endtime="20240122 14:19:20.145"/>
</if>
<status status="PASS" starttime="20240122 14:19:18.100" endtime="20240122 14:19:20.145"/>
</kw>
<kw name="Capture Page Screenshot" library="SeleniumLibrary">
<arg>screenshot.png</arg>
<doc>Takes a screenshot of the current page and embeds it into a log file.</doc>
<msg timestamp="20240122 14:19:21.335" level="INFO" html="true">&lt;/td&gt;&lt;/tr&gt;&lt;tr&gt;&lt;td colspan="3"&gt;&lt;a href="screenshot.png"&gt;&lt;img src="screenshot.png" width="800px"&gt;&lt;/a&gt;</msg>
<status status="PASS" starttime="20240122 14:19:20.146" endtime="20240122 14:19:21.335"/>
</kw>
<kw name="Finish Testcase" library="CommonFunctionality" type="TEARDOWN">
<kw name="Close Browser" library="SeleniumLibrary">
<doc>Closes the current browser.</doc>
<status status="PASS" starttime="20240122 14:19:21.336" endtime="20240122 14:19:24.569"/>
</kw>
<status status="PASS" starttime="20240122 14:19:21.336" endtime="20240122 14:19:24.570"/>
</kw>
<doc>This test case validates the follow button from authors page</doc>
<tag>Author</tag>
<tag>Follow</tag>
<tag>MarketWatch</tag>
<tag>Smoke</tag>
<status status="PASS" starttime="20240122 14:18:56.648" endtime="20240122 14:19:24.570"/>
</test>
<doc>Market Watch Smoke Tests</doc>
<status status="PASS" starttime="20240122 14:18:56.143" endtime="20240122 14:19:24.572"/>
</suite>
<statistics>
<total>
<stat pass="1" fail="0" skip="0">All Tests</stat>
</total>
<tag>
<stat pass="1" fail="0" skip="0">Author</stat>
<stat pass="1" fail="0" skip="0">Follow</stat>
<stat pass="1" fail="0" skip="0">MarketWatch</stat>
<stat pass="1" fail="0" skip="0">Smoke</stat>
</tag>
<suite>
<stat pass="1" fail="0" skip="0" id="s1" name="MarketWatch Smoke">MarketWatch Smoke</stat>
</suite>
</statistics>
<errors>
</errors>
</robot>
