<?xml version="1.0" encoding="UTF-8"?>
<robot generator="Robot 6.1.1 (Python 3.12.5 on win32)" generated="20250403 18:09:54.710" rpa="false" schemaversion="4">
<suite id="s1" name="Userservices-Qa-Automation" source="D:\Users\sasikumarj\PycharmProjects\userservices-qa-automation">
<suite id="s1-s1" name="Panda-Qa" source="D:\Users\sasikumarj\PycharmProjects\userservices-qa-automation\panda-qa">
<suite id="s1-s1-s1" name="Tests" source="D:\Users\sasikumarj\PycharmProjects\userservices-qa-automation\panda-qa\Tests">
<suite id="s1-s1-s1-s1" name="FollowWidget" source="D:\Users\sasikumarj\PycharmProjects\userservices-qa-automation\panda-qa\Tests\FollowWidget">
<suite id="s1-s1-s1-s1-s1" name="Regression" source="D:\Users\sasikumarj\PycharmProjects\userservices-qa-automation\panda-qa\Tests\FollowWidget\Regression">
<suite id="s1-s1-s1-s1-s1-s1" name="WSJ Regression" source="D:\Users\sasikumarj\PycharmProjects\userservices-qa-automation\panda-qa\Tests\FollowWidget\Regression\WSJ_Regression.robot">
<test id="s1-s1-s1-s1-s1-s1-t1" name="Validate Authors for WSJ Article page without byline" line="149">
<kw name="Start WSJ Article" library="CommonFunctionality" type="SETUP">
<kw name="Set Selenium Speed" library="SeleniumLibrary">
<arg>0.5 seconds</arg>
<doc>Sets the delay that is waited after each Selenium command.</doc>
<status status="PASS" starttime="20250403 18:09:55.186" endtime="20250403 18:09:55.187"/>
</kw>
<kw name="Set Browser Options" library="CommonFunctionality">
<var>${options}</var>
<if>
<branch type="IF" condition="&quot;${Browser}&quot; == &quot;firefox&quot;">
<kw name="Evaluate" library="BuiltIn">
<var>${options}</var>
<arg>selenium.webdriver.FirefoxOptions()</arg>
<doc>Evaluates the given expression in Python and returns the result.</doc>
<status status="NOT RUN" starttime="20250403 18:09:55.191" endtime="20250403 18:09:55.192"/>
</kw>
<kw name="Call Method" library="BuiltIn">
<arg>${options}</arg>
<arg>add_argument</arg>
<arg>--CreateProfile</arg>
<doc>Calls the named method of the given object with the provided arguments.</doc>
<status status="NOT RUN" starttime="20250403 18:09:55.194" endtime="20250403 18:09:55.195"/>
</kw>
<kw name="Call Method" library="BuiltIn">
<arg>${options}</arg>
<arg>add_argument</arg>
<arg>--start-maximized</arg>
<doc>Calls the named method of the given object with the provided arguments.</doc>
<status status="NOT RUN" starttime="20250403 18:09:55.197" endtime="20250403 18:09:55.198"/>
</kw>
<kw name="Call Method" library="BuiltIn">
<arg>${options}</arg>
<arg>add_argument</arg>
<arg>--disable-dev-shm-usage</arg>
<doc>Calls the named method of the given object with the provided arguments.</doc>
<status status="NOT RUN" starttime="20250403 18:09:55.200" endtime="20250403 18:09:55.201"/>
</kw>
<kw name="Call Method" library="BuiltIn">
<arg>${options}</arg>
<arg>add_argument</arg>
<arg>--no-sandbox</arg>
<doc>Calls the named method of the given object with the provided arguments.</doc>
<status status="NOT RUN" starttime="20250403 18:09:55.202" endtime="20250403 18:09:55.203"/>
</kw>
<kw name="Call Method" library="BuiltIn">
<arg>${options}</arg>
<arg>add_argument</arg>
<arg>--disable-gpu</arg>
<doc>Calls the named method of the given object with the provided arguments.</doc>
<status status="NOT RUN" starttime="20250403 18:09:55.204" endtime="20250403 18:09:55.204"/>
</kw>
<kw name="Call Method" library="BuiltIn">
<arg>${options}</arg>
<arg>add_argument</arg>
<arg>--headless</arg>
<doc>Calls the named method of the given object with the provided arguments.</doc>
<status status="NOT RUN" starttime="20250403 18:09:55.206" endtime="20250403 18:09:55.207"/>
</kw>
<kw name="Call Method" library="BuiltIn">
<arg>${options}</arg>
<arg>add_argument</arg>
<arg>--devtools.debugger.force-local</arg>
<doc>Calls the named method of the given object with the provided arguments.</doc>
<status status="NOT RUN" starttime="20250403 18:09:55.208" endtime="20250403 18:09:55.209"/>
</kw>
<kw name="Call Method" library="BuiltIn">
<arg>${options}</arg>
<arg>add_argument</arg>
<arg>--devtools.debugger.remote-enabled</arg>
<doc>Calls the named method of the given object with the provided arguments.</doc>
<status status="NOT RUN" starttime="20250403 18:09:55.212" endtime="20250403 18:09:55.212"/>
</kw>
<kw name="Call Method" library="BuiltIn">
<arg>${options}</arg>
<arg>add_argument</arg>
<arg>--devtools.chrome.enabled</arg>
<doc>Calls the named method of the given object with the provided arguments.</doc>
<status status="NOT RUN" starttime="20250403 18:09:55.215" endtime="20250403 18:09:55.216"/>
</kw>
<kw name="Call Method" library="BuiltIn">
<arg>${options}</arg>
<arg>add_argument</arg>
<arg>--devtools.debugger.prompt-connection</arg>
<doc>Calls the named method of the given object with the provided arguments.</doc>
<status status="NOT RUN" starttime="20250403 18:09:55.218" endtime="20250403 18:09:55.219"/>
</kw>
<kw name="Call Method" library="BuiltIn">
<arg>${options}</arg>
<arg>add_argument</arg>
<arg>--browser.dom.window.dump.enabled</arg>
<doc>Calls the named method of the given object with the provided arguments.</doc>
<status status="NOT RUN" starttime="20250403 18:09:55.221" endtime="20250403 18:09:55.222"/>
</kw>
<return>
<value>${options}</value>
<status status="NOT RUN" starttime="20250403 18:09:55.223" endtime="20250403 18:09:55.224"/>
</return>
<status status="NOT RUN" starttime="20250403 18:09:55.190" endtime="20250403 18:09:55.225"/>
</branch>
<branch type="ELSE IF" condition="&quot;${Browser}&quot; == &quot;chrome&quot;">
<kw name="Evaluate" library="BuiltIn">
<var>${options}</var>
<arg>selenium.webdriver.ChromeOptions()</arg>
<doc>Evaluates the given expression in Python and returns the result.</doc>
<status status="NOT RUN" starttime="20250403 18:09:55.227" endtime="20250403 18:09:55.227"/>
</kw>
<kw name="Call Method" library="BuiltIn">
<arg>${options}</arg>
<arg>add_argument</arg>
<arg>--start-maximized</arg>
<doc>Calls the named method of the given object with the provided arguments.</doc>
<status status="NOT RUN" starttime="20250403 18:09:55.228" endtime="20250403 18:09:55.229"/>
</kw>
<kw name="Call Method" library="BuiltIn">
<arg>${options}</arg>
<arg>add_argument</arg>
<arg>--disable-dev-shm-usage</arg>
<doc>Calls the named method of the given object with the provided arguments.</doc>
<status status="NOT RUN" starttime="20250403 18:09:55.230" endtime="20250403 18:09:55.231"/>
</kw>
<kw name="Call Method" library="BuiltIn">
<arg>${options}</arg>
<arg>add_argument</arg>
<arg>--no-sandbox</arg>
<doc>Calls the named method of the given object with the provided arguments.</doc>
<status status="NOT RUN" starttime="20250403 18:09:55.232" endtime="20250403 18:09:55.232"/>
</kw>
<kw name="Call Method" library="BuiltIn">
<arg>${options}</arg>
<arg>add_argument</arg>
<arg>--headless</arg>
<doc>Calls the named method of the given object with the provided arguments.</doc>
<status status="NOT RUN" starttime="20250403 18:09:55.234" endtime="20250403 18:09:55.235"/>
</kw>
<kw name="Call Method" library="BuiltIn">
<arg>${options}</arg>
<arg>add_argument</arg>
<arg>--disable-gpu</arg>
<doc>Calls the named method of the given object with the provided arguments.</doc>
<status status="NOT RUN" starttime="20250403 18:09:55.237" endtime="20250403 18:09:55.237"/>
</kw>
<kw name="Call Method" library="BuiltIn">
<arg>${options}</arg>
<arg>add_argument</arg>
<arg>--ignore-certificate-errors</arg>
<doc>Calls the named method of the given object with the provided arguments.</doc>
<status status="NOT RUN" starttime="20250403 18:09:55.239" endtime="20250403 18:09:55.239"/>
</kw>
<kw name="Call Method" library="BuiltIn">
<arg>${options}</arg>
<arg>add_argument</arg>
<arg>--disable-extensions</arg>
<doc>Calls the named method of the given object with the provided arguments.</doc>
<status status="NOT RUN" starttime="20250403 18:09:55.241" endtime="20250403 18:09:55.242"/>
</kw>
<kw name="Call Method" library="BuiltIn">
<arg>${options}</arg>
<arg>add_argument</arg>
<arg>--no-user-gesture-required</arg>
<doc>Calls the named method of the given object with the provided arguments.</doc>
<status status="NOT RUN" starttime="20250403 18:09:55.245" endtime="20250403 18:09:55.246"/>
</kw>
<kw name="Call Method" library="BuiltIn">
<arg>${options}</arg>
<arg>add_argument</arg>
<arg>--no-first-run</arg>
<doc>Calls the named method of the given object with the provided arguments.</doc>
<status status="NOT RUN" starttime="20250403 18:09:55.248" endtime="20250403 18:09:55.249"/>
</kw>
<kw name="Call Method" library="BuiltIn">
<arg>${options}</arg>
<arg>add_argument</arg>
<arg>--use-fake-ui-for-media-stream</arg>
<doc>Calls the named method of the given object with the provided arguments.</doc>
<status status="NOT RUN" starttime="20250403 18:09:55.251" endtime="20250403 18:09:55.252"/>
</kw>
<kw name="Call Method" library="BuiltIn">
<arg>${options}</arg>
<arg>add_argument</arg>
<arg>--use-fake-device-for-media-stream</arg>
<doc>Calls the named method of the given object with the provided arguments.</doc>
<status status="NOT RUN" starttime="20250403 18:09:55.254" endtime="20250403 18:09:55.254"/>
</kw>
<kw name="Call Method" library="BuiltIn">
<arg>${options}</arg>
<arg>add_argument</arg>
<arg>--disable-sync</arg>
<doc>Calls the named method of the given object with the provided arguments.</doc>
<status status="NOT RUN" starttime="20250403 18:09:55.255" endtime="20250403 18:09:55.256"/>
</kw>
<return>
<value>${options}</value>
<status status="NOT RUN" starttime="20250403 18:09:55.258" endtime="20250403 18:09:55.258"/>
</return>
<status status="NOT RUN" starttime="20250403 18:09:55.226" endtime="20250403 18:09:55.261"/>
</branch>
<status status="PASS" starttime="20250403 18:09:55.190" endtime="20250403 18:09:55.263"/>
</if>
<msg timestamp="20250403 18:09:55.263" level="INFO">${options} = None</msg>
<status status="PASS" starttime="20250403 18:09:55.189" endtime="20250403 18:09:55.264"/>
</kw>
<if>
<branch type="IF" condition="&quot;${Env}&quot; == &quot;prod&quot;">
<kw name="Open Browser" library="SeleniumLibrary">
<arg>https://www.wsj.com</arg>
<arg>${Browser}</arg>
<arg>options=${options}</arg>
<doc>Opens a new browser instance to the optional ``url``.</doc>
<msg timestamp="20250403 18:09:55.268" level="INFO">Opening browser 'ff' to base url 'https://www.wsj.com'.</msg>
<msg timestamp="20250403 18:09:56.135" level="INFO">Completed setup!</msg>
<status status="PASS" starttime="20250403 18:09:55.267" endtime="20250403 18:10:50.846"/>
</kw>
<kw name="Go To" library="SeleniumLibrary">
<arg>https://www.wsj.com/articles/twitter-elon-musk-to-argue-over-trial-timetable-to-force-44-billion-takeover-11658223001?cx_testId=3&amp;cx_testVariant=cx_5&amp;cx_artPos=6&amp;mod=WTRN#cxrecs_s</arg>
<doc>Navigates the current browser window to the provided ``url``.</doc>
<msg timestamp="20250403 18:10:50.849" level="INFO">Opening url 'https://www.wsj.com/articles/twitter-elon-musk-to-argue-over-trial-timetable-to-force-44-billion-takeover-11658223001?cx_testId=3&amp;cx_testVariant=cx_5&amp;cx_artPos=6&amp;mod=WTRN#cxrecs_s'</msg>
<status status="PASS" starttime="20250403 18:10:50.848" endtime="20250403 18:11:00.530"/>
</kw>
<status status="PASS" starttime="20250403 18:09:55.265" endtime="20250403 18:11:00.531"/>
</branch>
<branch type="ELSE IF" condition="&quot;${Env}&quot; == &quot;dev&quot;">
<kw name="Open Browser" library="SeleniumLibrary">
<arg>https://www.dev.wsj.com</arg>
<arg>${Browser}</arg>
<arg>options=${options}</arg>
<doc>Opens a new browser instance to the optional ``url``.</doc>
<status status="NOT RUN" starttime="20250403 18:11:00.533" endtime="20250403 18:11:00.534"/>
</kw>
<kw name="Go To" library="SeleniumLibrary">
<arg>https://www.dev.wsj.com/articles/twitter-elon-musk-to-argue-over-trial-timetable-to-force-44-billion-takeover-11658223001?cx_testId=3&amp;cx_testVariant=cx_5&amp;cx_artPos=6&amp;mod=WTRN#cxrecs_s</arg>
<doc>Navigates the current browser window to the provided ``url``.</doc>
<status status="NOT RUN" starttime="20250403 18:11:00.535" endtime="20250403 18:11:00.535"/>
</kw>
<status status="NOT RUN" starttime="20250403 18:11:00.532" endtime="20250403 18:11:00.536"/>
</branch>
<status status="PASS" starttime="20250403 18:09:55.265" endtime="20250403 18:11:00.537"/>
</if>
<kw name="Maximize Browser Window" library="SeleniumLibrary">
<doc>Maximizes current browser window.</doc>
<status status="PASS" starttime="20250403 18:11:00.537" endtime="20250403 18:11:01.810"/>
</kw>
<status status="PASS" starttime="20250403 18:09:55.184" endtime="20250403 18:11:01.810"/>
</kw>
<kw name="Start WSJ Article without byline" library="CommonFunctionality">
<kw name="Set Selenium Speed" library="SeleniumLibrary">
<arg>0.5 seconds</arg>
<doc>Sets the delay that is waited after each Selenium command.</doc>
<status status="PASS" starttime="20250403 18:11:01.813" endtime="20250403 18:11:01.814"/>
</kw>
<kw name="Set Browser Options" library="CommonFunctionality">
<var>${options}</var>
<if>
<branch type="IF" condition="&quot;${Browser}&quot; == &quot;firefox&quot;">
<kw name="Evaluate" library="BuiltIn">
<var>${options}</var>
<arg>selenium.webdriver.FirefoxOptions()</arg>
<doc>Evaluates the given expression in Python and returns the result.</doc>
<status status="NOT RUN" starttime="20250403 18:11:01.816" endtime="20250403 18:11:01.816"/>
</kw>
<kw name="Call Method" library="BuiltIn">
<arg>${options}</arg>
<arg>add_argument</arg>
<arg>--CreateProfile</arg>
<doc>Calls the named method of the given object with the provided arguments.</doc>
<status status="NOT RUN" starttime="20250403 18:11:01.818" endtime="20250403 18:11:01.818"/>
</kw>
<kw name="Call Method" library="BuiltIn">
<arg>${options}</arg>
<arg>add_argument</arg>
<arg>--start-maximized</arg>
<doc>Calls the named method of the given object with the provided arguments.</doc>
<status status="NOT RUN" starttime="20250403 18:11:01.819" endtime="20250403 18:11:01.820"/>
</kw>
<kw name="Call Method" library="BuiltIn">
<arg>${options}</arg>
<arg>add_argument</arg>
<arg>--disable-dev-shm-usage</arg>
<doc>Calls the named method of the given object with the provided arguments.</doc>
<status status="NOT RUN" starttime="20250403 18:11:01.821" endtime="20250403 18:11:01.821"/>
</kw>
<kw name="Call Method" library="BuiltIn">
<arg>${options}</arg>
<arg>add_argument</arg>
<arg>--no-sandbox</arg>
<doc>Calls the named method of the given object with the provided arguments.</doc>
<status status="NOT RUN" starttime="20250403 18:11:01.823" endtime="20250403 18:11:01.823"/>
</kw>
<kw name="Call Method" library="BuiltIn">
<arg>${options}</arg>
<arg>add_argument</arg>
<arg>--disable-gpu</arg>
<doc>Calls the named method of the given object with the provided arguments.</doc>
<status status="NOT RUN" starttime="20250403 18:11:01.825" endtime="20250403 18:11:01.825"/>
</kw>
<kw name="Call Method" library="BuiltIn">
<arg>${options}</arg>
<arg>add_argument</arg>
<arg>--headless</arg>
<doc>Calls the named method of the given object with the provided arguments.</doc>
<status status="NOT RUN" starttime="20250403 18:11:01.826" endtime="20250403 18:11:01.827"/>
</kw>
<kw name="Call Method" library="BuiltIn">
<arg>${options}</arg>
<arg>add_argument</arg>
<arg>--devtools.debugger.force-local</arg>
<doc>Calls the named method of the given object with the provided arguments.</doc>
<status status="NOT RUN" starttime="20250403 18:11:01.828" endtime="20250403 18:11:01.829"/>
</kw>
<kw name="Call Method" library="BuiltIn">
<arg>${options}</arg>
<arg>add_argument</arg>
<arg>--devtools.debugger.remote-enabled</arg>
<doc>Calls the named method of the given object with the provided arguments.</doc>
<status status="NOT RUN" starttime="20250403 18:11:01.830" endtime="20250403 18:11:01.831"/>
</kw>
<kw name="Call Method" library="BuiltIn">
<arg>${options}</arg>
<arg>add_argument</arg>
<arg>--devtools.chrome.enabled</arg>
<doc>Calls the named method of the given object with the provided arguments.</doc>
<status status="NOT RUN" starttime="20250403 18:11:01.832" endtime="20250403 18:11:01.832"/>
</kw>
<kw name="Call Method" library="BuiltIn">
<arg>${options}</arg>
<arg>add_argument</arg>
<arg>--devtools.debugger.prompt-connection</arg>
<doc>Calls the named method of the given object with the provided arguments.</doc>
<status status="NOT RUN" starttime="20250403 18:11:01.833" endtime="20250403 18:11:01.833"/>
</kw>
<kw name="Call Method" library="BuiltIn">
<arg>${options}</arg>
<arg>add_argument</arg>
<arg>--browser.dom.window.dump.enabled</arg>
<doc>Calls the named method of the given object with the provided arguments.</doc>
<status status="NOT RUN" starttime="20250403 18:11:01.835" endtime="20250403 18:11:01.835"/>
</kw>
<return>
<value>${options}</value>
<status status="NOT RUN" starttime="20250403 18:11:01.837" endtime="20250403 18:11:01.837"/>
</return>
<status status="NOT RUN" starttime="20250403 18:11:01.815" endtime="20250403 18:11:01.838"/>
</branch>
<branch type="ELSE IF" condition="&quot;${Browser}&quot; == &quot;chrome&quot;">
<kw name="Evaluate" library="BuiltIn">
<var>${options}</var>
<arg>selenium.webdriver.ChromeOptions()</arg>
<doc>Evaluates the given expression in Python and returns the result.</doc>
<status status="NOT RUN" starttime="20250403 18:11:01.839" endtime="20250403 18:11:01.840"/>
</kw>
<kw name="Call Method" library="BuiltIn">
<arg>${options}</arg>
<arg>add_argument</arg>
<arg>--start-maximized</arg>
<doc>Calls the named method of the given object with the provided arguments.</doc>
<status status="NOT RUN" starttime="20250403 18:11:01.841" endtime="20250403 18:11:01.841"/>
</kw>
<kw name="Call Method" library="BuiltIn">
<arg>${options}</arg>
<arg>add_argument</arg>
<arg>--disable-dev-shm-usage</arg>
<doc>Calls the named method of the given object with the provided arguments.</doc>
<status status="NOT RUN" starttime="20250403 18:11:01.843" endtime="20250403 18:11:01.844"/>
</kw>
<kw name="Call Method" library="BuiltIn">
<arg>${options}</arg>
<arg>add_argument</arg>
<arg>--no-sandbox</arg>
<doc>Calls the named method of the given object with the provided arguments.</doc>
<status status="NOT RUN" starttime="20250403 18:11:01.845" endtime="20250403 18:11:01.846"/>
</kw>
<kw name="Call Method" library="BuiltIn">
<arg>${options}</arg>
<arg>add_argument</arg>
<arg>--headless</arg>
<doc>Calls the named method of the given object with the provided arguments.</doc>
<status status="NOT RUN" starttime="20250403 18:11:01.847" endtime="20250403 18:11:01.848"/>
</kw>
<kw name="Call Method" library="BuiltIn">
<arg>${options}</arg>
<arg>add_argument</arg>
<arg>--disable-gpu</arg>
<doc>Calls the named method of the given object with the provided arguments.</doc>
<status status="NOT RUN" starttime="20250403 18:11:01.849" endtime="20250403 18:11:01.849"/>
</kw>
<kw name="Call Method" library="BuiltIn">
<arg>${options}</arg>
<arg>add_argument</arg>
<arg>--ignore-certificate-errors</arg>
<doc>Calls the named method of the given object with the provided arguments.</doc>
<status status="NOT RUN" starttime="20250403 18:11:01.850" endtime="20250403 18:11:01.851"/>
</kw>
<kw name="Call Method" library="BuiltIn">
<arg>${options}</arg>
<arg>add_argument</arg>
<arg>--disable-extensions</arg>
<doc>Calls the named method of the given object with the provided arguments.</doc>
<status status="NOT RUN" starttime="20250403 18:11:01.852" endtime="20250403 18:11:01.853"/>
</kw>
<kw name="Call Method" library="BuiltIn">
<arg>${options}</arg>
<arg>add_argument</arg>
<arg>--no-user-gesture-required</arg>
<doc>Calls the named method of the given object with the provided arguments.</doc>
<status status="NOT RUN" starttime="20250403 18:11:01.854" endtime="20250403 18:11:01.855"/>
</kw>
<kw name="Call Method" library="BuiltIn">
<arg>${options}</arg>
<arg>add_argument</arg>
<arg>--no-first-run</arg>
<doc>Calls the named method of the given object with the provided arguments.</doc>
<status status="NOT RUN" starttime="20250403 18:11:01.856" endtime="20250403 18:11:01.856"/>
</kw>
<kw name="Call Method" library="BuiltIn">
<arg>${options}</arg>
<arg>add_argument</arg>
<arg>--use-fake-ui-for-media-stream</arg>
<doc>Calls the named method of the given object with the provided arguments.</doc>
<status status="NOT RUN" starttime="20250403 18:11:01.857" endtime="20250403 18:11:01.857"/>
</kw>
<kw name="Call Method" library="BuiltIn">
<arg>${options}</arg>
<arg>add_argument</arg>
<arg>--use-fake-device-for-media-stream</arg>
<doc>Calls the named method of the given object with the provided arguments.</doc>
<status status="NOT RUN" starttime="20250403 18:11:01.859" endtime="20250403 18:11:01.859"/>
</kw>
<kw name="Call Method" library="BuiltIn">
<arg>${options}</arg>
<arg>add_argument</arg>
<arg>--disable-sync</arg>
<doc>Calls the named method of the given object with the provided arguments.</doc>
<status status="NOT RUN" starttime="20250403 18:11:01.860" endtime="20250403 18:11:01.861"/>
</kw>
<return>
<value>${options}</value>
<status status="NOT RUN" starttime="20250403 18:11:01.862" endtime="20250403 18:11:01.862"/>
</return>
<status status="NOT RUN" starttime="20250403 18:11:01.839" endtime="20250403 18:11:01.864"/>
</branch>
<status status="PASS" starttime="20250403 18:11:01.815" endtime="20250403 18:11:01.865"/>
</if>
<msg timestamp="20250403 18:11:01.865" level="INFO">${options} = None</msg>
<status status="PASS" starttime="20250403 18:11:01.815" endtime="20250403 18:11:01.867"/>
</kw>
<if>
<branch type="IF" condition="&quot;${Env}&quot; == &quot;prod&quot;">
<kw name="Go To" library="SeleniumLibrary">
<arg>https://www.wsj.com/articles/twitter-elon-musk-to-argue-over-trial-timetable-to-force-44-billion-takeover-11658223001</arg>
<doc>Navigates the current browser window to the provided ``url``.</doc>
<msg timestamp="20250403 18:11:01.869" level="INFO">Opening url 'https://www.wsj.com/articles/twitter-elon-musk-to-argue-over-trial-timetable-to-force-44-billion-takeover-11658223001'</msg>
<status status="PASS" starttime="20250403 18:11:01.868" endtime="20250403 18:11:44.963"/>
</kw>
<status status="PASS" starttime="20250403 18:11:01.868" endtime="20250403 18:11:44.964"/>
</branch>
<branch type="ELSE IF" condition="&quot;${Env}&quot; == &quot;dev&quot;">
<kw name="Open Browser" library="SeleniumLibrary">
<arg>https://www.dev.wsj.com</arg>
<arg>${Browser}</arg>
<arg>options=${options}</arg>
<doc>Opens a new browser instance to the optional ``url``.</doc>
<status status="NOT RUN" starttime="20250403 18:11:44.966" endtime="20250403 18:11:44.967"/>
</kw>
<kw name="Go To" library="SeleniumLibrary">
<arg>https://www.dev.wsj.com/articles/twitter-elon-musk-to-argue-over-trial-timetable-to-force-44-billion-takeover-11658223001?cx_testId=3&amp;cx_testVariant=cx_5&amp;cx_artPos=6&amp;mod=WTRN#cxrecs_s</arg>
<doc>Navigates the current browser window to the provided ``url``.</doc>
<status status="NOT RUN" starttime="20250403 18:11:44.968" endtime="20250403 18:11:44.968"/>
</kw>
<status status="NOT RUN" starttime="20250403 18:11:44.965" endtime="20250403 18:11:44.970"/>
</branch>
<status status="PASS" starttime="20250403 18:11:01.868" endtime="20250403 18:11:44.971"/>
</if>
<kw name="Maximize Browser Window" library="SeleniumLibrary">
<doc>Maximizes current browser window.</doc>
<status status="PASS" starttime="20250403 18:11:44.971" endtime="20250403 18:11:45.535"/>
</kw>
<status status="PASS" starttime="20250403 18:11:01.812" endtime="20250403 18:11:45.536"/>
</kw>
<if>
<branch type="IF" condition="&quot;${Env}&quot; == &quot;prod&quot;">
<kw name="WSJ Sign In Process" library="DefinedKeywords">
<kw name="Wait Until Element Is Visible" library="SeleniumLibrary">
<arg>//*[@id="__next"]/div/div[2]/div[2]/div/div/header[1]/div[1]/div/div[1]/a[2]</arg>
<doc>Waits until the element ``locator`` is visible.</doc>
<status status="PASS" starttime="20250403 18:11:45.539" endtime="20250403 18:11:47.091"/>
</kw>
<kw name="Click Element" library="SeleniumLibrary">
<arg>//*[@id="__next"]/div/div[2]/div[2]/div/div/header[1]/div[1]/div/div[1]/a[2]</arg>
<doc>Click the element identified by ``locator``.</doc>
<msg timestamp="20250403 18:11:47.093" level="INFO">Clicking element '//*[@id="__next"]/div/div[2]/div[2]/div/div/header[1]/div[1]/div/div[1]/a[2]'.</msg>
<status status="PASS" starttime="20250403 18:11:47.092" endtime="20250403 18:11:49.900"/>
</kw>
<kw name="Click Button" library="SeleniumLibrary">
<arg>//*[@id="emailOrUsername"]</arg>
<doc>Clicks the button identified by ``locator``.</doc>
<msg timestamp="20250403 18:11:49.904" level="INFO">Clicking button '//*[@id="emailOrUsername"]'.</msg>
<status status="PASS" starttime="20250403 18:11:49.902" endtime="20250403 18:11:51.818"/>
</kw>
<kw name="Input Text" library="SeleniumLibrary">
<arg>//*[@id="emailOrUsername"]</arg>
<arg>QABARRONSONLY</arg>
<doc>Types the given ``text`` into the text field identified by ``locator``.</doc>
<msg timestamp="20250403 18:11:51.821" level="INFO">Typing text 'QABARRONSONLY' into text field '//*[@id="emailOrUsername"]'.</msg>
<status status="PASS" starttime="20250403 18:11:51.819" endtime="20250403 18:11:53.636"/>
</kw>
<kw name="Set Selenium Implicit Wait" library="SeleniumLibrary">
<arg>10s</arg>
<doc>Sets the implicit wait value used by Selenium.</doc>
<status status="PASS" starttime="20250403 18:11:53.637" endtime="20250403 18:11:54.347"/>
</kw>
<kw name="Click Button" library="SeleniumLibrary">
<arg>//*[@id="signin-continue-btn"]</arg>
<doc>Clicks the button identified by ``locator``.</doc>
<msg timestamp="20250403 18:11:54.348" level="INFO">Clicking button '//*[@id="signin-continue-btn"]'.</msg>
<status status="PASS" starttime="20250403 18:11:54.348" endtime="20250403 18:11:57.289"/>
</kw>
<kw name="Set Selenium Implicit Wait" library="SeleniumLibrary">
<arg>10s</arg>
<doc>Sets the implicit wait value used by Selenium.</doc>
<status status="PASS" starttime="20250403 18:11:57.290" endtime="20250403 18:11:57.856"/>
</kw>
<kw name="Wait Until Element Is Visible" library="SeleniumLibrary">
<arg>//*[@id="password"]</arg>
<doc>Waits until the element ``locator`` is visible.</doc>
<status status="PASS" starttime="20250403 18:11:57.857" endtime="20250403 18:11:59.093"/>
</kw>
<kw name="Input Text" library="SeleniumLibrary">
<arg>//*[@id="password"]</arg>
<arg>password1</arg>
<doc>Types the given ``text`` into the text field identified by ``locator``.</doc>
<msg timestamp="20250403 18:11:59.096" level="INFO">Typing text 'password1' into text field '//*[@id="password"]'.</msg>
<status status="PASS" starttime="20250403 18:11:59.095" endtime="20250403 18:12:00.849"/>
</kw>
<kw name="Set Selenium Implicit Wait" library="SeleniumLibrary">
<arg>10s</arg>
<doc>Sets the implicit wait value used by Selenium.</doc>
<status status="PASS" starttime="20250403 18:12:00.850" endtime="20250403 18:12:01.397"/>
</kw>
<kw name="Click Button" library="SeleniumLibrary">
<arg>//*[@id="signin-pass-submit-btn"]</arg>
<doc>Clicks the button identified by ``locator``.</doc>
<msg timestamp="20250403 18:12:01.399" level="INFO">Clicking button '//*[@id="signin-pass-submit-btn"]'.</msg>
<status status="PASS" starttime="20250403 18:12:01.398" endtime="20250403 18:12:04.508"/>
</kw>
<status status="PASS" starttime="20250403 18:11:45.539" endtime="20250403 18:12:04.509"/>
</kw>
<status status="PASS" starttime="20250403 18:11:45.537" endtime="20250403 18:12:04.511"/>
</branch>
<branch type="ELSE IF" condition="&quot;${Env}&quot; == &quot;dev&quot;">
<kw name="WSJ Sign In Process" library="DefinedKeywords">
<status status="NOT RUN" starttime="20250403 18:12:04.512" endtime="20250403 18:12:04.513"/>
</kw>
<status status="NOT RUN" starttime="20250403 18:12:04.512" endtime="20250403 18:12:04.514"/>
</branch>
<status status="PASS" starttime="20250403 18:11:45.537" endtime="20250403 18:12:04.514"/>
</if>
<kw name="Set Selenium Speed" library="SeleniumLibrary">
<arg>50 seconds</arg>
<doc>Sets the delay that is waited after each Selenium command.</doc>
<status status="PASS" starttime="20250403 18:12:04.514" endtime="20250403 18:12:04.515"/>
</kw>
<kw name="Validate author without byline" library="WSJArticlePage">
<kw name="Page Should Contain Element" library="SeleniumLibrary">
<arg>//*[text()="Dave Michaels"]</arg>
<doc>Verifies that element ``locator`` is found on the current page.</doc>
<msg timestamp="20250403 18:13:12.243" level="INFO">Current page contains element '//*[text()="Dave Michaels"]'.</msg>
<status status="PASS" starttime="20250403 18:12:04.517" endtime="20250403 18:13:12.244"/>
</kw>
<status status="PASS" starttime="20250403 18:12:04.516" endtime="20250403 18:13:12.245"/>
</kw>
<kw name="Finish Testcase" library="CommonFunctionality" type="TEARDOWN">
<kw name="Close Browser" library="SeleniumLibrary">
<doc>Closes the current browser.</doc>
<status status="PASS" starttime="20250403 18:13:12.248" endtime="20250403 18:13:12.248"/>
</kw>
<status status="PASS" starttime="20250403 18:13:12.246" endtime="20250403 18:13:12.249"/>
</kw>
<doc>This test case validates authors without byline for WSJ article page</doc>
<tag>Article</tag>
<tag>Author</tag>
<tag>Regression</tag>
<tag>US-T30</tag>
<tag>WSJ</tag>
<status status="PASS" starttime="20250403 18:09:55.180" endtime="20250403 18:13:12.250"/>
</test>
<doc>WSJ Regression Tests</doc>
<status status="PASS" starttime="20250403 18:09:54.775" endtime="20250403 18:16:33.339"/>
</suite>
<status status="PASS" starttime="20250403 18:09:54.770" endtime="20250403 18:16:33.342"/>
</suite>
<status status="PASS" starttime="20250403 18:09:54.766" endtime="20250403 18:16:33.342"/>
</suite>
<status status="PASS" starttime="20250403 18:09:54.759" endtime="20250403 18:16:33.343"/>
</suite>
<status status="PASS" starttime="20250403 18:09:54.754" endtime="20250403 18:16:33.345"/>
</suite>
<status status="PASS" starttime="20250403 18:09:54.721" endtime="20250403 18:16:33.346"/>
</suite>
<statistics>
<total>
<stat pass="1" fail="0" skip="0">All Tests</stat>
</total>
<tag>
<stat pass="1" fail="0" skip="0">Article</stat>
<stat pass="1" fail="0" skip="0">Author</stat>
<stat pass="1" fail="0" skip="0">Regression</stat>
<stat pass="1" fail="0" skip="0">US-T30</stat>
<stat pass="1" fail="0" skip="0">WSJ</stat>
</tag>
<suite>
<stat pass="1" fail="0" skip="0" id="s1" name="Userservices-Qa-Automation">Userservices-Qa-Automation</stat>
<stat pass="1" fail="0" skip="0" id="s1-s1" name="Panda-Qa">Userservices-Qa-Automation.Panda-Qa</stat>
<stat pass="1" fail="0" skip="0" id="s1-s1-s1" name="Tests">Userservices-Qa-Automation.Panda-Qa.Tests</stat>
<stat pass="1" fail="0" skip="0" id="s1-s1-s1-s1" name="FollowWidget">Userservices-Qa-Automation.Panda-Qa.Tests.FollowWidget</stat>
<stat pass="1" fail="0" skip="0" id="s1-s1-s1-s1-s1" name="Regression">Userservices-Qa-Automation.Panda-Qa.Tests.FollowWidget.Regression</stat>
<stat pass="1" fail="0" skip="0" id="s1-s1-s1-s1-s1-s1" name="WSJ Regression">Userservices-Qa-Automation.Panda-Qa.Tests.FollowWidget.Regression.WSJ Regression</stat>
</suite>
</statistics>
<errors>
</errors>
</robot>
