<?xml version="1.0" encoding="UTF-8"?>
<robot generator="Robot 6.1.1 (Python 3.12.5 on win32)" generated="20250403 18:09:54.709" rpa="false" schemaversion="4">
<suite id="s1" name="Userservices-Qa-Automation" source="D:\Users\sasikumarj\PycharmProjects\userservices-qa-automation">
<suite id="s1-s1" name="Panda-Qa" source="D:\Users\sasikumarj\PycharmProjects\userservices-qa-automation\panda-qa">
<suite id="s1-s1-s1" name="Tests" source="D:\Users\sasikumarj\PycharmProjects\userservices-qa-automation\panda-qa\Tests">
<suite id="s1-s1-s1-s1" name="FollowWidget" source="D:\Users\sasikumarj\PycharmProjects\userservices-qa-automation\panda-qa\Tests\FollowWidget">
<suite id="s1-s1-s1-s1-s1" name="Regression" source="D:\Users\sasikumarj\PycharmProjects\userservices-qa-automation\panda-qa\Tests\FollowWidget\Regression">
<suite id="s1-s1-s1-s1-s1-s1" name="WSJ Regression" source="D:\Users\sasikumarj\PycharmProjects\userservices-qa-automation\panda-qa\Tests\FollowWidget\Regression\WSJ_Regression.robot">
<test id="s1-s1-s1-s1-s1-s1-t1" name="Validate Authors for WSJ Article page without byline" line="149">
<kw name="Start WSJ Article" library="CommonFunctionality" type="SETUP">
<kw name="Set Selenium Speed" library="SeleniumLibrary">
<arg>0.5 seconds</arg>
<doc>Sets the delay that is waited after each Selenium command.</doc>
<status status="PASS" starttime="20250403 18:09:55.193" endtime="20250403 18:09:55.194"/>
</kw>
<kw name="Set Browser Options" library="CommonFunctionality">
<var>${options}</var>
<if>
<branch type="IF" condition="&quot;${Browser}&quot; == &quot;firefox&quot;">
<kw name="Evaluate" library="BuiltIn">
<var>${options}</var>
<arg>selenium.webdriver.FirefoxOptions()</arg>
<doc>Evaluates the given expression in Python and returns the result.</doc>
<status status="NOT RUN" starttime="20250403 18:09:55.198" endtime="20250403 18:09:55.200"/>
</kw>
<kw name="Call Method" library="BuiltIn">
<arg>${options}</arg>
<arg>add_argument</arg>
<arg>--CreateProfile</arg>
<doc>Calls the named method of the given object with the provided arguments.</doc>
<status status="NOT RUN" starttime="20250403 18:09:55.201" endtime="20250403 18:09:55.202"/>
</kw>
<kw name="Call Method" library="BuiltIn">
<arg>${options}</arg>
<arg>add_argument</arg>
<arg>--start-maximized</arg>
<doc>Calls the named method of the given object with the provided arguments.</doc>
<status status="NOT RUN" starttime="20250403 18:09:55.203" endtime="20250403 18:09:55.203"/>
</kw>
<kw name="Call Method" library="BuiltIn">
<arg>${options}</arg>
<arg>add_argument</arg>
<arg>--disable-dev-shm-usage</arg>
<doc>Calls the named method of the given object with the provided arguments.</doc>
<status status="NOT RUN" starttime="20250403 18:09:55.204" endtime="20250403 18:09:55.205"/>
</kw>
<kw name="Call Method" library="BuiltIn">
<arg>${options}</arg>
<arg>add_argument</arg>
<arg>--no-sandbox</arg>
<doc>Calls the named method of the given object with the provided arguments.</doc>
<status status="NOT RUN" starttime="20250403 18:09:55.206" endtime="20250403 18:09:55.207"/>
</kw>
<kw name="Call Method" library="BuiltIn">
<arg>${options}</arg>
<arg>add_argument</arg>
<arg>--disable-gpu</arg>
<doc>Calls the named method of the given object with the provided arguments.</doc>
<status status="NOT RUN" starttime="20250403 18:09:55.209" endtime="20250403 18:09:55.210"/>
</kw>
<kw name="Call Method" library="BuiltIn">
<arg>${options}</arg>
<arg>add_argument</arg>
<arg>--headless</arg>
<doc>Calls the named method of the given object with the provided arguments.</doc>
<status status="NOT RUN" starttime="20250403 18:09:55.213" endtime="20250403 18:09:55.214"/>
</kw>
<kw name="Call Method" library="BuiltIn">
<arg>${options}</arg>
<arg>add_argument</arg>
<arg>--devtools.debugger.force-local</arg>
<doc>Calls the named method of the given object with the provided arguments.</doc>
<status status="NOT RUN" starttime="20250403 18:09:55.216" endtime="20250403 18:09:55.217"/>
</kw>
<kw name="Call Method" library="BuiltIn">
<arg>${options}</arg>
<arg>add_argument</arg>
<arg>--devtools.debugger.remote-enabled</arg>
<doc>Calls the named method of the given object with the provided arguments.</doc>
<status status="NOT RUN" starttime="20250403 18:09:55.219" endtime="20250403 18:09:55.220"/>
</kw>
<kw name="Call Method" library="BuiltIn">
<arg>${options}</arg>
<arg>add_argument</arg>
<arg>--devtools.chrome.enabled</arg>
<doc>Calls the named method of the given object with the provided arguments.</doc>
<status status="NOT RUN" starttime="20250403 18:09:55.221" endtime="20250403 18:09:55.222"/>
</kw>
<kw name="Call Method" library="BuiltIn">
<arg>${options}</arg>
<arg>add_argument</arg>
<arg>--devtools.debugger.prompt-connection</arg>
<doc>Calls the named method of the given object with the provided arguments.</doc>
<status status="NOT RUN" starttime="20250403 18:09:55.224" endtime="20250403 18:09:55.224"/>
</kw>
<kw name="Call Method" library="BuiltIn">
<arg>${options}</arg>
<arg>add_argument</arg>
<arg>--browser.dom.window.dump.enabled</arg>
<doc>Calls the named method of the given object with the provided arguments.</doc>
<status status="NOT RUN" starttime="20250403 18:09:55.226" endtime="20250403 18:09:55.226"/>
</kw>
<return>
<value>${options}</value>
<status status="NOT RUN" starttime="20250403 18:09:55.227" endtime="20250403 18:09:55.228"/>
</return>
<status status="NOT RUN" starttime="20250403 18:09:55.197" endtime="20250403 18:09:55.229"/>
</branch>
<branch type="ELSE IF" condition="&quot;${Browser}&quot; == &quot;chrome&quot;">
<kw name="Evaluate" library="BuiltIn">
<var>${options}</var>
<arg>selenium.webdriver.ChromeOptions()</arg>
<doc>Evaluates the given expression in Python and returns the result.</doc>
<status status="NOT RUN" starttime="20250403 18:09:55.230" endtime="20250403 18:09:55.231"/>
</kw>
<kw name="Call Method" library="BuiltIn">
<arg>${options}</arg>
<arg>add_argument</arg>
<arg>--start-maximized</arg>
<doc>Calls the named method of the given object with the provided arguments.</doc>
<status status="NOT RUN" starttime="20250403 18:09:55.232" endtime="20250403 18:09:55.233"/>
</kw>
<kw name="Call Method" library="BuiltIn">
<arg>${options}</arg>
<arg>add_argument</arg>
<arg>--disable-dev-shm-usage</arg>
<doc>Calls the named method of the given object with the provided arguments.</doc>
<status status="NOT RUN" starttime="20250403 18:09:55.234" endtime="20250403 18:09:55.235"/>
</kw>
<kw name="Call Method" library="BuiltIn">
<arg>${options}</arg>
<arg>add_argument</arg>
<arg>--no-sandbox</arg>
<doc>Calls the named method of the given object with the provided arguments.</doc>
<status status="NOT RUN" starttime="20250403 18:09:55.237" endtime="20250403 18:09:55.237"/>
</kw>
<kw name="Call Method" library="BuiltIn">
<arg>${options}</arg>
<arg>add_argument</arg>
<arg>--headless</arg>
<doc>Calls the named method of the given object with the provided arguments.</doc>
<status status="NOT RUN" starttime="20250403 18:09:55.239" endtime="20250403 18:09:55.239"/>
</kw>
<kw name="Call Method" library="BuiltIn">
<arg>${options}</arg>
<arg>add_argument</arg>
<arg>--disable-gpu</arg>
<doc>Calls the named method of the given object with the provided arguments.</doc>
<status status="NOT RUN" starttime="20250403 18:09:55.242" endtime="20250403 18:09:55.242"/>
</kw>
<kw name="Call Method" library="BuiltIn">
<arg>${options}</arg>
<arg>add_argument</arg>
<arg>--ignore-certificate-errors</arg>
<doc>Calls the named method of the given object with the provided arguments.</doc>
<status status="NOT RUN" starttime="20250403 18:09:55.245" endtime="20250403 18:09:55.246"/>
</kw>
<kw name="Call Method" library="BuiltIn">
<arg>${options}</arg>
<arg>add_argument</arg>
<arg>--disable-extensions</arg>
<doc>Calls the named method of the given object with the provided arguments.</doc>
<status status="NOT RUN" starttime="20250403 18:09:55.247" endtime="20250403 18:09:55.249"/>
</kw>
<kw name="Call Method" library="BuiltIn">
<arg>${options}</arg>
<arg>add_argument</arg>
<arg>--no-user-gesture-required</arg>
<doc>Calls the named method of the given object with the provided arguments.</doc>
<status status="NOT RUN" starttime="20250403 18:09:55.251" endtime="20250403 18:09:55.252"/>
</kw>
<kw name="Call Method" library="BuiltIn">
<arg>${options}</arg>
<arg>add_argument</arg>
<arg>--no-first-run</arg>
<doc>Calls the named method of the given object with the provided arguments.</doc>
<status status="NOT RUN" starttime="20250403 18:09:55.254" endtime="20250403 18:09:55.254"/>
</kw>
<kw name="Call Method" library="BuiltIn">
<arg>${options}</arg>
<arg>add_argument</arg>
<arg>--use-fake-ui-for-media-stream</arg>
<doc>Calls the named method of the given object with the provided arguments.</doc>
<status status="NOT RUN" starttime="20250403 18:09:55.255" endtime="20250403 18:09:55.256"/>
</kw>
<kw name="Call Method" library="BuiltIn">
<arg>${options}</arg>
<arg>add_argument</arg>
<arg>--use-fake-device-for-media-stream</arg>
<doc>Calls the named method of the given object with the provided arguments.</doc>
<status status="NOT RUN" starttime="20250403 18:09:55.257" endtime="20250403 18:09:55.258"/>
</kw>
<kw name="Call Method" library="BuiltIn">
<arg>${options}</arg>
<arg>add_argument</arg>
<arg>--disable-sync</arg>
<doc>Calls the named method of the given object with the provided arguments.</doc>
<status status="NOT RUN" starttime="20250403 18:09:55.260" endtime="20250403 18:09:55.261"/>
</kw>
<return>
<value>${options}</value>
<status status="NOT RUN" starttime="20250403 18:09:55.263" endtime="20250403 18:09:55.263"/>
</return>
<status status="NOT RUN" starttime="20250403 18:09:55.230" endtime="20250403 18:09:55.266"/>
</branch>
<status status="PASS" starttime="20250403 18:09:55.197" endtime="20250403 18:09:55.268"/>
</if>
<msg timestamp="20250403 18:09:55.268" level="INFO">${options} = None</msg>
<status status="PASS" starttime="20250403 18:09:55.195" endtime="20250403 18:09:55.270"/>
</kw>
<if>
<branch type="IF" condition="&quot;${Env}&quot; == &quot;prod&quot;">
<kw name="Open Browser" library="SeleniumLibrary">
<arg>https://www.wsj.com</arg>
<arg>${Browser}</arg>
<arg>options=${options}</arg>
<doc>Opens a new browser instance to the optional ``url``.</doc>
<msg timestamp="20250403 18:09:55.273" level="INFO">Opening browser 'ff' to base url 'https://www.wsj.com'.</msg>
<msg timestamp="20250403 18:09:56.137" level="INFO">Completed setup!</msg>
<status status="PASS" starttime="20250403 18:09:55.272" endtime="20250403 18:11:05.786"/>
</kw>
<kw name="Go To" library="SeleniumLibrary">
<arg>https://www.wsj.com/articles/twitter-elon-musk-to-argue-over-trial-timetable-to-force-44-billion-takeover-11658223001?cx_testId=3&amp;cx_testVariant=cx_5&amp;cx_artPos=6&amp;mod=WTRN#cxrecs_s</arg>
<doc>Navigates the current browser window to the provided ``url``.</doc>
<msg timestamp="20250403 18:11:05.788" level="INFO">Opening url 'https://www.wsj.com/articles/twitter-elon-musk-to-argue-over-trial-timetable-to-force-44-billion-takeover-11658223001?cx_testId=3&amp;cx_testVariant=cx_5&amp;cx_artPos=6&amp;mod=WTRN#cxrecs_s'</msg>
<status status="PASS" starttime="20250403 18:11:05.788" endtime="20250403 18:11:26.463"/>
</kw>
<status status="PASS" starttime="20250403 18:09:55.270" endtime="20250403 18:11:26.464"/>
</branch>
<branch type="ELSE IF" condition="&quot;${Env}&quot; == &quot;dev&quot;">
<kw name="Open Browser" library="SeleniumLibrary">
<arg>https://www.dev.wsj.com</arg>
<arg>${Browser}</arg>
<arg>options=${options}</arg>
<doc>Opens a new browser instance to the optional ``url``.</doc>
<status status="NOT RUN" starttime="20250403 18:11:26.466" endtime="20250403 18:11:26.467"/>
</kw>
<kw name="Go To" library="SeleniumLibrary">
<arg>https://www.dev.wsj.com/articles/twitter-elon-musk-to-argue-over-trial-timetable-to-force-44-billion-takeover-11658223001?cx_testId=3&amp;cx_testVariant=cx_5&amp;cx_artPos=6&amp;mod=WTRN#cxrecs_s</arg>
<doc>Navigates the current browser window to the provided ``url``.</doc>
<status status="NOT RUN" starttime="20250403 18:11:26.468" endtime="20250403 18:11:26.469"/>
</kw>
<status status="NOT RUN" starttime="20250403 18:11:26.465" endtime="20250403 18:11:26.470"/>
</branch>
<status status="PASS" starttime="20250403 18:09:55.270" endtime="20250403 18:11:26.470"/>
</if>
<kw name="Maximize Browser Window" library="SeleniumLibrary">
<doc>Maximizes current browser window.</doc>
<status status="PASS" starttime="20250403 18:11:26.470" endtime="20250403 18:11:27.625"/>
</kw>
<status status="PASS" starttime="20250403 18:09:55.190" endtime="20250403 18:11:27.626"/>
</kw>
<kw name="Start WSJ Article without byline" library="CommonFunctionality">
<kw name="Set Selenium Speed" library="SeleniumLibrary">
<arg>0.5 seconds</arg>
<doc>Sets the delay that is waited after each Selenium command.</doc>
<status status="PASS" starttime="20250403 18:11:27.632" endtime="20250403 18:11:27.632"/>
</kw>
<kw name="Set Browser Options" library="CommonFunctionality">
<var>${options}</var>
<if>
<branch type="IF" condition="&quot;${Browser}&quot; == &quot;firefox&quot;">
<kw name="Evaluate" library="BuiltIn">
<var>${options}</var>
<arg>selenium.webdriver.FirefoxOptions()</arg>
<doc>Evaluates the given expression in Python and returns the result.</doc>
<status status="NOT RUN" starttime="20250403 18:11:27.637" endtime="20250403 18:11:27.637"/>
</kw>
<kw name="Call Method" library="BuiltIn">
<arg>${options}</arg>
<arg>add_argument</arg>
<arg>--CreateProfile</arg>
<doc>Calls the named method of the given object with the provided arguments.</doc>
<status status="NOT RUN" starttime="20250403 18:11:27.639" endtime="20250403 18:11:27.640"/>
</kw>
<kw name="Call Method" library="BuiltIn">
<arg>${options}</arg>
<arg>add_argument</arg>
<arg>--start-maximized</arg>
<doc>Calls the named method of the given object with the provided arguments.</doc>
<status status="NOT RUN" starttime="20250403 18:11:27.641" endtime="20250403 18:11:27.641"/>
</kw>
<kw name="Call Method" library="BuiltIn">
<arg>${options}</arg>
<arg>add_argument</arg>
<arg>--disable-dev-shm-usage</arg>
<doc>Calls the named method of the given object with the provided arguments.</doc>
<status status="NOT RUN" starttime="20250403 18:11:27.643" endtime="20250403 18:11:27.643"/>
</kw>
<kw name="Call Method" library="BuiltIn">
<arg>${options}</arg>
<arg>add_argument</arg>
<arg>--no-sandbox</arg>
<doc>Calls the named method of the given object with the provided arguments.</doc>
<status status="NOT RUN" starttime="20250403 18:11:27.644" endtime="20250403 18:11:27.645"/>
</kw>
<kw name="Call Method" library="BuiltIn">
<arg>${options}</arg>
<arg>add_argument</arg>
<arg>--disable-gpu</arg>
<doc>Calls the named method of the given object with the provided arguments.</doc>
<status status="NOT RUN" starttime="20250403 18:11:27.646" endtime="20250403 18:11:27.647"/>
</kw>
<kw name="Call Method" library="BuiltIn">
<arg>${options}</arg>
<arg>add_argument</arg>
<arg>--headless</arg>
<doc>Calls the named method of the given object with the provided arguments.</doc>
<status status="NOT RUN" starttime="20250403 18:11:27.648" endtime="20250403 18:11:27.648"/>
</kw>
<kw name="Call Method" library="BuiltIn">
<arg>${options}</arg>
<arg>add_argument</arg>
<arg>--devtools.debugger.force-local</arg>
<doc>Calls the named method of the given object with the provided arguments.</doc>
<status status="NOT RUN" starttime="20250403 18:11:27.649" endtime="20250403 18:11:27.649"/>
</kw>
<kw name="Call Method" library="BuiltIn">
<arg>${options}</arg>
<arg>add_argument</arg>
<arg>--devtools.debugger.remote-enabled</arg>
<doc>Calls the named method of the given object with the provided arguments.</doc>
<status status="NOT RUN" starttime="20250403 18:11:27.651" endtime="20250403 18:11:27.651"/>
</kw>
<kw name="Call Method" library="BuiltIn">
<arg>${options}</arg>
<arg>add_argument</arg>
<arg>--devtools.chrome.enabled</arg>
<doc>Calls the named method of the given object with the provided arguments.</doc>
<status status="NOT RUN" starttime="20250403 18:11:27.652" endtime="20250403 18:11:27.653"/>
</kw>
<kw name="Call Method" library="BuiltIn">
<arg>${options}</arg>
<arg>add_argument</arg>
<arg>--devtools.debugger.prompt-connection</arg>
<doc>Calls the named method of the given object with the provided arguments.</doc>
<status status="NOT RUN" starttime="20250403 18:11:27.655" endtime="20250403 18:11:27.655"/>
</kw>
<kw name="Call Method" library="BuiltIn">
<arg>${options}</arg>
<arg>add_argument</arg>
<arg>--browser.dom.window.dump.enabled</arg>
<doc>Calls the named method of the given object with the provided arguments.</doc>
<status status="NOT RUN" starttime="20250403 18:11:27.657" endtime="20250403 18:11:27.658"/>
</kw>
<return>
<value>${options}</value>
<status status="NOT RUN" starttime="20250403 18:11:27.659" endtime="20250403 18:11:27.659"/>
</return>
<status status="NOT RUN" starttime="20250403 18:11:27.636" endtime="20250403 18:11:27.660"/>
</branch>
<branch type="ELSE IF" condition="&quot;${Browser}&quot; == &quot;chrome&quot;">
<kw name="Evaluate" library="BuiltIn">
<var>${options}</var>
<arg>selenium.webdriver.ChromeOptions()</arg>
<doc>Evaluates the given expression in Python and returns the result.</doc>
<status status="NOT RUN" starttime="20250403 18:11:27.662" endtime="20250403 18:11:27.663"/>
</kw>
<kw name="Call Method" library="BuiltIn">
<arg>${options}</arg>
<arg>add_argument</arg>
<arg>--start-maximized</arg>
<doc>Calls the named method of the given object with the provided arguments.</doc>
<status status="NOT RUN" starttime="20250403 18:11:27.664" endtime="20250403 18:11:27.664"/>
</kw>
<kw name="Call Method" library="BuiltIn">
<arg>${options}</arg>
<arg>add_argument</arg>
<arg>--disable-dev-shm-usage</arg>
<doc>Calls the named method of the given object with the provided arguments.</doc>
<status status="NOT RUN" starttime="20250403 18:11:27.665" endtime="20250403 18:11:27.666"/>
</kw>
<kw name="Call Method" library="BuiltIn">
<arg>${options}</arg>
<arg>add_argument</arg>
<arg>--no-sandbox</arg>
<doc>Calls the named method of the given object with the provided arguments.</doc>
<status status="NOT RUN" starttime="20250403 18:11:27.667" endtime="20250403 18:11:27.667"/>
</kw>
<kw name="Call Method" library="BuiltIn">
<arg>${options}</arg>
<arg>add_argument</arg>
<arg>--headless</arg>
<doc>Calls the named method of the given object with the provided arguments.</doc>
<status status="NOT RUN" starttime="20250403 18:11:27.669" endtime="20250403 18:11:27.669"/>
</kw>
<kw name="Call Method" library="BuiltIn">
<arg>${options}</arg>
<arg>add_argument</arg>
<arg>--disable-gpu</arg>
<doc>Calls the named method of the given object with the provided arguments.</doc>
<status status="NOT RUN" starttime="20250403 18:11:27.670" endtime="20250403 18:11:27.671"/>
</kw>
<kw name="Call Method" library="BuiltIn">
<arg>${options}</arg>
<arg>add_argument</arg>
<arg>--ignore-certificate-errors</arg>
<doc>Calls the named method of the given object with the provided arguments.</doc>
<status status="NOT RUN" starttime="20250403 18:11:27.672" endtime="20250403 18:11:27.672"/>
</kw>
<kw name="Call Method" library="BuiltIn">
<arg>${options}</arg>
<arg>add_argument</arg>
<arg>--disable-extensions</arg>
<doc>Calls the named method of the given object with the provided arguments.</doc>
<status status="NOT RUN" starttime="20250403 18:11:27.673" endtime="20250403 18:11:27.674"/>
</kw>
<kw name="Call Method" library="BuiltIn">
<arg>${options}</arg>
<arg>add_argument</arg>
<arg>--no-user-gesture-required</arg>
<doc>Calls the named method of the given object with the provided arguments.</doc>
<status status="NOT RUN" starttime="20250403 18:11:27.675" endtime="20250403 18:11:27.675"/>
</kw>
<kw name="Call Method" library="BuiltIn">
<arg>${options}</arg>
<arg>add_argument</arg>
<arg>--no-first-run</arg>
<doc>Calls the named method of the given object with the provided arguments.</doc>
<status status="NOT RUN" starttime="20250403 18:11:27.677" endtime="20250403 18:11:27.677"/>
</kw>
<kw name="Call Method" library="BuiltIn">
<arg>${options}</arg>
<arg>add_argument</arg>
<arg>--use-fake-ui-for-media-stream</arg>
<doc>Calls the named method of the given object with the provided arguments.</doc>
<status status="NOT RUN" starttime="20250403 18:11:27.679" endtime="20250403 18:11:27.679"/>
</kw>
<kw name="Call Method" library="BuiltIn">
<arg>${options}</arg>
<arg>add_argument</arg>
<arg>--use-fake-device-for-media-stream</arg>
<doc>Calls the named method of the given object with the provided arguments.</doc>
<status status="NOT RUN" starttime="20250403 18:11:27.680" endtime="20250403 18:11:27.681"/>
</kw>
<kw name="Call Method" library="BuiltIn">
<arg>${options}</arg>
<arg>add_argument</arg>
<arg>--disable-sync</arg>
<doc>Calls the named method of the given object with the provided arguments.</doc>
<status status="NOT RUN" starttime="20250403 18:11:27.682" endtime="20250403 18:11:27.683"/>
</kw>
<return>
<value>${options}</value>
<status status="NOT RUN" starttime="20250403 18:11:27.683" endtime="20250403 18:11:27.684"/>
</return>
<status status="NOT RUN" starttime="20250403 18:11:27.661" endtime="20250403 18:11:27.685"/>
</branch>
<status status="PASS" starttime="20250403 18:11:27.636" endtime="20250403 18:11:27.686"/>
</if>
<msg timestamp="20250403 18:11:27.686" level="INFO">${options} = None</msg>
<status status="PASS" starttime="20250403 18:11:27.634" endtime="20250403 18:11:27.687"/>
</kw>
<if>
<branch type="IF" condition="&quot;${Env}&quot; == &quot;prod&quot;">
<kw name="Go To" library="SeleniumLibrary">
<arg>https://www.wsj.com/articles/twitter-elon-musk-to-argue-over-trial-timetable-to-force-44-billion-takeover-11658223001</arg>
<doc>Navigates the current browser window to the provided ``url``.</doc>
<msg timestamp="20250403 18:11:27.689" level="INFO">Opening url 'https://www.wsj.com/articles/twitter-elon-musk-to-argue-over-trial-timetable-to-force-44-billion-takeover-11658223001'</msg>
<status status="PASS" starttime="20250403 18:11:27.688" endtime="20250403 18:11:54.369"/>
</kw>
<status status="PASS" starttime="20250403 18:11:27.688" endtime="20250403 18:11:54.370"/>
</branch>
<branch type="ELSE IF" condition="&quot;${Env}&quot; == &quot;dev&quot;">
<kw name="Open Browser" library="SeleniumLibrary">
<arg>https://www.dev.wsj.com</arg>
<arg>${Browser}</arg>
<arg>options=${options}</arg>
<doc>Opens a new browser instance to the optional ``url``.</doc>
<status status="NOT RUN" starttime="20250403 18:11:54.372" endtime="20250403 18:11:54.373"/>
</kw>
<kw name="Go To" library="SeleniumLibrary">
<arg>https://www.dev.wsj.com/articles/twitter-elon-musk-to-argue-over-trial-timetable-to-force-44-billion-takeover-11658223001?cx_testId=3&amp;cx_testVariant=cx_5&amp;cx_artPos=6&amp;mod=WTRN#cxrecs_s</arg>
<doc>Navigates the current browser window to the provided ``url``.</doc>
<status status="NOT RUN" starttime="20250403 18:11:54.374" endtime="20250403 18:11:54.375"/>
</kw>
<status status="NOT RUN" starttime="20250403 18:11:54.371" endtime="20250403 18:11:54.376"/>
</branch>
<status status="PASS" starttime="20250403 18:11:27.688" endtime="20250403 18:11:54.377"/>
</if>
<kw name="Maximize Browser Window" library="SeleniumLibrary">
<doc>Maximizes current browser window.</doc>
<status status="PASS" starttime="20250403 18:11:54.377" endtime="20250403 18:11:55.130"/>
</kw>
<status status="PASS" starttime="20250403 18:11:27.630" endtime="20250403 18:11:55.131"/>
</kw>
<if>
<branch type="IF" condition="&quot;${Env}&quot; == &quot;prod&quot;">
<kw name="WSJ Sign In Process" library="DefinedKeywords">
<kw name="Wait Until Element Is Visible" library="SeleniumLibrary">
<arg>//*[@id="__next"]/div/div[2]/div[2]/div/div/header[1]/div[1]/div/div[1]/a[2]</arg>
<doc>Waits until the element ``locator`` is visible.</doc>
<status status="PASS" starttime="20250403 18:11:55.133" endtime="20250403 18:11:56.317"/>
</kw>
<kw name="Click Element" library="SeleniumLibrary">
<arg>//*[@id="__next"]/div/div[2]/div[2]/div/div/header[1]/div[1]/div/div[1]/a[2]</arg>
<doc>Click the element identified by ``locator``.</doc>
<msg timestamp="20250403 18:11:56.320" level="INFO">Clicking element '//*[@id="__next"]/div/div[2]/div[2]/div/div/header[1]/div[1]/div/div[1]/a[2]'.</msg>
<status status="PASS" starttime="20250403 18:11:56.319" endtime="20250403 18:11:59.438"/>
</kw>
<kw name="Click Button" library="SeleniumLibrary">
<arg>//*[@id="emailOrUsername"]</arg>
<doc>Clicks the button identified by ``locator``.</doc>
<msg timestamp="20250403 18:11:59.442" level="INFO">Clicking button '//*[@id="emailOrUsername"]'.</msg>
<status status="PASS" starttime="20250403 18:11:59.440" endtime="20250403 18:12:01.483"/>
</kw>
<kw name="Input Text" library="SeleniumLibrary">
<arg>//*[@id="emailOrUsername"]</arg>
<arg>QABARRONSONLY</arg>
<doc>Types the given ``text`` into the text field identified by ``locator``.</doc>
<msg timestamp="20250403 18:12:01.485" level="INFO">Typing text 'QABARRONSONLY' into text field '//*[@id="emailOrUsername"]'.</msg>
<status status="PASS" starttime="20250403 18:12:01.484" endtime="20250403 18:12:03.514"/>
</kw>
<kw name="Set Selenium Implicit Wait" library="SeleniumLibrary">
<arg>10s</arg>
<doc>Sets the implicit wait value used by Selenium.</doc>
<status status="PASS" starttime="20250403 18:12:03.515" endtime="20250403 18:12:04.074"/>
</kw>
<kw name="Click Button" library="SeleniumLibrary">
<arg>//*[@id="signin-continue-btn"]</arg>
<doc>Clicks the button identified by ``locator``.</doc>
<msg timestamp="20250403 18:12:04.076" level="INFO">Clicking button '//*[@id="signin-continue-btn"]'.</msg>
<status status="PASS" starttime="20250403 18:12:04.075" endtime="20250403 18:12:07.115"/>
</kw>
<kw name="Set Selenium Implicit Wait" library="SeleniumLibrary">
<arg>10s</arg>
<doc>Sets the implicit wait value used by Selenium.</doc>
<status status="PASS" starttime="20250403 18:12:07.116" endtime="20250403 18:12:07.682"/>
</kw>
<kw name="Wait Until Element Is Visible" library="SeleniumLibrary">
<arg>//*[@id="password"]</arg>
<doc>Waits until the element ``locator`` is visible.</doc>
<status status="PASS" starttime="20250403 18:12:07.684" endtime="20250403 18:12:08.825"/>
</kw>
<kw name="Input Text" library="SeleniumLibrary">
<arg>//*[@id="password"]</arg>
<arg>password1</arg>
<doc>Types the given ``text`` into the text field identified by ``locator``.</doc>
<msg timestamp="20250403 18:12:08.827" level="INFO">Typing text 'password1' into text field '//*[@id="password"]'.</msg>
<status status="PASS" starttime="20250403 18:12:08.826" endtime="20250403 18:12:10.539"/>
</kw>
<kw name="Set Selenium Implicit Wait" library="SeleniumLibrary">
<arg>10s</arg>
<doc>Sets the implicit wait value used by Selenium.</doc>
<status status="PASS" starttime="20250403 18:12:10.540" endtime="20250403 18:12:11.097"/>
</kw>
<kw name="Click Button" library="SeleniumLibrary">
<arg>//*[@id="signin-pass-submit-btn"]</arg>
<doc>Clicks the button identified by ``locator``.</doc>
<msg timestamp="20250403 18:12:11.099" level="INFO">Clicking button '//*[@id="signin-pass-submit-btn"]'.</msg>
<status status="PASS" starttime="20250403 18:12:11.098" endtime="20250403 18:12:14.186"/>
</kw>
<status status="PASS" starttime="20250403 18:11:55.132" endtime="20250403 18:12:14.187"/>
</kw>
<status status="PASS" starttime="20250403 18:11:55.132" endtime="20250403 18:12:14.188"/>
</branch>
<branch type="ELSE IF" condition="&quot;${Env}&quot; == &quot;dev&quot;">
<kw name="WSJ Sign In Process" library="DefinedKeywords">
<status status="NOT RUN" starttime="20250403 18:12:14.189" endtime="20250403 18:12:14.190"/>
</kw>
<status status="NOT RUN" starttime="20250403 18:12:14.189" endtime="20250403 18:12:14.191"/>
</branch>
<status status="PASS" starttime="20250403 18:11:55.132" endtime="20250403 18:12:14.191"/>
</if>
<kw name="Set Selenium Speed" library="SeleniumLibrary">
<arg>50 seconds</arg>
<doc>Sets the delay that is waited after each Selenium command.</doc>
<status status="PASS" starttime="20250403 18:12:14.192" endtime="20250403 18:12:14.192"/>
</kw>
<kw name="Validate author without byline" library="WSJArticlePage">
<kw name="Page Should Contain Element" library="SeleniumLibrary">
<arg>//*[text()="Dave Michaels"]</arg>
<doc>Verifies that element ``locator`` is found on the current page.</doc>
<msg timestamp="20250403 18:15:06.490" level="INFO" html="true">&lt;/td&gt;&lt;/tr&gt;&lt;tr&gt;&lt;td colspan="3"&gt;&lt;a href="selenium-screenshot-1.png"&gt;&lt;img src="selenium-screenshot-1.png" width="800px"&gt;&lt;/a&gt;</msg>
<msg timestamp="20250403 18:15:06.490" level="FAIL">Page should have contained element '//*[text()="Dave Michaels"]' but did not.</msg>
<status status="FAIL" starttime="20250403 18:12:14.194" endtime="20250403 18:15:06.494"/>
</kw>
<status status="FAIL" starttime="20250403 18:12:14.193" endtime="20250403 18:15:06.495"/>
</kw>
<kw name="Finish Testcase" library="CommonFunctionality" type="TEARDOWN">
<kw name="Close Browser" library="SeleniumLibrary">
<doc>Closes the current browser.</doc>
<status status="PASS" starttime="20250403 18:15:06.499" endtime="20250403 18:15:06.499"/>
</kw>
<status status="PASS" starttime="20250403 18:15:06.497" endtime="20250403 18:15:06.500"/>
</kw>
<doc>This test case validates authors without byline for WSJ article page</doc>
<tag>Article</tag>
<tag>Author</tag>
<tag>Regression</tag>
<tag>US-T30</tag>
<tag>WSJ</tag>
<status status="FAIL" starttime="20250403 18:09:55.186" endtime="20250403 18:15:06.501">Page should have contained element '//*[text()="Dave Michaels"]' but did not.</status>
</test>
<doc>WSJ Regression Tests</doc>
<status status="FAIL" starttime="20250403 18:09:54.772" endtime="20250403 18:18:27.558"/>
</suite>
<status status="FAIL" starttime="20250403 18:09:54.769" endtime="20250403 18:18:27.559"/>
</suite>
<status status="FAIL" starttime="20250403 18:09:54.765" endtime="20250403 18:18:27.560"/>
</suite>
<status status="FAIL" starttime="20250403 18:09:54.759" endtime="20250403 18:18:27.562"/>
</suite>
<status status="FAIL" starttime="20250403 18:09:54.754" endtime="20250403 18:18:27.562"/>
</suite>
<status status="FAIL" starttime="20250403 18:09:54.721" endtime="20250403 18:18:27.563"/>
</suite>
<statistics>
<total>
<stat pass="0" fail="1" skip="0">All Tests</stat>
</total>
<tag>
<stat pass="0" fail="1" skip="0">Article</stat>
<stat pass="0" fail="1" skip="0">Author</stat>
<stat pass="0" fail="1" skip="0">Regression</stat>
<stat pass="0" fail="1" skip="0">US-T30</stat>
<stat pass="0" fail="1" skip="0">WSJ</stat>
</tag>
<suite>
<stat pass="0" fail="1" skip="0" id="s1" name="Userservices-Qa-Automation">Userservices-Qa-Automation</stat>
<stat pass="0" fail="1" skip="0" id="s1-s1" name="Panda-Qa">Userservices-Qa-Automation.Panda-Qa</stat>
<stat pass="0" fail="1" skip="0" id="s1-s1-s1" name="Tests">Userservices-Qa-Automation.Panda-Qa.Tests</stat>
<stat pass="0" fail="1" skip="0" id="s1-s1-s1-s1" name="FollowWidget">Userservices-Qa-Automation.Panda-Qa.Tests.FollowWidget</stat>
<stat pass="0" fail="1" skip="0" id="s1-s1-s1-s1-s1" name="Regression">Userservices-Qa-Automation.Panda-Qa.Tests.FollowWidget.Regression</stat>
<stat pass="0" fail="1" skip="0" id="s1-s1-s1-s1-s1-s1" name="WSJ Regression">Userservices-Qa-Automation.Panda-Qa.Tests.FollowWidget.Regression.WSJ Regression</stat>
</suite>
</statistics>
<errors>
</errors>
</robot>
