<?xml version="1.0" encoding="UTF-8"?>
<robot generator="Robot 6.0 (Python 3.12.0 on win32)" generated="20240913 16:08:49.398" rpa="false" schemaversion="3">
<suite id="s1" name="Userservices-Qa-Automation" source="D:\Codes\Jenkins_2050\userservices-qa-automation">
<suite id="s1-s1" name="Panda-Qa" source="D:\Codes\Jenkins_2050\userservices-qa-automation\panda-qa">
<suite id="s1-s1-s1" name="Tests" source="D:\Codes\Jenkins_2050\userservices-qa-automation\panda-qa\Tests">
<suite id="s1-s1-s1-s1" name="FollowWidget" source="D:\Codes\Jenkins_2050\userservices-qa-automation\panda-qa\Tests\FollowWidget">
<suite id="s1-s1-s1-s1-s1" name="Regression" source="D:\Codes\Jenkins_2050\userservices-qa-automation\panda-qa\Tests\FollowWidget\Regression">
<suite id="s1-s1-s1-s1-s1-s1" name="Barrons Regression" source="D:\Codes\Jenkins_2050\userservices-qa-automation\panda-qa\Tests\FollowWidget\Regression\Barrons_Regression.robot">
<test id="s1-s1-s1-s1-s1-s1-t1" name="Validate the multiple authors follow button from articles page" line="30">
<kw name="Start Barrons Article" library="CommonFunctionality" type="SETUP">
<kw name="Set Selenium Speed" library="SeleniumLibrary">
<arg>0.5 seconds</arg>
<doc>Sets the delay that is waited after each Selenium command.</doc>
<status status="PASS" starttime="20240913 16:08:49.908" endtime="20240913 16:08:49.909"/>
</kw>
<kw name="Set Browser Options" library="CommonFunctionality">
<var>${options}</var>
<if>
<branch type="IF" condition="&quot;${Browser}&quot; == &quot;firefox&quot;">
<kw name="Evaluate" library="BuiltIn">
<var>${options}</var>
<arg>selenium.webdriver.FirefoxOptions()</arg>
<doc>Evaluates the given expression in Python and returns the result.</doc>
<status status="NOT RUN" starttime="20240913 16:08:49.911" endtime="20240913 16:08:49.912"/>
</kw>
<kw name="Call Method" library="BuiltIn">
<arg>${options}</arg>
<arg>add_argument</arg>
<arg>--CreateProfile</arg>
<doc>Calls the named method of the given object with the provided arguments.</doc>
<status status="NOT RUN" starttime="20240913 16:08:49.915" endtime="20240913 16:08:49.915"/>
</kw>
<kw name="Call Method" library="BuiltIn">
<arg>${options}</arg>
<arg>add_argument</arg>
<arg>--start-maximized</arg>
<doc>Calls the named method of the given object with the provided arguments.</doc>
<status status="NOT RUN" starttime="20240913 16:08:49.917" endtime="20240913 16:08:49.917"/>
</kw>
<kw name="Call Method" library="BuiltIn">
<arg>${options}</arg>
<arg>add_argument</arg>
<arg>--disable-dev-shm-usage</arg>
<doc>Calls the named method of the given object with the provided arguments.</doc>
<status status="NOT RUN" starttime="20240913 16:08:49.919" endtime="20240913 16:08:49.919"/>
</kw>
<kw name="Call Method" library="BuiltIn">
<arg>${options}</arg>
<arg>add_argument</arg>
<arg>--no-sandbox</arg>
<doc>Calls the named method of the given object with the provided arguments.</doc>
<status status="NOT RUN" starttime="20240913 16:08:49.921" endtime="20240913 16:08:49.922"/>
</kw>
<kw name="Call Method" library="BuiltIn">
<arg>${options}</arg>
<arg>add_argument</arg>
<arg>--disable-gpu</arg>
<doc>Calls the named method of the given object with the provided arguments.</doc>
<status status="NOT RUN" starttime="20240913 16:08:49.937" endtime="20240913 16:08:49.948"/>
</kw>
<kw name="Call Method" library="BuiltIn">
<arg>${options}</arg>
<arg>add_argument</arg>
<arg>--headless</arg>
<doc>Calls the named method of the given object with the provided arguments.</doc>
<status status="NOT RUN" starttime="20240913 16:08:49.958" endtime="20240913 16:08:49.963"/>
</kw>
<kw name="Call Method" library="BuiltIn">
<arg>${options}</arg>
<arg>add_argument</arg>
<arg>--devtools.debugger.force-local</arg>
<doc>Calls the named method of the given object with the provided arguments.</doc>
<status status="NOT RUN" starttime="20240913 16:08:49.980" endtime="20240913 16:08:49.980"/>
</kw>
<kw name="Call Method" library="BuiltIn">
<arg>${options}</arg>
<arg>add_argument</arg>
<arg>--devtools.debugger.remote-enabled</arg>
<doc>Calls the named method of the given object with the provided arguments.</doc>
<status status="NOT RUN" starttime="20240913 16:08:49.990" endtime="20240913 16:08:49.991"/>
</kw>
<kw name="Call Method" library="BuiltIn">
<arg>${options}</arg>
<arg>add_argument</arg>
<arg>--devtools.chrome.enabled</arg>
<doc>Calls the named method of the given object with the provided arguments.</doc>
<status status="NOT RUN" starttime="20240913 16:08:49.993" endtime="20240913 16:08:49.994"/>
</kw>
<kw name="Call Method" library="BuiltIn">
<arg>${options}</arg>
<arg>add_argument</arg>
<arg>--devtools.debugger.prompt-connection</arg>
<doc>Calls the named method of the given object with the provided arguments.</doc>
<status status="NOT RUN" starttime="20240913 16:08:49.996" endtime="20240913 16:08:49.998"/>
</kw>
<kw name="Call Method" library="BuiltIn">
<arg>${options}</arg>
<arg>add_argument</arg>
<arg>--browser.dom.window.dump.enabled</arg>
<doc>Calls the named method of the given object with the provided arguments.</doc>
<status status="NOT RUN" starttime="20240913 16:08:49.999" endtime="20240913 16:08:50.000"/>
</kw>
<return>
<value>${options}</value>
<status status="NOT RUN" starttime="20240913 16:08:50.002" endtime="20240913 16:08:50.002"/>
</return>
<status status="NOT RUN" starttime="20240913 16:08:49.911" endtime="20240913 16:08:50.003"/>
</branch>
<branch type="ELSE IF" condition="&quot;${Browser}&quot; == &quot;chrome&quot;">
<kw name="Evaluate" library="BuiltIn">
<var>${options}</var>
<arg>selenium.webdriver.ChromeOptions()</arg>
<doc>Evaluates the given expression in Python and returns the result.</doc>
<status status="NOT RUN" starttime="20240913 16:08:50.006" endtime="20240913 16:08:50.007"/>
</kw>
<kw name="Call Method" library="BuiltIn">
<arg>${options}</arg>
<arg>add_argument</arg>
<arg>--start-maximized</arg>
<doc>Calls the named method of the given object with the provided arguments.</doc>
<status status="NOT RUN" starttime="20240913 16:08:50.009" endtime="20240913 16:08:50.009"/>
</kw>
<kw name="Call Method" library="BuiltIn">
<arg>${options}</arg>
<arg>add_argument</arg>
<arg>--disable-dev-shm-usage</arg>
<doc>Calls the named method of the given object with the provided arguments.</doc>
<status status="NOT RUN" starttime="20240913 16:08:50.011" endtime="20240913 16:08:50.012"/>
</kw>
<kw name="Call Method" library="BuiltIn">
<arg>${options}</arg>
<arg>add_argument</arg>
<arg>--no-sandbox</arg>
<doc>Calls the named method of the given object with the provided arguments.</doc>
<status status="NOT RUN" starttime="20240913 16:08:50.014" endtime="20240913 16:08:50.014"/>
</kw>
<kw name="Call Method" library="BuiltIn">
<arg>${options}</arg>
<arg>add_argument</arg>
<arg>--headless</arg>
<doc>Calls the named method of the given object with the provided arguments.</doc>
<status status="NOT RUN" starttime="20240913 16:08:50.017" endtime="20240913 16:08:50.017"/>
</kw>
<kw name="Call Method" library="BuiltIn">
<arg>${options}</arg>
<arg>add_argument</arg>
<arg>--disable-gpu</arg>
<doc>Calls the named method of the given object with the provided arguments.</doc>
<status status="NOT RUN" starttime="20240913 16:08:50.019" endtime="20240913 16:08:50.019"/>
</kw>
<kw name="Call Method" library="BuiltIn">
<arg>${options}</arg>
<arg>add_argument</arg>
<arg>--ignore-certificate-errors</arg>
<doc>Calls the named method of the given object with the provided arguments.</doc>
<status status="NOT RUN" starttime="20240913 16:08:50.021" endtime="20240913 16:08:50.022"/>
</kw>
<kw name="Call Method" library="BuiltIn">
<arg>${options}</arg>
<arg>add_argument</arg>
<arg>--disable-extensions</arg>
<doc>Calls the named method of the given object with the provided arguments.</doc>
<status status="NOT RUN" starttime="20240913 16:08:50.028" endtime="20240913 16:08:50.029"/>
</kw>
<kw name="Call Method" library="BuiltIn">
<arg>${options}</arg>
<arg>add_argument</arg>
<arg>--no-user-gesture-required</arg>
<doc>Calls the named method of the given object with the provided arguments.</doc>
<status status="NOT RUN" starttime="20240913 16:08:50.030" endtime="20240913 16:08:50.031"/>
</kw>
<kw name="Call Method" library="BuiltIn">
<arg>${options}</arg>
<arg>add_argument</arg>
<arg>--no-first-run</arg>
<doc>Calls the named method of the given object with the provided arguments.</doc>
<status status="NOT RUN" starttime="20240913 16:08:50.034" endtime="20240913 16:08:50.035"/>
</kw>
<kw name="Call Method" library="BuiltIn">
<arg>${options}</arg>
<arg>add_argument</arg>
<arg>--use-fake-ui-for-media-stream</arg>
<doc>Calls the named method of the given object with the provided arguments.</doc>
<status status="NOT RUN" starttime="20240913 16:08:50.036" endtime="20240913 16:08:50.037"/>
</kw>
<kw name="Call Method" library="BuiltIn">
<arg>${options}</arg>
<arg>add_argument</arg>
<arg>--use-fake-device-for-media-stream</arg>
<doc>Calls the named method of the given object with the provided arguments.</doc>
<status status="NOT RUN" starttime="20240913 16:08:50.038" endtime="20240913 16:08:50.040"/>
</kw>
<kw name="Call Method" library="BuiltIn">
<arg>${options}</arg>
<arg>add_argument</arg>
<arg>--disable-sync</arg>
<doc>Calls the named method of the given object with the provided arguments.</doc>
<status status="NOT RUN" starttime="20240913 16:08:50.041" endtime="20240913 16:08:50.041"/>
</kw>
<return>
<value>${options}</value>
<status status="NOT RUN" starttime="20240913 16:08:50.044" endtime="20240913 16:08:50.044"/>
</return>
<status status="NOT RUN" starttime="20240913 16:08:50.006" endtime="20240913 16:08:50.046"/>
</branch>
<status status="PASS" starttime="20240913 16:08:49.910" endtime="20240913 16:08:50.047"/>
</if>
<msg timestamp="20240913 16:08:50.047" level="INFO">${options} = None</msg>
<status status="PASS" starttime="20240913 16:08:49.910" endtime="20240913 16:08:50.048"/>
</kw>
<if>
<branch type="IF" condition="&quot;${Env}&quot; == &quot;prod&quot;">
<kw name="Open Browser" library="SeleniumLibrary">
<arg>https://www.barrons.com</arg>
<arg>${Browser}</arg>
<arg>options=${options}</arg>
<doc>Opens a new browser instance to the optional ``url``.</doc>
<status status="NOT RUN" starttime="20240913 16:08:50.050" endtime="20240913 16:08:50.051"/>
</kw>
<kw name="Go To" library="SeleniumLibrary">
<arg>https://www.barrons.com/articles/wendys-wen-stock-earnings-51652268634</arg>
<doc>Navigates the current browser window to the provided ``url``.</doc>
<status status="NOT RUN" starttime="20240913 16:08:50.053" endtime="20240913 16:08:50.054"/>
</kw>
<status status="NOT RUN" starttime="20240913 16:08:50.050" endtime="20240913 16:08:50.055"/>
</branch>
<branch type="ELSE IF" condition="&quot;${Env}&quot; == &quot;dev&quot;">
<kw name="Open Browser" library="SeleniumLibrary">
<arg>https://www.barrons.com</arg>
<arg>${Browser}</arg>
<arg>options=${options}</arg>
<doc>Opens a new browser instance to the optional ``url``.</doc>
<msg timestamp="20240913 16:08:50.058" level="INFO">Opening browser 'ff' to base url 'https://www.barrons.com'.</msg>
<msg timestamp="20240913 16:08:50.060" level="INFO">Firefox driver log is always forced to to: D:\Codes\Jenkins_2050\userservices-qa-automation\resultspabot\pabot_results\0\geckodriver-1.log</msg>
<msg timestamp="20240913 16:08:50.068" level="INFO">Completed setup!</msg>
<status status="PASS" starttime="20240913 16:08:50.057" endtime="20240913 16:09:15.001"/>
</kw>
<kw name="Go To" library="SeleniumLibrary">
<arg>https://www.s.dev.barrons.com/articles/buy-under-armour-stock-pick-51650672000</arg>
<doc>Navigates the current browser window to the provided ``url``.</doc>
<msg timestamp="20240913 16:09:15.005" level="INFO">Opening url 'https://www.s.dev.barrons.com/articles/buy-under-armour-stock-pick-51650672000'</msg>
<status status="PASS" starttime="20240913 16:09:15.004" endtime="20240913 16:09:24.567"/>
</kw>
<status status="PASS" starttime="20240913 16:08:50.056" endtime="20240913 16:09:24.568"/>
</branch>
<status status="PASS" starttime="20240913 16:08:50.050" endtime="20240913 16:09:24.569"/>
</if>
<kw name="Wait Until Page Contains Element" library="SeleniumLibrary">
<arg>dom:${JSFollowButtonBarronsPath}</arg>
<doc>Waits until the element ``locator`` appears on the current page.</doc>
<status status="PASS" starttime="20240913 16:09:24.569" endtime="20240913 16:09:25.569"/>
</kw>
<kw name="Maximize Browser Window" library="SeleniumLibrary">
<doc>Maximizes current browser window.</doc>
<status status="PASS" starttime="20240913 16:09:25.570" endtime="20240913 16:09:26.376"/>
</kw>
<status status="PASS" starttime="20240913 16:08:49.904" endtime="20240913 16:09:26.378"/>
</kw>
<kw name="Set Selenium Speed" library="SeleniumLibrary">
<arg>0.5 seconds</arg>
<doc>Sets the delay that is waited after each Selenium command.</doc>
<status status="PASS" starttime="20240913 16:09:26.380" endtime="20240913 16:09:26.381"/>
</kw>
<kw name="Barrons Article Sign in Process" library="DefinedKeywords">
<kw name="Wait Until Element Is Visible" library="SeleniumLibrary">
<arg>//html/body/div[3]/header/div/div[1]/div[3]/div/a</arg>
<doc>Waits until the element ``locator`` is visible.</doc>
<status status="PASS" starttime="20240913 16:09:26.384" endtime="20240913 16:09:27.710"/>
</kw>
<kw name="Click Element" library="SeleniumLibrary">
<arg>//html/body/div[3]/header/div/div[1]/div[3]/div/a</arg>
<doc>Click the element identified by ``locator``.</doc>
<msg timestamp="20240913 16:09:27.715" level="INFO">Clicking element '//html/body/div[3]/header/div/div[1]/div[3]/div/a'.</msg>
<status status="PASS" starttime="20240913 16:09:27.714" endtime="20240913 16:09:31.120"/>
</kw>
<kw name="Wait Until Element Is Visible" library="SeleniumLibrary">
<arg>//*[@id="emailOrUsername"]</arg>
<doc>Waits until the element ``locator`` is visible.</doc>
<status status="PASS" starttime="20240913 16:09:31.122" endtime="20240913 16:09:32.312"/>
</kw>
<kw name="Input Text" library="SeleniumLibrary">
<arg>//*[@id="emailOrUsername"]</arg>
<arg>akhilesh.khanduri@dowjones.com</arg>
<doc>Types the given ``text`` into the text field identified by ``locator``.</doc>
<msg timestamp="20240913 16:09:32.316" level="INFO">Typing text 'akhilesh.khanduri@dowjones.com' into text field '//*[@id="emailOrUsername"]'.</msg>
<status status="PASS" starttime="20240913 16:09:32.315" endtime="20240913 16:09:34.336"/>
</kw>
<kw name="Set Selenium Implicit Wait" library="SeleniumLibrary">
<arg>10s</arg>
<doc>Sets the implicit wait value used by Selenium.</doc>
<status status="PASS" starttime="20240913 16:09:34.337" endtime="20240913 16:09:34.898"/>
</kw>
<kw name="Click Button" library="SeleniumLibrary">
<arg>//html/body/div/section/div/div[2]/form/button[1]</arg>
<doc>Clicks the button identified by ``locator``.</doc>
<msg timestamp="20240913 16:09:34.901" level="INFO">Clicking button '//html/body/div/section/div/div[2]/form/button[1]'.</msg>
<status status="PASS" starttime="20240913 16:09:34.900" endtime="20240913 16:09:37.834"/>
</kw>
<kw name="Set Selenium Implicit Wait" library="SeleniumLibrary">
<arg>10s</arg>
<doc>Sets the implicit wait value used by Selenium.</doc>
<status status="PASS" starttime="20240913 16:09:37.836" endtime="20240913 16:09:38.430"/>
</kw>
<kw name="Wait Until Element Is Visible" library="SeleniumLibrary">
<arg>//*[@id="password"]</arg>
<doc>Waits until the element ``locator`` is visible.</doc>
<status status="PASS" starttime="20240913 16:09:38.432" endtime="20240913 16:09:39.654"/>
</kw>
<kw name="Input Text" library="SeleniumLibrary">
<arg>//*[@id="password"]</arg>
<arg>AKpolarsxzi2594</arg>
<doc>Types the given ``text`` into the text field identified by ``locator``.</doc>
<msg timestamp="20240913 16:09:39.657" level="INFO">Typing text 'AKpolarsxzi2594' into text field '//*[@id="password"]'.</msg>
<status status="PASS" starttime="20240913 16:09:39.656" endtime="20240913 16:09:41.415"/>
</kw>
<kw name="Set Selenium Implicit Wait" library="SeleniumLibrary">
<arg>10</arg>
<doc>Sets the implicit wait value used by Selenium.</doc>
<status status="PASS" starttime="20240913 16:09:41.417" endtime="20240913 16:09:41.953"/>
</kw>
<kw name="Wait Until Element Is Visible" library="SeleniumLibrary">
<arg>//html/body/div/section/div/div[2]/form/button</arg>
<doc>Waits until the element ``locator`` is visible.</doc>
<status status="PASS" starttime="20240913 16:09:41.955" endtime="20240913 16:09:43.153"/>
</kw>
<kw name="Click Element" library="SeleniumLibrary">
<arg>//html/body/div/section/div/div[2]/form/button</arg>
<doc>Click the element identified by ``locator``.</doc>
<msg timestamp="20240913 16:09:43.156" level="INFO">Clicking element '//html/body/div/section/div/div[2]/form/button'.</msg>
<status status="PASS" starttime="20240913 16:09:43.155" endtime="20240913 16:09:44.458"/>
</kw>
<status status="PASS" starttime="20240913 16:09:26.383" endtime="20240913 16:09:44.460"/>
</kw>
<kw name="Set Selenium Implicit Wait" library="SeleniumLibrary">
<arg>50s</arg>
<doc>Sets the implicit wait value used by Selenium.</doc>
<status status="PASS" starttime="20240913 16:09:44.461" endtime="20240913 16:09:45.018"/>
</kw>
<kw name="Validate author on article page" library="BarronsArticlePage">
<kw name="Page Should Contain" library="SeleniumLibrary">
<arg>Teresa Rivas</arg>
<doc>Verifies that current page contains ``text``.</doc>
<msg timestamp="20240913 16:11:30.542" level="INFO" html="true">&lt;/td&gt;&lt;/tr&gt;&lt;tr&gt;&lt;td colspan="3"&gt;&lt;a href="selenium-screenshot-1.png"&gt;&lt;img src="selenium-screenshot-1.png" width="800px"&gt;&lt;/a&gt;</msg>
<msg timestamp="20240913 16:11:30.542" level="FAIL">Page should have contained text 'Teresa Rivas' but did not.</msg>
<status status="FAIL" starttime="20240913 16:09:45.020" endtime="20240913 16:11:30.547"/>
</kw>
<status status="FAIL" starttime="20240913 16:09:45.019" endtime="20240913 16:11:30.549"/>
</kw>
<kw name="Finish Testcase" library="CommonFunctionality" type="TEARDOWN">
<kw name="Close Browser" library="SeleniumLibrary">
<doc>Closes the current browser.</doc>
<status status="PASS" starttime="20240913 16:11:30.554" endtime="20240913 16:11:30.554"/>
</kw>
<status status="PASS" starttime="20240913 16:11:30.551" endtime="20240913 16:11:30.555"/>
</kw>
<doc>This test case validates the multiple authors follow button from articles page</doc>
<tag>Article</tag>
<tag>Barrons</tag>
<tag>BarronsMultipleauthors</tag>
<tag>Follow</tag>
<tag>Follow1</tag>
<tag>MultipleAuthors</tag>
<tag>Regression</tag>
<status status="FAIL" starttime="20240913 16:08:49.901" endtime="20240913 16:11:30.557">Page should have contained text 'Teresa Rivas' but did not.</status>
</test>
<test id="s1-s1-s1-s1-s1-s1-t2" name="Validate the Barrons Preference Center page" line="42">
<kw name="Start Barrons Article" library="CommonFunctionality" type="SETUP">
<kw name="Set Selenium Speed" library="SeleniumLibrary">
<arg>0.5 seconds</arg>
<doc>Sets the delay that is waited after each Selenium command.</doc>
<status status="PASS" starttime="20240913 16:11:33.456" endtime="20240913 16:11:33.457"/>
</kw>
<kw name="Set Browser Options" library="CommonFunctionality">
<var>${options}</var>
<if>
<branch type="IF" condition="&quot;${Browser}&quot; == &quot;firefox&quot;">
<kw name="Evaluate" library="BuiltIn">
<var>${options}</var>
<arg>selenium.webdriver.FirefoxOptions()</arg>
<doc>Evaluates the given expression in Python and returns the result.</doc>
<status status="NOT RUN" starttime="20240913 16:11:33.460" endtime="20240913 16:11:33.461"/>
</kw>
<kw name="Call Method" library="BuiltIn">
<arg>${options}</arg>
<arg>add_argument</arg>
<arg>--CreateProfile</arg>
<doc>Calls the named method of the given object with the provided arguments.</doc>
<status status="NOT RUN" starttime="20240913 16:11:33.463" endtime="20240913 16:11:33.464"/>
</kw>
<kw name="Call Method" library="BuiltIn">
<arg>${options}</arg>
<arg>add_argument</arg>
<arg>--start-maximized</arg>
<doc>Calls the named method of the given object with the provided arguments.</doc>
<status status="NOT RUN" starttime="20240913 16:11:33.466" endtime="20240913 16:11:33.466"/>
</kw>
<kw name="Call Method" library="BuiltIn">
<arg>${options}</arg>
<arg>add_argument</arg>
<arg>--disable-dev-shm-usage</arg>
<doc>Calls the named method of the given object with the provided arguments.</doc>
<status status="NOT RUN" starttime="20240913 16:11:33.468" endtime="20240913 16:11:33.468"/>
</kw>
<kw name="Call Method" library="BuiltIn">
<arg>${options}</arg>
<arg>add_argument</arg>
<arg>--no-sandbox</arg>
<doc>Calls the named method of the given object with the provided arguments.</doc>
<status status="NOT RUN" starttime="20240913 16:11:33.471" endtime="20240913 16:11:33.471"/>
</kw>
<kw name="Call Method" library="BuiltIn">
<arg>${options}</arg>
<arg>add_argument</arg>
<arg>--disable-gpu</arg>
<doc>Calls the named method of the given object with the provided arguments.</doc>
<status status="NOT RUN" starttime="20240913 16:11:33.473" endtime="20240913 16:11:33.474"/>
</kw>
<kw name="Call Method" library="BuiltIn">
<arg>${options}</arg>
<arg>add_argument</arg>
<arg>--headless</arg>
<doc>Calls the named method of the given object with the provided arguments.</doc>
<status status="NOT RUN" starttime="20240913 16:11:33.476" endtime="20240913 16:11:33.476"/>
</kw>
<kw name="Call Method" library="BuiltIn">
<arg>${options}</arg>
<arg>add_argument</arg>
<arg>--devtools.debugger.force-local</arg>
<doc>Calls the named method of the given object with the provided arguments.</doc>
<status status="NOT RUN" starttime="20240913 16:11:33.478" endtime="20240913 16:11:33.478"/>
</kw>
<kw name="Call Method" library="BuiltIn">
<arg>${options}</arg>
<arg>add_argument</arg>
<arg>--devtools.debugger.remote-enabled</arg>
<doc>Calls the named method of the given object with the provided arguments.</doc>
<status status="NOT RUN" starttime="20240913 16:11:33.481" endtime="20240913 16:11:33.481"/>
</kw>
<kw name="Call Method" library="BuiltIn">
<arg>${options}</arg>
<arg>add_argument</arg>
<arg>--devtools.chrome.enabled</arg>
<doc>Calls the named method of the given object with the provided arguments.</doc>
<status status="NOT RUN" starttime="20240913 16:11:33.483" endtime="20240913 16:11:33.483"/>
</kw>
<kw name="Call Method" library="BuiltIn">
<arg>${options}</arg>
<arg>add_argument</arg>
<arg>--devtools.debugger.prompt-connection</arg>
<doc>Calls the named method of the given object with the provided arguments.</doc>
<status status="NOT RUN" starttime="20240913 16:11:33.485" endtime="20240913 16:11:33.485"/>
</kw>
<kw name="Call Method" library="BuiltIn">
<arg>${options}</arg>
<arg>add_argument</arg>
<arg>--browser.dom.window.dump.enabled</arg>
<doc>Calls the named method of the given object with the provided arguments.</doc>
<status status="NOT RUN" starttime="20240913 16:11:33.487" endtime="20240913 16:11:33.488"/>
</kw>
<return>
<value>${options}</value>
<status status="NOT RUN" starttime="20240913 16:11:33.490" endtime="20240913 16:11:33.491"/>
</return>
<status status="NOT RUN" starttime="20240913 16:11:33.460" endtime="20240913 16:11:33.492"/>
</branch>
<branch type="ELSE IF" condition="&quot;${Browser}&quot; == &quot;chrome&quot;">
<kw name="Evaluate" library="BuiltIn">
<var>${options}</var>
<arg>selenium.webdriver.ChromeOptions()</arg>
<doc>Evaluates the given expression in Python and returns the result.</doc>
<status status="NOT RUN" starttime="20240913 16:11:33.494" endtime="20240913 16:11:33.495"/>
</kw>
<kw name="Call Method" library="BuiltIn">
<arg>${options}</arg>
<arg>add_argument</arg>
<arg>--start-maximized</arg>
<doc>Calls the named method of the given object with the provided arguments.</doc>
<status status="NOT RUN" starttime="20240913 16:11:33.496" endtime="20240913 16:11:33.497"/>
</kw>
<kw name="Call Method" library="BuiltIn">
<arg>${options}</arg>
<arg>add_argument</arg>
<arg>--disable-dev-shm-usage</arg>
<doc>Calls the named method of the given object with the provided arguments.</doc>
<status status="NOT RUN" starttime="20240913 16:11:33.499" endtime="20240913 16:11:33.500"/>
</kw>
<kw name="Call Method" library="BuiltIn">
<arg>${options}</arg>
<arg>add_argument</arg>
<arg>--no-sandbox</arg>
<doc>Calls the named method of the given object with the provided arguments.</doc>
<status status="NOT RUN" starttime="20240913 16:11:33.502" endtime="20240913 16:11:33.503"/>
</kw>
<kw name="Call Method" library="BuiltIn">
<arg>${options}</arg>
<arg>add_argument</arg>
<arg>--headless</arg>
<doc>Calls the named method of the given object with the provided arguments.</doc>
<status status="NOT RUN" starttime="20240913 16:11:33.510" endtime="20240913 16:11:33.511"/>
</kw>
<kw name="Call Method" library="BuiltIn">
<arg>${options}</arg>
<arg>add_argument</arg>
<arg>--disable-gpu</arg>
<doc>Calls the named method of the given object with the provided arguments.</doc>
<status status="NOT RUN" starttime="20240913 16:11:33.512" endtime="20240913 16:11:33.513"/>
</kw>
<kw name="Call Method" library="BuiltIn">
<arg>${options}</arg>
<arg>add_argument</arg>
<arg>--ignore-certificate-errors</arg>
<doc>Calls the named method of the given object with the provided arguments.</doc>
<status status="NOT RUN" starttime="20240913 16:11:33.515" endtime="20240913 16:11:33.515"/>
</kw>
<kw name="Call Method" library="BuiltIn">
<arg>${options}</arg>
<arg>add_argument</arg>
<arg>--disable-extensions</arg>
<doc>Calls the named method of the given object with the provided arguments.</doc>
<status status="NOT RUN" starttime="20240913 16:11:33.517" endtime="20240913 16:11:33.518"/>
</kw>
<kw name="Call Method" library="BuiltIn">
<arg>${options}</arg>
<arg>add_argument</arg>
<arg>--no-user-gesture-required</arg>
<doc>Calls the named method of the given object with the provided arguments.</doc>
<status status="NOT RUN" starttime="20240913 16:11:33.520" endtime="20240913 16:11:33.521"/>
</kw>
<kw name="Call Method" library="BuiltIn">
<arg>${options}</arg>
<arg>add_argument</arg>
<arg>--no-first-run</arg>
<doc>Calls the named method of the given object with the provided arguments.</doc>
<status status="NOT RUN" starttime="20240913 16:11:33.523" endtime="20240913 16:11:33.524"/>
</kw>
<kw name="Call Method" library="BuiltIn">
<arg>${options}</arg>
<arg>add_argument</arg>
<arg>--use-fake-ui-for-media-stream</arg>
<doc>Calls the named method of the given object with the provided arguments.</doc>
<status status="NOT RUN" starttime="20240913 16:11:33.525" endtime="20240913 16:11:33.526"/>
</kw>
<kw name="Call Method" library="BuiltIn">
<arg>${options}</arg>
<arg>add_argument</arg>
<arg>--use-fake-device-for-media-stream</arg>
<doc>Calls the named method of the given object with the provided arguments.</doc>
<status status="NOT RUN" starttime="20240913 16:11:33.527" endtime="20240913 16:11:33.528"/>
</kw>
<kw name="Call Method" library="BuiltIn">
<arg>${options}</arg>
<arg>add_argument</arg>
<arg>--disable-sync</arg>
<doc>Calls the named method of the given object with the provided arguments.</doc>
<status status="NOT RUN" starttime="20240913 16:11:33.529" endtime="20240913 16:11:33.531"/>
</kw>
<return>
<value>${options}</value>
<status status="NOT RUN" starttime="20240913 16:11:33.532" endtime="20240913 16:11:33.533"/>
</return>
<status status="NOT RUN" starttime="20240913 16:11:33.494" endtime="20240913 16:11:33.535"/>
</branch>
<status status="PASS" starttime="20240913 16:11:33.460" endtime="20240913 16:11:33.536"/>
</if>
<msg timestamp="20240913 16:11:33.536" level="INFO">${options} = None</msg>
<status status="PASS" starttime="20240913 16:11:33.459" endtime="20240913 16:11:33.537"/>
</kw>
<if>
<branch type="IF" condition="&quot;${Env}&quot; == &quot;prod&quot;">
<kw name="Open Browser" library="SeleniumLibrary">
<arg>https://www.barrons.com</arg>
<arg>${Browser}</arg>
<arg>options=${options}</arg>
<doc>Opens a new browser instance to the optional ``url``.</doc>
<status status="NOT RUN" starttime="20240913 16:11:33.539" endtime="20240913 16:11:33.539"/>
</kw>
<kw name="Go To" library="SeleniumLibrary">
<arg>https://www.barrons.com/articles/wendys-wen-stock-earnings-51652268634</arg>
<doc>Navigates the current browser window to the provided ``url``.</doc>
<status status="NOT RUN" starttime="20240913 16:11:33.542" endtime="20240913 16:11:33.544"/>
</kw>
<status status="NOT RUN" starttime="20240913 16:11:33.538" endtime="20240913 16:11:33.545"/>
</branch>
<branch type="ELSE IF" condition="&quot;${Env}&quot; == &quot;dev&quot;">
<kw name="Open Browser" library="SeleniumLibrary">
<arg>https://www.barrons.com</arg>
<arg>${Browser}</arg>
<arg>options=${options}</arg>
<doc>Opens a new browser instance to the optional ``url``.</doc>
<msg timestamp="20240913 16:11:33.548" level="INFO">Opening browser 'ff' to base url 'https://www.barrons.com'.</msg>
<msg timestamp="20240913 16:11:33.549" level="INFO">Firefox driver log is always forced to to: D:\Codes\Jenkins_2050\userservices-qa-automation\resultspabot\pabot_results\0\geckodriver-2.log</msg>
<msg timestamp="20240913 16:11:33.557" level="INFO">Completed setup!</msg>
<status status="PASS" starttime="20240913 16:11:33.547" endtime="20240913 16:11:43.389"/>
</kw>
<kw name="Go To" library="SeleniumLibrary">
<arg>https://www.s.dev.barrons.com/articles/buy-under-armour-stock-pick-51650672000</arg>
<doc>Navigates the current browser window to the provided ``url``.</doc>
<msg timestamp="20240913 16:11:43.425" level="INFO">Opening url 'https://www.s.dev.barrons.com/articles/buy-under-armour-stock-pick-51650672000'</msg>
<status status="PASS" starttime="20240913 16:11:43.424" endtime="20240913 16:11:54.338"/>
</kw>
<status status="PASS" starttime="20240913 16:11:33.546" endtime="20240913 16:11:54.340"/>
</branch>
<status status="PASS" starttime="20240913 16:11:33.538" endtime="20240913 16:11:54.341"/>
</if>
<kw name="Wait Until Page Contains Element" library="SeleniumLibrary">
<arg>dom:${JSFollowButtonBarronsPath}</arg>
<doc>Waits until the element ``locator`` appears on the current page.</doc>
<status status="PASS" starttime="20240913 16:11:54.341" endtime="20240913 16:11:55.171"/>
</kw>
<kw name="Maximize Browser Window" library="SeleniumLibrary">
<doc>Maximizes current browser window.</doc>
<status status="PASS" starttime="20240913 16:11:55.171" endtime="20240913 16:11:55.971"/>
</kw>
<status status="PASS" starttime="20240913 16:11:33.454" endtime="20240913 16:11:55.979"/>
</kw>
<kw name="Add Author By Hotlink" library="BarronsPreferenceCenterPage">
<if>
<branch type="IF" condition="&quot;${Env}&quot; == &quot;prod&quot;">
<kw name="Go To" library="SeleniumLibrary">
<arg>https://www.barrons.com/follow?alert=author&amp;id=8553_BARRONS&amp;frequency=realtime</arg>
<doc>Navigates the current browser window to the provided ``url``.</doc>
<status status="NOT RUN" starttime="20240913 16:11:55.985" endtime="20240913 16:11:55.985"/>
</kw>
<status status="NOT RUN" starttime="20240913 16:11:55.984" endtime="20240913 16:11:55.987"/>
</branch>
<branch type="ELSE IF" condition="&quot;${Env}&quot; == &quot;dev&quot;">
<kw name="Go To" library="SeleniumLibrary">
<arg>https://www.s.dev.barrons.com/follow?alert=author&amp;id=8553_BARRONS&amp;frequency=realtime</arg>
<doc>Navigates the current browser window to the provided ``url``.</doc>
<msg timestamp="20240913 16:11:55.992" level="INFO">Opening url 'https://www.s.dev.barrons.com/follow?alert=author&amp;id=8553_BARRONS&amp;frequency=realtime'</msg>
<status status="PASS" starttime="20240913 16:11:55.990" endtime="20240913 16:11:58.430"/>
</kw>
<status status="PASS" starttime="20240913 16:11:55.989" endtime="20240913 16:11:58.433"/>
</branch>
<status status="PASS" starttime="20240913 16:11:55.984" endtime="20240913 16:11:58.435"/>
</if>
<status status="PASS" starttime="20240913 16:11:55.982" endtime="20240913 16:11:58.435"/>
</kw>
<kw name="Sign In Process" library="DefinedKeywords">
<if>
<branch type="IF" condition="&quot;${Env}&quot; == &quot;prod&quot;">
<kw name="Set Variable" library="BuiltIn">
<var>${Email}</var>
<arg>${Email_prod}</arg>
<doc>Returns the given values which can then be assigned to a variables.</doc>
<status status="NOT RUN" starttime="20240913 16:11:58.437" endtime="20240913 16:11:58.438"/>
</kw>
<kw name="Set Variable" library="BuiltIn">
<var>${Password}</var>
<arg>${Password_prod}</arg>
<doc>Returns the given values which can then be assigned to a variables.</doc>
<status status="NOT RUN" starttime="20240913 16:11:58.439" endtime="20240913 16:11:58.440"/>
</kw>
<status status="NOT RUN" starttime="20240913 16:11:58.437" endtime="20240913 16:11:58.441"/>
</branch>
<branch type="ELSE IF" condition="&quot;${Env}&quot; == &quot;dev&quot;">
<kw name="Set Variable" library="BuiltIn">
<var>${Email}</var>
<arg>${Email_dev}</arg>
<doc>Returns the given values which can then be assigned to a variables.</doc>
<msg timestamp="20240913 16:11:58.445" level="INFO">${Email} = QABARRONSONLY</msg>
<status status="PASS" starttime="20240913 16:11:58.445" endtime="20240913 16:11:58.446"/>
</kw>
<kw name="Set Variable" library="BuiltIn">
<var>${Password}</var>
<arg>${Password_dev}</arg>
<doc>Returns the given values which can then be assigned to a variables.</doc>
<msg timestamp="20240913 16:11:58.450" level="INFO">${Password} = password1</msg>
<status status="PASS" starttime="20240913 16:11:58.449" endtime="20240913 16:11:58.467"/>
</kw>
<status status="PASS" starttime="20240913 16:11:58.444" endtime="20240913 16:11:58.498"/>
</branch>
<status status="PASS" starttime="20240913 16:11:58.436" endtime="20240913 16:11:58.499"/>
</if>
<kw name="Wait Until Element Is Visible" library="SeleniumLibrary">
<arg>//*[@id="emailOrUsername"]</arg>
<doc>Waits until the element ``locator`` is visible.</doc>
<status status="PASS" starttime="20240913 16:11:58.500" endtime="20240913 16:11:59.767"/>
</kw>
<kw name="Click Element" library="SeleniumLibrary">
<arg>//*[@id="emailOrUsername"]</arg>
<doc>Click the element identified by ``locator``.</doc>
<msg timestamp="20240913 16:11:59.769" level="INFO">Clicking element '//*[@id="emailOrUsername"]'.</msg>
<status status="PASS" starttime="20240913 16:11:59.768" endtime="20240913 16:12:01.224"/>
</kw>
<kw name="Input Text" library="SeleniumLibrary">
<arg>//*[@id="emailOrUsername"]</arg>
<arg>akhilesh.khanduri@dowjones.com</arg>
<doc>Types the given ``text`` into the text field identified by ``locator``.</doc>
<msg timestamp="20240913 16:12:01.228" level="INFO">Typing text 'akhilesh.khanduri@dowjones.com' into text field '//*[@id="emailOrUsername"]'.</msg>
<status status="PASS" starttime="20240913 16:12:01.226" endtime="20240913 16:12:10.106"/>
</kw>
<kw name="Set Selenium Implicit Wait" library="SeleniumLibrary">
<arg>10s</arg>
<doc>Sets the implicit wait value used by Selenium.</doc>
<status status="PASS" starttime="20240913 16:12:10.108" endtime="20240913 16:12:10.664"/>
</kw>
<kw name="Click Button" library="SeleniumLibrary">
<arg>//html/body/div/section/div/div[2]/form/button[1]</arg>
<doc>Clicks the button identified by ``locator``.</doc>
<msg timestamp="20240913 16:12:10.699" level="INFO">Clicking button '//html/body/div/section/div/div[2]/form/button[1]'.</msg>
<status status="PASS" starttime="20240913 16:12:10.675" endtime="20240913 16:12:13.547"/>
</kw>
<kw name="Set Selenium Implicit Wait" library="SeleniumLibrary">
<arg>10s</arg>
<doc>Sets the implicit wait value used by Selenium.</doc>
<status status="PASS" starttime="20240913 16:12:13.558" endtime="20240913 16:12:14.095"/>
</kw>
<kw name="Wait Until Element Is Visible" library="SeleniumLibrary">
<arg>//*[@id="password"]</arg>
<doc>Waits until the element ``locator`` is visible.</doc>
<status status="PASS" starttime="20240913 16:12:14.097" endtime="20240913 16:12:15.208"/>
</kw>
<kw name="Input Text" library="SeleniumLibrary">
<arg>//*[@id="password"]</arg>
<arg>AKpolarsxzi2594</arg>
<doc>Types the given ``text`` into the text field identified by ``locator``.</doc>
<msg timestamp="20240913 16:12:15.211" level="INFO">Typing text 'AKpolarsxzi2594' into text field '//*[@id="password"]'.</msg>
<status status="PASS" starttime="20240913 16:12:15.210" endtime="20240913 16:12:16.962"/>
</kw>
<kw name="Set Selenium Implicit Wait" library="SeleniumLibrary">
<arg>10</arg>
<doc>Sets the implicit wait value used by Selenium.</doc>
<status status="PASS" starttime="20240913 16:12:16.973" endtime="20240913 16:12:17.548"/>
</kw>
<kw name="Wait Until Element Is Visible" library="SeleniumLibrary">
<arg>//html/body/div/section/div/div[2]/form/button</arg>
<doc>Waits until the element ``locator`` is visible.</doc>
<status status="PASS" starttime="20240913 16:12:17.570" endtime="20240913 16:12:18.724"/>
</kw>
<kw name="Click Element" library="SeleniumLibrary">
<arg>//html/body/div/section/div/div[2]/form/button</arg>
<doc>Click the element identified by ``locator``.</doc>
<msg timestamp="20240913 16:12:18.737" level="INFO">Clicking element '//html/body/div/section/div/div[2]/form/button'.</msg>
<status status="PASS" starttime="20240913 16:12:18.736" endtime="20240913 16:12:20.032"/>
</kw>
<kw name="Set Selenium Implicit Wait" library="SeleniumLibrary">
<arg>60</arg>
<doc>Sets the implicit wait value used by Selenium.</doc>
<status status="PASS" starttime="20240913 16:12:20.034" endtime="20240913 16:12:20.585"/>
</kw>
<status status="PASS" starttime="20240913 16:11:58.436" endtime="20240913 16:12:20.586"/>
</kw>
<kw name="Validate Followed Authors" library="BarronsPreferenceCenterPage">
<kw name="Page Should Contain" library="SeleniumLibrary">
<arg>Authors</arg>
<doc>Verifies that current page contains ``text``.</doc>
<msg timestamp="20240913 16:14:26.389" level="INFO" html="true">&lt;/td&gt;&lt;/tr&gt;&lt;tr&gt;&lt;td colspan="3"&gt;&lt;a href="selenium-screenshot-2.png"&gt;&lt;img src="selenium-screenshot-2.png" width="800px"&gt;&lt;/a&gt;</msg>
<msg timestamp="20240913 16:14:26.390" level="FAIL">Page should have contained text 'Authors' but did not.</msg>
<status status="FAIL" starttime="20240913 16:12:20.589" endtime="20240913 16:14:26.392"/>
</kw>
<status status="FAIL" starttime="20240913 16:12:20.588" endtime="20240913 16:14:26.395"/>
</kw>
<kw name="Get Element Count" library="SeleniumLibrary">
<var>${val}</var>
<arg>//*[@id="root"]/div/div/div/div[3]/div/div/button</arg>
<doc>Returns the number of elements matching ``locator``.</doc>
<status status="NOT RUN" starttime="20240913 16:14:26.396" endtime="20240913 16:14:26.396"/>
</kw>
<kw name="Run Keyword If" library="BuiltIn">
<arg>${val} &gt; 0</arg>
<arg>BarronsPreferenceCenterPage.Click Following Toggle Alert Pop up</arg>
<doc>Runs the given keyword with the given arguments, if ``condition`` is true.</doc>
<status status="NOT RUN" starttime="20240913 16:14:26.397" endtime="20240913 16:14:26.398"/>
</kw>
<kw name="Validate Author Name" library="BarronsPreferenceCenterPage">
<status status="NOT RUN" starttime="20240913 16:14:26.399" endtime="20240913 16:14:26.399"/>
</kw>
<kw name="Validate Following Toggle Feature" library="BarronsPreferenceCenterPage">
<status status="NOT RUN" starttime="20240913 16:14:26.400" endtime="20240913 16:14:26.401"/>
</kw>
<kw name="Validate Following Frequency" library="BarronsPreferenceCenterPage">
<status status="NOT RUN" starttime="20240913 16:14:26.402" endtime="20240913 16:14:26.402"/>
</kw>
<kw name="Validate All Tabs Displayed" library="BarronsPreferenceCenterPage">
<status status="NOT RUN" starttime="20240913 16:14:26.404" endtime="20240913 16:14:26.405"/>
</kw>
<kw name="Validate Author On All Tab" library="BarronsPreferenceCenterPage">
<status status="NOT RUN" starttime="20240913 16:14:26.406" endtime="20240913 16:14:26.407"/>
</kw>
<kw name="Add Company By Hotlink" library="BarronsPreferenceCenterPage">
<status status="NOT RUN" starttime="20240913 16:14:26.408" endtime="20240913 16:14:26.408"/>
</kw>
<kw name="Finish Testcase" library="CommonFunctionality" type="TEARDOWN">
<kw name="Close Browser" library="SeleniumLibrary">
<doc>Closes the current browser.</doc>
<status status="PASS" starttime="20240913 16:14:26.413" endtime="20240913 16:14:26.414"/>
</kw>
<status status="PASS" starttime="20240913 16:14:26.410" endtime="20240913 16:14:26.415"/>
</kw>
<doc>This test case validates the barrons preference center page</doc>
<tag>Barrons</tag>
<tag>Follow1</tag>
<tag>PreferenceCenter</tag>
<tag>Regression</tag>
<status status="FAIL" starttime="20240913 16:11:33.452" endtime="20240913 16:14:26.416">Page should have contained text 'Authors' but did not.</status>
</test>
<test id="s1-s1-s1-s1-s1-s1-t3" name="Validate Authors for Barrons Article page without byline" line="73">
<kw name="Start Barrons Article" library="CommonFunctionality" type="SETUP">
<kw name="Set Selenium Speed" library="SeleniumLibrary">
<arg>0.5 seconds</arg>
<doc>Sets the delay that is waited after each Selenium command.</doc>
<status status="PASS" starttime="20240913 16:14:29.265" endtime="20240913 16:14:29.266"/>
</kw>
<kw name="Set Browser Options" library="CommonFunctionality">
<var>${options}</var>
<if>
<branch type="IF" condition="&quot;${Browser}&quot; == &quot;firefox&quot;">
<kw name="Evaluate" library="BuiltIn">
<var>${options}</var>
<arg>selenium.webdriver.FirefoxOptions()</arg>
<doc>Evaluates the given expression in Python and returns the result.</doc>
<status status="NOT RUN" starttime="20240913 16:14:29.269" endtime="20240913 16:14:29.270"/>
</kw>
<kw name="Call Method" library="BuiltIn">
<arg>${options}</arg>
<arg>add_argument</arg>
<arg>--CreateProfile</arg>
<doc>Calls the named method of the given object with the provided arguments.</doc>
<status status="NOT RUN" starttime="20240913 16:14:29.271" endtime="20240913 16:14:29.272"/>
</kw>
<kw name="Call Method" library="BuiltIn">
<arg>${options}</arg>
<arg>add_argument</arg>
<arg>--start-maximized</arg>
<doc>Calls the named method of the given object with the provided arguments.</doc>
<status status="NOT RUN" starttime="20240913 16:14:29.274" endtime="20240913 16:14:29.274"/>
</kw>
<kw name="Call Method" library="BuiltIn">
<arg>${options}</arg>
<arg>add_argument</arg>
<arg>--disable-dev-shm-usage</arg>
<doc>Calls the named method of the given object with the provided arguments.</doc>
<status status="NOT RUN" starttime="20240913 16:14:29.276" endtime="20240913 16:14:29.277"/>
</kw>
<kw name="Call Method" library="BuiltIn">
<arg>${options}</arg>
<arg>add_argument</arg>
<arg>--no-sandbox</arg>
<doc>Calls the named method of the given object with the provided arguments.</doc>
<status status="NOT RUN" starttime="20240913 16:14:29.279" endtime="20240913 16:14:29.279"/>
</kw>
<kw name="Call Method" library="BuiltIn">
<arg>${options}</arg>
<arg>add_argument</arg>
<arg>--disable-gpu</arg>
<doc>Calls the named method of the given object with the provided arguments.</doc>
<status status="NOT RUN" starttime="20240913 16:14:29.281" endtime="20240913 16:14:29.281"/>
</kw>
<kw name="Call Method" library="BuiltIn">
<arg>${options}</arg>
<arg>add_argument</arg>
<arg>--headless</arg>
<doc>Calls the named method of the given object with the provided arguments.</doc>
<status status="NOT RUN" starttime="20240913 16:14:29.283" endtime="20240913 16:14:29.283"/>
</kw>
<kw name="Call Method" library="BuiltIn">
<arg>${options}</arg>
<arg>add_argument</arg>
<arg>--devtools.debugger.force-local</arg>
<doc>Calls the named method of the given object with the provided arguments.</doc>
<status status="NOT RUN" starttime="20240913 16:14:29.286" endtime="20240913 16:14:29.286"/>
</kw>
<kw name="Call Method" library="BuiltIn">
<arg>${options}</arg>
<arg>add_argument</arg>
<arg>--devtools.debugger.remote-enabled</arg>
<doc>Calls the named method of the given object with the provided arguments.</doc>
<status status="NOT RUN" starttime="20240913 16:14:29.288" endtime="20240913 16:14:29.288"/>
</kw>
<kw name="Call Method" library="BuiltIn">
<arg>${options}</arg>
<arg>add_argument</arg>
<arg>--devtools.chrome.enabled</arg>
<doc>Calls the named method of the given object with the provided arguments.</doc>
<status status="NOT RUN" starttime="20240913 16:14:29.290" endtime="20240913 16:14:29.291"/>
</kw>
<kw name="Call Method" library="BuiltIn">
<arg>${options}</arg>
<arg>add_argument</arg>
<arg>--devtools.debugger.prompt-connection</arg>
<doc>Calls the named method of the given object with the provided arguments.</doc>
<status status="NOT RUN" starttime="20240913 16:14:29.293" endtime="20240913 16:14:29.294"/>
</kw>
<kw name="Call Method" library="BuiltIn">
<arg>${options}</arg>
<arg>add_argument</arg>
<arg>--browser.dom.window.dump.enabled</arg>
<doc>Calls the named method of the given object with the provided arguments.</doc>
<status status="NOT RUN" starttime="20240913 16:14:29.329" endtime="20240913 16:14:29.338"/>
</kw>
<return>
<value>${options}</value>
<status status="NOT RUN" starttime="20240913 16:14:29.345" endtime="20240913 16:14:29.345"/>
</return>
<status status="NOT RUN" starttime="20240913 16:14:29.267" endtime="20240913 16:14:29.347"/>
</branch>
<branch type="ELSE IF" condition="&quot;${Browser}&quot; == &quot;chrome&quot;">
<kw name="Evaluate" library="BuiltIn">
<var>${options}</var>
<arg>selenium.webdriver.ChromeOptions()</arg>
<doc>Evaluates the given expression in Python and returns the result.</doc>
<status status="NOT RUN" starttime="20240913 16:14:29.349" endtime="20240913 16:14:29.350"/>
</kw>
<kw name="Call Method" library="BuiltIn">
<arg>${options}</arg>
<arg>add_argument</arg>
<arg>--start-maximized</arg>
<doc>Calls the named method of the given object with the provided arguments.</doc>
<status status="NOT RUN" starttime="20240913 16:14:29.351" endtime="20240913 16:14:29.352"/>
</kw>
<kw name="Call Method" library="BuiltIn">
<arg>${options}</arg>
<arg>add_argument</arg>
<arg>--disable-dev-shm-usage</arg>
<doc>Calls the named method of the given object with the provided arguments.</doc>
<status status="NOT RUN" starttime="20240913 16:14:29.354" endtime="20240913 16:14:29.354"/>
</kw>
<kw name="Call Method" library="BuiltIn">
<arg>${options}</arg>
<arg>add_argument</arg>
<arg>--no-sandbox</arg>
<doc>Calls the named method of the given object with the provided arguments.</doc>
<status status="NOT RUN" starttime="20240913 16:14:29.355" endtime="20240913 16:14:29.357"/>
</kw>
<kw name="Call Method" library="BuiltIn">
<arg>${options}</arg>
<arg>add_argument</arg>
<arg>--headless</arg>
<doc>Calls the named method of the given object with the provided arguments.</doc>
<status status="NOT RUN" starttime="20240913 16:14:29.358" endtime="20240913 16:14:29.359"/>
</kw>
<kw name="Call Method" library="BuiltIn">
<arg>${options}</arg>
<arg>add_argument</arg>
<arg>--disable-gpu</arg>
<doc>Calls the named method of the given object with the provided arguments.</doc>
<status status="NOT RUN" starttime="20240913 16:14:29.360" endtime="20240913 16:14:29.361"/>
</kw>
<kw name="Call Method" library="BuiltIn">
<arg>${options}</arg>
<arg>add_argument</arg>
<arg>--ignore-certificate-errors</arg>
<doc>Calls the named method of the given object with the provided arguments.</doc>
<status status="NOT RUN" starttime="20240913 16:14:29.363" endtime="20240913 16:14:29.364"/>
</kw>
<kw name="Call Method" library="BuiltIn">
<arg>${options}</arg>
<arg>add_argument</arg>
<arg>--disable-extensions</arg>
<doc>Calls the named method of the given object with the provided arguments.</doc>
<status status="NOT RUN" starttime="20240913 16:14:29.366" endtime="20240913 16:14:29.367"/>
</kw>
<kw name="Call Method" library="BuiltIn">
<arg>${options}</arg>
<arg>add_argument</arg>
<arg>--no-user-gesture-required</arg>
<doc>Calls the named method of the given object with the provided arguments.</doc>
<status status="NOT RUN" starttime="20240913 16:14:29.368" endtime="20240913 16:14:29.369"/>
</kw>
<kw name="Call Method" library="BuiltIn">
<arg>${options}</arg>
<arg>add_argument</arg>
<arg>--no-first-run</arg>
<doc>Calls the named method of the given object with the provided arguments.</doc>
<status status="NOT RUN" starttime="20240913 16:14:29.371" endtime="20240913 16:14:29.371"/>
</kw>
<kw name="Call Method" library="BuiltIn">
<arg>${options}</arg>
<arg>add_argument</arg>
<arg>--use-fake-ui-for-media-stream</arg>
<doc>Calls the named method of the given object with the provided arguments.</doc>
<status status="NOT RUN" starttime="20240913 16:14:29.373" endtime="20240913 16:14:29.373"/>
</kw>
<kw name="Call Method" library="BuiltIn">
<arg>${options}</arg>
<arg>add_argument</arg>
<arg>--use-fake-device-for-media-stream</arg>
<doc>Calls the named method of the given object with the provided arguments.</doc>
<status status="NOT RUN" starttime="20240913 16:14:29.376" endtime="20240913 16:14:29.377"/>
</kw>
<kw name="Call Method" library="BuiltIn">
<arg>${options}</arg>
<arg>add_argument</arg>
<arg>--disable-sync</arg>
<doc>Calls the named method of the given object with the provided arguments.</doc>
<status status="NOT RUN" starttime="20240913 16:14:29.378" endtime="20240913 16:14:29.379"/>
</kw>
<return>
<value>${options}</value>
<status status="NOT RUN" starttime="20240913 16:14:29.380" endtime="20240913 16:14:29.380"/>
</return>
<status status="NOT RUN" starttime="20240913 16:14:29.349" endtime="20240913 16:14:29.382"/>
</branch>
<status status="PASS" starttime="20240913 16:14:29.267" endtime="20240913 16:14:29.385"/>
</if>
<msg timestamp="20240913 16:14:29.385" level="INFO">${options} = None</msg>
<status status="PASS" starttime="20240913 16:14:29.266" endtime="20240913 16:14:29.387"/>
</kw>
<if>
<branch type="IF" condition="&quot;${Env}&quot; == &quot;prod&quot;">
<kw name="Open Browser" library="SeleniumLibrary">
<arg>https://www.barrons.com</arg>
<arg>${Browser}</arg>
<arg>options=${options}</arg>
<doc>Opens a new browser instance to the optional ``url``.</doc>
<status status="NOT RUN" starttime="20240913 16:14:29.388" endtime="20240913 16:14:29.389"/>
</kw>
<kw name="Go To" library="SeleniumLibrary">
<arg>https://www.barrons.com/articles/wendys-wen-stock-earnings-51652268634</arg>
<doc>Navigates the current browser window to the provided ``url``.</doc>
<status status="NOT RUN" starttime="20240913 16:14:29.390" endtime="20240913 16:14:29.392"/>
</kw>
<status status="NOT RUN" starttime="20240913 16:14:29.387" endtime="20240913 16:14:29.393"/>
</branch>
<branch type="ELSE IF" condition="&quot;${Env}&quot; == &quot;dev&quot;">
<kw name="Open Browser" library="SeleniumLibrary">
<arg>https://www.barrons.com</arg>
<arg>${Browser}</arg>
<arg>options=${options}</arg>
<doc>Opens a new browser instance to the optional ``url``.</doc>
<msg timestamp="20240913 16:14:29.396" level="INFO">Opening browser 'ff' to base url 'https://www.barrons.com'.</msg>
<msg timestamp="20240913 16:14:29.397" level="INFO">Firefox driver log is always forced to to: D:\Codes\Jenkins_2050\userservices-qa-automation\resultspabot\pabot_results\0\geckodriver-3.log</msg>
<msg timestamp="20240913 16:14:29.404" level="INFO">Completed setup!</msg>
<status status="PASS" starttime="20240913 16:14:29.395" endtime="20240913 16:14:55.286"/>
</kw>
<kw name="Go To" library="SeleniumLibrary">
<arg>https://www.s.dev.barrons.com/articles/buy-under-armour-stock-pick-51650672000</arg>
<doc>Navigates the current browser window to the provided ``url``.</doc>
<msg timestamp="20240913 16:14:55.291" level="INFO">Opening url 'https://www.s.dev.barrons.com/articles/buy-under-armour-stock-pick-51650672000'</msg>
<status status="PASS" starttime="20240913 16:14:55.290" endtime="20240913 16:15:04.933"/>
</kw>
<status status="PASS" starttime="20240913 16:14:29.394" endtime="20240913 16:15:04.957"/>
</branch>
<status status="PASS" starttime="20240913 16:14:29.387" endtime="20240913 16:15:04.958"/>
</if>
<kw name="Wait Until Page Contains Element" library="SeleniumLibrary">
<arg>dom:${JSFollowButtonBarronsPath}</arg>
<doc>Waits until the element ``locator`` appears on the current page.</doc>
<status status="PASS" starttime="20240913 16:15:04.958" endtime="20240913 16:15:05.856"/>
</kw>
<kw name="Maximize Browser Window" library="SeleniumLibrary">
<doc>Maximizes current browser window.</doc>
<status status="PASS" starttime="20240913 16:15:05.857" endtime="20240913 16:15:06.651"/>
</kw>
<status status="PASS" starttime="20240913 16:14:29.261" endtime="20240913 16:15:06.652"/>
</kw>
<kw name="Start Barrons Article without byline" library="CommonFunctionality">
<kw name="Set Selenium Speed" library="SeleniumLibrary">
<arg>0.5 seconds</arg>
<doc>Sets the delay that is waited after each Selenium command.</doc>
<status status="PASS" starttime="20240913 16:15:06.659" endtime="20240913 16:15:06.660"/>
</kw>
<kw name="Set Browser Options" library="CommonFunctionality">
<var>${options}</var>
<if>
<branch type="IF" condition="&quot;${Browser}&quot; == &quot;firefox&quot;">
<kw name="Evaluate" library="BuiltIn">
<var>${options}</var>
<arg>selenium.webdriver.FirefoxOptions()</arg>
<doc>Evaluates the given expression in Python and returns the result.</doc>
<status status="NOT RUN" starttime="20240913 16:15:06.665" endtime="20240913 16:15:06.666"/>
</kw>
<kw name="Call Method" library="BuiltIn">
<arg>${options}</arg>
<arg>add_argument</arg>
<arg>--CreateProfile</arg>
<doc>Calls the named method of the given object with the provided arguments.</doc>
<status status="NOT RUN" starttime="20240913 16:15:06.668" endtime="20240913 16:15:06.668"/>
</kw>
<kw name="Call Method" library="BuiltIn">
<arg>${options}</arg>
<arg>add_argument</arg>
<arg>--start-maximized</arg>
<doc>Calls the named method of the given object with the provided arguments.</doc>
<status status="NOT RUN" starttime="20240913 16:15:06.670" endtime="20240913 16:15:06.671"/>
</kw>
<kw name="Call Method" library="BuiltIn">
<arg>${options}</arg>
<arg>add_argument</arg>
<arg>--disable-dev-shm-usage</arg>
<doc>Calls the named method of the given object with the provided arguments.</doc>
<status status="NOT RUN" starttime="20240913 16:15:06.673" endtime="20240913 16:15:06.674"/>
</kw>
<kw name="Call Method" library="BuiltIn">
<arg>${options}</arg>
<arg>add_argument</arg>
<arg>--no-sandbox</arg>
<doc>Calls the named method of the given object with the provided arguments.</doc>
<status status="NOT RUN" starttime="20240913 16:15:06.676" endtime="20240913 16:15:06.677"/>
</kw>
<kw name="Call Method" library="BuiltIn">
<arg>${options}</arg>
<arg>add_argument</arg>
<arg>--disable-gpu</arg>
<doc>Calls the named method of the given object with the provided arguments.</doc>
<status status="NOT RUN" starttime="20240913 16:15:06.678" endtime="20240913 16:15:06.679"/>
</kw>
<kw name="Call Method" library="BuiltIn">
<arg>${options}</arg>
<arg>add_argument</arg>
<arg>--headless</arg>
<doc>Calls the named method of the given object with the provided arguments.</doc>
<status status="NOT RUN" starttime="20240913 16:15:06.680" endtime="20240913 16:15:06.681"/>
</kw>
<kw name="Call Method" library="BuiltIn">
<arg>${options}</arg>
<arg>add_argument</arg>
<arg>--devtools.debugger.force-local</arg>
<doc>Calls the named method of the given object with the provided arguments.</doc>
<status status="NOT RUN" starttime="20240913 16:15:06.684" endtime="20240913 16:15:06.684"/>
</kw>
<kw name="Call Method" library="BuiltIn">
<arg>${options}</arg>
<arg>add_argument</arg>
<arg>--devtools.debugger.remote-enabled</arg>
<doc>Calls the named method of the given object with the provided arguments.</doc>
<status status="NOT RUN" starttime="20240913 16:15:06.686" endtime="20240913 16:15:06.686"/>
</kw>
<kw name="Call Method" library="BuiltIn">
<arg>${options}</arg>
<arg>add_argument</arg>
<arg>--devtools.chrome.enabled</arg>
<doc>Calls the named method of the given object with the provided arguments.</doc>
<status status="NOT RUN" starttime="20240913 16:15:06.688" endtime="20240913 16:15:06.688"/>
</kw>
<kw name="Call Method" library="BuiltIn">
<arg>${options}</arg>
<arg>add_argument</arg>
<arg>--devtools.debugger.prompt-connection</arg>
<doc>Calls the named method of the given object with the provided arguments.</doc>
<status status="NOT RUN" starttime="20240913 16:15:06.690" endtime="20240913 16:15:06.690"/>
</kw>
<kw name="Call Method" library="BuiltIn">
<arg>${options}</arg>
<arg>add_argument</arg>
<arg>--browser.dom.window.dump.enabled</arg>
<doc>Calls the named method of the given object with the provided arguments.</doc>
<status status="NOT RUN" starttime="20240913 16:15:06.693" endtime="20240913 16:15:06.694"/>
</kw>
<return>
<value>${options}</value>
<status status="NOT RUN" starttime="20240913 16:15:06.695" endtime="20240913 16:15:06.696"/>
</return>
<status status="NOT RUN" starttime="20240913 16:15:06.664" endtime="20240913 16:15:06.697"/>
</branch>
<branch type="ELSE IF" condition="&quot;${Browser}&quot; == &quot;chrome&quot;">
<kw name="Evaluate" library="BuiltIn">
<var>${options}</var>
<arg>selenium.webdriver.ChromeOptions()</arg>
<doc>Evaluates the given expression in Python and returns the result.</doc>
<status status="NOT RUN" starttime="20240913 16:15:06.700" endtime="20240913 16:15:06.702"/>
</kw>
<kw name="Call Method" library="BuiltIn">
<arg>${options}</arg>
<arg>add_argument</arg>
<arg>--start-maximized</arg>
<doc>Calls the named method of the given object with the provided arguments.</doc>
<status status="NOT RUN" starttime="20240913 16:15:06.704" endtime="20240913 16:15:06.704"/>
</kw>
<kw name="Call Method" library="BuiltIn">
<arg>${options}</arg>
<arg>add_argument</arg>
<arg>--disable-dev-shm-usage</arg>
<doc>Calls the named method of the given object with the provided arguments.</doc>
<status status="NOT RUN" starttime="20240913 16:15:06.706" endtime="20240913 16:15:06.706"/>
</kw>
<kw name="Call Method" library="BuiltIn">
<arg>${options}</arg>
<arg>add_argument</arg>
<arg>--no-sandbox</arg>
<doc>Calls the named method of the given object with the provided arguments.</doc>
<status status="NOT RUN" starttime="20240913 16:15:06.708" endtime="20240913 16:15:06.708"/>
</kw>
<kw name="Call Method" library="BuiltIn">
<arg>${options}</arg>
<arg>add_argument</arg>
<arg>--headless</arg>
<doc>Calls the named method of the given object with the provided arguments.</doc>
<status status="NOT RUN" starttime="20240913 16:15:06.711" endtime="20240913 16:15:06.711"/>
</kw>
<kw name="Call Method" library="BuiltIn">
<arg>${options}</arg>
<arg>add_argument</arg>
<arg>--disable-gpu</arg>
<doc>Calls the named method of the given object with the provided arguments.</doc>
<status status="NOT RUN" starttime="20240913 16:15:06.713" endtime="20240913 16:15:06.714"/>
</kw>
<kw name="Call Method" library="BuiltIn">
<arg>${options}</arg>
<arg>add_argument</arg>
<arg>--ignore-certificate-errors</arg>
<doc>Calls the named method of the given object with the provided arguments.</doc>
<status status="NOT RUN" starttime="20240913 16:15:06.716" endtime="20240913 16:15:06.717"/>
</kw>
<kw name="Call Method" library="BuiltIn">
<arg>${options}</arg>
<arg>add_argument</arg>
<arg>--disable-extensions</arg>
<doc>Calls the named method of the given object with the provided arguments.</doc>
<status status="NOT RUN" starttime="20240913 16:15:06.722" endtime="20240913 16:15:06.723"/>
</kw>
<kw name="Call Method" library="BuiltIn">
<arg>${options}</arg>
<arg>add_argument</arg>
<arg>--no-user-gesture-required</arg>
<doc>Calls the named method of the given object with the provided arguments.</doc>
<status status="NOT RUN" starttime="20240913 16:15:06.725" endtime="20240913 16:15:06.726"/>
</kw>
<kw name="Call Method" library="BuiltIn">
<arg>${options}</arg>
<arg>add_argument</arg>
<arg>--no-first-run</arg>
<doc>Calls the named method of the given object with the provided arguments.</doc>
<status status="NOT RUN" starttime="20240913 16:15:06.728" endtime="20240913 16:15:06.729"/>
</kw>
<kw name="Call Method" library="BuiltIn">
<arg>${options}</arg>
<arg>add_argument</arg>
<arg>--use-fake-ui-for-media-stream</arg>
<doc>Calls the named method of the given object with the provided arguments.</doc>
<status status="NOT RUN" starttime="20240913 16:15:06.731" endtime="20240913 16:15:06.732"/>
</kw>
<kw name="Call Method" library="BuiltIn">
<arg>${options}</arg>
<arg>add_argument</arg>
<arg>--use-fake-device-for-media-stream</arg>
<doc>Calls the named method of the given object with the provided arguments.</doc>
<status status="NOT RUN" starttime="20240913 16:15:06.766" endtime="20240913 16:15:06.767"/>
</kw>
<kw name="Call Method" library="BuiltIn">
<arg>${options}</arg>
<arg>add_argument</arg>
<arg>--disable-sync</arg>
<doc>Calls the named method of the given object with the provided arguments.</doc>
<status status="NOT RUN" starttime="20240913 16:15:06.778" endtime="20240913 16:15:06.785"/>
</kw>
<return>
<value>${options}</value>
<status status="NOT RUN" starttime="20240913 16:15:06.787" endtime="20240913 16:15:06.787"/>
</return>
<status status="NOT RUN" starttime="20240913 16:15:06.699" endtime="20240913 16:15:06.789"/>
</branch>
<status status="PASS" starttime="20240913 16:15:06.664" endtime="20240913 16:15:06.790"/>
</if>
<msg timestamp="20240913 16:15:06.790" level="INFO">${options} = None</msg>
<status status="PASS" starttime="20240913 16:15:06.663" endtime="20240913 16:15:06.791"/>
</kw>
<if>
<branch type="IF" condition="&quot;${Env}&quot; == &quot;prod&quot;">
<kw name="Open Browser" library="SeleniumLibrary">
<arg>https://www.barrons.com</arg>
<arg>${Browser}</arg>
<arg>options=${options}</arg>
<doc>Opens a new browser instance to the optional ``url``.</doc>
<status status="NOT RUN" starttime="20240913 16:15:06.795" endtime="20240913 16:15:06.796"/>
</kw>
<kw name="Go To" library="SeleniumLibrary">
<arg>https://www.barrons.com/articles/how-to-handle-an-uncertain-market-buy-weakness-sell-strength-f145c306</arg>
<doc>Navigates the current browser window to the provided ``url``.</doc>
<status status="NOT RUN" starttime="20240913 16:15:06.797" endtime="20240913 16:15:06.798"/>
</kw>
<kw name="Execute Javascript" library="SeleniumLibrary">
<arg>window.scrollTo(0,500)</arg>
<doc>Executes the given JavaScript code with possible arguments.</doc>
<status status="NOT RUN" starttime="20240913 16:15:06.799" endtime="20240913 16:15:06.800"/>
</kw>
<status status="NOT RUN" starttime="20240913 16:15:06.794" endtime="20240913 16:15:06.801"/>
</branch>
<branch type="ELSE IF" condition="&quot;${Env}&quot; == &quot;dev&quot;">
<kw name="Open Browser" library="SeleniumLibrary">
<arg>https://www.s.dev.barrons.com</arg>
<arg>${Browser}</arg>
<arg>options=${options}</arg>
<doc>Opens a new browser instance to the optional ``url``.</doc>
<msg timestamp="20240913 16:15:06.806" level="INFO">Opening browser 'ff' to base url 'https://www.s.dev.barrons.com'.</msg>
<msg timestamp="20240913 16:15:06.807" level="INFO">Firefox driver log is always forced to to: D:\Codes\Jenkins_2050\userservices-qa-automation\resultspabot\pabot_results\0\geckodriver-4.log</msg>
<msg timestamp="20240913 16:15:06.815" level="INFO">Completed setup!</msg>
<status status="PASS" starttime="20240913 16:15:06.805" endtime="20240913 16:15:32.936"/>
</kw>
<kw name="Go To" library="SeleniumLibrary">
<arg>https://www.s.dev.barrons.com/articles/buy-under-armour-stock-pick-51650672000</arg>
<doc>Navigates the current browser window to the provided ``url``.</doc>
<msg timestamp="20240913 16:15:32.940" level="INFO">Opening url 'https://www.s.dev.barrons.com/articles/buy-under-armour-stock-pick-51650672000'</msg>
<status status="PASS" starttime="20240913 16:15:32.940" endtime="20240913 16:15:38.295"/>
</kw>
<status status="PASS" starttime="20240913 16:15:06.804" endtime="20240913 16:15:38.299"/>
</branch>
<status status="PASS" starttime="20240913 16:15:06.794" endtime="20240913 16:15:38.301"/>
</if>
<kw name="Maximize Browser Window" library="SeleniumLibrary">
<doc>Maximizes current browser window.</doc>
<status status="PASS" starttime="20240913 16:15:38.301" endtime="20240913 16:15:39.904"/>
</kw>
<status status="PASS" starttime="20240913 16:15:06.656" endtime="20240913 16:15:39.906"/>
</kw>
<kw name="Validate author without byline" library="BarronsArticlePage">
<if>
<branch type="IF" condition="&quot;${Env}&quot; == &quot;prod&quot;">
<kw name="Page Should Contain Element" library="SeleniumLibrary">
<arg>//div[@class="byline article__byline"]/div/span[text()="Brian Swint"]</arg>
<doc>Verifies that element ``locator`` is found on the current page.</doc>
<status status="NOT RUN" starttime="20240913 16:15:39.919" endtime="20240913 16:15:39.921"/>
</kw>
<status status="NOT RUN" starttime="20240913 16:15:39.918" endtime="20240913 16:15:39.923"/>
</branch>
<branch type="ELSE IF" condition="&quot;${Env}&quot; == &quot;dev&quot;">
<kw name="Page Should Contain Element" library="SeleniumLibrary">
<arg>//a[@data-testid='author-link']</arg>
<doc>Verifies that element ``locator`` is found on the current page.</doc>
<msg timestamp="20240913 16:15:40.491" level="INFO">Current page contains element '//a[@data-testid='author-link']'.</msg>
<status status="PASS" starttime="20240913 16:15:39.926" endtime="20240913 16:15:40.506"/>
</kw>
<status status="PASS" starttime="20240913 16:15:39.925" endtime="20240913 16:15:40.528"/>
</branch>
<status status="PASS" starttime="20240913 16:15:39.918" endtime="20240913 16:15:40.539"/>
</if>
<status status="PASS" starttime="20240913 16:15:39.915" endtime="20240913 16:15:40.539"/>
</kw>
<kw name="Finish Testcase" library="CommonFunctionality" type="TEARDOWN">
<kw name="Close Browser" library="SeleniumLibrary">
<doc>Closes the current browser.</doc>
<status status="PASS" starttime="20240913 16:15:40.543" endtime="20240913 16:15:40.544"/>
</kw>
<status status="PASS" starttime="20240913 16:15:40.540" endtime="20240913 16:15:40.545"/>
</kw>
<doc>This test case validates authors without byline for barrons article page</doc>
<tag>Article</tag>
<tag>Author</tag>
<tag>Barrons</tag>
<tag>Follow1</tag>
<tag>Regression</tag>
<status status="PASS" starttime="20240913 16:14:29.259" endtime="20240913 16:15:40.547"/>
</test>
<test id="s1-s1-s1-s1-s1-s1-t4" name="Validate the Watchlist widget from Watchlist page" line="83">
<kw name="Start Barrons Article" library="CommonFunctionality" type="SETUP">
<kw name="Set Selenium Speed" library="SeleniumLibrary">
<arg>0.5 seconds</arg>
<doc>Sets the delay that is waited after each Selenium command.</doc>
<status status="PASS" starttime="20240913 16:15:43.465" endtime="20240913 16:15:43.466"/>
</kw>
<kw name="Set Browser Options" library="CommonFunctionality">
<var>${options}</var>
<if>
<branch type="IF" condition="&quot;${Browser}&quot; == &quot;firefox&quot;">
<kw name="Evaluate" library="BuiltIn">
<var>${options}</var>
<arg>selenium.webdriver.FirefoxOptions()</arg>
<doc>Evaluates the given expression in Python and returns the result.</doc>
<status status="NOT RUN" starttime="20240913 16:15:43.468" endtime="20240913 16:15:43.468"/>
</kw>
<kw name="Call Method" library="BuiltIn">
<arg>${options}</arg>
<arg>add_argument</arg>
<arg>--CreateProfile</arg>
<doc>Calls the named method of the given object with the provided arguments.</doc>
<status status="NOT RUN" starttime="20240913 16:15:43.470" endtime="20240913 16:15:43.471"/>
</kw>
<kw name="Call Method" library="BuiltIn">
<arg>${options}</arg>
<arg>add_argument</arg>
<arg>--start-maximized</arg>
<doc>Calls the named method of the given object with the provided arguments.</doc>
<status status="NOT RUN" starttime="20240913 16:15:43.473" endtime="20240913 16:15:43.474"/>
</kw>
<kw name="Call Method" library="BuiltIn">
<arg>${options}</arg>
<arg>add_argument</arg>
<arg>--disable-dev-shm-usage</arg>
<doc>Calls the named method of the given object with the provided arguments.</doc>
<status status="NOT RUN" starttime="20240913 16:15:43.476" endtime="20240913 16:15:43.477"/>
</kw>
<kw name="Call Method" library="BuiltIn">
<arg>${options}</arg>
<arg>add_argument</arg>
<arg>--no-sandbox</arg>
<doc>Calls the named method of the given object with the provided arguments.</doc>
<status status="NOT RUN" starttime="20240913 16:15:43.478" endtime="20240913 16:15:43.479"/>
</kw>
<kw name="Call Method" library="BuiltIn">
<arg>${options}</arg>
<arg>add_argument</arg>
<arg>--disable-gpu</arg>
<doc>Calls the named method of the given object with the provided arguments.</doc>
<status status="NOT RUN" starttime="20240913 16:15:43.480" endtime="20240913 16:15:43.481"/>
</kw>
<kw name="Call Method" library="BuiltIn">
<arg>${options}</arg>
<arg>add_argument</arg>
<arg>--headless</arg>
<doc>Calls the named method of the given object with the provided arguments.</doc>
<status status="NOT RUN" starttime="20240913 16:15:43.482" endtime="20240913 16:15:43.483"/>
</kw>
<kw name="Call Method" library="BuiltIn">
<arg>${options}</arg>
<arg>add_argument</arg>
<arg>--devtools.debugger.force-local</arg>
<doc>Calls the named method of the given object with the provided arguments.</doc>
<status status="NOT RUN" starttime="20240913 16:15:43.485" endtime="20240913 16:15:43.486"/>
</kw>
<kw name="Call Method" library="BuiltIn">
<arg>${options}</arg>
<arg>add_argument</arg>
<arg>--devtools.debugger.remote-enabled</arg>
<doc>Calls the named method of the given object with the provided arguments.</doc>
<status status="NOT RUN" starttime="20240913 16:15:43.487" endtime="20240913 16:15:43.488"/>
</kw>
<kw name="Call Method" library="BuiltIn">
<arg>${options}</arg>
<arg>add_argument</arg>
<arg>--devtools.chrome.enabled</arg>
<doc>Calls the named method of the given object with the provided arguments.</doc>
<status status="NOT RUN" starttime="20240913 16:15:43.489" endtime="20240913 16:15:43.490"/>
</kw>
<kw name="Call Method" library="BuiltIn">
<arg>${options}</arg>
<arg>add_argument</arg>
<arg>--devtools.debugger.prompt-connection</arg>
<doc>Calls the named method of the given object with the provided arguments.</doc>
<status status="NOT RUN" starttime="20240913 16:15:43.492" endtime="20240913 16:15:43.492"/>
</kw>
<kw name="Call Method" library="BuiltIn">
<arg>${options}</arg>
<arg>add_argument</arg>
<arg>--browser.dom.window.dump.enabled</arg>
<doc>Calls the named method of the given object with the provided arguments.</doc>
<status status="NOT RUN" starttime="20240913 16:15:43.495" endtime="20240913 16:15:43.496"/>
</kw>
<return>
<value>${options}</value>
<status status="NOT RUN" starttime="20240913 16:15:43.497" endtime="20240913 16:15:43.498"/>
</return>
<status status="NOT RUN" starttime="20240913 16:15:43.467" endtime="20240913 16:15:43.499"/>
</branch>
<branch type="ELSE IF" condition="&quot;${Browser}&quot; == &quot;chrome&quot;">
<kw name="Evaluate" library="BuiltIn">
<var>${options}</var>
<arg>selenium.webdriver.ChromeOptions()</arg>
<doc>Evaluates the given expression in Python and returns the result.</doc>
<status status="NOT RUN" starttime="20240913 16:15:43.501" endtime="20240913 16:15:43.502"/>
</kw>
<kw name="Call Method" library="BuiltIn">
<arg>${options}</arg>
<arg>add_argument</arg>
<arg>--start-maximized</arg>
<doc>Calls the named method of the given object with the provided arguments.</doc>
<status status="NOT RUN" starttime="20240913 16:15:43.505" endtime="20240913 16:15:43.506"/>
</kw>
<kw name="Call Method" library="BuiltIn">
<arg>${options}</arg>
<arg>add_argument</arg>
<arg>--disable-dev-shm-usage</arg>
<doc>Calls the named method of the given object with the provided arguments.</doc>
<status status="NOT RUN" starttime="20240913 16:15:43.507" endtime="20240913 16:15:43.508"/>
</kw>
<kw name="Call Method" library="BuiltIn">
<arg>${options}</arg>
<arg>add_argument</arg>
<arg>--no-sandbox</arg>
<doc>Calls the named method of the given object with the provided arguments.</doc>
<status status="NOT RUN" starttime="20240913 16:15:43.509" endtime="20240913 16:15:43.510"/>
</kw>
<kw name="Call Method" library="BuiltIn">
<arg>${options}</arg>
<arg>add_argument</arg>
<arg>--headless</arg>
<doc>Calls the named method of the given object with the provided arguments.</doc>
<status status="NOT RUN" starttime="20240913 16:15:43.511" endtime="20240913 16:15:43.513"/>
</kw>
<kw name="Call Method" library="BuiltIn">
<arg>${options}</arg>
<arg>add_argument</arg>
<arg>--disable-gpu</arg>
<doc>Calls the named method of the given object with the provided arguments.</doc>
<status status="NOT RUN" starttime="20240913 16:15:43.514" endtime="20240913 16:15:43.515"/>
</kw>
<kw name="Call Method" library="BuiltIn">
<arg>${options}</arg>
<arg>add_argument</arg>
<arg>--ignore-certificate-errors</arg>
<doc>Calls the named method of the given object with the provided arguments.</doc>
<status status="NOT RUN" starttime="20240913 16:15:43.517" endtime="20240913 16:15:43.517"/>
</kw>
<kw name="Call Method" library="BuiltIn">
<arg>${options}</arg>
<arg>add_argument</arg>
<arg>--disable-extensions</arg>
<doc>Calls the named method of the given object with the provided arguments.</doc>
<status status="NOT RUN" starttime="20240913 16:15:43.519" endtime="20240913 16:15:43.520"/>
</kw>
<kw name="Call Method" library="BuiltIn">
<arg>${options}</arg>
<arg>add_argument</arg>
<arg>--no-user-gesture-required</arg>
<doc>Calls the named method of the given object with the provided arguments.</doc>
<status status="NOT RUN" starttime="20240913 16:15:43.523" endtime="20240913 16:15:43.523"/>
</kw>
<kw name="Call Method" library="BuiltIn">
<arg>${options}</arg>
<arg>add_argument</arg>
<arg>--no-first-run</arg>
<doc>Calls the named method of the given object with the provided arguments.</doc>
<status status="NOT RUN" starttime="20240913 16:15:43.525" endtime="20240913 16:15:43.526"/>
</kw>
<kw name="Call Method" library="BuiltIn">
<arg>${options}</arg>
<arg>add_argument</arg>
<arg>--use-fake-ui-for-media-stream</arg>
<doc>Calls the named method of the given object with the provided arguments.</doc>
<status status="NOT RUN" starttime="20240913 16:15:43.527" endtime="20240913 16:15:43.528"/>
</kw>
<kw name="Call Method" library="BuiltIn">
<arg>${options}</arg>
<arg>add_argument</arg>
<arg>--use-fake-device-for-media-stream</arg>
<doc>Calls the named method of the given object with the provided arguments.</doc>
<status status="NOT RUN" starttime="20240913 16:15:43.529" endtime="20240913 16:15:43.530"/>
</kw>
<kw name="Call Method" library="BuiltIn">
<arg>${options}</arg>
<arg>add_argument</arg>
<arg>--disable-sync</arg>
<doc>Calls the named method of the given object with the provided arguments.</doc>
<status status="NOT RUN" starttime="20240913 16:15:43.531" endtime="20240913 16:15:43.533"/>
</kw>
<return>
<value>${options}</value>
<status status="NOT RUN" starttime="20240913 16:15:43.534" endtime="20240913 16:15:43.547"/>
</return>
<status status="NOT RUN" starttime="20240913 16:15:43.500" endtime="20240913 16:15:43.583"/>
</branch>
<status status="PASS" starttime="20240913 16:15:43.467" endtime="20240913 16:15:43.586"/>
</if>
<msg timestamp="20240913 16:15:43.587" level="INFO">${options} = None</msg>
<status status="PASS" starttime="20240913 16:15:43.466" endtime="20240913 16:15:43.588"/>
</kw>
<if>
<branch type="IF" condition="&quot;${Env}&quot; == &quot;prod&quot;">
<kw name="Open Browser" library="SeleniumLibrary">
<arg>https://www.barrons.com</arg>
<arg>${Browser}</arg>
<arg>options=${options}</arg>
<doc>Opens a new browser instance to the optional ``url``.</doc>
<status status="NOT RUN" starttime="20240913 16:15:43.590" endtime="20240913 16:15:43.590"/>
</kw>
<kw name="Go To" library="SeleniumLibrary">
<arg>https://www.barrons.com/articles/wendys-wen-stock-earnings-51652268634</arg>
<doc>Navigates the current browser window to the provided ``url``.</doc>
<status status="NOT RUN" starttime="20240913 16:15:43.592" endtime="20240913 16:15:43.593"/>
</kw>
<status status="NOT RUN" starttime="20240913 16:15:43.589" endtime="20240913 16:15:43.595"/>
</branch>
<branch type="ELSE IF" condition="&quot;${Env}&quot; == &quot;dev&quot;">
<kw name="Open Browser" library="SeleniumLibrary">
<arg>https://www.barrons.com</arg>
<arg>${Browser}</arg>
<arg>options=${options}</arg>
<doc>Opens a new browser instance to the optional ``url``.</doc>
<msg timestamp="20240913 16:15:43.597" level="INFO">Opening browser 'ff' to base url 'https://www.barrons.com'.</msg>
<msg timestamp="20240913 16:15:43.600" level="INFO">Firefox driver log is always forced to to: D:\Codes\Jenkins_2050\userservices-qa-automation\resultspabot\pabot_results\0\geckodriver-5.log</msg>
<msg timestamp="20240913 16:15:43.607" level="INFO">Completed setup!</msg>
<status status="PASS" starttime="20240913 16:15:43.596" endtime="20240913 16:15:51.301"/>
</kw>
<kw name="Go To" library="SeleniumLibrary">
<arg>https://www.s.dev.barrons.com/articles/buy-under-armour-stock-pick-51650672000</arg>
<doc>Navigates the current browser window to the provided ``url``.</doc>
<msg timestamp="20240913 16:15:51.304" level="INFO">Opening url 'https://www.s.dev.barrons.com/articles/buy-under-armour-stock-pick-51650672000'</msg>
<status status="PASS" starttime="20240913 16:15:51.304" endtime="20240913 16:16:08.738"/>
</kw>
<status status="PASS" starttime="20240913 16:15:43.596" endtime="20240913 16:16:08.739"/>
</branch>
<status status="PASS" starttime="20240913 16:15:43.589" endtime="20240913 16:16:08.740"/>
</if>
<kw name="Wait Until Page Contains Element" library="SeleniumLibrary">
<arg>dom:${JSFollowButtonBarronsPath}</arg>
<doc>Waits until the element ``locator`` appears on the current page.</doc>
<status status="PASS" starttime="20240913 16:16:08.740" endtime="20240913 16:16:09.519"/>
</kw>
<kw name="Maximize Browser Window" library="SeleniumLibrary">
<doc>Maximizes current browser window.</doc>
<status status="PASS" starttime="20240913 16:16:09.528" endtime="20240913 16:16:10.597"/>
</kw>
<status status="PASS" starttime="20240913 16:15:43.461" endtime="20240913 16:16:10.598"/>
</kw>
<kw name="Start Barrons for Watchlist page" library="CommonFunctionality">
<kw name="Set Selenium Speed" library="SeleniumLibrary">
<arg>0.5 seconds</arg>
<doc>Sets the delay that is waited after each Selenium command.</doc>
<status status="PASS" starttime="20240913 16:16:10.600" endtime="20240913 16:16:10.601"/>
</kw>
<if>
<branch type="IF" condition="&quot;${Env}&quot; == &quot;prod&quot;">
<kw name="Go To" library="SeleniumLibrary">
<arg>https://www.barrons.com/watchlist</arg>
<doc>Navigates the current browser window to the provided ``url``.</doc>
<status status="NOT RUN" starttime="20240913 16:16:10.604" endtime="20240913 16:16:10.605"/>
</kw>
<status status="NOT RUN" starttime="20240913 16:16:10.603" endtime="20240913 16:16:10.606"/>
</branch>
<branch type="ELSE IF" condition="&quot;${Env}&quot; == &quot;dev&quot;">
<kw name="Go To" library="SeleniumLibrary">
<arg>https://www.s.dev.barrons.com/watchlist</arg>
<doc>Navigates the current browser window to the provided ``url``.</doc>
<msg timestamp="20240913 16:16:10.609" level="INFO">Opening url 'https://www.s.dev.barrons.com/watchlist'</msg>
<status status="PASS" starttime="20240913 16:16:10.608" endtime="20240913 16:16:12.177"/>
</kw>
<status status="PASS" starttime="20240913 16:16:10.608" endtime="20240913 16:16:12.179"/>
</branch>
<status status="PASS" starttime="20240913 16:16:10.602" endtime="20240913 16:16:12.180"/>
</if>
<kw name="Maximize Browser Window" library="SeleniumLibrary">
<doc>Maximizes current browser window.</doc>
<status status="PASS" starttime="20240913 16:16:12.180" endtime="20240913 16:16:12.964"/>
</kw>
<status status="PASS" starttime="20240913 16:16:10.599" endtime="20240913 16:16:12.973"/>
</kw>
<kw name="Sign In Process" library="DefinedKeywords">
<if>
<branch type="IF" condition="&quot;${Env}&quot; == &quot;prod&quot;">
<kw name="Set Variable" library="BuiltIn">
<var>${Email}</var>
<arg>${Email_prod}</arg>
<doc>Returns the given values which can then be assigned to a variables.</doc>
<status status="NOT RUN" starttime="20240913 16:16:12.989" endtime="20240913 16:16:12.990"/>
</kw>
<kw name="Set Variable" library="BuiltIn">
<var>${Password}</var>
<arg>${Password_prod}</arg>
<doc>Returns the given values which can then be assigned to a variables.</doc>
<status status="NOT RUN" starttime="20240913 16:16:12.992" endtime="20240913 16:16:12.992"/>
</kw>
[...]
<status status="NOT RUN" starttime="20240913 16:26:29.210" endtime="20240913 16:26:29.211"/>
</kw>
<kw name="Call Method" library="BuiltIn">
<arg>${options}</arg>
<arg>add_argument</arg>
<arg>--devtools.debugger.remote-enabled</arg>
<doc>Calls the named method of the given object with the provided arguments.</doc>
<status status="NOT RUN" starttime="20240913 16:26:29.212" endtime="20240913 16:26:29.213"/>
</kw>
<kw name="Call Method" library="BuiltIn">
<arg>${options}</arg>
<arg>add_argument</arg>
<arg>--devtools.chrome.enabled</arg>
<doc>Calls the named method of the given object with the provided arguments.</doc>
<status status="NOT RUN" starttime="20240913 16:26:29.215" endtime="20240913 16:26:29.215"/>
</kw>
<kw name="Call Method" library="BuiltIn">
<arg>${options}</arg>
<arg>add_argument</arg>
<arg>--devtools.debugger.prompt-connection</arg>
<doc>Calls the named method of the given object with the provided arguments.</doc>
<status status="NOT RUN" starttime="20240913 16:26:29.217" endtime="20240913 16:26:29.218"/>
</kw>
<kw name="Call Method" library="BuiltIn">
<arg>${options}</arg>
<arg>add_argument</arg>
<arg>--browser.dom.window.dump.enabled</arg>
<doc>Calls the named method of the given object with the provided arguments.</doc>
<status status="NOT RUN" starttime="20240913 16:26:29.222" endtime="20240913 16:26:29.223"/>
</kw>
<return>
<value>${options}</value>
<status status="NOT RUN" starttime="20240913 16:26:29.224" endtime="20240913 16:26:29.224"/>
</return>
<status status="NOT RUN" starttime="20240913 16:26:29.192" endtime="20240913 16:26:29.226"/>
</branch>
<branch type="ELSE IF" condition="&quot;${Browser}&quot; == &quot;chrome&quot;">
<kw name="Evaluate" library="BuiltIn">
<var>${options}</var>
<arg>selenium.webdriver.ChromeOptions()</arg>
<doc>Evaluates the given expression in Python and returns the result.</doc>
<status status="NOT RUN" starttime="20240913 16:26:29.230" endtime="20240913 16:26:29.231"/>
</kw>
<kw name="Call Method" library="BuiltIn">
<arg>${options}</arg>
<arg>add_argument</arg>
<arg>--start-maximized</arg>
<doc>Calls the named method of the given object with the provided arguments.</doc>
<status status="NOT RUN" starttime="20240913 16:26:29.232" endtime="20240913 16:26:29.233"/>
</kw>
<kw name="Call Method" library="BuiltIn">
<arg>${options}</arg>
<arg>add_argument</arg>
<arg>--disable-dev-shm-usage</arg>
<doc>Calls the named method of the given object with the provided arguments.</doc>
<status status="NOT RUN" starttime="20240913 16:26:29.234" endtime="20240913 16:26:29.235"/>
</kw>
<kw name="Call Method" library="BuiltIn">
<arg>${options}</arg>
<arg>add_argument</arg>
<arg>--no-sandbox</arg>
<doc>Calls the named method of the given object with the provided arguments.</doc>
<status status="NOT RUN" starttime="20240913 16:26:29.236" endtime="20240913 16:26:29.238"/>
</kw>
<kw name="Call Method" library="BuiltIn">
<arg>${options}</arg>
<arg>add_argument</arg>
<arg>--headless</arg>
<doc>Calls the named method of the given object with the provided arguments.</doc>
<status status="NOT RUN" starttime="20240913 16:26:29.240" endtime="20240913 16:26:29.241"/>
</kw>
<kw name="Call Method" library="BuiltIn">
<arg>${options}</arg>
<arg>add_argument</arg>
<arg>--disable-gpu</arg>
<doc>Calls the named method of the given object with the provided arguments.</doc>
<status status="NOT RUN" starttime="20240913 16:26:29.242" endtime="20240913 16:26:29.243"/>
</kw>
<kw name="Call Method" library="BuiltIn">
<arg>${options}</arg>
<arg>add_argument</arg>
<arg>--ignore-certificate-errors</arg>
<doc>Calls the named method of the given object with the provided arguments.</doc>
<status status="NOT RUN" starttime="20240913 16:26:29.244" endtime="20240913 16:26:29.245"/>
</kw>
<kw name="Call Method" library="BuiltIn">
<arg>${options}</arg>
<arg>add_argument</arg>
<arg>--disable-extensions</arg>
<doc>Calls the named method of the given object with the provided arguments.</doc>
<status status="NOT RUN" starttime="20240913 16:26:29.246" endtime="20240913 16:26:29.248"/>
</kw>
<kw name="Call Method" library="BuiltIn">
<arg>${options}</arg>
<arg>add_argument</arg>
<arg>--no-user-gesture-required</arg>
<doc>Calls the named method of the given object with the provided arguments.</doc>
<status status="NOT RUN" starttime="20240913 16:26:29.257" endtime="20240913 16:26:29.258"/>
</kw>
<kw name="Call Method" library="BuiltIn">
<arg>${options}</arg>
<arg>add_argument</arg>
<arg>--no-first-run</arg>
<doc>Calls the named method of the given object with the provided arguments.</doc>
<status status="NOT RUN" starttime="20240913 16:26:29.285" endtime="20240913 16:26:29.286"/>
</kw>
<kw name="Call Method" library="BuiltIn">
<arg>${options}</arg>
<arg>add_argument</arg>
<arg>--use-fake-ui-for-media-stream</arg>
<doc>Calls the named method of the given object with the provided arguments.</doc>
<status status="NOT RUN" starttime="20240913 16:26:29.288" endtime="20240913 16:26:29.290"/>
</kw>
<kw name="Call Method" library="BuiltIn">
<arg>${options}</arg>
<arg>add_argument</arg>
<arg>--use-fake-device-for-media-stream</arg>
<doc>Calls the named method of the given object with the provided arguments.</doc>
<status status="NOT RUN" starttime="20240913 16:26:29.291" endtime="20240913 16:26:29.292"/>
</kw>
<kw name="Call Method" library="BuiltIn">
<arg>${options}</arg>
<arg>add_argument</arg>
<arg>--disable-sync</arg>
<doc>Calls the named method of the given object with the provided arguments.</doc>
<status status="NOT RUN" starttime="20240913 16:26:29.295" endtime="20240913 16:26:29.296"/>
</kw>
<return>
<value>${options}</value>
<status status="NOT RUN" starttime="20240913 16:26:29.297" endtime="20240913 16:26:29.299"/>
</return>
<status status="NOT RUN" starttime="20240913 16:26:29.229" endtime="20240913 16:26:29.300"/>
</branch>
<status status="PASS" starttime="20240913 16:26:29.192" endtime="20240913 16:26:29.302"/>
</if>
<msg timestamp="20240913 16:26:29.302" level="INFO">${options} = None</msg>
<status status="PASS" starttime="20240913 16:26:29.191" endtime="20240913 16:26:29.303"/>
</kw>
<if>
<branch type="IF" condition="&quot;${Env}&quot; == &quot;prod&quot;">
<kw name="Open Browser" library="SeleniumLibrary">
<arg>https://www.barrons.com</arg>
<arg>${Browser}</arg>
<arg>options=${options}</arg>
<doc>Opens a new browser instance to the optional ``url``.</doc>
<status status="NOT RUN" starttime="20240913 16:26:29.304" endtime="20240913 16:26:29.305"/>
</kw>
<kw name="Go To" library="SeleniumLibrary">
<arg>https://www.barrons.com/articles/wendys-wen-stock-earnings-51652268634</arg>
<doc>Navigates the current browser window to the provided ``url``.</doc>
<status status="NOT RUN" starttime="20240913 16:26:29.308" endtime="20240913 16:26:29.309"/>
</kw>
<status status="NOT RUN" starttime="20240913 16:26:29.304" endtime="20240913 16:26:29.310"/>
</branch>
<branch type="ELSE IF" condition="&quot;${Env}&quot; == &quot;dev&quot;">
<kw name="Open Browser" library="SeleniumLibrary">
<arg>https://www.barrons.com</arg>
<arg>${Browser}</arg>
<arg>options=${options}</arg>
<doc>Opens a new browser instance to the optional ``url``.</doc>
<msg timestamp="20240913 16:26:29.313" level="INFO">Opening browser 'ff' to base url 'https://www.barrons.com'.</msg>
<msg timestamp="20240913 16:26:29.315" level="INFO">Firefox driver log is always forced to to: D:\Codes\Jenkins_2050\userservices-qa-automation\resultspabot\pabot_results\0\geckodriver-12.log</msg>
<msg timestamp="20240913 16:26:29.324" level="INFO">Completed setup!</msg>
<status status="PASS" starttime="20240913 16:26:29.312" endtime="20240913 16:26:38.274"/>
</kw>
<kw name="Go To" library="SeleniumLibrary">
<arg>https://www.s.dev.barrons.com/articles/buy-under-armour-stock-pick-51650672000</arg>
<doc>Navigates the current browser window to the provided ``url``.</doc>
<msg timestamp="20240913 16:26:38.298" level="INFO">Opening url 'https://www.s.dev.barrons.com/articles/buy-under-armour-stock-pick-51650672000'</msg>
<status status="PASS" starttime="20240913 16:26:38.297" endtime="20240913 16:26:50.380"/>
</kw>
<status status="PASS" starttime="20240913 16:26:29.311" endtime="20240913 16:26:50.415"/>
</branch>
<status status="PASS" starttime="20240913 16:26:29.303" endtime="20240913 16:26:50.417"/>
</if>
<kw name="Wait Until Page Contains Element" library="SeleniumLibrary">
<arg>dom:${JSFollowButtonBarronsPath}</arg>
<doc>Waits until the element ``locator`` appears on the current page.</doc>
<status status="PASS" starttime="20240913 16:26:50.417" endtime="20240913 16:26:52.206"/>
</kw>
<kw name="Maximize Browser Window" library="SeleniumLibrary">
<doc>Maximizes current browser window.</doc>
<status status="PASS" starttime="20240913 16:26:52.207" endtime="20240913 16:26:53.084"/>
</kw>
<status status="PASS" starttime="20240913 16:26:29.187" endtime="20240913 16:26:53.084"/>
</kw>
<kw name="Add Breaking News By Hotlink" library="BarronsPreferenceCenterPage">
<if>
<branch type="IF" condition="&quot;${Env}&quot; == &quot;prod&quot;">
<kw name="Go To" library="SeleniumLibrary">
<arg>https://www.barrons.com/follow?alert=news_alert&amp;id=NewsAlertEmailTechnology</arg>
<doc>Navigates the current browser window to the provided ``url``.</doc>
<status status="NOT RUN" starttime="20240913 16:26:53.088" endtime="20240913 16:26:53.089"/>
</kw>
<status status="NOT RUN" starttime="20240913 16:26:53.088" endtime="20240913 16:26:53.090"/>
</branch>
<branch type="ELSE IF" condition="&quot;${Env}&quot; == &quot;dev&quot;">
<kw name="Go To" library="SeleniumLibrary">
<arg>https://www.s.dev.barrons.com/follow?alert=news_alert&amp;id=NewsAlertEmailTechnology</arg>
<doc>Navigates the current browser window to the provided ``url``.</doc>
<msg timestamp="20240913 16:26:53.093" level="INFO">Opening url 'https://www.s.dev.barrons.com/follow?alert=news_alert&amp;id=NewsAlertEmailTechnology'</msg>
<status status="PASS" starttime="20240913 16:26:53.092" endtime="20240913 16:26:56.394"/>
</kw>
<status status="PASS" starttime="20240913 16:26:53.092" endtime="20240913 16:26:56.408"/>
</branch>
<status status="PASS" starttime="20240913 16:26:53.086" endtime="20240913 16:26:56.409"/>
</if>
<status status="PASS" starttime="20240913 16:26:53.086" endtime="20240913 16:26:56.409"/>
</kw>
<kw name="Sign In Process" library="DefinedKeywords">
<if>
<branch type="IF" condition="&quot;${Env}&quot; == &quot;prod&quot;">
<kw name="Set Variable" library="BuiltIn">
<var>${Email}</var>
<arg>${Email_prod}</arg>
<doc>Returns the given values which can then be assigned to a variables.</doc>
<status status="NOT RUN" starttime="20240913 16:26:56.412" endtime="20240913 16:26:56.413"/>
</kw>
<kw name="Set Variable" library="BuiltIn">
<var>${Password}</var>
<arg>${Password_prod}</arg>
<doc>Returns the given values which can then be assigned to a variables.</doc>
<status status="NOT RUN" starttime="20240913 16:26:56.415" endtime="20240913 16:26:56.417"/>
</kw>
<status status="NOT RUN" starttime="20240913 16:26:56.412" endtime="20240913 16:26:56.420"/>
</branch>
<branch type="ELSE IF" condition="&quot;${Env}&quot; == &quot;dev&quot;">
<kw name="Set Variable" library="BuiltIn">
<var>${Email}</var>
<arg>${Email_dev}</arg>
<doc>Returns the given values which can then be assigned to a variables.</doc>
<msg timestamp="20240913 16:26:56.423" level="INFO">${Email} = QABARRONSONLY</msg>
<status status="PASS" starttime="20240913 16:26:56.422" endtime="20240913 16:26:56.424"/>
</kw>
<kw name="Set Variable" library="BuiltIn">
<var>${Password}</var>
<arg>${Password_dev}</arg>
<doc>Returns the given values which can then be assigned to a variables.</doc>
<msg timestamp="20240913 16:26:56.427" level="INFO">${Password} = password1</msg>
<status status="PASS" starttime="20240913 16:26:56.427" endtime="20240913 16:26:56.429"/>
</kw>
<status status="PASS" starttime="20240913 16:26:56.422" endtime="20240913 16:26:56.431"/>
</branch>
<status status="PASS" starttime="20240913 16:26:56.411" endtime="20240913 16:26:56.432"/>
</if>
<kw name="Wait Until Element Is Visible" library="SeleniumLibrary">
<arg>//*[@id="emailOrUsername"]</arg>
<doc>Waits until the element ``locator`` is visible.</doc>
<status status="PASS" starttime="20240913 16:26:56.432" endtime="20240913 16:26:58.053"/>
</kw>
<kw name="Click Element" library="SeleniumLibrary">
<arg>//*[@id="emailOrUsername"]</arg>
<doc>Click the element identified by ``locator``.</doc>
<msg timestamp="20240913 16:26:58.056" level="INFO">Clicking element '//*[@id="emailOrUsername"]'.</msg>
<status status="PASS" starttime="20240913 16:26:58.055" endtime="20240913 16:26:59.290"/>
</kw>
<kw name="Input Text" library="SeleniumLibrary">
<arg>//*[@id="emailOrUsername"]</arg>
<arg>akhilesh.khanduri@dowjones.com</arg>
<doc>Types the given ``text`` into the text field identified by ``locator``.</doc>
<msg timestamp="20240913 16:26:59.294" level="INFO">Typing text 'akhilesh.khanduri@dowjones.com' into text field '//*[@id="emailOrUsername"]'.</msg>
<status status="PASS" starttime="20240913 16:26:59.293" endtime="20240913 16:27:01.283"/>
</kw>
<kw name="Set Selenium Implicit Wait" library="SeleniumLibrary">
<arg>10s</arg>
<doc>Sets the implicit wait value used by Selenium.</doc>
<msg timestamp="20240913 16:27:04.296" level="INFO" html="true">&lt;/td&gt;&lt;/tr&gt;&lt;tr&gt;&lt;td colspan="3"&gt;&lt;a href="selenium-screenshot-6.png"&gt;&lt;img src="selenium-screenshot-6.png" width="800px"&gt;&lt;/a&gt;</msg>
<msg timestamp="20240913 16:27:04.296" level="FAIL">WebDriverException: Message: Session not started or terminated
</msg>
<status status="FAIL" starttime="20240913 16:27:01.285" endtime="20240913 16:27:04.301"/>
</kw>
<kw name="Click Button" library="SeleniumLibrary">
<arg>//html/body/div/section/div/div[2]/form/button[1]</arg>
<doc>Clicks the button identified by ``locator``.</doc>
<status status="NOT RUN" starttime="20240913 16:27:04.304" endtime="20240913 16:27:04.305"/>
</kw>
<kw name="Set Selenium Implicit Wait" library="SeleniumLibrary">
<arg>10s</arg>
<doc>Sets the implicit wait value used by Selenium.</doc>
<status status="NOT RUN" starttime="20240913 16:27:04.306" endtime="20240913 16:27:04.308"/>
</kw>
<kw name="Wait Until Element Is Visible" library="SeleniumLibrary">
<arg>//*[@id="password"]</arg>
<doc>Waits until the element ``locator`` is visible.</doc>
<status status="NOT RUN" starttime="20240913 16:27:04.310" endtime="20240913 16:27:04.311"/>
</kw>
<kw name="Input Text" library="SeleniumLibrary">
<arg>//*[@id="password"]</arg>
<arg>AKpolarsxzi2594</arg>
<doc>Types the given ``text`` into the text field identified by ``locator``.</doc>
<status status="NOT RUN" starttime="20240913 16:27:04.312" endtime="20240913 16:27:04.313"/>
</kw>
<kw name="Set Selenium Implicit Wait" library="SeleniumLibrary">
<arg>10</arg>
<doc>Sets the implicit wait value used by Selenium.</doc>
<status status="NOT RUN" starttime="20240913 16:27:04.314" endtime="20240913 16:27:04.315"/>
</kw>
<kw name="Wait Until Element Is Visible" library="SeleniumLibrary">
<arg>//html/body/div/section/div/div[2]/form/button</arg>
<doc>Waits until the element ``locator`` is visible.</doc>
<status status="NOT RUN" starttime="20240913 16:27:04.316" endtime="20240913 16:27:04.318"/>
</kw>
<kw name="Click Element" library="SeleniumLibrary">
<arg>//html/body/div/section/div/div[2]/form/button</arg>
<doc>Click the element identified by ``locator``.</doc>
<status status="NOT RUN" starttime="20240913 16:27:04.320" endtime="20240913 16:27:04.321"/>
</kw>
<kw name="Set Selenium Implicit Wait" library="SeleniumLibrary">
<arg>60</arg>
<doc>Sets the implicit wait value used by Selenium.</doc>
<status status="NOT RUN" starttime="20240913 16:27:04.322" endtime="20240913 16:27:04.323"/>
</kw>
<status status="FAIL" starttime="20240913 16:26:56.410" endtime="20240913 16:27:04.324"/>
</kw>
<kw name="Validate Followed Breaking News" library="BarronsPreferenceCenterPage">
<status status="NOT RUN" starttime="20240913 16:27:04.325" endtime="20240913 16:27:04.326"/>
</kw>
<kw name="Navigate Mailbox page" library="BarronsMailboxPage">
<status status="NOT RUN" starttime="20240913 16:27:04.327" endtime="20240913 16:27:04.328"/>
</kw>
<kw name="Login" library="BarronsMailboxPage">
<status status="NOT RUN" starttime="20240913 16:27:04.329" endtime="20240913 16:27:04.329"/>
</kw>
<kw name="Select Inbox" library="BarronsMailboxPage">
<status status="NOT RUN" starttime="20240913 16:27:04.330" endtime="20240913 16:27:04.331"/>
</kw>
<kw name="Search Barrons real-time company notification for Postback" library="BarronsMailboxPage">
<status status="NOT RUN" starttime="20240913 16:27:04.332" endtime="20240913 16:27:04.332"/>
</kw>
<kw name="Validate Barrons real-time company notification for Postback" library="BarronsMailboxPage">
<status status="NOT RUN" starttime="20240913 16:27:04.333" endtime="20240913 16:27:04.334"/>
</kw>
<kw name="Finish Testcase" library="CommonFunctionality" type="TEARDOWN">
<kw name="Close Browser" library="SeleniumLibrary">
<doc>Closes the current browser.</doc>
<status status="PASS" starttime="20240913 16:27:04.338" endtime="20240913 16:27:04.338"/>
</kw>
<status status="PASS" starttime="20240913 16:27:04.335" endtime="20240913 16:27:04.339"/>
</kw>
<doc>This test case validates the Barrons Postback on Preference Center</doc>
<tag>Barrons</tag>
<tag>Follow1</tag>
<tag>Postback</tag>
<tag>Regression</tag>
<status status="FAIL" starttime="20240913 16:26:29.184" endtime="20240913 16:27:04.341">WebDriverException: Message: Session not started or terminated
</status>
</test>
<doc>Barrons Regression Tests</doc>
<status status="FAIL" starttime="20240913 16:08:49.506" endtime="20240913 16:27:07.243"/>
</suite>
<status status="FAIL" starttime="20240913 16:08:49.501" endtime="20240913 16:27:07.251"/>
</suite>
<status status="FAIL" starttime="20240913 16:08:49.497" endtime="20240913 16:27:07.253"/>
</suite>
<status status="FAIL" starttime="20240913 16:08:49.491" endtime="20240913 16:27:07.255"/>
</suite>
<status status="FAIL" starttime="20240913 16:08:49.487" endtime="20240913 16:27:07.258"/>
</suite>
<status status="FAIL" starttime="20240913 16:08:49.403" endtime="20240913 16:27:07.261"/>
</suite>
<statistics>
<total>
<stat pass="5" fail="6" skip="0">All Tests</stat>
</total>
<tag>
<stat pass="1" fail="1" skip="0">Article</stat>
<stat pass="2" fail="0" skip="0">Author</stat>
<stat pass="5" fail="6" skip="0">Barrons</stat>
<stat pass="0" fail="1" skip="0">BarronsMultipleauthors</stat>
<stat pass="1" fail="0" skip="0">Company</stat>
<stat pass="1" fail="0" skip="0">CustomTopic</stat>
<stat pass="0" fail="1" skip="0">Follow</stat>
<stat pass="5" fail="6" skip="0">Follow1</stat>
<stat pass="0" fail="1" skip="0">MarketdataPage</stat>
<stat pass="0" fail="1" skip="0">MultipleAuthors</stat>
<stat pass="4" fail="0" skip="0">Notifications</stat>
<stat pass="0" fail="1" skip="0">Postback</stat>
<stat pass="0" fail="1" skip="0">PreferenceCenter</stat>
<stat pass="0" fail="1" skip="0">QuotesPage</stat>
<stat pass="5" fail="6" skip="0">Regression</stat>
<stat pass="0" fail="3" skip="0">Watchlist</stat>
</tag>
<suite>
<stat pass="5" fail="6" skip="0" id="s1" name="Userservices-Qa-Automation">Userservices-Qa-Automation</stat>
<stat pass="5" fail="6" skip="0" id="s1-s1" name="Panda-Qa">Userservices-Qa-Automation.Panda-Qa</stat>
<stat pass="5" fail="6" skip="0" id="s1-s1-s1" name="Tests">Userservices-Qa-Automation.Panda-Qa.Tests</stat>
<stat pass="5" fail="6" skip="0" id="s1-s1-s1-s1" name="FollowWidget">Userservices-Qa-Automation.Panda-Qa.Tests.FollowWidget</stat>
<stat pass="5" fail="6" skip="0" id="s1-s1-s1-s1-s1" name="Regression">Userservices-Qa-Automation.Panda-Qa.Tests.FollowWidget.Regression</stat>
<stat pass="5" fail="6" skip="0" id="s1-s1-s1-s1-s1-s1" name="Barrons Regression">Userservices-Qa-Automation.Panda-Qa.Tests.FollowWidget.Regression.Barrons Regression</stat>
</suite>
</statistics>
<errors>
</errors>
</robot>
