<?xml version="1.0" encoding="UTF-8"?>
<robot generator="Rebot 6.1.1 (Python 3.12.5 on win32)" generated="20241015 20:26:33.548" rpa="false" schemaversion="4">
<suite id="s1" name="Userservices-Qa-Automation" source="D:\Users\sasikumarj\PycharmProjects\userservices-qa-automation">
<suite id="s1-s1" name="Panda-Qa" source="D:\Users\sasikumarj\PycharmProjects\userservices-qa-automation\panda-qa">
<suite id="s1-s1-s1" name="Tests" source="D:\Users\sasikumarj\PycharmProjects\userservices-qa-automation\panda-qa\Tests">
<suite id="s1-s1-s1-s1" name="FollowWidget" source="D:\Users\sasikumarj\PycharmProjects\userservices-qa-automation\panda-qa\Tests\FollowWidget">
<suite id="s1-s1-s1-s1-s1" name="Regression" source="D:\Users\sasikumarj\PycharmProjects\userservices-qa-automation\panda-qa\Tests\FollowWidget\Regression">
<suite id="s1-s1-s1-s1-s1-s1" name="Barrons Regression" source="D:\Users\sasikumarj\PycharmProjects\userservices-qa-automation\panda-qa\Tests\FollowWidget\Regression\Barrons_Regression.robot">
<test id="s1-s1-s1-s1-s1-s1-t1" name="Validate the Barrons Preference Center page watchlist logout" line="53">
<kw name="Start Barrons Article" library="CommonFunctionality" type="SETUP">
<kw name="Set Selenium Speed" library="SeleniumLibrary">
<arg>20 seconds</arg>
<doc>Sets the delay that is waited after each Selenium command.</doc>
<status status="PASS" starttime="20241015 20:26:30.808" endtime="20241015 20:26:30.809"/>
</kw>
<kw name="Set Browser Options" library="CommonFunctionality">
<var>${options}</var>
<if>
<branch type="IF" condition="&quot;${Browser}&quot; == &quot;firefox&quot;">
<kw name="Evaluate" library="BuiltIn">
<var>${options}</var>
<arg>selenium.webdriver.FirefoxOptions()</arg>
<doc>Evaluates the given expression in Python and returns the result.</doc>
<status status="NOT RUN" starttime="20241015 20:26:30.813" endtime="20241015 20:26:30.814"/>
</kw>
<kw name="Call Method" library="BuiltIn">
<arg>${options}</arg>
<arg>add_argument</arg>
<arg>--CreateProfile</arg>
<doc>Calls the named method of the given object with the provided arguments.</doc>
<status status="NOT RUN" starttime="20241015 20:26:30.816" endtime="20241015 20:26:30.817"/>
</kw>
<kw name="Call Method" library="BuiltIn">
<arg>${options}</arg>
<arg>add_argument</arg>
<arg>--start-maximized</arg>
<doc>Calls the named method of the given object with the provided arguments.</doc>
<status status="NOT RUN" starttime="20241015 20:26:30.818" endtime="20241015 20:26:30.819"/>
</kw>
<kw name="Call Method" library="BuiltIn">
<arg>${options}</arg>
<arg>add_argument</arg>
<arg>--disable-dev-shm-usage</arg>
<doc>Calls the named method of the given object with the provided arguments.</doc>
<status status="NOT RUN" starttime="20241015 20:26:30.822" endtime="20241015 20:26:30.822"/>
</kw>
<kw name="Call Method" library="BuiltIn">
<arg>${options}</arg>
<arg>add_argument</arg>
<arg>--no-sandbox</arg>
<doc>Calls the named method of the given object with the provided arguments.</doc>
<status status="NOT RUN" starttime="20241015 20:26:30.823" endtime="20241015 20:26:30.824"/>
</kw>
<kw name="Call Method" library="BuiltIn">
<arg>${options}</arg>
<arg>add_argument</arg>
<arg>--disable-gpu</arg>
<doc>Calls the named method of the given object with the provided arguments.</doc>
<status status="NOT RUN" starttime="20241015 20:26:30.826" endtime="20241015 20:26:30.826"/>
</kw>
<kw name="Call Method" library="BuiltIn">
<arg>${options}</arg>
<arg>add_argument</arg>
<arg>--headless</arg>
<doc>Calls the named method of the given object with the provided arguments.</doc>
<status status="NOT RUN" starttime="20241015 20:26:30.827" endtime="20241015 20:26:30.828"/>
</kw>
<kw name="Call Method" library="BuiltIn">
<arg>${options}</arg>
<arg>add_argument</arg>
<arg>--devtools.debugger.force-local</arg>
<doc>Calls the named method of the given object with the provided arguments.</doc>
<status status="NOT RUN" starttime="20241015 20:26:30.829" endtime="20241015 20:26:30.829"/>
</kw>
<kw name="Call Method" library="BuiltIn">
<arg>${options}</arg>
<arg>add_argument</arg>
<arg>--devtools.debugger.remote-enabled</arg>
<doc>Calls the named method of the given object with the provided arguments.</doc>
<status status="NOT RUN" starttime="20241015 20:26:30.830" endtime="20241015 20:26:30.832"/>
</kw>
<kw name="Call Method" library="BuiltIn">
<arg>${options}</arg>
<arg>add_argument</arg>
<arg>--devtools.chrome.enabled</arg>
<doc>Calls the named method of the given object with the provided arguments.</doc>
<status status="NOT RUN" starttime="20241015 20:26:30.833" endtime="20241015 20:26:30.833"/>
</kw>
<kw name="Call Method" library="BuiltIn">
<arg>${options}</arg>
<arg>add_argument</arg>
<arg>--devtools.debugger.prompt-connection</arg>
<doc>Calls the named method of the given object with the provided arguments.</doc>
<status status="NOT RUN" starttime="20241015 20:26:30.834" endtime="20241015 20:26:30.835"/>
</kw>
<kw name="Call Method" library="BuiltIn">
<arg>${options}</arg>
<arg>add_argument</arg>
<arg>--browser.dom.window.dump.enabled</arg>
<doc>Calls the named method of the given object with the provided arguments.</doc>
<status status="NOT RUN" starttime="20241015 20:26:30.837" endtime="20241015 20:26:30.838"/>
</kw>
<return>
<value>${options}</value>
<status status="NOT RUN" starttime="20241015 20:26:30.840" endtime="20241015 20:26:30.841"/>
</return>
<status status="NOT RUN" starttime="20241015 20:26:30.811" endtime="20241015 20:26:30.844"/>
</branch>
<branch type="ELSE IF" condition="&quot;${Browser}&quot; == &quot;chrome&quot;">
<kw name="Evaluate" library="BuiltIn">
<var>${options}</var>
<arg>selenium.webdriver.ChromeOptions()</arg>
<doc>Evaluates the given expression in Python and returns the result.</doc>
<msg timestamp="20241015 20:26:30.847" level="INFO">${options} = &lt;selenium.webdriver.chrome.options.Options object at 0x0000022BB124C080&gt;</msg>
<status status="PASS" starttime="20241015 20:26:30.846" endtime="20241015 20:26:30.848"/>
</kw>
<kw name="Call Method" library="BuiltIn">
<arg>${options}</arg>
<arg>add_argument</arg>
<arg>--start-maximized</arg>
<doc>Calls the named method of the given object with the provided arguments.</doc>
<status status="PASS" starttime="20241015 20:26:30.848" endtime="20241015 20:26:30.849"/>
</kw>
<kw name="Call Method" library="BuiltIn">
<arg>${options}</arg>
<arg>add_argument</arg>
<arg>--disable-dev-shm-usage</arg>
<doc>Calls the named method of the given object with the provided arguments.</doc>
<status status="PASS" starttime="20241015 20:26:30.850" endtime="20241015 20:26:30.852"/>
</kw>
<kw name="Call Method" library="BuiltIn">
<arg>${options}</arg>
<arg>add_argument</arg>
<arg>--no-sandbox</arg>
<doc>Calls the named method of the given object with the provided arguments.</doc>
<status status="PASS" starttime="20241015 20:26:30.853" endtime="20241015 20:26:30.854"/>
</kw>
<kw name="Call Method" library="BuiltIn">
<arg>${options}</arg>
<arg>add_argument</arg>
<arg>--headless</arg>
<doc>Calls the named method of the given object with the provided arguments.</doc>
<status status="PASS" starttime="20241015 20:26:30.855" endtime="20241015 20:26:30.855"/>
</kw>
<kw name="Call Method" library="BuiltIn">
<arg>${options}</arg>
<arg>add_argument</arg>
<arg>--disable-gpu</arg>
<doc>Calls the named method of the given object with the provided arguments.</doc>
<status status="PASS" starttime="20241015 20:26:30.857" endtime="20241015 20:26:30.858"/>
</kw>
<kw name="Call Method" library="BuiltIn">
<arg>${options}</arg>
<arg>add_argument</arg>
<arg>--ignore-certificate-errors</arg>
<doc>Calls the named method of the given object with the provided arguments.</doc>
<status status="PASS" starttime="20241015 20:26:30.859" endtime="20241015 20:26:30.860"/>
</kw>
<kw name="Call Method" library="BuiltIn">
<arg>${options}</arg>
<arg>add_argument</arg>
<arg>--disable-extensions</arg>
<doc>Calls the named method of the given object with the provided arguments.</doc>
<status status="PASS" starttime="20241015 20:26:30.863" endtime="20241015 20:26:30.863"/>
</kw>
<kw name="Call Method" library="BuiltIn">
<arg>${options}</arg>
<arg>add_argument</arg>
<arg>--no-user-gesture-required</arg>
<doc>Calls the named method of the given object with the provided arguments.</doc>
<status status="PASS" starttime="20241015 20:26:30.865" endtime="20241015 20:26:30.866"/>
</kw>
<kw name="Call Method" library="BuiltIn">
<arg>${options}</arg>
<arg>add_argument</arg>
<arg>--no-first-run</arg>
<doc>Calls the named method of the given object with the provided arguments.</doc>
<status status="PASS" starttime="20241015 20:26:30.867" endtime="20241015 20:26:30.868"/>
</kw>
<kw name="Call Method" library="BuiltIn">
<arg>${options}</arg>
<arg>add_argument</arg>
<arg>--use-fake-ui-for-media-stream</arg>
<doc>Calls the named method of the given object with the provided arguments.</doc>
<status status="PASS" starttime="20241015 20:26:30.870" endtime="20241015 20:26:30.872"/>
</kw>
<kw name="Call Method" library="BuiltIn">
<arg>${options}</arg>
<arg>add_argument</arg>
<arg>--use-fake-device-for-media-stream</arg>
<doc>Calls the named method of the given object with the provided arguments.</doc>
<status status="PASS" starttime="20241015 20:26:30.874" endtime="20241015 20:26:30.875"/>
</kw>
<kw name="Call Method" library="BuiltIn">
<arg>${options}</arg>
<arg>add_argument</arg>
<arg>--disable-sync</arg>
<doc>Calls the named method of the given object with the provided arguments.</doc>
<status status="PASS" starttime="20241015 20:26:30.877" endtime="20241015 20:26:30.878"/>
</kw>
<return>
<value>${options}</value>
<status status="PASS" starttime="20241015 20:26:30.880" endtime="20241015 20:26:30.880"/>
</return>
<status status="PASS" starttime="20241015 20:26:30.845" endtime="20241015 20:26:30.882"/>
</branch>
<status status="PASS" starttime="20241015 20:26:30.811" endtime="20241015 20:26:30.886"/>
</if>
<msg timestamp="20241015 20:26:30.886" level="INFO">${options} = &lt;selenium.webdriver.chrome.options.Options object at 0x0000022BB124C080&gt;</msg>
<status status="PASS" starttime="20241015 20:26:30.810" endtime="20241015 20:26:30.887"/>
</kw>
<if>
<branch type="IF" condition="&quot;${Env}&quot; == &quot;prod&quot;">
<kw name="Open Browser" library="SeleniumLibrary">
<arg>https://www.barrons.com</arg>
<arg>${Browser}</arg>
<arg>options=${options}</arg>
<doc>Opens a new browser instance to the optional ``url``.</doc>
<status status="NOT RUN" starttime="20241015 20:26:30.888" endtime="20241015 20:26:30.889"/>
</kw>
<kw name="Go To" library="SeleniumLibrary">
<arg>https://www.barrons.com/articles/wendys-wen-stock-earnings-51652268634</arg>
<doc>Navigates the current browser window to the provided ``url``.</doc>
<status status="NOT RUN" starttime="20241015 20:26:30.891" endtime="20241015 20:26:30.891"/>
</kw>
<status status="NOT RUN" starttime="20241015 20:26:30.888" endtime="20241015 20:26:30.894"/>
</branch>
<branch type="ELSE IF" condition="&quot;${Env}&quot; == &quot;dev&quot;">
<kw name="Open Browser" library="SeleniumLibrary">
<arg>https://www.barrons.com</arg>
<arg>${Browser}</arg>
<arg>options=${options}</arg>
<doc>Opens a new browser instance to the optional ``url``.</doc>
<msg timestamp="20241015 20:26:30.897" level="INFO">Opening browser 'chrome' to base url 'https://www.barrons.com'.</msg>
<msg timestamp="20241015 20:26:31.754" level="INFO">Completed setup!</msg>
<msg timestamp="20241015 20:26:32.509" level="INFO">Cannot capture screenshot because no browser is open.</msg>
<msg timestamp="20241015 20:26:32.510" level="FAIL">WebDriverException: Message: Automate testing time expired.
</msg>
<status status="FAIL" starttime="20241015 20:26:30.896" endtime="20241015 20:26:32.518"/>
</kw>
<kw name="Go To" library="SeleniumLibrary">
<arg>https://www.s.dev.barrons.com/articles/buy-under-armour-stock-pick-51650672000</arg>
<doc>Navigates the current browser window to the provided ``url``.</doc>
<status status="NOT RUN" starttime="20241015 20:26:32.520" endtime="20241015 20:26:32.520"/>
</kw>
<status status="FAIL" starttime="20241015 20:26:30.895" endtime="20241015 20:26:32.522"/>
</branch>
<status status="FAIL" starttime="20241015 20:26:30.888" endtime="20241015 20:26:32.523"/>
</if>
<kw name="Wait Until Page Contains Element" library="SeleniumLibrary">
<arg>dom:${JSFollowButtonBarronsPath}</arg>
<doc>Waits until the element ``locator`` appears on the current page.</doc>
<status status="NOT RUN" starttime="20241015 20:26:32.523" endtime="20241015 20:26:32.524"/>
</kw>
<kw name="Maximize Browser Window" library="SeleniumLibrary">
<doc>Maximizes current browser window.</doc>
<status status="NOT RUN" starttime="20241015 20:26:32.525" endtime="20241015 20:26:32.525"/>
</kw>
<status status="FAIL" starttime="20241015 20:26:30.805" endtime="20241015 20:26:32.526"/>
</kw>
<kw name="Finish Testcase" library="CommonFunctionality" type="TEARDOWN">
<kw name="Close Browser" library="SeleniumLibrary">
<doc>Closes the current browser.</doc>
<status status="PASS" starttime="20241015 20:26:32.528" endtime="20241015 20:26:32.529"/>
</kw>
<status status="PASS" starttime="20241015 20:26:32.528" endtime="20241015 20:26:32.530"/>
</kw>
<doc>This test case validates the barrons preference center page Logout</doc>
<tag>Barrons</tag>
<tag>PreferenceCenter</tag>
<tag>Regression</tag>
<tag>TagBN</tag>
<status status="FAIL" starttime="20241015 20:26:30.801" endtime="20241015 20:26:32.532">Setup failed:
WebDriverException: Message: Automate testing time expired.
</status>
</test>
<doc>Barrons Regression Tests</doc>
<status status="FAIL" starttime="20241015 20:26:30.451" endtime="20241015 20:26:32.534"/>
</suite>
<status status="FAIL" starttime="20241015 20:26:30.446" endtime="20241015 20:26:32.535"/>
</suite>
<status status="FAIL" starttime="20241015 20:26:30.441" endtime="20241015 20:26:32.536"/>
</suite>
<status status="FAIL" starttime="20241015 20:26:30.436" endtime="20241015 20:26:32.537"/>
</suite>
<status status="FAIL" starttime="20241015 20:26:30.432" endtime="20241015 20:26:32.538"/>
</suite>
<doc>[https://pabot.org/?ref=log|Pabot] result from 2 executions.</doc>
<status status="FAIL" starttime="20241015 20:26:30.409" endtime="20241015 20:26:32.539"/>
</suite>
<statistics>
<total>
<stat pass="0" fail="1" skip="0">All Tests</stat>
</total>
<tag>
<stat pass="0" fail="1" skip="0">Barrons</stat>
<stat pass="0" fail="1" skip="0">PreferenceCenter</stat>
<stat pass="0" fail="1" skip="0">Regression</stat>
<stat pass="0" fail="1" skip="0">TagBN</stat>
</tag>
<suite>
<stat pass="0" fail="1" skip="0" id="s1" name="Userservices-Qa-Automation">Userservices-Qa-Automation</stat>
<stat pass="0" fail="1" skip="0" id="s1-s1" name="Panda-Qa">Userservices-Qa-Automation.Panda-Qa</stat>
<stat pass="0" fail="1" skip="0" id="s1-s1-s1" name="Tests">Userservices-Qa-Automation.Panda-Qa.Tests</stat>
<stat pass="0" fail="1" skip="0" id="s1-s1-s1-s1" name="FollowWidget">Userservices-Qa-Automation.Panda-Qa.Tests.FollowWidget</stat>
<stat pass="0" fail="1" skip="0" id="s1-s1-s1-s1-s1" name="Regression">Userservices-Qa-Automation.Panda-Qa.Tests.FollowWidget.Regression</stat>
<stat pass="0" fail="1" skip="0" id="s1-s1-s1-s1-s1-s1" name="Barrons Regression">Userservices-Qa-Automation.Panda-Qa.Tests.FollowWidget.Regression.Barrons Regression</stat>
</suite>
</statistics>
<errors>
</errors>
</robot>
