<?xml version="1.0" encoding="UTF-8"?>
<robot generator="Robot 6.1.1 (Python 3.12.0 on win32)" generated="20231226 13:41:55.482" rpa="false" schemaversion="4">
<suite id="s1" name="Barrons Smoke" source="D:\Codes\Jenkins_2050\userservices-qa-automation\panda-qa\Tests\FollowWidget\Smoke\Barrons_Smoke.robot">
<test id="s1-t1" name="Validate the author follow button from articles page" line="20">
<kw name="Start Barrons Article" library="CommonFunctionality" type="SETUP">
<kw name="Set Selenium Speed" library="SeleniumLibrary">
<arg>0.5 seconds</arg>
<doc>Sets the delay that is waited after each Selenium command.</doc>
<status status="PASS" starttime="20231226 13:41:56.054" endtime="20231226 13:41:56.054"/>
</kw>
<if>
<branch type="IF" condition="${Env} == &quot;prod&quot;">
<kw name="Open Browser" library="SeleniumLibrary">
<arg>https://www.barrons.com</arg>
<arg>${Browser}</arg>
<doc>Opens a new browser instance to the optional ``url``.</doc>
<status status="NOT RUN" starttime="20231226 13:41:56.054" endtime="20231226 13:41:56.054"/>
</kw>
<kw name="Go To" library="SeleniumLibrary">
<arg>https://www.barrons.com/articles/wendys-wen-stock-earnings-51652268634</arg>
<doc>Navigates the current browser window to the provided ``url``.</doc>
<status status="NOT RUN" starttime="20231226 13:41:56.055" endtime="20231226 13:41:56.055"/>
</kw>
<status status="NOT RUN" starttime="20231226 13:41:56.054" endtime="20231226 13:41:56.055"/>
</branch>
<branch type="ELSE IF" condition="${Env} == &quot;dev&quot;">
<kw name="Open Browser" library="SeleniumLibrary">
<arg>https://www.s.dev.barrons.com</arg>
<arg>${Browser}</arg>
<doc>Opens a new browser instance to the optional ``url``.</doc>
<status status="NOT RUN" starttime="20231226 13:41:56.055" endtime="20231226 13:41:56.055"/>
</kw>
<kw name="Go To" library="SeleniumLibrary">
<arg>https://www.s.dev.barrons.com/articles/buy-under-armour-stock-pick-51650672000</arg>
<doc>Navigates the current browser window to the provided ``url``.</doc>
<status status="NOT RUN" starttime="20231226 13:41:56.055" endtime="20231226 13:41:56.055"/>
</kw>
<status status="NOT RUN" starttime="20231226 13:41:56.055" endtime="20231226 13:41:56.055"/>
</branch>
<status status="PASS" starttime="20231226 13:41:56.054" endtime="20231226 13:41:56.055"/>
</if>
<kw name="Wait Until Page Contains Element" library="SeleniumLibrary">
<arg>dom:${JSFollowButtonBarronsPath}</arg>
<doc>Waits until the element ``locator`` appears on the current page.</doc>
<msg timestamp="20231226 13:41:56.057" level="INFO">Cannot capture screenshot because no browser is open.</msg>
<msg timestamp="20231226 13:41:56.057" level="FAIL">No browser is open.</msg>
<status status="FAIL" starttime="20231226 13:41:56.055" endtime="20231226 13:41:56.068"/>
</kw>
<kw name="Maximize Browser Window" library="SeleniumLibrary">
<doc>Maximizes current browser window.</doc>
<status status="NOT RUN" starttime="20231226 13:41:56.068" endtime="20231226 13:41:56.068"/>
</kw>
<status status="FAIL" starttime="20231226 13:41:56.054" endtime="20231226 13:41:56.068"/>
</kw>
<kw name="Finish Testcase" library="CommonFunctionality" type="TEARDOWN">
<kw name="Close Browser" library="SeleniumLibrary">
<doc>Closes the current browser.</doc>
<status status="PASS" starttime="20231226 13:41:56.070" endtime="20231226 13:41:56.070"/>
</kw>
<status status="PASS" starttime="20231226 13:41:56.069" endtime="20231226 13:41:56.070"/>
</kw>
<doc>This test case validates the author follow button from articles page</doc>
<tag>Barrons</tag>
<tag>Follow Article</tag>
<tag>Smoke</tag>
<status status="FAIL" starttime="20231226 13:41:56.052" endtime="20231226 13:41:56.070">Setup failed:
No browser is open.</status>
</test>
<test id="s1-t2" name="Validate the follow button from authors page" line="46">
<kw name="Start Barrons Article" library="CommonFunctionality" type="SETUP">
<kw name="Set Selenium Speed" library="SeleniumLibrary">
<arg>0.5 seconds</arg>
<doc>Sets the delay that is waited after each Selenium command.</doc>
<status status="PASS" starttime="20231226 13:41:56.072" endtime="20231226 13:41:56.072"/>
</kw>
<if>
<branch type="IF" condition="${Env} == &quot;prod&quot;">
<kw name="Open Browser" library="SeleniumLibrary">
<arg>https://www.barrons.com</arg>
<arg>${Browser}</arg>
<doc>Opens a new browser instance to the optional ``url``.</doc>
<status status="NOT RUN" starttime="20231226 13:41:56.073" endtime="20231226 13:41:56.073"/>
</kw>
<kw name="Go To" library="SeleniumLibrary">
<arg>https://www.barrons.com/articles/wendys-wen-stock-earnings-51652268634</arg>
<doc>Navigates the current browser window to the provided ``url``.</doc>
<status status="NOT RUN" starttime="20231226 13:41:56.073" endtime="20231226 13:41:56.073"/>
</kw>
<status status="NOT RUN" starttime="20231226 13:41:56.072" endtime="20231226 13:41:56.073"/>
</branch>
<branch type="ELSE IF" condition="${Env} == &quot;dev&quot;">
<kw name="Open Browser" library="SeleniumLibrary">
<arg>https://www.s.dev.barrons.com</arg>
<arg>${Browser}</arg>
<doc>Opens a new browser instance to the optional ``url``.</doc>
<status status="NOT RUN" starttime="20231226 13:41:56.073" endtime="20231226 13:41:56.073"/>
</kw>
<kw name="Go To" library="SeleniumLibrary">
<arg>https://www.s.dev.barrons.com/articles/buy-under-armour-stock-pick-51650672000</arg>
<doc>Navigates the current browser window to the provided ``url``.</doc>
<status status="NOT RUN" starttime="20231226 13:41:56.073" endtime="20231226 13:41:56.073"/>
</kw>
<status status="NOT RUN" starttime="20231226 13:41:56.073" endtime="20231226 13:41:56.073"/>
</branch>
<status status="PASS" starttime="20231226 13:41:56.072" endtime="20231226 13:41:56.073"/>
</if>
<kw name="Wait Until Page Contains Element" library="SeleniumLibrary">
<arg>dom:${JSFollowButtonBarronsPath}</arg>
<doc>Waits until the element ``locator`` appears on the current page.</doc>
<msg timestamp="20231226 13:41:56.075" level="INFO">Cannot capture screenshot because no browser is open.</msg>
<msg timestamp="20231226 13:41:56.075" level="FAIL">No browser is open.</msg>
<status status="FAIL" starttime="20231226 13:41:56.073" endtime="20231226 13:41:56.076"/>
</kw>
<kw name="Maximize Browser Window" library="SeleniumLibrary">
<doc>Maximizes current browser window.</doc>
<status status="NOT RUN" starttime="20231226 13:41:56.076" endtime="20231226 13:41:56.076"/>
</kw>
<status status="FAIL" starttime="20231226 13:41:56.072" endtime="20231226 13:41:56.076"/>
</kw>
<kw name="Finish Testcase" library="CommonFunctionality" type="TEARDOWN">
<kw name="Close Browser" library="SeleniumLibrary">
<doc>Closes the current browser.</doc>
<status status="PASS" starttime="20231226 13:41:56.077" endtime="20231226 13:41:56.077"/>
</kw>
<status status="PASS" starttime="20231226 13:41:56.076" endtime="20231226 13:41:56.077"/>
</kw>
<doc>This test case validates the follow button from authors page</doc>
<tag>Author</tag>
<tag>Barrons</tag>
<tag>Follow</tag>
<tag>Smoke</tag>
<status status="FAIL" starttime="20231226 13:41:56.071" endtime="20231226 13:41:56.077">Setup failed:
No browser is open.</status>
</test>
<test id="s1-t3" name="Validate the stock pick follow button from articles page" line="65">
<kw name="Start Barrons Article" library="CommonFunctionality" type="SETUP">
<kw name="Set Selenium Speed" library="SeleniumLibrary">
<arg>0.5 seconds</arg>
<doc>Sets the delay that is waited after each Selenium command.</doc>
<status status="PASS" starttime="20231226 13:41:56.079" endtime="20231226 13:41:56.079"/>
</kw>
<if>
<branch type="IF" condition="${Env} == &quot;prod&quot;">
<kw name="Open Browser" library="SeleniumLibrary">
<arg>https://www.barrons.com</arg>
<arg>${Browser}</arg>
<doc>Opens a new browser instance to the optional ``url``.</doc>
<status status="NOT RUN" starttime="20231226 13:41:56.080" endtime="20231226 13:41:56.080"/>
</kw>
<kw name="Go To" library="SeleniumLibrary">
<arg>https://www.barrons.com/articles/wendys-wen-stock-earnings-51652268634</arg>
<doc>Navigates the current browser window to the provided ``url``.</doc>
<status status="NOT RUN" starttime="20231226 13:41:56.080" endtime="20231226 13:41:56.080"/>
</kw>
<status status="NOT RUN" starttime="20231226 13:41:56.079" endtime="20231226 13:41:56.080"/>
</branch>
<branch type="ELSE IF" condition="${Env} == &quot;dev&quot;">
<kw name="Open Browser" library="SeleniumLibrary">
<arg>https://www.s.dev.barrons.com</arg>
<arg>${Browser}</arg>
<doc>Opens a new browser instance to the optional ``url``.</doc>
<status status="NOT RUN" starttime="20231226 13:41:56.080" endtime="20231226 13:41:56.080"/>
</kw>
<kw name="Go To" library="SeleniumLibrary">
<arg>https://www.s.dev.barrons.com/articles/buy-under-armour-stock-pick-51650672000</arg>
<doc>Navigates the current browser window to the provided ``url``.</doc>
<status status="NOT RUN" starttime="20231226 13:41:56.080" endtime="20231226 13:41:56.080"/>
</kw>
<status status="NOT RUN" starttime="20231226 13:41:56.080" endtime="20231226 13:41:56.080"/>
</branch>
<status status="PASS" starttime="20231226 13:41:56.079" endtime="20231226 13:41:56.080"/>
</if>
<kw name="Wait Until Page Contains Element" library="SeleniumLibrary">
<arg>dom:${JSFollowButtonBarronsPath}</arg>
<doc>Waits until the element ``locator`` appears on the current page.</doc>
<msg timestamp="20231226 13:41:56.082" level="INFO">Cannot capture screenshot because no browser is open.</msg>
<msg timestamp="20231226 13:41:56.082" level="FAIL">No browser is open.</msg>
<status status="FAIL" starttime="20231226 13:41:56.080" endtime="20231226 13:41:56.083"/>
</kw>
<kw name="Maximize Browser Window" library="SeleniumLibrary">
<doc>Maximizes current browser window.</doc>
<status status="NOT RUN" starttime="20231226 13:41:56.083" endtime="20231226 13:41:56.083"/>
</kw>
<status status="FAIL" starttime="20231226 13:41:56.079" endtime="20231226 13:41:56.083"/>
</kw>
<kw name="Finish Testcase" library="CommonFunctionality" type="TEARDOWN">
<kw name="Close Browser" library="SeleniumLibrary">
<doc>Closes the current browser.</doc>
<status status="PASS" starttime="20231226 13:41:56.084" endtime="20231226 13:41:56.084"/>
</kw>
<status status="PASS" starttime="20231226 13:41:56.084" endtime="20231226 13:41:56.084"/>
</kw>
<doc>This test case validates the stock pick follow button from articles page</doc>
<tag>Barrons</tag>
<tag>CustomTopic</tag>
<tag>Follow</tag>
<tag>Smoke</tag>
<status status="FAIL" starttime="20231226 13:41:56.079" endtime="20231226 13:41:56.085">Setup failed:
No browser is open.</status>
</test>
<test id="s1-t4" name="Validate the Barrons Preference Center page" line="83">
<kw name="Start Barrons Article" library="CommonFunctionality" type="SETUP">
<kw name="Set Selenium Speed" library="SeleniumLibrary">
<arg>0.5 seconds</arg>
<doc>Sets the delay that is waited after each Selenium command.</doc>
<status status="PASS" starttime="20231226 13:41:56.087" endtime="20231226 13:41:56.087"/>
</kw>
<if>
<branch type="IF" condition="${Env} == &quot;prod&quot;">
<kw name="Open Browser" library="SeleniumLibrary">
<arg>https://www.barrons.com</arg>
<arg>${Browser}</arg>
<doc>Opens a new browser instance to the optional ``url``.</doc>
<status status="NOT RUN" starttime="20231226 13:41:56.087" endtime="20231226 13:41:56.087"/>
</kw>
<kw name="Go To" library="SeleniumLibrary">
<arg>https://www.barrons.com/articles/wendys-wen-stock-earnings-51652268634</arg>
<doc>Navigates the current browser window to the provided ``url``.</doc>
<status status="NOT RUN" starttime="20231226 13:41:56.087" endtime="20231226 13:41:56.087"/>
</kw>
<status status="NOT RUN" starttime="20231226 13:41:56.087" endtime="20231226 13:41:56.087"/>
</branch>
<branch type="ELSE IF" condition="${Env} == &quot;dev&quot;">
<kw name="Open Browser" library="SeleniumLibrary">
<arg>https://www.s.dev.barrons.com</arg>
<arg>${Browser}</arg>
<doc>Opens a new browser instance to the optional ``url``.</doc>
<status status="NOT RUN" starttime="20231226 13:41:56.088" endtime="20231226 13:41:56.088"/>
</kw>
<kw name="Go To" library="SeleniumLibrary">
<arg>https://www.s.dev.barrons.com/articles/buy-under-armour-stock-pick-51650672000</arg>
<doc>Navigates the current browser window to the provided ``url``.</doc>
<status status="NOT RUN" starttime="20231226 13:41:56.088" endtime="20231226 13:41:56.088"/>
</kw>
<status status="NOT RUN" starttime="20231226 13:41:56.087" endtime="20231226 13:41:56.088"/>
</branch>
<status status="PASS" starttime="20231226 13:41:56.087" endtime="20231226 13:41:56.088"/>
</if>
<kw name="Wait Until Page Contains Element" library="SeleniumLibrary">
<arg>dom:${JSFollowButtonBarronsPath}</arg>
<doc>Waits until the element ``locator`` appears on the current page.</doc>
<msg timestamp="20231226 13:41:56.089" level="INFO">Cannot capture screenshot because no browser is open.</msg>
<msg timestamp="20231226 13:41:56.089" level="FAIL">No browser is open.</msg>
<status status="FAIL" starttime="20231226 13:41:56.088" endtime="20231226 13:41:56.090"/>
</kw>
<kw name="Maximize Browser Window" library="SeleniumLibrary">
<doc>Maximizes current browser window.</doc>
<status status="NOT RUN" starttime="20231226 13:41:56.091" endtime="20231226 13:41:56.091"/>
</kw>
<status status="FAIL" starttime="20231226 13:41:56.087" endtime="20231226 13:41:56.091"/>
</kw>
<kw name="Finish Testcase" library="CommonFunctionality" type="TEARDOWN">
<kw name="Close Browser" library="SeleniumLibrary">
<doc>Closes the current browser.</doc>
<status status="PASS" starttime="20231226 13:41:56.092" endtime="20231226 13:41:56.092"/>
</kw>
<status status="PASS" starttime="20231226 13:41:56.091" endtime="20231226 13:41:56.092"/>
</kw>
<doc>This test case validates the barrons preference center page</doc>
<tag>Barrons</tag>
<tag>PreferenceCenter</tag>
<tag>Smoke</tag>
<status status="FAIL" starttime="20231226 13:41:56.086" endtime="20231226 13:41:56.092">Setup failed:
No browser is open.</status>
</test>
<test id="s1-t5" name="Validate the stock pick follow button from stock pick page" line="101">
<kw name="Start Barrons Article" library="CommonFunctionality" type="SETUP">
<kw name="Set Selenium Speed" library="SeleniumLibrary">
<arg>0.5 seconds</arg>
<doc>Sets the delay that is waited after each Selenium command.</doc>
<status status="PASS" starttime="20231226 13:41:56.094" endtime="20231226 13:41:56.095"/>
</kw>
<if>
<branch type="IF" condition="${Env} == &quot;prod&quot;">
<kw name="Open Browser" library="SeleniumLibrary">
<arg>https://www.barrons.com</arg>
<arg>${Browser}</arg>
<doc>Opens a new browser instance to the optional ``url``.</doc>
<status status="NOT RUN" starttime="20231226 13:41:56.095" endtime="20231226 13:41:56.095"/>
</kw>
<kw name="Go To" library="SeleniumLibrary">
<arg>https://www.barrons.com/articles/wendys-wen-stock-earnings-51652268634</arg>
<doc>Navigates the current browser window to the provided ``url``.</doc>
<status status="NOT RUN" starttime="20231226 13:41:56.095" endtime="20231226 13:41:56.095"/>
</kw>
<status status="NOT RUN" starttime="20231226 13:41:56.095" endtime="20231226 13:41:56.095"/>
</branch>
<branch type="ELSE IF" condition="${Env} == &quot;dev&quot;">
<kw name="Open Browser" library="SeleniumLibrary">
<arg>https://www.s.dev.barrons.com</arg>
<arg>${Browser}</arg>
<doc>Opens a new browser instance to the optional ``url``.</doc>
<status status="NOT RUN" starttime="20231226 13:41:56.096" endtime="20231226 13:41:56.096"/>
</kw>
<kw name="Go To" library="SeleniumLibrary">
<arg>https://www.s.dev.barrons.com/articles/buy-under-armour-stock-pick-51650672000</arg>
<doc>Navigates the current browser window to the provided ``url``.</doc>
<status status="NOT RUN" starttime="20231226 13:41:56.096" endtime="20231226 13:41:56.096"/>
</kw>
<status status="NOT RUN" starttime="20231226 13:41:56.095" endtime="20231226 13:41:56.096"/>
</branch>
<status status="PASS" starttime="20231226 13:41:56.095" endtime="20231226 13:41:56.096"/>
</if>
<kw name="Wait Until Page Contains Element" library="SeleniumLibrary">
<arg>dom:${JSFollowButtonBarronsPath}</arg>
<doc>Waits until the element ``locator`` appears on the current page.</doc>
<msg timestamp="20231226 13:41:56.097" level="INFO">Cannot capture screenshot because no browser is open.</msg>
<msg timestamp="20231226 13:41:56.097" level="FAIL">No browser is open.</msg>
<status status="FAIL" starttime="20231226 13:41:56.096" endtime="20231226 13:41:56.099"/>
</kw>
<kw name="Maximize Browser Window" library="SeleniumLibrary">
<doc>Maximizes current browser window.</doc>
<status status="NOT RUN" starttime="20231226 13:41:56.099" endtime="20231226 13:41:56.099"/>
</kw>
<status status="FAIL" starttime="20231226 13:41:56.094" endtime="20231226 13:41:56.099"/>
</kw>
<kw name="Finish Testcase" library="CommonFunctionality" type="TEARDOWN">
<kw name="Close Browser" library="SeleniumLibrary">
<doc>Closes the current browser.</doc>
<status status="PASS" starttime="20231226 13:41:56.100" endtime="20231226 13:41:56.101"/>
</kw>
<status status="PASS" starttime="20231226 13:41:56.100" endtime="20231226 13:41:56.101"/>
</kw>
<doc>This test case validates the stock pick follow button from stock pick page</doc>
<tag>Barrons</tag>
<tag>CustomTopic</tag>
<tag>Follow</tag>
<tag>Smoke</tag>
<status status="FAIL" starttime="20231226 13:41:56.093" endtime="20231226 13:41:56.101">Setup failed:
No browser is open.</status>
</test>
<doc>Barrons Smoke Tests</doc>
<status status="FAIL" starttime="20231226 13:41:55.484" endtime="20231226 13:41:56.103"/>
</suite>
<statistics>
<total>
<stat pass="0" fail="5" skip="0">All Tests</stat>
</total>
<tag>
<stat pass="0" fail="1" skip="0">Author</stat>
<stat pass="0" fail="5" skip="0">Barrons</stat>
<stat pass="0" fail="2" skip="0">CustomTopic</stat>
<stat pass="0" fail="3" skip="0">Follow</stat>
<stat pass="0" fail="1" skip="0">Follow Article</stat>
<stat pass="0" fail="1" skip="0">PreferenceCenter</stat>
<stat pass="0" fail="5" skip="0">Smoke</stat>
</tag>
<suite>
<stat pass="0" fail="5" skip="0" id="s1" name="Barrons Smoke">Barrons Smoke</stat>
</suite>
</statistics>
<errors>
</errors>
</robot>
