<?xml version="1.0" encoding="UTF-8"?>
<robot generator="Robot 6.1.1 (Python 3.12.5 on win32)" generated="20241008 22:31:48.568" rpa="false" schemaversion="4">
<suite id="s1" name="Userservices-Qa-Automation" source="D:\Users\sasikumarj\PycharmProjects\userservices-qa-automation">
<suite id="s1-s1" name="Panda-Qa" source="D:\Users\sasikumarj\PycharmProjects\userservices-qa-automation\panda-qa">
<suite id="s1-s1-s1" name="Tests" source="D:\Users\sasikumarj\PycharmProjects\userservices-qa-automation\panda-qa\Tests">
<suite id="s1-s1-s1-s1" name="FollowWidget" source="D:\Users\sasikumarj\PycharmProjects\userservices-qa-automation\panda-qa\Tests\FollowWidget">
<suite id="s1-s1-s1-s1-s1" name="Smoke" source="D:\Users\sasikumarj\PycharmProjects\userservices-qa-automation\panda-qa\Tests\FollowWidget\Smoke">
<suite id="s1-s1-s1-s1-s1-s1" name="FN Smoke" source="D:\Users\sasikumarj\PycharmProjects\userservices-qa-automation\panda-qa\Tests\FollowWidget\Smoke\FN_Smoke.robot">
<test id="s1-s1-s1-s1-s1-s1-t1" name="Validate the follow button from articles page" line="21">
<kw name="Start FN Article" library="CommonFunctionality" type="SETUP">
<kw name="Set Selenium Speed" library="SeleniumLibrary">
<arg>0.5 seconds</arg>
<doc>Sets the delay that is waited after each Selenium command.</doc>
<status status="PASS" starttime="20241008 22:31:49.102" endtime="20241008 22:31:49.103"/>
</kw>
<kw name="Set Browser Options" library="CommonFunctionality">
<var>${options}</var>
<if>
<branch type="IF" condition="&quot;${Browser}&quot; == &quot;firefox&quot;">
<kw name="Evaluate" library="BuiltIn">
<var>${options}</var>
<arg>selenium.webdriver.FirefoxOptions()</arg>
<doc>Evaluates the given expression in Python and returns the result.</doc>
<status status="NOT RUN" starttime="20241008 22:31:49.103" endtime="20241008 22:31:49.103"/>
</kw>
<kw name="Call Method" library="BuiltIn">
<arg>${options}</arg>
<arg>add_argument</arg>
<arg>--CreateProfile</arg>
<doc>Calls the named method of the given object with the provided arguments.</doc>
<status status="NOT RUN" starttime="20241008 22:31:49.103" endtime="20241008 22:31:49.103"/>
</kw>
<kw name="Call Method" library="BuiltIn">
<arg>${options}</arg>
<arg>add_argument</arg>
<arg>--start-maximized</arg>
<doc>Calls the named method of the given object with the provided arguments.</doc>
<status status="NOT RUN" starttime="20241008 22:31:49.103" endtime="20241008 22:31:49.103"/>
</kw>
<kw name="Call Method" library="BuiltIn">
<arg>${options}</arg>
<arg>add_argument</arg>
<arg>--disable-dev-shm-usage</arg>
<doc>Calls the named method of the given object with the provided arguments.</doc>
<status status="NOT RUN" starttime="20241008 22:31:49.103" endtime="20241008 22:31:49.103"/>
</kw>
<kw name="Call Method" library="BuiltIn">
<arg>${options}</arg>
<arg>add_argument</arg>
<arg>--no-sandbox</arg>
<doc>Calls the named method of the given object with the provided arguments.</doc>
<status status="NOT RUN" starttime="20241008 22:31:49.104" endtime="20241008 22:31:49.104"/>
</kw>
<kw name="Call Method" library="BuiltIn">
<arg>${options}</arg>
<arg>add_argument</arg>
<arg>--disable-gpu</arg>
<doc>Calls the named method of the given object with the provided arguments.</doc>
<status status="NOT RUN" starttime="20241008 22:31:49.104" endtime="20241008 22:31:49.104"/>
</kw>
<kw name="Call Method" library="BuiltIn">
<arg>${options}</arg>
<arg>add_argument</arg>
<arg>--headless</arg>
<doc>Calls the named method of the given object with the provided arguments.</doc>
<status status="NOT RUN" starttime="20241008 22:31:49.104" endtime="20241008 22:31:49.104"/>
</kw>
<kw name="Call Method" library="BuiltIn">
<arg>${options}</arg>
<arg>add_argument</arg>
<arg>--devtools.debugger.force-local</arg>
<doc>Calls the named method of the given object with the provided arguments.</doc>
<status status="NOT RUN" starttime="20241008 22:31:49.104" endtime="20241008 22:31:49.104"/>
</kw>
<kw name="Call Method" library="BuiltIn">
<arg>${options}</arg>
<arg>add_argument</arg>
<arg>--devtools.debugger.remote-enabled</arg>
<doc>Calls the named method of the given object with the provided arguments.</doc>
<status status="NOT RUN" starttime="20241008 22:31:49.104" endtime="20241008 22:31:49.104"/>
</kw>
<kw name="Call Method" library="BuiltIn">
<arg>${options}</arg>
<arg>add_argument</arg>
<arg>--devtools.chrome.enabled</arg>
<doc>Calls the named method of the given object with the provided arguments.</doc>
<status status="NOT RUN" starttime="20241008 22:31:49.104" endtime="20241008 22:31:49.104"/>
</kw>
<kw name="Call Method" library="BuiltIn">
<arg>${options}</arg>
<arg>add_argument</arg>
<arg>--devtools.debugger.prompt-connection</arg>
<doc>Calls the named method of the given object with the provided arguments.</doc>
<status status="NOT RUN" starttime="20241008 22:31:49.104" endtime="20241008 22:31:49.104"/>
</kw>
<kw name="Call Method" library="BuiltIn">
<arg>${options}</arg>
<arg>add_argument</arg>
<arg>--browser.dom.window.dump.enabled</arg>
<doc>Calls the named method of the given object with the provided arguments.</doc>
<status status="NOT RUN" starttime="20241008 22:31:49.104" endtime="20241008 22:31:49.104"/>
</kw>
<return>
<value>${options}</value>
<status status="NOT RUN" starttime="20241008 22:31:49.104" endtime="20241008 22:31:49.104"/>
</return>
<status status="NOT RUN" starttime="20241008 22:31:49.103" endtime="20241008 22:31:49.104"/>
</branch>
<branch type="ELSE IF" condition="&quot;${Browser}&quot; == &quot;chrome&quot;">
<kw name="Evaluate" library="BuiltIn">
<var>${options}</var>
<arg>selenium.webdriver.ChromeOptions()</arg>
<doc>Evaluates the given expression in Python and returns the result.</doc>
<status status="NOT RUN" starttime="20241008 22:31:49.104" endtime="20241008 22:31:49.104"/>
</kw>
<kw name="Call Method" library="BuiltIn">
<arg>${options}</arg>
<arg>add_argument</arg>
<arg>--start-maximized</arg>
<doc>Calls the named method of the given object with the provided arguments.</doc>
<status status="NOT RUN" starttime="20241008 22:31:49.104" endtime="20241008 22:31:49.105"/>
</kw>
<kw name="Call Method" library="BuiltIn">
<arg>${options}</arg>
<arg>add_argument</arg>
<arg>--disable-dev-shm-usage</arg>
<doc>Calls the named method of the given object with the provided arguments.</doc>
<status status="NOT RUN" starttime="20241008 22:31:49.105" endtime="20241008 22:31:49.105"/>
</kw>
<kw name="Call Method" library="BuiltIn">
<arg>${options}</arg>
<arg>add_argument</arg>
<arg>--no-sandbox</arg>
<doc>Calls the named method of the given object with the provided arguments.</doc>
<status status="NOT RUN" starttime="20241008 22:31:49.105" endtime="20241008 22:31:49.105"/>
</kw>
<kw name="Call Method" library="BuiltIn">
<arg>${options}</arg>
<arg>add_argument</arg>
<arg>--headless</arg>
<doc>Calls the named method of the given object with the provided arguments.</doc>
<status status="NOT RUN" starttime="20241008 22:31:49.105" endtime="20241008 22:31:49.105"/>
</kw>
<kw name="Call Method" library="BuiltIn">
<arg>${options}</arg>
<arg>add_argument</arg>
<arg>--disable-gpu</arg>
<doc>Calls the named method of the given object with the provided arguments.</doc>
<status status="NOT RUN" starttime="20241008 22:31:49.105" endtime="20241008 22:31:49.105"/>
</kw>
<kw name="Call Method" library="BuiltIn">
<arg>${options}</arg>
<arg>add_argument</arg>
<arg>--ignore-certificate-errors</arg>
<doc>Calls the named method of the given object with the provided arguments.</doc>
<status status="NOT RUN" starttime="20241008 22:31:49.105" endtime="20241008 22:31:49.105"/>
</kw>
<kw name="Call Method" library="BuiltIn">
<arg>${options}</arg>
<arg>add_argument</arg>
<arg>--disable-extensions</arg>
<doc>Calls the named method of the given object with the provided arguments.</doc>
<status status="NOT RUN" starttime="20241008 22:31:49.105" endtime="20241008 22:31:49.105"/>
</kw>
<kw name="Call Method" library="BuiltIn">
<arg>${options}</arg>
<arg>add_argument</arg>
<arg>--no-user-gesture-required</arg>
<doc>Calls the named method of the given object with the provided arguments.</doc>
<status status="NOT RUN" starttime="20241008 22:31:49.105" endtime="20241008 22:31:49.105"/>
</kw>
<kw name="Call Method" library="BuiltIn">
<arg>${options}</arg>
<arg>add_argument</arg>
<arg>--no-first-run</arg>
<doc>Calls the named method of the given object with the provided arguments.</doc>
<status status="NOT RUN" starttime="20241008 22:31:49.105" endtime="20241008 22:31:49.105"/>
</kw>
<kw name="Call Method" library="BuiltIn">
<arg>${options}</arg>
<arg>add_argument</arg>
<arg>--use-fake-ui-for-media-stream</arg>
<doc>Calls the named method of the given object with the provided arguments.</doc>
<status status="NOT RUN" starttime="20241008 22:31:49.105" endtime="20241008 22:31:49.105"/>
</kw>
<kw name="Call Method" library="BuiltIn">
<arg>${options}</arg>
<arg>add_argument</arg>
<arg>--use-fake-device-for-media-stream</arg>
<doc>Calls the named method of the given object with the provided arguments.</doc>
<status status="NOT RUN" starttime="20241008 22:31:49.106" endtime="20241008 22:31:49.106"/>
</kw>
<kw name="Call Method" library="BuiltIn">
<arg>${options}</arg>
<arg>add_argument</arg>
<arg>--disable-sync</arg>
<doc>Calls the named method of the given object with the provided arguments.</doc>
<status status="NOT RUN" starttime="20241008 22:31:49.106" endtime="20241008 22:31:49.106"/>
</kw>
<return>
<value>${options}</value>
<status status="NOT RUN" starttime="20241008 22:31:49.106" endtime="20241008 22:31:49.106"/>
</return>
<status status="NOT RUN" starttime="20241008 22:31:49.104" endtime="20241008 22:31:49.106"/>
</branch>
<status status="PASS" starttime="20241008 22:31:49.103" endtime="20241008 22:31:49.106"/>
</if>
<msg timestamp="20241008 22:31:49.106" level="INFO">${options} = None</msg>
<status status="PASS" starttime="20241008 22:31:49.103" endtime="20241008 22:31:49.106"/>
</kw>
<if>
<branch type="IF" condition="&quot;${Env}&quot; == &quot;prod&quot;">
<kw name="Open Browser" library="SeleniumLibrary">
<arg>https://www.fnlondon.com</arg>
<arg>${Browser}</arg>
<arg>options=${options}</arg>
<doc>Opens a new browser instance to the optional ``url``.</doc>
<status status="NOT RUN" starttime="20241008 22:31:49.106" endtime="20241008 22:31:49.106"/>
</kw>
<kw name="Go To" library="SeleniumLibrary">
<arg>https://www.fnlondon.com/articles/complaints-commissioner-fca-transparency-20220615</arg>
<doc>Navigates the current browser window to the provided ``url``.</doc>
<status status="NOT RUN" starttime="20241008 22:31:49.106" endtime="20241008 22:31:49.106"/>
</kw>
<status status="NOT RUN" starttime="20241008 22:31:49.106" endtime="20241008 22:31:49.106"/>
</branch>
<branch type="ELSE IF" condition="&quot;${Env}&quot; == &quot;dev&quot;">
<kw name="Open Browser" library="SeleniumLibrary">
<arg>https://www.s.dev.fnlondon.com</arg>
<arg>${Browser}</arg>
<arg>options=${options}</arg>
<doc>Opens a new browser instance to the optional ``url``.</doc>
<msg timestamp="20241008 22:31:49.107" level="INFO">Opening browser 'ff' to base url 'https://www.s.dev.fnlondon.com'.</msg>
<status status="PASS" starttime="20241008 22:31:49.107" endtime="20241008 22:32:02.695"/>
</kw>
<kw name="Go To" library="SeleniumLibrary">
<arg>https://www.s.dev.fnlondon.com/articles/testing-article-timestamp-20231102</arg>
<doc>Navigates the current browser window to the provided ``url``.</doc>
<msg timestamp="20241008 22:32:02.696" level="INFO">Opening url 'https://www.s.dev.fnlondon.com/articles/testing-article-timestamp-20231102'</msg>
<status status="PASS" starttime="20241008 22:32:02.695" endtime="20241008 22:32:08.606"/>
</kw>
<kw name="Execute Javascript" library="SeleniumLibrary">
<arg>window.scrollTo(0,500)</arg>
<doc>Executes the given JavaScript code with possible arguments.</doc>
<msg timestamp="20241008 22:32:08.607" level="INFO">Executing JavaScript:
window.scrollTo(0,500)
Without any arguments.</msg>
<status status="PASS" starttime="20241008 22:32:08.606" endtime="20241008 22:32:09.145"/>
</kw>
<status status="PASS" starttime="20241008 22:31:49.106" endtime="20241008 22:32:09.145"/>
</branch>
<status status="PASS" starttime="20241008 22:31:49.106" endtime="20241008 22:32:09.145"/>
</if>
<kw name="Execute Javascript" library="SeleniumLibrary">
<arg>window.scrollTo(0,500)</arg>
<doc>Executes the given JavaScript code with possible arguments.</doc>
<msg timestamp="20241008 22:32:09.146" level="INFO">Executing JavaScript:
window.scrollTo(0,500)
Without any arguments.</msg>
<status status="PASS" starttime="20241008 22:32:09.145" endtime="20241008 22:32:09.665"/>
</kw>
<kw name="Wait Until Element Is Visible" library="SeleniumLibrary">
<arg>//ufc-follow-author-widget[@author-id='8680_FN']</arg>
<doc>Waits until the element ``locator`` is visible.</doc>
<status status="PASS" starttime="20241008 22:32:09.665" endtime="20241008 22:32:10.698"/>
</kw>
<kw name="Maximize Browser Window" library="SeleniumLibrary">
<doc>Maximizes current browser window.</doc>
<status status="PASS" starttime="20241008 22:32:10.698" endtime="20241008 22:32:11.203"/>
</kw>
<status status="PASS" starttime="20241008 22:31:49.101" endtime="20241008 22:32:11.203"/>
</kw>
<kw name="Start FN Article" library="CommonFunctionality">
<kw name="Set Selenium Speed" library="SeleniumLibrary">
<arg>0.5 seconds</arg>
<doc>Sets the delay that is waited after each Selenium command.</doc>
<status status="PASS" starttime="20241008 22:32:11.204" endtime="20241008 22:32:11.204"/>
</kw>
<kw name="Set Browser Options" library="CommonFunctionality">
<var>${options}</var>
<if>
<branch type="IF" condition="&quot;${Browser}&quot; == &quot;firefox&quot;">
<kw name="Evaluate" library="BuiltIn">
<var>${options}</var>
<arg>selenium.webdriver.FirefoxOptions()</arg>
<doc>Evaluates the given expression in Python and returns the result.</doc>
<status status="NOT RUN" starttime="20241008 22:32:11.204" endtime="20241008 22:32:11.206"/>
</kw>
<kw name="Call Method" library="BuiltIn">
<arg>${options}</arg>
<arg>add_argument</arg>
<arg>--CreateProfile</arg>
<doc>Calls the named method of the given object with the provided arguments.</doc>
<status status="NOT RUN" starttime="20241008 22:32:11.206" endtime="20241008 22:32:11.206"/>
</kw>
<kw name="Call Method" library="BuiltIn">
<arg>${options}</arg>
<arg>add_argument</arg>
<arg>--start-maximized</arg>
<doc>Calls the named method of the given object with the provided arguments.</doc>
<status status="NOT RUN" starttime="20241008 22:32:11.206" endtime="20241008 22:32:11.206"/>
</kw>
<kw name="Call Method" library="BuiltIn">
<arg>${options}</arg>
<arg>add_argument</arg>
<arg>--disable-dev-shm-usage</arg>
<doc>Calls the named method of the given object with the provided arguments.</doc>
<status status="NOT RUN" starttime="20241008 22:32:11.206" endtime="20241008 22:32:11.206"/>
</kw>
<kw name="Call Method" library="BuiltIn">
<arg>${options}</arg>
<arg>add_argument</arg>
<arg>--no-sandbox</arg>
<doc>Calls the named method of the given object with the provided arguments.</doc>
<status status="NOT RUN" starttime="20241008 22:32:11.206" endtime="20241008 22:32:11.206"/>
</kw>
<kw name="Call Method" library="BuiltIn">
<arg>${options}</arg>
<arg>add_argument</arg>
<arg>--disable-gpu</arg>
<doc>Calls the named method of the given object with the provided arguments.</doc>
<status status="NOT RUN" starttime="20241008 22:32:11.206" endtime="20241008 22:32:11.206"/>
</kw>
<kw name="Call Method" library="BuiltIn">
<arg>${options}</arg>
<arg>add_argument</arg>
<arg>--headless</arg>
<doc>Calls the named method of the given object with the provided arguments.</doc>
<status status="NOT RUN" starttime="20241008 22:32:11.206" endtime="20241008 22:32:11.206"/>
</kw>
<kw name="Call Method" library="BuiltIn">
<arg>${options}</arg>
<arg>add_argument</arg>
<arg>--devtools.debugger.force-local</arg>
<doc>Calls the named method of the given object with the provided arguments.</doc>
<status status="NOT RUN" starttime="20241008 22:32:11.206" endtime="20241008 22:32:11.206"/>
</kw>
<kw name="Call Method" library="BuiltIn">
<arg>${options}</arg>
<arg>add_argument</arg>
<arg>--devtools.debugger.remote-enabled</arg>
<doc>Calls the named method of the given object with the provided arguments.</doc>
<status status="NOT RUN" starttime="20241008 22:32:11.207" endtime="20241008 22:32:11.207"/>
</kw>
<kw name="Call Method" library="BuiltIn">
<arg>${options}</arg>
<arg>add_argument</arg>
<arg>--devtools.chrome.enabled</arg>
<doc>Calls the named method of the given object with the provided arguments.</doc>
<status status="NOT RUN" starttime="20241008 22:32:11.207" endtime="20241008 22:32:11.207"/>
</kw>
<kw name="Call Method" library="BuiltIn">
<arg>${options}</arg>
<arg>add_argument</arg>
<arg>--devtools.debugger.prompt-connection</arg>
<doc>Calls the named method of the given object with the provided arguments.</doc>
<status status="NOT RUN" starttime="20241008 22:32:11.207" endtime="20241008 22:32:11.207"/>
</kw>
<kw name="Call Method" library="BuiltIn">
<arg>${options}</arg>
<arg>add_argument</arg>
<arg>--browser.dom.window.dump.enabled</arg>
<doc>Calls the named method of the given object with the provided arguments.</doc>
<status status="NOT RUN" starttime="20241008 22:32:11.207" endtime="20241008 22:32:11.207"/>
</kw>
<return>
<value>${options}</value>
<status status="NOT RUN" starttime="20241008 22:32:11.207" endtime="20241008 22:32:11.207"/>
</return>
<status status="NOT RUN" starttime="20241008 22:32:11.204" endtime="20241008 22:32:11.207"/>
</branch>
<branch type="ELSE IF" condition="&quot;${Browser}&quot; == &quot;chrome&quot;">
<kw name="Evaluate" library="BuiltIn">
<var>${options}</var>
<arg>selenium.webdriver.ChromeOptions()</arg>
<doc>Evaluates the given expression in Python and returns the result.</doc>
<status status="NOT RUN" starttime="20241008 22:32:11.207" endtime="20241008 22:32:11.207"/>
</kw>
<kw name="Call Method" library="BuiltIn">
<arg>${options}</arg>
<arg>add_argument</arg>
<arg>--start-maximized</arg>
<doc>Calls the named method of the given object with the provided arguments.</doc>
<status status="NOT RUN" starttime="20241008 22:32:11.207" endtime="20241008 22:32:11.207"/>
</kw>
<kw name="Call Method" library="BuiltIn">
<arg>${options}</arg>
<arg>add_argument</arg>
<arg>--disable-dev-shm-usage</arg>
<doc>Calls the named method of the given object with the provided arguments.</doc>
<status status="NOT RUN" starttime="20241008 22:32:11.207" endtime="20241008 22:32:11.207"/>
</kw>
<kw name="Call Method" library="BuiltIn">
<arg>${options}</arg>
<arg>add_argument</arg>
<arg>--no-sandbox</arg>
<doc>Calls the named method of the given object with the provided arguments.</doc>
<status status="NOT RUN" starttime="20241008 22:32:11.207" endtime="20241008 22:32:11.207"/>
</kw>
<kw name="Call Method" library="BuiltIn">
<arg>${options}</arg>
<arg>add_argument</arg>
<arg>--headless</arg>
<doc>Calls the named method of the given object with the provided arguments.</doc>
<status status="NOT RUN" starttime="20241008 22:32:11.207" endtime="20241008 22:32:11.207"/>
</kw>
<kw name="Call Method" library="BuiltIn">
<arg>${options}</arg>
<arg>add_argument</arg>
<arg>--disable-gpu</arg>
<doc>Calls the named method of the given object with the provided arguments.</doc>
<status status="NOT RUN" starttime="20241008 22:32:11.207" endtime="20241008 22:32:11.207"/>
</kw>
<kw name="Call Method" library="BuiltIn">
<arg>${options}</arg>
<arg>add_argument</arg>
<arg>--ignore-certificate-errors</arg>
<doc>Calls the named method of the given object with the provided arguments.</doc>
<status status="NOT RUN" starttime="20241008 22:32:11.207" endtime="20241008 22:32:11.207"/>
</kw>
<kw name="Call Method" library="BuiltIn">
<arg>${options}</arg>
<arg>add_argument</arg>
<arg>--disable-extensions</arg>
<doc>Calls the named method of the given object with the provided arguments.</doc>
<status status="NOT RUN" starttime="20241008 22:32:11.207" endtime="20241008 22:32:11.207"/>
</kw>
<kw name="Call Method" library="BuiltIn">
<arg>${options}</arg>
<arg>add_argument</arg>
<arg>--no-user-gesture-required</arg>
<doc>Calls the named method of the given object with the provided arguments.</doc>
<status status="NOT RUN" starttime="20241008 22:32:11.207" endtime="20241008 22:32:11.207"/>
</kw>
<kw name="Call Method" library="BuiltIn">
<arg>${options}</arg>
<arg>add_argument</arg>
<arg>--no-first-run</arg>
<doc>Calls the named method of the given object with the provided arguments.</doc>
<status status="NOT RUN" starttime="20241008 22:32:11.207" endtime="20241008 22:32:11.207"/>
</kw>
<kw name="Call Method" library="BuiltIn">
<arg>${options}</arg>
<arg>add_argument</arg>
<arg>--use-fake-ui-for-media-stream</arg>
<doc>Calls the named method of the given object with the provided arguments.</doc>
<status status="NOT RUN" starttime="20241008 22:32:11.207" endtime="20241008 22:32:11.208"/>
</kw>
<kw name="Call Method" library="BuiltIn">
<arg>${options}</arg>
<arg>add_argument</arg>
<arg>--use-fake-device-for-media-stream</arg>
<doc>Calls the named method of the given object with the provided arguments.</doc>
<status status="NOT RUN" starttime="20241008 22:32:11.208" endtime="20241008 22:32:11.208"/>
</kw>
<kw name="Call Method" library="BuiltIn">
<arg>${options}</arg>
<arg>add_argument</arg>
<arg>--disable-sync</arg>
<doc>Calls the named method of the given object with the provided arguments.</doc>
<status status="NOT RUN" starttime="20241008 22:32:11.208" endtime="20241008 22:32:11.208"/>
</kw>
<return>
<value>${options}</value>
<status status="NOT RUN" starttime="20241008 22:32:11.208" endtime="20241008 22:32:11.208"/>
</return>
<status status="NOT RUN" starttime="20241008 22:32:11.207" endtime="20241008 22:32:11.208"/>
</branch>
<status status="PASS" starttime="20241008 22:32:11.204" endtime="20241008 22:32:11.208"/>
</if>
<msg timestamp="20241008 22:32:11.208" level="INFO">${options} = None</msg>
<status status="PASS" starttime="20241008 22:32:11.204" endtime="20241008 22:32:11.208"/>
</kw>
<if>
<branch type="IF" condition="&quot;${Env}&quot; == &quot;prod&quot;">
<kw name="Open Browser" library="SeleniumLibrary">
<arg>https://www.fnlondon.com</arg>
<arg>${Browser}</arg>
<arg>options=${options}</arg>
<doc>Opens a new browser instance to the optional ``url``.</doc>
<status status="NOT RUN" starttime="20241008 22:32:11.208" endtime="20241008 22:32:11.208"/>
</kw>
<kw name="Go To" library="SeleniumLibrary">
<arg>https://www.fnlondon.com/articles/complaints-commissioner-fca-transparency-20220615</arg>
<doc>Navigates the current browser window to the provided ``url``.</doc>
<status status="NOT RUN" starttime="20241008 22:32:11.208" endtime="20241008 22:32:11.208"/>
</kw>
<status status="NOT RUN" starttime="20241008 22:32:11.208" endtime="20241008 22:32:11.208"/>
</branch>
<branch type="ELSE IF" condition="&quot;${Env}&quot; == &quot;dev&quot;">
<kw name="Open Browser" library="SeleniumLibrary">
<arg>https://www.s.dev.fnlondon.com</arg>
<arg>${Browser}</arg>
<arg>options=${options}</arg>
<doc>Opens a new browser instance to the optional ``url``.</doc>
<msg timestamp="20241008 22:32:11.209" level="INFO">Opening browser 'ff' to base url 'https://www.s.dev.fnlondon.com'.</msg>
<status status="PASS" starttime="20241008 22:32:11.208" endtime="20241008 22:32:23.973"/>
</kw>
<kw name="Go To" library="SeleniumLibrary">
<arg>https://www.s.dev.fnlondon.com/articles/testing-article-timestamp-20231102</arg>
<doc>Navigates the current browser window to the provided ``url``.</doc>
<msg timestamp="20241008 22:32:23.974" level="INFO">Opening url 'https://www.s.dev.fnlondon.com/articles/testing-article-timestamp-20231102'</msg>
<status status="PASS" starttime="20241008 22:32:23.973" endtime="20241008 22:32:27.842"/>
</kw>
<kw name="Execute Javascript" library="SeleniumLibrary">
<arg>window.scrollTo(0,500)</arg>
<doc>Executes the given JavaScript code with possible arguments.</doc>
<msg timestamp="20241008 22:32:27.842" level="INFO">Executing JavaScript:
window.scrollTo(0,500)
Without any arguments.</msg>
<status status="PASS" starttime="20241008 22:32:27.842" endtime="20241008 22:32:28.457"/>
</kw>
<status status="PASS" starttime="20241008 22:32:11.208" endtime="20241008 22:32:28.457"/>
</branch>
<status status="PASS" starttime="20241008 22:32:11.208" endtime="20241008 22:32:28.457"/>
</if>
<kw name="Execute Javascript" library="SeleniumLibrary">
<arg>window.scrollTo(0,500)</arg>
<doc>Executes the given JavaScript code with possible arguments.</doc>
<msg timestamp="20241008 22:32:28.458" level="INFO">Executing JavaScript:
window.scrollTo(0,500)
Without any arguments.</msg>
<status status="PASS" starttime="20241008 22:32:28.457" endtime="20241008 22:32:29.123"/>
</kw>
<kw name="Wait Until Element Is Visible" library="SeleniumLibrary">
<arg>//ufc-follow-author-widget[@author-id='8680_FN']</arg>
<doc>Waits until the element ``locator`` is visible.</doc>
<status status="PASS" starttime="20241008 22:32:29.123" endtime="20241008 22:32:30.784"/>
</kw>
<kw name="Maximize Browser Window" library="SeleniumLibrary">
<doc>Maximizes current browser window.</doc>
<status status="PASS" starttime="20241008 22:32:30.784" endtime="20241008 22:32:31.289"/>
</kw>
<status status="PASS" starttime="20241008 22:32:11.203" endtime="20241008 22:32:31.289"/>
</kw>
<kw name="Set Selenium Speed" library="SeleniumLibrary">
<arg>0.2 seconds</arg>
<doc>Sets the delay that is waited after each Selenium command.</doc>
<status status="PASS" starttime="20241008 22:32:31.289" endtime="20241008 22:32:31.290"/>
</kw>
<kw name="Validate Sign In Modal" library="FNArticlePage">
<kw name="Wait Until Element Is Visible" library="SeleniumLibrary">
<arg>dom:${JSFollowSignInHeaderPath}</arg>
<doc>Waits until the element ``locator`` is visible.</doc>
<status status="PASS" starttime="20241008 22:32:31.290" endtime="20241008 22:32:31.714"/>
</kw>
<kw name="Page Should Contain Element" library="SeleniumLibrary">
<arg>dom:${JSFollowSignInHeaderPath}</arg>
<doc>Verifies that element ``locator`` is found on the current page.</doc>
<msg timestamp="20241008 22:32:31.921" level="INFO">Current page contains element 'dom:document.querySelector("#fn_header &gt; div &gt; div &gt; div &gt; div &gt; div:nth-child(1) &gt; div.FinancialNewsTheme--header-wrapper-21uWacmaHS4kl0INshwy1D &gt; div &gt; header &gt; div.FinancialNewsTheme--nav-container-GCn-Wz2pkb15qIzD52H5g &gt; nav &gt; div.FinancialNewsTheme--login-container-t_wwz1yXj1SjqfPPPf2JE &gt; a.FinancialNewsTheme--login-button-3xVYhu15u78inI6hd0EEkd.typography--theinhardt-medium-tF2MBUPnY_4ois8rCBh0Y")'.</msg>
<status status="PASS" starttime="20241008 22:32:31.714" endtime="20241008 22:32:31.921"/>
</kw>
<status status="PASS" starttime="20241008 22:32:31.290" endtime="20241008 22:32:31.921"/>
</kw>
<kw name="Click Sign In Button Modal" library="FNArticlePage">
<kw name="Wait Until Element Is Visible" library="SeleniumLibrary">
<arg>dom:${JSFollowSignInHeaderPath}</arg>
<arg>20s</arg>
<doc>Waits until the element ``locator`` is visible.</doc>
<status status="PASS" starttime="20241008 22:32:31.922" endtime="20241008 22:32:32.339"/>
</kw>
<kw name="Set Selenium Speed" library="SeleniumLibrary">
<arg>0.4 seconds</arg>
<doc>Sets the delay that is waited after each Selenium command.</doc>
<status status="PASS" starttime="20241008 22:32:32.339" endtime="20241008 22:32:32.339"/>
</kw>
<if>
<branch type="IF" condition="&quot;${Env}&quot; == &quot;prod&quot;">
<kw name="Click Element" library="SeleniumLibrary">
<arg>dom:${JSFollowSignInHeaderPath}</arg>
<doc>Click the element identified by ``locator``.</doc>
<status status="NOT RUN" starttime="20241008 22:32:32.339" endtime="20241008 22:32:32.339"/>
</kw>
<status status="NOT RUN" starttime="20241008 22:32:32.339" endtime="20241008 22:32:32.339"/>
</branch>
<branch type="ELSE IF" condition="&quot;${Env}&quot; == &quot;dev&quot;">
<kw name="Click Element" library="SeleniumLibrary">
<arg>dom:${JSFollowSignInHeaderPath}</arg>
<doc>Click the element identified by ``locator``.</doc>
<msg timestamp="20241008 22:32:32.340" level="INFO">Clicking element 'dom:document.querySelector("#fn_header &gt; div &gt; div &gt; div &gt; div &gt; div:nth-child(1) &gt; div.FinancialNewsTheme--header-wrapper-21uWacmaHS4kl0INshwy1D &gt; div &gt; header &gt; div.FinancialNewsTheme--nav-container-GCn-Wz2pkb15qIzD52H5g &gt; nav &gt; div.FinancialNewsTheme--login-container-t_wwz1yXj1SjqfPPPf2JE &gt; a.FinancialNewsTheme--login-button-3xVYhu15u78inI6hd0EEkd.typography--theinhardt-medium-tF2MBUPnY_4ois8rCBh0Y")'.</msg>
<status status="PASS" starttime="20241008 22:32:32.340" endtime="20241008 22:32:34.174"/>
</kw>
<status status="PASS" starttime="20241008 22:32:32.339" endtime="20241008 22:32:34.174"/>
</branch>
<status status="PASS" starttime="20241008 22:32:32.339" endtime="20241008 22:32:34.174"/>
</if>
<kw name="Set Selenium Speed" library="SeleniumLibrary">
<arg>0.2 seconds</arg>
<doc>Sets the delay that is waited after each Selenium command.</doc>
<status status="PASS" starttime="20241008 22:32:34.174" endtime="20241008 22:32:34.175"/>
</kw>
<status status="PASS" starttime="20241008 22:32:31.921" endtime="20241008 22:32:34.175"/>
</kw>
<kw name="FN Sign In Process" library="DefinedKeywords">
<if>
<branch type="IF" condition="&quot;${Env}&quot; == &quot;prod&quot;">
<kw name="Set Variable" library="BuiltIn">
<var>${Email}</var>
<arg>${Email_prod}</arg>
<doc>Returns the given values which can then be assigned to a variables.</doc>
<status status="NOT RUN" starttime="20241008 22:32:34.176" endtime="20241008 22:32:34.176"/>
</kw>
<kw name="Set Variable" library="BuiltIn">
<var>${Password}</var>
<arg>${Password_prod}</arg>
<doc>Returns the given values which can then be assigned to a variables.</doc>
<status status="NOT RUN" starttime="20241008 22:32:34.176" endtime="20241008 22:32:34.176"/>
</kw>
<status status="NOT RUN" starttime="20241008 22:32:34.176" endtime="20241008 22:32:34.176"/>
</branch>
<branch type="ELSE IF" condition="&quot;${Env}&quot; == &quot;dev&quot;">
<kw name="Set Variable" library="BuiltIn">
<var>${Email}</var>
<arg>${Email_dev}</arg>
<doc>Returns the given values which can then be assigned to a variables.</doc>
<msg timestamp="20241008 22:32:34.177" level="INFO">${Email} = QABARRONSONLY</msg>
<status status="PASS" starttime="20241008 22:32:34.176" endtime="20241008 22:32:34.178"/>
</kw>
<kw name="Set Variable" library="BuiltIn">
<var>${Password}</var>
<arg>${Password_dev}</arg>
<doc>Returns the given values which can then be assigned to a variables.</doc>
<msg timestamp="20241008 22:32:34.178" level="INFO">${Password} = password1</msg>
<status status="PASS" starttime="20241008 22:32:34.178" endtime="20241008 22:32:34.178"/>
</kw>
<status status="PASS" starttime="20241008 22:32:34.176" endtime="20241008 22:32:34.178"/>
</branch>
<status status="PASS" starttime="20241008 22:32:34.176" endtime="20241008 22:32:34.178"/>
</if>
<kw name="Wait Until Element Is Visible" library="SeleniumLibrary">
<arg>//*[@id="emailOrUsername"]</arg>
<doc>Waits until the element ``locator`` is visible.</doc>
<status status="PASS" starttime="20241008 22:32:34.178" endtime="20241008 22:32:34.620"/>
</kw>
<kw name="Click Element" library="SeleniumLibrary">
<arg>//*[@id="emailOrUsername"]</arg>
<doc>Click the element identified by ``locator``.</doc>
<msg timestamp="20241008 22:32:34.621" level="INFO">Clicking element '//*[@id="emailOrUsername"]'.</msg>
<status status="PASS" starttime="20241008 22:32:34.620" endtime="20241008 22:32:35.296"/>
</kw>
<kw name="Input Text" library="SeleniumLibrary">
<arg>//*[@id="emailOrUsername"]</arg>
<arg>QABARRONSONLY</arg>
<doc>Types the given ``text`` into the text field identified by ``locator``.</doc>
<msg timestamp="20241008 22:32:35.297" level="INFO">Typing text 'QABARRONSONLY' into text field '//*[@id="emailOrUsername"]'.</msg>
<status status="PASS" starttime="20241008 22:32:35.296" endtime="20241008 22:32:35.960"/>
</kw>
<kw name="Set Selenium Implicit Wait" library="SeleniumLibrary">
<arg>10s</arg>
<doc>Sets the implicit wait value used by Selenium.</doc>
<status status="PASS" starttime="20241008 22:32:35.960" endtime="20241008 22:32:36.368"/>
</kw>
<kw name="Click Button" library="SeleniumLibrary">
<arg>//html/body/div/section/div/div[2]/form/button[1]</arg>
<doc>Clicks the button identified by ``locator``.</doc>
<msg timestamp="20241008 22:32:36.368" level="INFO">Clicking button '//html/body/div/section/div/div[2]/form/button[1]'.</msg>
<status status="PASS" starttime="20241008 22:32:36.368" endtime="20241008 22:32:37.639"/>
</kw>
<kw name="Set Selenium Implicit Wait" library="SeleniumLibrary">
<arg>10s</arg>
<doc>Sets the implicit wait value used by Selenium.</doc>
<status status="PASS" starttime="20241008 22:32:37.639" endtime="20241008 22:32:38.046"/>
</kw>
<kw name="Wait Until Element Is Visible" library="SeleniumLibrary">
<arg>//*[@id="password"]</arg>
<doc>Waits until the element ``locator`` is visible.</doc>
<status status="PASS" starttime="20241008 22:32:38.046" endtime="20241008 22:32:38.461"/>
</kw>
<kw name="Input Text" library="SeleniumLibrary">
<arg>//*[@id="password"]</arg>
<arg>password1</arg>
<doc>Types the given ``text`` into the text field identified by ``locator``.</doc>
<msg timestamp="20241008 22:32:38.461" level="INFO">Typing text 'password1' into text field '//*[@id="password"]'.</msg>
<status status="PASS" starttime="20241008 22:32:38.461" endtime="20241008 22:32:39.100"/>
</kw>
<kw name="Set Selenium Implicit Wait" library="SeleniumLibrary">
<arg>10</arg>
<doc>Sets the implicit wait value used by Selenium.</doc>
<status status="PASS" starttime="20241008 22:32:39.100" endtime="20241008 22:32:39.509"/>
</kw>
<kw name="Wait Until Element Is Visible" library="SeleniumLibrary">
<arg>//html/body/div/section/div/div[2]/form/button</arg>
<doc>Waits until the element ``locator`` is visible.</doc>
<status status="PASS" starttime="20241008 22:32:39.509" endtime="20241008 22:32:39.924"/>
</kw>
<kw name="Click Element" library="SeleniumLibrary">
<arg>//html/body/div/section/div/div[2]/form/button</arg>
<doc>Click the element identified by ``locator``.</doc>
<msg timestamp="20241008 22:32:39.924" level="INFO">Clicking element '//html/body/div/section/div/div[2]/form/button'.</msg>
<status status="PASS" starttime="20241008 22:32:39.924" endtime="20241008 22:32:40.564"/>
</kw>
<kw name="Set Selenium Implicit Wait" library="SeleniumLibrary">
<arg>10</arg>
<doc>Sets the implicit wait value used by Selenium.</doc>
<status status="PASS" starttime="20241008 22:32:40.564" endtime="20241008 22:32:40.971"/>
</kw>
<status status="PASS" starttime="20241008 22:32:34.175" endtime="20241008 22:32:40.971"/>
</kw>
<kw name="Set Selenium Implicit Wait" library="SeleniumLibrary">
<arg>20</arg>
<doc>Sets the implicit wait value used by Selenium.</doc>
<status status="PASS" starttime="20241008 22:32:40.972" endtime="20241008 22:32:41.380"/>
</kw>
<kw name="Scroll Down" library="FNArticlePage">
<kw name="Execute Javascript" library="SeleniumLibrary">
<arg>window.scrollTo(0,500)</arg>
<doc>Executes the given JavaScript code with possible arguments.</doc>
<msg timestamp="20241008 22:32:41.381" level="INFO">Executing JavaScript:
window.scrollTo(0,500)
Without any arguments.</msg>
<status status="PASS" starttime="20241008 22:32:41.381" endtime="20241008 22:32:41.587"/>
</kw>
<status status="PASS" starttime="20241008 22:32:41.380" endtime="20241008 22:32:41.587"/>
</kw>
<kw name="Set Selenium Implicit Wait" library="SeleniumLibrary">
<arg>40</arg>
<doc>Sets the implicit wait value used by Selenium.</doc>
<status status="PASS" starttime="20241008 22:32:41.588" endtime="20241008 22:32:41.998"/>
</kw>
<kw name="Scroll Down" library="FNArticlePage">
<kw name="Execute Javascript" library="SeleniumLibrary">
<arg>window.scrollTo(0,500)</arg>
<doc>Executes the given JavaScript code with possible arguments.</doc>
<msg timestamp="20241008 22:32:42.007" level="INFO">Executing JavaScript:
window.scrollTo(0,500)
Without any arguments.</msg>
<status status="PASS" starttime="20241008 22:32:42.006" endtime="20241008 22:32:42.365"/>
</kw>
<status status="PASS" starttime="20241008 22:32:42.006" endtime="20241008 22:32:42.365"/>
</kw>
<kw name="Validate Follow Button" library="FNArticlePage">
<kw name="Wait Until Element Is Visible" library="SeleniumLibrary">
<arg>dom:${JSFollowButtonFNPath}</arg>
<doc>Waits until the element ``locator`` is visible.</doc>
<msg timestamp="20241008 22:32:42.771" level="INFO" html="true">&lt;/td&gt;&lt;/tr&gt;&lt;tr&gt;&lt;td colspan="3"&gt;&lt;a href="selenium-screenshot-520.png"&gt;&lt;img src="selenium-screenshot-520.png" width="800px"&gt;&lt;/a&gt;</msg>
<msg timestamp="20241008 22:32:42.771" level="FAIL">JavascriptException: Message: TypeError: document.querySelector(...).shadowRoot is null
Stacktrace:
@https://www.s.dev.fnlondon.com/articles/testing-article-timestamp-20231102?target=/?mod=sign-in-top-nav:2:23
@https://www.s.dev.fnlondon.com/articles/testing-article-timestamp-20231102?target=/?mod=sign-in-top-nav:3:8
</msg>
<status status="FAIL" starttime="20241008 22:32:42.368" endtime="20241008 22:32:42.786"/>
</kw>
<status status="FAIL" starttime="20241008 22:32:42.367" endtime="20241008 22:32:42.786"/>
</kw>
<kw name="Click Follow Button" library="FNArticlePage">
<status status="NOT RUN" starttime="20241008 22:32:42.797" endtime="20241008 22:32:42.797"/>
</kw>
<kw name="Finish Testcase" library="CommonFunctionality" type="TEARDOWN">
<kw name="Close Browser" library="SeleniumLibrary">
<doc>Closes the current browser.</doc>
<status status="PASS" starttime="20241008 22:32:42.800" endtime="20241008 22:32:46.279"/>
</kw>
<status status="PASS" starttime="20241008 22:32:42.800" endtime="20241008 22:32:46.279"/>
</kw>
<doc>This test case validates the follow button from articles page</doc>
<tag>Article</tag>
<tag>FinancialNews</tag>
<tag>Follow</tag>
<tag>Smoke</tag>
<tag>TagBFAN</tag>
<tag>TagFNLondon</tag>
<status status="FAIL" starttime="20241008 22:31:49.100" endtime="20241008 22:32:46.281">JavascriptException: Message: TypeError: document.querySelector(...).shadowRoot is null
Stacktrace:
@https://www.s.dev.fnlondon.com/articles/testing-article-timestamp-20231102?target=/?mod=sign-in-top-nav:2:23
@https://www.s.dev.fnlondon.com/articles/testing-article-timestamp-20231102?target=/?mod=sign-in-top-nav:3:8
</status>
</test>
<doc>FN Smoke Tests</doc>
<status status="FAIL" starttime="20241008 22:31:48.633" endtime="20241008 22:32:46.282"/>
</suite>
<status status="FAIL" starttime="20241008 22:31:48.628" endtime="20241008 22:32:46.285"/>
</suite>
<status status="FAIL" starttime="20241008 22:31:48.624" endtime="20241008 22:32:46.286"/>
</suite>
<status status="FAIL" starttime="20241008 22:31:48.619" endtime="20241008 22:32:46.287"/>
</suite>
<status status="FAIL" starttime="20241008 22:31:48.615" endtime="20241008 22:32:46.288"/>
</suite>
<status status="FAIL" starttime="20241008 22:31:48.572" endtime="20241008 22:32:46.289"/>
</suite>
<statistics>
<total>
<stat pass="0" fail="1" skip="0">All Tests</stat>
</total>
<tag>
<stat pass="0" fail="1" skip="0">Article</stat>
<stat pass="0" fail="1" skip="0">FinancialNews</stat>
<stat pass="0" fail="1" skip="0">Follow</stat>
<stat pass="0" fail="1" skip="0">Smoke</stat>
<stat pass="0" fail="1" skip="0">TagBFAN</stat>
<stat pass="0" fail="1" skip="0">TagFNLondon</stat>
</tag>
<suite>
<stat pass="0" fail="1" skip="0" id="s1" name="Userservices-Qa-Automation">Userservices-Qa-Automation</stat>
<stat pass="0" fail="1" skip="0" id="s1-s1" name="Panda-Qa">Userservices-Qa-Automation.Panda-Qa</stat>
<stat pass="0" fail="1" skip="0" id="s1-s1-s1" name="Tests">Userservices-Qa-Automation.Panda-Qa.Tests</stat>
<stat pass="0" fail="1" skip="0" id="s1-s1-s1-s1" name="FollowWidget">Userservices-Qa-Automation.Panda-Qa.Tests.FollowWidget</stat>
<stat pass="0" fail="1" skip="0" id="s1-s1-s1-s1-s1" name="Smoke">Userservices-Qa-Automation.Panda-Qa.Tests.FollowWidget.Smoke</stat>
<stat pass="0" fail="1" skip="0" id="s1-s1-s1-s1-s1-s1" name="FN Smoke">Userservices-Qa-Automation.Panda-Qa.Tests.FollowWidget.Smoke.FN Smoke</stat>
</suite>
</statistics>
<errors>
</errors>
</robot>
