<?xml version="1.0" encoding="UTF-8"?>
<robot generator="Robot 6.1.1 (Python 3.12.0 on win32)" generated="20231229 13:59:10.885" rpa="false" schemaversion="4">
<suite id="s1" name="FollowWidget" source="D:\Codes\Jenkins_2050\userservices-qa-automation\panda-qa\Tests\FollowWidget">
<suite id="s1-s1" name="Smoke" source="D:\Codes\Jenkins_2050\userservices-qa-automation\panda-qa\Tests\FollowWidget\Smoke">
<suite id="s1-s1-s1" name="Barrons Smoke" source="D:\Codes\Jenkins_2050\userservices-qa-automation\panda-qa\Tests\FollowWidget\Smoke\Barrons_Smoke.robot">
<test id="s1-s1-s1-t1" name="Validate the author follow button from articles page" line="20">
<kw name="Start Barrons Article" library="CommonFunctionality" type="SETUP">
<kw name="Set Selenium Speed" library="SeleniumLibrary">
<arg>0.5 seconds</arg>
<doc>Sets the delay that is waited after each Selenium command.</doc>
<status status="PASS" starttime="20231229 13:59:11.303" endtime="20231229 13:59:11.304"/>
</kw>
<if>
<branch type="IF" condition="&quot;${Env}&quot; == &quot;prod&quot;">
<kw name="Open Browser" library="SeleniumLibrary">
<arg>https://www.barrons.com</arg>
<arg>${Browser}</arg>
<doc>Opens a new browser instance to the optional ``url``.</doc>
<status status="NOT RUN" starttime="20231229 13:59:11.304" endtime="20231229 13:59:11.304"/>
</kw>
<kw name="Go To" library="SeleniumLibrary">
<arg>https://www.barrons.com/articles/wendys-wen-stock-earnings-51652268634</arg>
<doc>Navigates the current browser window to the provided ``url``.</doc>
<status status="NOT RUN" starttime="20231229 13:59:11.304" endtime="20231229 13:59:11.304"/>
</kw>
<status status="NOT RUN" starttime="20231229 13:59:11.304" endtime="20231229 13:59:11.304"/>
</branch>
<branch type="ELSE IF" condition="&quot;${Env}&quot; == &quot;dev&quot;">
<if>
<branch type="IF" condition="&quot;${Browser}&quot; == &quot;firefox&quot;">
<kw name="Evaluate" library="BuiltIn">
<var>${options}</var>
<arg>selenium.webdriver.FirefoxOptions()</arg>
<doc>Evaluates the given expression in Python and returns the result.</doc>
<msg timestamp="20231229 13:59:11.305" level="INFO">${options} = &lt;selenium.webdriver.firefox.options.Options object at 0x00000223C4FFD940&gt;</msg>
<status status="PASS" starttime="20231229 13:59:11.305" endtime="20231229 13:59:11.305"/>
</kw>
<kw name="Call Method" library="BuiltIn">
<arg>${options}</arg>
<arg>add_argument</arg>
<arg>--CreateProfile</arg>
<doc>Calls the named method of the given object with the provided arguments.</doc>
<status status="PASS" starttime="20231229 13:59:11.305" endtime="20231229 13:59:11.305"/>
</kw>
<kw name="Call Method" library="BuiltIn">
<arg>${options}</arg>
<arg>add_argument</arg>
<arg>--start-maximized</arg>
<doc>Calls the named method of the given object with the provided arguments.</doc>
<status status="PASS" starttime="20231229 13:59:11.305" endtime="20231229 13:59:11.306"/>
</kw>
<kw name="Call Method" library="BuiltIn">
<arg>${options}</arg>
<arg>add_argument</arg>
<arg>--disable-dev-shm-usage</arg>
<doc>Calls the named method of the given object with the provided arguments.</doc>
<status status="PASS" starttime="20231229 13:59:11.306" endtime="20231229 13:59:11.306"/>
</kw>
<kw name="Call Method" library="BuiltIn">
<arg>${options}</arg>
<arg>add_argument</arg>
<arg>--no-sandbox</arg>
<doc>Calls the named method of the given object with the provided arguments.</doc>
<status status="PASS" starttime="20231229 13:59:11.306" endtime="20231229 13:59:11.306"/>
</kw>
<kw name="Call Method" library="BuiltIn">
<arg>${options}</arg>
<arg>add_argument</arg>
<arg>--disable-gpu</arg>
<doc>Calls the named method of the given object with the provided arguments.</doc>
<status status="PASS" starttime="20231229 13:59:11.306" endtime="20231229 13:59:11.306"/>
</kw>
<kw name="Call Method" library="BuiltIn">
<arg>${options}</arg>
<arg>add_argument</arg>
<arg>--headless</arg>
<doc>Calls the named method of the given object with the provided arguments.</doc>
<status status="PASS" starttime="20231229 13:59:11.306" endtime="20231229 13:59:11.307"/>
</kw>
<kw name="Call Method" library="BuiltIn">
<arg>${options}</arg>
<arg>add_argument</arg>
<arg>--devtools.debugger.force-local</arg>
<doc>Calls the named method of the given object with the provided arguments.</doc>
<status status="PASS" starttime="20231229 13:59:11.307" endtime="20231229 13:59:11.307"/>
</kw>
<kw name="Call Method" library="BuiltIn">
<arg>${options}</arg>
<arg>add_argument</arg>
<arg>--devtools.debugger.remote-enabled</arg>
<doc>Calls the named method of the given object with the provided arguments.</doc>
<status status="PASS" starttime="20231229 13:59:11.307" endtime="20231229 13:59:11.307"/>
</kw>
<kw name="Call Method" library="BuiltIn">
<arg>${options}</arg>
<arg>add_argument</arg>
<arg>--devtools.chrome.enabled</arg>
<doc>Calls the named method of the given object with the provided arguments.</doc>
<status status="PASS" starttime="20231229 13:59:11.307" endtime="20231229 13:59:11.307"/>
</kw>
<kw name="Call Method" library="BuiltIn">
<arg>${options}</arg>
<arg>add_argument</arg>
<arg>--devtools.debugger.prompt-connection</arg>
<doc>Calls the named method of the given object with the provided arguments.</doc>
<status status="PASS" starttime="20231229 13:59:11.307" endtime="20231229 13:59:11.308"/>
</kw>
<kw name="Call Method" library="BuiltIn">
<arg>${options}</arg>
<arg>add_argument</arg>
<arg>--browser.dom.window.dump.enabled</arg>
<doc>Calls the named method of the given object with the provided arguments.</doc>
<status status="PASS" starttime="20231229 13:59:11.308" endtime="20231229 13:59:11.308"/>
</kw>
<kw name="Open Browser" library="SeleniumLibrary">
<arg>https://www.barrons.com</arg>
<arg>firefox</arg>
<arg>options=${options}</arg>
<doc>Opens a new browser instance to the optional ``url``.</doc>
<msg timestamp="20231229 13:59:11.309" level="INFO">Opening browser 'firefox' to base url 'https://www.barrons.com'.</msg>
<status status="PASS" starttime="20231229 13:59:11.308" endtime="20231229 13:59:21.964"/>
</kw>
<status status="PASS" starttime="20231229 13:59:11.304" endtime="20231229 13:59:21.964"/>
</branch>
<branch type="ELSE">
<kw name="Open Browser" library="SeleniumLibrary">
<arg>https://www.s.dev.barrons.com</arg>
<arg>${Browser1}</arg>
<doc>Opens a new browser instance to the optional ``url``.</doc>
<status status="NOT RUN" starttime="20231229 13:59:21.965" endtime="20231229 13:59:21.965"/>
</kw>
<status status="NOT RUN" starttime="20231229 13:59:21.964" endtime="20231229 13:59:21.965"/>
</branch>
<status status="PASS" starttime="20231229 13:59:11.304" endtime="20231229 13:59:21.965"/>
</if>
<kw name="Go To" library="SeleniumLibrary">
<arg>https://www.barrons.com/articles/buy-under-armour-stock-pick-51650672000</arg>
<doc>Navigates the current browser window to the provided ``url``.</doc>
<msg timestamp="20231229 13:59:21.965" level="INFO">Opening url 'https://www.barrons.com/articles/buy-under-armour-stock-pick-51650672000'</msg>
<status status="PASS" starttime="20231229 13:59:21.965" endtime="20231229 13:59:30.508"/>
</kw>
<status status="PASS" starttime="20231229 13:59:11.304" endtime="20231229 13:59:30.508"/>
</branch>
<status status="PASS" starttime="20231229 13:59:11.304" endtime="20231229 13:59:30.508"/>
</if>
<kw name="Wait Until Page Contains Element" library="SeleniumLibrary">
<arg>dom:${JSFollowButtonBarronsPath}</arg>
<doc>Waits until the element ``locator`` appears on the current page.</doc>
<status status="PASS" starttime="20231229 13:59:30.508" endtime="20231229 13:59:31.126"/>
</kw>
<kw name="Maximize Browser Window" library="SeleniumLibrary">
<doc>Maximizes current browser window.</doc>
<status status="PASS" starttime="20231229 13:59:31.126" endtime="20231229 13:59:31.646"/>
</kw>
<status status="PASS" starttime="20231229 13:59:11.303" endtime="20231229 13:59:31.646"/>
</kw>
<kw name="Validate Follow Button" library="BarronsArticlePage">
<kw name="Wait Until Element Is Visible" library="SeleniumLibrary">
<arg>dom:${JSFollowButtonBarronsPath}</arg>
<doc>Waits until the element ``locator`` is visible.</doc>
<status status="PASS" starttime="20231229 13:59:31.647" endtime="20231229 13:59:32.719"/>
</kw>
<kw name="Element Text Should Be" library="SeleniumLibrary">
<arg>dom:${JSFollowButtonBarronsPath}</arg>
<arg>Follow</arg>
<arg>timeout=30</arg>
<doc>Verifies that element ``locator`` contains exact the text ``expected``.</doc>
<msg timestamp="20231229 13:59:32.720" level="INFO">Verifying element 'dom:document.querySelector('ufc-follow-author-widget').shadowRoot .querySelector('ufc-follow-widget') .querySelector('ufc-follow-button').shadowRoot .querySelector('button')' contains exact text 'Follow'.</msg>
<status status="PASS" starttime="20231229 13:59:32.719" endtime="20231229 13:59:33.765"/>
</kw>
<status status="PASS" starttime="20231229 13:59:31.647" endtime="20231229 13:59:33.765"/>
</kw>
<kw name="Click Follow Button" library="BarronsArticlePage">
<kw name="Click Button" library="SeleniumLibrary">
<arg>dom:${JSFollowButtonBarronsPath}</arg>
<doc>Clicks the button identified by ``locator``.</doc>
<msg timestamp="20231229 13:59:33.766" level="INFO">Clicking button 'dom:document.querySelector('ufc-follow-author-widget').shadowRoot .querySelector('ufc-follow-widget') .querySelector('ufc-follow-button').shadowRoot .querySelector('button')'.</msg>
<status status="PASS" starttime="20231229 13:59:33.766" endtime="20231229 13:59:36.645"/>
</kw>
<status status="PASS" starttime="20231229 13:59:33.765" endtime="20231229 13:59:36.645"/>
</kw>
<kw name="Set Selenium Speed" library="SeleniumLibrary">
<arg>0.7 seconds</arg>
<doc>Sets the delay that is waited after each Selenium command.</doc>
<status status="PASS" starttime="20231229 13:59:36.645" endtime="20231229 13:59:36.645"/>
</kw>
<kw name="Click Sign In Button Modal" library="BarronsArticlePage">
<if>
<branch type="IF" condition="&quot;${Env}&quot; == &quot;prod&quot;">
<kw name="Click Element" library="SeleniumLibrary">
<arg>dom:${JSFollowSignInButtonPath}</arg>
<doc>Click the element identified by ``locator``.</doc>
<status status="NOT RUN" starttime="20231229 13:59:36.647" endtime="20231229 13:59:36.647"/>
</kw>
<status status="NOT RUN" starttime="20231229 13:59:36.647" endtime="20231229 13:59:36.647"/>
</branch>
<branch type="ELSE IF" condition="&quot;${Env}&quot; == &quot;dev&quot;">
<kw name="Click Element" library="SeleniumLibrary">
<arg>dom:${JSFollowSignInButton4Path}</arg>
<doc>Click the element identified by ``locator``.</doc>
<msg timestamp="20231229 13:59:36.648" level="INFO">Clicking element 'dom:document.querySelector('ufc-signin-modal[isopen]').shadowRoot .querySelector('div') .querySelector('div.modal') .querySelector('focus-trap') .querySelector('div.footer') .querySelector('ufc-button') .querySelector('button')'.</msg>
<msg timestamp="20231229 13:59:38.163" level="INFO" html="true">&lt;/td&gt;&lt;/tr&gt;&lt;tr&gt;&lt;td colspan="3"&gt;&lt;a href="selenium-screenshot-120.png"&gt;&lt;img src="selenium-screenshot-120.png" width="800px"&gt;&lt;/a&gt;</msg>
<msg timestamp="20231229 13:59:38.163" level="FAIL">Element with locator 'dom:document.querySelector('ufc-signin-modal[isopen]').shadowRoot .querySelector('div') .querySelector('div.modal') .querySelector('focus-trap') .querySelector('div.footer') .querySelector('ufc-button') .querySelector('button')' not found.</msg>
<status status="FAIL" starttime="20231229 13:59:36.647" endtime="20231229 13:59:38.167"/>
</kw>
<status status="FAIL" starttime="20231229 13:59:36.647" endtime="20231229 13:59:38.167"/>
</branch>
<status status="FAIL" starttime="20231229 13:59:36.647" endtime="20231229 13:59:38.167"/>
</if>
<status status="FAIL" starttime="20231229 13:59:36.645" endtime="20231229 13:59:38.167"/>
</kw>
<kw name="Sign In Process" library="DefinedKeywords">
<status status="NOT RUN" starttime="20231229 13:59:38.168" endtime="20231229 13:59:38.168"/>
</kw>
<kw name="Validate Following Button" library="BarronsArticlePage">
<status status="NOT RUN" starttime="20231229 13:59:38.168" endtime="20231229 13:59:38.168"/>
</kw>
<kw name="Set Selenium Speed" library="SeleniumLibrary">
<arg>0.2 seconds</arg>
<doc>Sets the delay that is waited after each Selenium command.</doc>
<status status="NOT RUN" starttime="20231229 13:59:38.169" endtime="20231229 13:59:38.169"/>
</kw>
<if>
<branch type="IF" condition="&quot;${Env}&quot; == &quot;dev&quot;">
<kw name="Set Selenium Speed" library="SeleniumLibrary">
<arg>0.5 seconds</arg>
<doc>Sets the delay that is waited after each Selenium command.</doc>
<status status="NOT RUN" starttime="20231229 13:59:38.169" endtime="20231229 13:59:38.169"/>
</kw>
<status status="NOT RUN" starttime="20231229 13:59:38.169" endtime="20231229 13:59:38.169"/>
</branch>
<status status="NOT RUN" starttime="20231229 13:59:38.169" endtime="20231229 13:59:38.169"/>
</if>
<kw name="Click Following Button" library="BarronsArticlePage">
<status status="NOT RUN" starttime="20231229 13:59:38.170" endtime="20231229 13:59:38.171"/>
</kw>
<kw name="Set Selenium Speed" library="SeleniumLibrary">
<arg>0.2 seconds</arg>
<doc>Sets the delay that is waited after each Selenium command.</doc>
<status status="NOT RUN" starttime="20231229 13:59:38.171" endtime="20231229 13:59:38.171"/>
</kw>
<kw name="Click Undo Link" library="BarronsArticlePage">
<status status="NOT RUN" starttime="20231229 13:59:38.171" endtime="20231229 13:59:38.171"/>
</kw>
<kw name="Validate Following Button" library="BarronsArticlePage">
<status status="NOT RUN" starttime="20231229 13:59:38.171" endtime="20231229 13:59:38.171"/>
</kw>
<kw name="Click Preference Center Link" library="BarronsArticlePage">
<status status="NOT RUN" starttime="20231229 13:59:38.172" endtime="20231229 13:59:38.172"/>
</kw>
<kw name="Validate Preference Center page" library="BarronsPreferenceCenterPage">
<status status="NOT RUN" starttime="20231229 13:59:38.172" endtime="20231229 13:59:38.172"/>
</kw>
<kw name="Finish Testcase" library="CommonFunctionality" type="TEARDOWN">
<kw name="Close Browser" library="SeleniumLibrary">
<doc>Closes the current browser.</doc>
<status status="PASS" starttime="20231229 13:59:38.173" endtime="20231229 13:59:43.232"/>
</kw>
<status status="PASS" starttime="20231229 13:59:38.173" endtime="20231229 13:59:43.233"/>
</kw>
<doc>This test case validates the author follow button from articles page</doc>
<tag>Barrons</tag>
<tag>Follow Article</tag>
<tag>Smoke</tag>
<status status="FAIL" starttime="20231229 13:59:11.301" endtime="20231229 13:59:43.233">Element with locator 'dom:document.querySelector('ufc-signin-modal[isopen]').shadowRoot .querySelector('div') .querySelector('div.modal') .querySelector('focus-trap') .querySelector('div.footer') .querySelector('ufc-button') .querySelector('button')' not found.</status>
</test>
<test id="s1-s1-s1-t2" name="Validate the follow button from authors page" line="46">
<kw name="Start Barrons Article" library="CommonFunctionality" type="SETUP">
<kw name="Set Selenium Speed" library="SeleniumLibrary">
<arg>0.5 seconds</arg>
<doc>Sets the delay that is waited after each Selenium command.</doc>
<status status="PASS" starttime="20231229 13:59:43.236" endtime="20231229 13:59:43.236"/>
</kw>
<if>
<branch type="IF" condition="&quot;${Env}&quot; == &quot;prod&quot;">
<kw name="Open Browser" library="SeleniumLibrary">
<arg>https://www.barrons.com</arg>
<arg>${Browser}</arg>
<doc>Opens a new browser instance to the optional ``url``.</doc>
<status status="NOT RUN" starttime="20231229 13:59:43.237" endtime="20231229 13:59:43.237"/>
</kw>
<kw name="Go To" library="SeleniumLibrary">
<arg>https://www.barrons.com/articles/wendys-wen-stock-earnings-51652268634</arg>
<doc>Navigates the current browser window to the provided ``url``.</doc>
<status status="NOT RUN" starttime="20231229 13:59:43.237" endtime="20231229 13:59:43.237"/>
</kw>
<status status="NOT RUN" starttime="20231229 13:59:43.236" endtime="20231229 13:59:43.237"/>
</branch>
<branch type="ELSE IF" condition="&quot;${Env}&quot; == &quot;dev&quot;">
<if>
<branch type="IF" condition="&quot;${Browser}&quot; == &quot;firefox&quot;">
<kw name="Evaluate" library="BuiltIn">
<var>${options}</var>
<arg>selenium.webdriver.FirefoxOptions()</arg>
<doc>Evaluates the given expression in Python and returns the result.</doc>
<msg timestamp="20231229 13:59:43.238" level="INFO">${options} = &lt;selenium.webdriver.firefox.options.Options object at 0x00000223C4FFD1C0&gt;</msg>
<status status="PASS" starttime="20231229 13:59:43.238" endtime="20231229 13:59:43.238"/>
</kw>
<kw name="Call Method" library="BuiltIn">
<arg>${options}</arg>
<arg>add_argument</arg>
<arg>--CreateProfile</arg>
<doc>Calls the named method of the given object with the provided arguments.</doc>
<status status="PASS" starttime="20231229 13:59:43.238" endtime="20231229 13:59:43.238"/>
</kw>
<kw name="Call Method" library="BuiltIn">
<arg>${options}</arg>
<arg>add_argument</arg>
<arg>--start-maximized</arg>
<doc>Calls the named method of the given object with the provided arguments.</doc>
<status status="PASS" starttime="20231229 13:59:43.238" endtime="20231229 13:59:43.239"/>
</kw>
<kw name="Call Method" library="BuiltIn">
<arg>${options}</arg>
<arg>add_argument</arg>
<arg>--disable-dev-shm-usage</arg>
<doc>Calls the named method of the given object with the provided arguments.</doc>
<status status="PASS" starttime="20231229 13:59:43.239" endtime="20231229 13:59:43.239"/>
</kw>
<kw name="Call Method" library="BuiltIn">
<arg>${options}</arg>
<arg>add_argument</arg>
<arg>--no-sandbox</arg>
<doc>Calls the named method of the given object with the provided arguments.</doc>
<status status="PASS" starttime="20231229 13:59:43.239" endtime="20231229 13:59:43.239"/>
</kw>
<kw name="Call Method" library="BuiltIn">
<arg>${options}</arg>
<arg>add_argument</arg>
<arg>--disable-gpu</arg>
<doc>Calls the named method of the given object with the provided arguments.</doc>
<status status="PASS" starttime="20231229 13:59:43.239" endtime="20231229 13:59:43.239"/>
</kw>
<kw name="Call Method" library="BuiltIn">
<arg>${options}</arg>
<arg>add_argument</arg>
<arg>--headless</arg>
<doc>Calls the named method of the given object with the provided arguments.</doc>
<status status="PASS" starttime="20231229 13:59:43.239" endtime="20231229 13:59:43.240"/>
</kw>
<kw name="Call Method" library="BuiltIn">
<arg>${options}</arg>
<arg>add_argument</arg>
<arg>--devtools.debugger.force-local</arg>
<doc>Calls the named method of the given object with the provided arguments.</doc>
<status status="PASS" starttime="20231229 13:59:43.240" endtime="20231229 13:59:43.240"/>
</kw>
<kw name="Call Method" library="BuiltIn">
<arg>${options}</arg>
<arg>add_argument</arg>
<arg>--devtools.debugger.remote-enabled</arg>
<doc>Calls the named method of the given object with the provided arguments.</doc>
<status status="PASS" starttime="20231229 13:59:43.240" endtime="20231229 13:59:43.240"/>
</kw>
<kw name="Call Method" library="BuiltIn">
<arg>${options}</arg>
<arg>add_argument</arg>
<arg>--devtools.chrome.enabled</arg>
<doc>Calls the named method of the given object with the provided arguments.</doc>
<status status="PASS" starttime="20231229 13:59:43.240" endtime="20231229 13:59:43.241"/>
</kw>
<kw name="Call Method" library="BuiltIn">
<arg>${options}</arg>
<arg>add_argument</arg>
<arg>--devtools.debugger.prompt-connection</arg>
<doc>Calls the named method of the given object with the provided arguments.</doc>
<status status="PASS" starttime="20231229 13:59:43.241" endtime="20231229 13:59:43.241"/>
</kw>
<kw name="Call Method" library="BuiltIn">
<arg>${options}</arg>
<arg>add_argument</arg>
<arg>--browser.dom.window.dump.enabled</arg>
<doc>Calls the named method of the given object with the provided arguments.</doc>
<status status="PASS" starttime="20231229 13:59:43.241" endtime="20231229 13:59:43.241"/>
</kw>
<kw name="Open Browser" library="SeleniumLibrary">
<arg>https://www.barrons.com</arg>
<arg>firefox</arg>
<arg>options=${options}</arg>
<doc>Opens a new browser instance to the optional ``url``.</doc>
<msg timestamp="20231229 13:59:43.242" level="INFO">Opening browser 'firefox' to base url 'https://www.barrons.com'.</msg>
<status status="PASS" starttime="20231229 13:59:43.241" endtime="20231229 13:59:58.972"/>
</kw>
<status status="PASS" starttime="20231229 13:59:43.237" endtime="20231229 13:59:58.972"/>
</branch>
<branch type="ELSE">
<kw name="Open Browser" library="SeleniumLibrary">
<arg>https://www.s.dev.barrons.com</arg>
<arg>${Browser1}</arg>
<doc>Opens a new browser instance to the optional ``url``.</doc>
<status status="NOT RUN" starttime="20231229 13:59:58.972" endtime="20231229 13:59:58.973"/>
</kw>
<status status="NOT RUN" starttime="20231229 13:59:58.972" endtime="20231229 13:59:58.973"/>
</branch>
<status status="PASS" starttime="20231229 13:59:43.237" endtime="20231229 13:59:58.973"/>
</if>
<kw name="Go To" library="SeleniumLibrary">
<arg>https://www.barrons.com/articles/buy-under-armour-stock-pick-51650672000</arg>
<doc>Navigates the current browser window to the provided ``url``.</doc>
<msg timestamp="20231229 13:59:58.973" level="INFO">Opening url 'https://www.barrons.com/articles/buy-under-armour-stock-pick-51650672000'</msg>
<status status="PASS" starttime="20231229 13:59:58.973" endtime="20231229 14:00:03.147"/>
</kw>
<status status="PASS" starttime="20231229 13:59:43.237" endtime="20231229 14:00:03.147"/>
</branch>
<status status="PASS" starttime="20231229 13:59:43.236" endtime="20231229 14:00:03.147"/>
</if>
<kw name="Wait Until Page Contains Element" library="SeleniumLibrary">
<arg>dom:${JSFollowButtonBarronsPath}</arg>
<doc>Waits until the element ``locator`` appears on the current page.</doc>
<status status="PASS" starttime="20231229 14:00:03.147" endtime="20231229 14:00:03.665"/>
</kw>
<kw name="Maximize Browser Window" library="SeleniumLibrary">
<doc>Maximizes current browser window.</doc>
<status status="PASS" starttime="20231229 14:00:03.665" endtime="20231229 14:00:04.169"/>
</kw>
<status status="PASS" starttime="20231229 13:59:43.236" endtime="20231229 14:00:04.169"/>
</kw>
<kw name="Set Selenium Speed" library="SeleniumLibrary">
<arg>0.5 seconds</arg>
<doc>Sets the delay that is waited after each Selenium command.</doc>
<status status="PASS" starttime="20231229 14:00:04.169" endtime="20231229 14:00:04.170"/>
</kw>
<kw name="Validate author hyperlink" library="BarronsArticlePage">
<if>
<branch type="IF" condition="&quot;${Env}&quot; == &quot;prod&quot;">
<kw name="Page Should Contain Element" library="SeleniumLibrary">
<arg>//span[text()="Angela Palumbo"]</arg>
<doc>Verifies that element ``locator`` is found on the current page.</doc>
<status status="NOT RUN" starttime="20231229 14:00:04.170" endtime="20231229 14:00:04.171"/>
</kw>
<status status="NOT RUN" starttime="20231229 14:00:04.170" endtime="20231229 14:00:04.171"/>
</branch>
<branch type="ELSE IF" condition="&quot;${Env}&quot; == &quot;dev&quot;">
<kw name="Page Should Contain Element" library="SeleniumLibrary">
<arg>//span[text()="Teresa Rivas"]</arg>
<doc>Verifies that element ``locator`` is found on the current page.</doc>
<msg timestamp="20231229 14:00:04.687" level="INFO">Current page contains element '//span[text()="Teresa Rivas"]'.</msg>
<status status="PASS" starttime="20231229 14:00:04.171" endtime="20231229 14:00:04.687"/>
</kw>
<status status="PASS" starttime="20231229 14:00:04.171" endtime="20231229 14:00:04.687"/>
</branch>
<status status="PASS" starttime="20231229 14:00:04.170" endtime="20231229 14:00:04.687"/>
</if>
<status status="PASS" starttime="20231229 14:00:04.170" endtime="20231229 14:00:04.687"/>
</kw>
<kw name="Click author hyperlink" library="BarronsArticlePage">
<if>
<branch type="IF" condition="&quot;${Env}&quot; == &quot;prod&quot;">
<kw name="Click Element" library="SeleniumLibrary">
<arg>//span[text()="Angela Palumbo"]</arg>
<doc>Click the element identified by ``locator``.</doc>
<status status="NOT RUN" starttime="20231229 14:00:04.688" endtime="20231229 14:00:04.688"/>
</kw>
<status status="NOT RUN" starttime="20231229 14:00:04.688" endtime="20231229 14:00:04.689"/>
</branch>
<branch type="ELSE IF" condition="&quot;${Env}&quot; == &quot;dev&quot;">
<kw name="Click Element" library="SeleniumLibrary">
<arg>//span[text()="Teresa Rivas"]</arg>
<doc>Click the element identified by ``locator``.</doc>
<msg timestamp="20231229 14:00:04.690" level="INFO">Clicking element '//span[text()="Teresa Rivas"]'.</msg>
<status status="PASS" starttime="20231229 14:00:04.689" endtime="20231229 14:00:06.320"/>
</kw>
<status status="PASS" starttime="20231229 14:00:04.689" endtime="20231229 14:00:06.320"/>
</branch>
<status status="PASS" starttime="20231229 14:00:04.688" endtime="20231229 14:00:06.320"/>
</if>
<status status="PASS" starttime="20231229 14:00:04.688" endtime="20231229 14:00:06.320"/>
</kw>
<if>
<branch type="IF" condition="&quot;${Env}&quot; == &quot;dev&quot;">
<kw name="Click author hyperlink" library="BarronsArticlePage">
<if>
<branch type="IF" condition="&quot;${Env}&quot; == &quot;prod&quot;">
<kw name="Click Element" library="SeleniumLibrary">
<arg>//span[text()="Angela Palumbo"]</arg>
<doc>Click the element identified by ``locator``.</doc>
<status status="NOT RUN" starttime="20231229 14:00:06.336" endtime="20231229 14:00:06.336"/>
</kw>
<status status="NOT RUN" starttime="20231229 14:00:06.336" endtime="20231229 14:00:06.336"/>
</branch>
<branch type="ELSE IF" condition="&quot;${Env}&quot; == &quot;dev&quot;">
<kw name="Click Element" library="SeleniumLibrary">
<arg>//span[text()="Teresa Rivas"]</arg>
<doc>Click the element identified by ``locator``.</doc>
<msg timestamp="20231229 14:00:06.338" level="INFO">Clicking element '//span[text()="Teresa Rivas"]'.</msg>
<status status="PASS" starttime="20231229 14:00:06.336" endtime="20231229 14:00:08.253"/>
</kw>
<status status="PASS" starttime="20231229 14:00:06.336" endtime="20231229 14:00:08.253"/>
</branch>
<status status="PASS" starttime="20231229 14:00:06.336" endtime="20231229 14:00:08.253"/>
</if>
<status status="PASS" starttime="20231229 14:00:06.335" endtime="20231229 14:00:08.253"/>
</kw>
<status status="PASS" starttime="20231229 14:00:06.335" endtime="20231229 14:00:08.253"/>
</branch>
<status status="PASS" starttime="20231229 14:00:06.335" endtime="20231229 14:00:08.253"/>
</if>
<kw name="Validate Authors Page" library="BarronsAuthorsPage">
<if>
<branch type="IF" condition="&quot;${Env}&quot; == &quot;prod&quot;">
<kw name="Page Should Contain" library="SeleniumLibrary">
<arg>Brian Swint</arg>
<doc>Verifies that current page contains ``text``.</doc>
<status status="NOT RUN" starttime="20231229 14:00:08.435" endtime="20231229 14:00:08.435"/>
</kw>
<status status="NOT RUN" starttime="20231229 14:00:08.434" endtime="20231229 14:00:08.435"/>
</branch>
<branch type="ELSE IF" condition="&quot;${Env}&quot; == &quot;dev&quot;">
<kw name="Page Should Contain" library="SeleniumLibrary">
<arg>Teresa Rivas</arg>
<doc>Verifies that current page contains ``text``.</doc>
<msg timestamp="20231229 14:00:09.670" level="INFO">Current page contains text 'Teresa Rivas'.</msg>
<status status="PASS" starttime="20231229 14:00:08.435" endtime="20231229 14:00:09.670"/>
</kw>
<status status="PASS" starttime="20231229 14:00:08.435" endtime="20231229 14:00:09.670"/>
</branch>
<status status="PASS" starttime="20231229 14:00:08.434" endtime="20231229 14:00:09.670"/>
</if>
<status status="PASS" starttime="20231229 14:00:08.433" endtime="20231229 14:00:09.670"/>
</kw>
<kw name="Validate Follow Button" library="BarronsArticlePage">
<kw name="Wait Until Element Is Visible" library="SeleniumLibrary">
<arg>dom:${JSFollowButtonBarronsPath}</arg>
<doc>Waits until the element ``locator`` is visible.</doc>
<status status="PASS" starttime="20231229 14:00:09.679" endtime="20231229 14:00:12.177"/>
</kw>
<kw name="Element Text Should Be" library="SeleniumLibrary">
<arg>dom:${JSFollowButtonBarronsPath}</arg>
<arg>Follow</arg>
<arg>timeout=30</arg>
<doc>Verifies that element ``locator`` contains exact the text ``expected``.</doc>
<msg timestamp="20231229 14:00:12.178" level="INFO">Verifying element 'dom:document.querySelector('ufc-follow-author-widget').shadowRoot .querySelector('ufc-follow-widget') .querySelector('ufc-follow-button').shadowRoot .querySelector('button')' contains exact text 'Follow'.</msg>
<status status="PASS" starttime="20231229 14:00:12.177" endtime="20231229 14:00:13.825"/>
</kw>
<status status="PASS" starttime="20231229 14:00:09.678" endtime="20231229 14:00:13.825"/>
</kw>
<kw name="Finish Testcase" library="CommonFunctionality" type="TEARDOWN">
<kw name="Close Browser" library="SeleniumLibrary">
<doc>Closes the current browser.</doc>
<status status="PASS" starttime="20231229 14:00:13.827" endtime="20231229 14:00:21.409"/>
</kw>
<status status="PASS" starttime="20231229 14:00:13.827" endtime="20231229 14:00:21.410"/>
</kw>
<doc>This test case validates the follow button from authors page</doc>
<tag>Author</tag>
<tag>Barrons</tag>
<tag>Follow</tag>
<tag>Smoke</tag>
<status status="PASS" starttime="20231229 13:59:43.235" endtime="20231229 14:00:21.410"/>
</test>
<test id="s1-s1-s1-t3" name="Validate the stock pick follow button from articles page" line="65">
<kw name="Start Barrons Article" library="CommonFunctionality" type="SETUP">
<kw name="Set Selenium Speed" library="SeleniumLibrary">
<arg>0.5 seconds</arg>
<doc>Sets the delay that is waited after each Selenium command.</doc>
<status status="PASS" starttime="20231229 14:00:21.412" endtime="20231229 14:00:21.412"/>
</kw>
<if>
<branch type="IF" condition="&quot;${Env}&quot; == &quot;prod&quot;">
<kw name="Open Browser" library="SeleniumLibrary">
<arg>https://www.barrons.com</arg>
<arg>${Browser}</arg>
<doc>Opens a new browser instance to the optional ``url``.</doc>
<status status="NOT RUN" starttime="20231229 14:00:21.412" endtime="20231229 14:00:21.412"/>
</kw>
<kw name="Go To" library="SeleniumLibrary">
<arg>https://www.barrons.com/articles/wendys-wen-stock-earnings-51652268634</arg>
<doc>Navigates the current browser window to the provided ``url``.</doc>
<status status="NOT RUN" starttime="20231229 14:00:21.412" endtime="20231229 14:00:21.413"/>
</kw>
<status status="NOT RUN" starttime="20231229 14:00:21.412" endtime="20231229 14:00:21.413"/>
</branch>
<branch type="ELSE IF" condition="&quot;${Env}&quot; == &quot;dev&quot;">
<if>
<branch type="IF" condition="&quot;${Browser}&quot; == &quot;firefox&quot;">
<kw name="Evaluate" library="BuiltIn">
<var>${options}</var>
<arg>selenium.webdriver.FirefoxOptions()</arg>
<doc>Evaluates the given expression in Python and returns the result.</doc>
<msg timestamp="20231229 14:00:21.413" level="INFO">${options} = &lt;selenium.webdriver.firefox.options.Options object at 0x00000223C503D970&gt;</msg>
<status status="PASS" starttime="20231229 14:00:21.413" endtime="20231229 14:00:21.413"/>
</kw>
<kw name="Call Method" library="BuiltIn">
<arg>${options}</arg>
<arg>add_argument</arg>
<arg>--CreateProfile</arg>
<doc>Calls the named method of the given object with the provided arguments.</doc>
<status status="PASS" starttime="20231229 14:00:21.413" endtime="20231229 14:00:21.413"/>
</kw>
<kw name="Call Method" library="BuiltIn">
<arg>${options}</arg>
<arg>add_argument</arg>
<arg>--start-maximized</arg>
<doc>Calls the named method of the given object with the provided arguments.</doc>
<status status="PASS" starttime="20231229 14:00:21.413" endtime="20231229 14:00:21.414"/>
</kw>
<kw name="Call Method" library="BuiltIn">
<arg>${options}</arg>
<arg>add_argument</arg>
<arg>--disable-dev-shm-usage</arg>
<doc>Calls the named method of the given object with the provided arguments.</doc>
<status status="PASS" starttime="20231229 14:00:21.414" endtime="20231229 14:00:21.414"/>
</kw>
<kw name="Call Method" library="BuiltIn">
<arg>${options}</arg>
<arg>add_argument</arg>
<arg>--no-sandbox</arg>
<doc>Calls the named method of the given object with the provided arguments.</doc>
<status status="PASS" starttime="20231229 14:00:21.414" endtime="20231229 14:00:21.414"/>
</kw>
<kw name="Call Method" library="BuiltIn">
<arg>${options}</arg>
<arg>add_argument</arg>
<arg>--disable-gpu</arg>
<doc>Calls the named method of the given object with the provided arguments.</doc>
<status status="PASS" starttime="20231229 14:00:21.414" endtime="20231229 14:00:21.414"/>
</kw>
<kw name="Call Method" library="BuiltIn">
<arg>${options}</arg>
<arg>add_argument</arg>
<arg>--headless</arg>
<doc>Calls the named method of the given object with the provided arguments.</doc>
<status status="PASS" starttime="20231229 14:00:21.414" endtime="20231229 14:00:21.415"/>
</kw>
<kw name="Call Method" library="BuiltIn">
<arg>${options}</arg>
<arg>add_argument</arg>
<arg>--devtools.debugger.force-local</arg>
<doc>Calls the named method of the given object with the provided arguments.</doc>
<status status="PASS" starttime="20231229 14:00:21.415" endtime="20231229 14:00:21.415"/>
</kw>
<kw name="Call Method" library="BuiltIn">
<arg>${options}</arg>
<arg>add_argument</arg>
<arg>--devtools.debugger.remote-enabled</arg>
<doc>Calls the named method of the given object with the provided arguments.</doc>
<status status="PASS" starttime="20231229 14:00:21.415" endtime="20231229 14:00:21.415"/>
</kw>
<kw name="Call Method" library="BuiltIn">
<arg>${options}</arg>
<arg>add_argument</arg>
<arg>--devtools.chrome.enabled</arg>
<doc>Calls the named method of the given object with the provided arguments.</doc>
<status status="PASS" starttime="20231229 14:00:21.415" endtime="20231229 14:00:21.415"/>
</kw>
<kw name="Call Method" library="BuiltIn">
<arg>${options}</arg>
<arg>add_argument</arg>
<arg>--devtools.debugger.prompt-connection</arg>
<doc>Calls the named method of the given object with the provided arguments.</doc>
<status status="PASS" starttime="20231229 14:00:21.415" endtime="20231229 14:00:21.416"/>
</kw>
<kw name="Call Method" library="BuiltIn">
<arg>${options}</arg>
<arg>add_argument</arg>
<arg>--browser.dom.window.dump.enabled</arg>
<doc>Calls the named method of the given object with the provided arguments.</doc>
<status status="PASS" starttime="20231229 14:00:21.417" endtime="20231229 14:00:21.417"/>
</kw>
<kw name="Open Browser" library="SeleniumLibrary">
<arg>https://www.barrons.com</arg>
<arg>firefox</arg>
<arg>options=${options}</arg>
<doc>Opens a new browser instance to the optional ``url``.</doc>
<msg timestamp="20231229 14:00:21.417" level="INFO">Opening browser 'firefox' to base url 'https://www.barrons.com'.</msg>
<status status="PASS" starttime="20231229 14:00:21.417" endtime="20231229 14:00:31.830"/>
</kw>
<status status="PASS" starttime="20231229 14:00:21.413" endtime="20231229 14:00:31.830"/>
</branch>
<branch type="ELSE">
<kw name="Open Browser" library="SeleniumLibrary">
<arg>https://www.s.dev.barrons.com</arg>
<arg>${Browser1}</arg>
<doc>Opens a new browser instance to the optional ``url``.</doc>
<status status="NOT RUN" starttime="20231229 14:00:31.830" endtime="20231229 14:00:31.830"/>
</kw>
<status status="NOT RUN" starttime="20231229 14:00:31.830" endtime="20231229 14:00:31.830"/>
</branch>
<status status="PASS" starttime="20231229 14:00:21.413" endtime="20231229 14:00:31.830"/>
</if>
<kw name="Go To" library="SeleniumLibrary">
<arg>https://www.barrons.com/articles/buy-under-armour-stock-pick-51650672000</arg>
<doc>Navigates the current browser window to the provided ``url``.</doc>
<msg timestamp="20231229 14:00:31.830" level="INFO">Opening url 'https://www.barrons.com/articles/buy-under-armour-stock-pick-51650672000'</msg>
<status status="PASS" starttime="20231229 14:00:31.830" endtime="20231229 14:00:34.163"/>
</kw>
<status status="PASS" starttime="20231229 14:00:21.413" endtime="20231229 14:00:34.163"/>
</branch>
<status status="PASS" starttime="20231229 14:00:21.412" endtime="20231229 14:00:34.163"/>
</if>
<kw name="Wait Until Page Contains Element" library="SeleniumLibrary">
<arg>dom:${JSFollowButtonBarronsPath}</arg>
<doc>Waits until the element ``locator`` appears on the current page.</doc>
<status status="PASS" starttime="20231229 14:00:34.163" endtime="20231229 14:00:35.454"/>
</kw>
<kw name="Maximize Browser Window" library="SeleniumLibrary">
<doc>Maximizes current browser window.</doc>
<status status="PASS" starttime="20231229 14:00:35.454" endtime="20231229 14:00:35.960"/>
</kw>
<status status="PASS" starttime="20231229 14:00:21.412" endtime="20231229 14:00:35.960"/>
</kw>
<kw name="Start Barrons Stock Picks for Stock Picks in article" library="CommonFunctionality">
<kw name="Set Selenium Speed" library="SeleniumLibrary">
<arg>0.5 seconds</arg>
<doc>Sets the delay that is waited after each Selenium command.</doc>
<status status="PASS" starttime="20231229 14:00:36.097" endtime="20231229 14:00:36.097"/>
</kw>
<if>
<branch type="IF" condition="&quot;${Env}&quot; == &quot;prod&quot;">
<kw name="Open Browser" library="SeleniumLibrary">
<arg>https://www.barrons.com</arg>
<arg>${Browser}</arg>
<doc>Opens a new browser instance to the optional ``url``.</doc>
<status status="NOT RUN" starttime="20231229 14:00:36.098" endtime="20231229 14:00:36.100"/>
</kw>
<kw name="Go To" library="SeleniumLibrary">
<arg>https://www.barrons.com/articles/buy-rockwell-automation-stock-pick-price-cc120733?mod=stock_picks_lp</arg>
<doc>Navigates the current browser window to the provided ``url``.</doc>
<status status="NOT RUN" starttime="20231229 14:00:36.100" endtime="20231229 14:00:36.100"/>
</kw>
<status status="NOT RUN" starttime="20231229 14:00:36.097" endtime="20231229 14:00:36.100"/>
</branch>
<branch type="ELSE IF" condition="&quot;${Env}&quot; == &quot;dev&quot;">
<kw name="Open Browser" library="SeleniumLibrary">
<arg>https://www.s.dev.barrons.com</arg>
<arg>${Browser}</arg>
<doc>Opens a new browser instance to the optional ``url``.</doc>
<msg timestamp="20231229 14:00:36.101" level="INFO">Opening browser 'firefox' to base url 'https://www.s.dev.barrons.com'.</msg>
<status status="PASS" starttime="20231229 14:00:36.101" endtime="20231229 14:01:03.804"/>
</kw>
<kw name="Go To" library="SeleniumLibrary">
<arg>https://www.s.dev.barrons.com/articles/buy-rockwell-automation-stock-pick-price-cc120733?mod=stock_picks_lp</arg>
<doc>Navigates the current browser window to the provided ``url``.</doc>
<msg timestamp="20231229 14:01:03.804" level="INFO">Opening url 'https://www.s.dev.barrons.com/articles/buy-rockwell-automation-stock-pick-price-cc120733?mod=stock_picks_lp'</msg>
<status status="PASS" starttime="20231229 14:01:03.804" endtime="20231229 14:01:07.545"/>
</kw>
<status status="PASS" starttime="20231229 14:00:36.100" endtime="20231229 14:01:07.546"/>
</branch>
<status status="PASS" starttime="20231229 14:00:36.097" endtime="20231229 14:01:07.546"/>
</if>
<kw name="Maximize Browser Window" library="SeleniumLibrary">
<doc>Maximizes current browser window.</doc>
<status status="PASS" starttime="20231229 14:01:07.546" endtime="20231229 14:01:08.311"/>
</kw>
<status status="PASS" starttime="20231229 14:00:36.096" endtime="20231229 14:01:08.311"/>
</kw>
<kw name="Validate Stock Pick Follow Button" library="BarronsArticlePage">
<kw name="Wait Until Element Is Visible" library="SeleniumLibrary">
<arg>dom:${JSStockPickFollowButtonBarronsPath}= StockPickFollowButton</arg>
<doc>Waits until the element ``locator`` is visible.</doc>
<msg timestamp="20231229 14:01:08.896" level="INFO" html="true">&lt;/td&gt;&lt;/tr&gt;&lt;tr&gt;&lt;td colspan="3"&gt;&lt;a href="selenium-screenshot-121.png"&gt;&lt;img src="selenium-screenshot-121.png" width="800px"&gt;&lt;/a&gt;</msg>
<msg timestamp="20231229 14:01:08.898" level="FAIL">JavascriptException: Message: ReferenceError: cannot assign to function call
Stacktrace:
@https://www.s.dev.barrons.com/articles/buy-rockwell-automation-stock-pick-price-cc120733?mod=stock_picks_lp:2:175
@https://www.s.dev.barrons.com/articles/buy-rockwell-automation-stock-pick-price-cc120733?mod=stock_picks_lp:3:8
</msg>
<status status="FAIL" starttime="20231229 14:01:08.312" endtime="20231229 14:01:08.901"/>
</kw>
<kw name="Element Text Should Be" library="SeleniumLibrary">
<arg>dom:${JSStockPickFollowButtonBarronsPath}</arg>
<arg>Follow</arg>
<arg>timeout=30</arg>
<doc>Verifies that element ``locator`` contains exact the text ``expected``.</doc>
<status status="NOT RUN" starttime="20231229 14:01:08.902" endtime="20231229 14:01:08.902"/>
</kw>
<status status="FAIL" starttime="20231229 14:01:08.312" endtime="20231229 14:01:08.902"/>
</kw>
<kw name="Click Stock Pick Follow Button" library="BarronsArticlePage">
<status status="NOT RUN" starttime="20231229 14:01:08.914" endtime="20231229 14:01:08.914"/>
</kw>
<kw name="Validate Sign In Modal" library="BarronsArticlePage">
<status status="NOT RUN" starttime="20231229 14:01:08.917" endtime="20231229 14:01:08.917"/>
</kw>
<kw name="Click Sign In Button 2 Modal" library="BarronsArticlePage">
<status status="NOT RUN" starttime="20231229 14:01:08.925" endtime="20231229 14:01:08.925"/>
</kw>
<kw name="Sign In Process" library="DefinedKeywords">
<status status="NOT RUN" starttime="20231229 14:01:08.935" endtime="20231229 14:01:08.935"/>
</kw>
<kw name="Set Selenium Speed" library="SeleniumLibrary">
<arg>0.1 seconds</arg>
<doc>Sets the delay that is waited after each Selenium command.</doc>
<status status="NOT RUN" starttime="20231229 14:01:08.938" endtime="20231229 14:01:08.938"/>
</kw>
<kw name="Validate Stock Pick Following Button" library="BarronsArticlePage">
<status status="NOT RUN" starttime="20231229 14:01:08.944" endtime="20231229 14:01:08.944"/>
</kw>
<kw name="Click Stock Pick Following Button" library="BarronsArticlePage">
<status status="NOT RUN" starttime="20231229 14:01:08.947" endtime="20231229 14:01:08.947"/>
</kw>
<kw name="Finish Testcase" library="CommonFunctionality" type="TEARDOWN">
<kw name="Close Browser" library="SeleniumLibrary">
<doc>Closes the current browser.</doc>
<status status="PASS" starttime="20231229 14:01:08.952" endtime="20231229 14:01:13.881"/>
</kw>
<status status="PASS" starttime="20231229 14:01:08.952" endtime="20231229 14:01:13.881"/>
</kw>
<doc>This test case validates the stock pick follow button from articles page</doc>
<tag>Barrons</tag>
<tag>CustomTopic</tag>
<tag>Follow</tag>
<tag>Smoke</tag>
<status status="FAIL" starttime="20231229 14:00:21.411" endtime="20231229 14:01:13.882">JavascriptException: Message: ReferenceError: cannot assign to function call
Stacktrace:
@https://www.s.dev.barrons.com/articles/buy-rockwell-automation-stock-pick-price-cc120733?mod=stock_picks_lp:2:175
@https://www.s.dev.barrons.com/articles/buy-rockwell-automation-stock-pick-price-cc120733?mod=stock_picks_lp:3:8
</status>
</test>
<test id="s1-s1-s1-t4" name="Validate the Barrons Preference Center page" line="83">
<kw name="Start Barrons Article" library="CommonFunctionality" type="SETUP">
<kw name="Set Selenium Speed" library="SeleniumLibrary">
<arg>0.5 seconds</arg>
<doc>Sets the delay that is waited after each Selenium command.</doc>
<status status="PASS" starttime="20231229 14:01:13.885" endtime="20231229 14:01:13.885"/>
</kw>
<if>
<branch type="IF" condition="&quot;${Env}&quot; == &quot;prod&quot;">
<kw name="Open Browser" library="SeleniumLibrary">
<arg>https://www.barrons.com</arg>
<arg>${Browser}</arg>
<doc>Opens a new browser instance to the optional ``url``.</doc>
<status status="NOT RUN" starttime="20231229 14:01:13.886" endtime="20231229 14:01:13.886"/>
</kw>
<kw name="Go To" library="SeleniumLibrary">
<arg>https://www.barrons.com/articles/wendys-wen-stock-earnings-51652268634</arg>
<doc>Navigates the current browser window to the provided ``url``.</doc>
<status status="NOT RUN" starttime="20231229 14:01:13.886" endtime="20231229 14:01:13.886"/>
</kw>
<status status="NOT RUN" starttime="20231229 14:01:13.885" endtime="20231229 14:01:13.886"/>
</branch>
<branch type="ELSE IF" condition="&quot;${Env}&quot; == &quot;dev&quot;">
<if>
<branch type="IF" condition="&quot;${Browser}&quot; == &quot;firefox&quot;">
<kw name="Evaluate" library="BuiltIn">
<var>${options}</var>
<arg>selenium.webdriver.FirefoxOptions()</arg>
<doc>Evaluates the given expression in Python and returns the result.</doc>
<msg timestamp="20231229 14:01:13.886" level="INFO">${options} = &lt;selenium.webdriver.firefox.options.Options object at 0x00000223C4FFCEC0&gt;</msg>
<status status="PASS" starttime="20231229 14:01:13.886" endtime="20231229 14:01:13.886"/>
</kw>
<kw name="Call Method" library="BuiltIn">
<arg>${options}</arg>
<arg>add_argument</arg>
<arg>--CreateProfile</arg>
<doc>Calls the named method of the given object with the provided arguments.</doc>
<status status="PASS" starttime="20231229 14:01:13.887" endtime="20231229 14:01:13.887"/>
</kw>
<kw name="Call Method" library="BuiltIn">
<arg>${options}</arg>
<arg>add_argument</arg>
<arg>--start-maximized</arg>
<doc>Calls the named method of the given object with the provided arguments.</doc>
<status status="PASS" starttime="20231229 14:01:13.887" endtime="20231229 14:01:13.887"/>
</kw>
<kw name="Call Method" library="BuiltIn">
<arg>${options}</arg>
<arg>add_argument</arg>
<arg>--disable-dev-shm-usage</arg>
<doc>Calls the named method of the given object with the provided arguments.</doc>
<status status="PASS" starttime="20231229 14:01:13.887" endtime="20231229 14:01:13.887"/>
</kw>
<kw name="Call Method" library="BuiltIn">
<arg>${options}</arg>
<arg>add_argument</arg>
<arg>--no-sandbox</arg>
<doc>Calls the named method of the given object with the provided arguments.</doc>
<status status="PASS" starttime="20231229 14:01:13.887" endtime="20231229 14:01:13.887"/>
</kw>
<kw name="Call Method" library="BuiltIn">
<arg>${options}</arg>
<arg>add_argument</arg>
<arg>--disable-gpu</arg>
<doc>Calls the named method of the given object with the provided arguments.</doc>
<status status="PASS" starttime="20231229 14:01:13.887" endtime="20231229 14:01:13.888"/>
</kw>
<kw name="Call Method" library="BuiltIn">
<arg>${options}</arg>
<arg>add_argument</arg>
<arg>--headless</arg>
<doc>Calls the named method of the given object with the provided arguments.</doc>
<status status="PASS" starttime="20231229 14:01:13.888" endtime="20231229 14:01:13.888"/>
</kw>
<kw name="Call Method" library="BuiltIn">
<arg>${options}</arg>
<arg>add_argument</arg>
<arg>--devtools.debugger.force-local</arg>
<doc>Calls the named method of the given object with the provided arguments.</doc>
<status status="PASS" starttime="20231229 14:01:13.888" endtime="20231229 14:01:13.888"/>
</kw>
<kw name="Call Method" library="BuiltIn">
<arg>${options}</arg>
<arg>add_argument</arg>
<arg>--devtools.debugger.remote-enabled</arg>
<doc>Calls the named method of the given object with the provided arguments.</doc>
<status status="PASS" starttime="20231229 14:01:13.888" endtime="20231229 14:01:13.888"/>
</kw>
<kw name="Call Method" library="BuiltIn">
<arg>${options}</arg>
<arg>add_argument</arg>
<arg>--devtools.chrome.enabled</arg>
<doc>Calls the named method of the given object with the provided arguments.</doc>
<status status="PASS" starttime="20231229 14:01:13.888" endtime="20231229 14:01:13.889"/>
</kw>
<kw name="Call Method" library="BuiltIn">
<arg>${options}</arg>
<arg>add_argument</arg>
<arg>--devtools.debugger.prompt-connection</arg>
<doc>Calls the named method of the given object with the provided arguments.</doc>
<status status="PASS" starttime="20231229 14:01:13.889" endtime="20231229 14:01:13.890"/>
</kw>
<kw name="Call Method" library="BuiltIn">
<arg>${options}</arg>
<arg>add_argument</arg>
<arg>--browser.dom.window.dump.enabled</arg>
<doc>Calls the named method of the given object with the provided arguments.</doc>
<status status="PASS" starttime="20231229 14:01:13.890" endtime="20231229 14:01:13.890"/>
</kw>
<kw name="Open Browser" library="SeleniumLibrary">
<arg>https://www.barrons.com</arg>
<arg>firefox</arg>
<arg>options=${options}</arg>
<doc>Opens a new browser instance to the optional ``url``.</doc>
<msg timestamp="20231229 14:01:13.890" level="INFO">Opening browser 'firefox' to base url 'https://www.barrons.com'.</msg>
<status status="PASS" starttime="20231229 14:01:13.890" endtime="20231229 14:01:24.171"/>
</kw>
<status status="PASS" starttime="20231229 14:01:13.886" endtime="20231229 14:01:24.171"/>
</branch>
<branch type="ELSE">
<kw name="Open Browser" library="SeleniumLibrary">
<arg>https://www.s.dev.barrons.com</arg>
<arg>${Browser1}</arg>
<doc>Opens a new browser instance to the optional ``url``.</doc>
<status status="NOT RUN" starttime="20231229 14:01:24.171" endtime="20231229 14:01:24.171"/>
</kw>
<status status="NOT RUN" starttime="20231229 14:01:24.171" endtime="20231229 14:01:24.171"/>
</branch>
<status status="PASS" starttime="20231229 14:01:13.886" endtime="20231229 14:01:24.171"/>
</if>
<kw name="Go To" library="SeleniumLibrary">
<arg>https://www.barrons.com/articles/buy-under-armour-stock-pick-51650672000</arg>
<doc>Navigates the current browser window to the provided ``url``.</doc>
<msg timestamp="20231229 14:01:24.172" level="INFO">Opening url 'https://www.barrons.com/articles/buy-under-armour-stock-pick-51650672000'</msg>
<status status="PASS" starttime="20231229 14:01:24.172" endtime="20231229 14:01:27.454"/>
</kw>
<status status="PASS" starttime="20231229 14:01:13.886" endtime="20231229 14:01:27.454"/>
</branch>
<status status="PASS" starttime="20231229 14:01:13.885" endtime="20231229 14:01:27.454"/>
</if>
<kw name="Wait Until Page Contains Element" library="SeleniumLibrary">
<arg>dom:${JSFollowButtonBarronsPath}</arg>
<doc>Waits until the element ``locator`` appears on the current page.</doc>
<status status="PASS" starttime="20231229 14:01:27.454" endtime="20231229 14:01:28.100"/>
</kw>
<kw name="Maximize Browser Window" library="SeleniumLibrary">
<doc>Maximizes current browser window.</doc>
<status status="PASS" starttime="20231229 14:01:28.100" endtime="20231229 14:01:28.613"/>
</kw>
<status status="PASS" starttime="20231229 14:01:13.885" endtime="20231229 14:01:28.613"/>
</kw>
<kw name="Set Selenium Speed" library="SeleniumLibrary">
<arg>0.2 seconds</arg>
<doc>Sets the delay that is waited after each Selenium command.</doc>
<status status="PASS" starttime="20231229 14:01:28.633" endtime="20231229 14:01:28.633"/>
</kw>
<kw name="Navigate Preference Center page" library="BarronsPreferenceCenterPage">
<if>
<branch type="IF" condition="&quot;${Env}&quot; == &quot;prod&quot;">
<kw name="Go To" library="SeleniumLibrary">
<arg>https://www.barrons.com/follow</arg>
<doc>Navigates the current browser window to the provided ``url``.</doc>
<status status="NOT RUN" starttime="20231229 14:01:28.909" endtime="20231229 14:01:28.909"/>
</kw>
<status status="NOT RUN" starttime="20231229 14:01:28.909" endtime="20231229 14:01:28.909"/>
</branch>
<branch type="ELSE IF" condition="&quot;${Env}&quot; == &quot;dev&quot;">
<kw name="Go To" library="SeleniumLibrary">
<arg>https://www.s.dev.barrons.com/follow</arg>
<doc>Navigates the current browser window to the provided ``url``.</doc>
<msg timestamp="20231229 14:01:28.909" level="INFO">Opening url 'https://www.s.dev.barrons.com/follow'</msg>
<status status="PASS" starttime="20231229 14:01:28.909" endtime="20231229 14:01:32.387"/>
</kw>
<status status="PASS" starttime="20231229 14:01:28.909" endtime="20231229 14:01:32.387"/>
</branch>
<status status="PASS" starttime="20231229 14:01:28.909" endtime="20231229 14:01:32.387"/>
</if>
<status status="PASS" starttime="20231229 14:01:28.908" endtime="20231229 14:01:32.387"/>
</kw>
<kw name="Sign In Process" library="DefinedKeywords">
<if>
<branch type="IF" condition="&quot;${Env}&quot; == &quot;prod&quot;">
<kw name="Set Variable" library="BuiltIn">
<var>${Email}</var>
<arg>${Email_prod}</arg>
<doc>Returns the given values which can then be assigned to a variables.</doc>
<status status="NOT RUN" starttime="20231229 14:01:32.585" endtime="20231229 14:01:32.585"/>
</kw>
<kw name="Set Variable" library="BuiltIn">
<var>${Password}</var>
<arg>${Password_prod}</arg>
<doc>Returns the given values which can then be assigned to a variables.</doc>
<status status="NOT RUN" starttime="20231229 14:01:32.586" endtime="20231229 14:01:32.586"/>
</kw>
<status status="NOT RUN" starttime="20231229 14:01:32.585" endtime="20231229 14:01:32.586"/>
</branch>
<branch type="ELSE IF" condition="&quot;${Env}&quot; == &quot;dev&quot;">
<kw name="Set Variable" library="BuiltIn">
<var>${Email}</var>
<arg>${Email_dev}</arg>
<doc>Returns the given values which can then be assigned to a variables.</doc>
<msg timestamp="20231229 14:01:32.586" level="INFO">${Email} = QABARRONSONLY</msg>
<status status="PASS" starttime="20231229 14:01:32.586" endtime="20231229 14:01:32.586"/>
</kw>
<kw name="Set Variable" library="BuiltIn">
<var>${Password}</var>
<arg>${Password_dev}</arg>
<doc>Returns the given values which can then be assigned to a variables.</doc>
<msg timestamp="20231229 14:01:32.587" level="INFO">${Password} = password1</msg>
<status status="PASS" starttime="20231229 14:01:32.587" endtime="20231229 14:01:32.587"/>
</kw>
<status status="PASS" starttime="20231229 14:01:32.586" endtime="20231229 14:01:32.587"/>
</branch>
<status status="PASS" starttime="20231229 14:01:32.585" endtime="20231229 14:01:32.588"/>
</if>
<kw name="Wait Until Element Is Visible" library="SeleniumLibrary">
<arg>//input[@type='email']</arg>
<doc>Waits until the element ``locator`` is visible.</doc>
<status status="PASS" starttime="20231229 14:01:32.588" endtime="20231229 14:01:33.101"/>
</kw>
<kw name="Click Button" library="SeleniumLibrary">
<arg>//input[@type='email']</arg>
<doc>Clicks the button identified by ``locator``.</doc>
<msg timestamp="20231229 14:01:33.102" level="INFO">Clicking button '//input[@type='email']'.</msg>
<status status="PASS" starttime="20231229 14:01:33.101" endtime="20231229 14:01:34.770"/>
</kw>
<kw name="Input Text" library="SeleniumLibrary">
<arg>//input[@type='email']</arg>
<arg>${Email}</arg>
<doc>Types the given ``text`` into the text field identified by ``locator``.</doc>
<msg timestamp="20231229 14:01:34.770" level="INFO">Typing text 'QABARRONSONLY' into text field '//input[@type='email']'.</msg>
<status status="PASS" starttime="20231229 14:01:34.770" endtime="20231229 14:01:35.415"/>
</kw>
<kw name="Set Selenium Implicit Wait" library="SeleniumLibrary">
<arg>10s</arg>
<doc>Sets the implicit wait value used by Selenium.</doc>
<status status="PASS" starttime="20231229 14:01:35.415" endtime="20231229 14:01:35.822"/>
</kw>
<kw name="Click Element" library="SeleniumLibrary">
<arg>//span[text()="Continue"]</arg>
<doc>Click the element identified by ``locator``.</doc>
<msg timestamp="20231229 14:01:35.823" level="INFO">Clicking element '//span[text()="Continue"]'.</msg>
<status status="PASS" starttime="20231229 14:01:35.822" endtime="20231229 14:01:36.449"/>
</kw>
<kw name="Set Selenium Implicit Wait" library="SeleniumLibrary">
<arg>10s</arg>
<doc>Sets the implicit wait value used by Selenium.</doc>
<status status="PASS" starttime="20231229 14:01:36.449" endtime="20231229 14:01:36.857"/>
</kw>
<kw name="Wait Until Element Is Visible" library="SeleniumLibrary">
<arg>//*[@id="password-login-password"]</arg>
<doc>Waits until the element ``locator`` is visible.</doc>
<status status="PASS" starttime="20231229 14:01:36.857" endtime="20231229 14:01:37.274"/>
</kw>
<kw name="Input Text" library="SeleniumLibrary">
<arg>//*[@id="password-login-password"]</arg>
<arg>${Password}</arg>
<doc>Types the given ``text`` into the text field identified by ``locator``.</doc>
<msg timestamp="20231229 14:01:37.274" level="INFO">Typing text 'password1' into text field '//*[@id="password-login-password"]'.</msg>
<status status="PASS" starttime="20231229 14:01:37.274" endtime="20231229 14:01:37.901"/>
</kw>
<kw name="Set Selenium Implicit Wait" library="SeleniumLibrary">
<arg>10s</arg>
<doc>Sets the implicit wait value used by Selenium.</doc>
<status status="PASS" starttime="20231229 14:01:37.901" endtime="20231229 14:01:38.308"/>
</kw>
<kw name="Set Selenium Speed" library="SeleniumLibrary">
<arg>1.0 seconds</arg>
<doc>Sets the delay that is waited after each Selenium command.</doc>
<status status="PASS" starttime="20231229 14:01:38.308" endtime="20231229 14:01:38.308"/>
</kw>
<if>
<branch type="IF" condition="&quot;${Env}&quot; == &quot;prod&quot;">
<kw name="Click Element" library="SeleniumLibrary">
<arg>//*[@id="password-login"]/div/form/div/div[5]/div[1]/button</arg>
<doc>Click the element identified by ``locator``.</doc>
<status status="NOT RUN" starttime="20231229 14:01:38.309" endtime="20231229 14:01:38.309"/>
</kw>
<status status="NOT RUN" starttime="20231229 14:01:38.308" endtime="20231229 14:01:38.309"/>
</branch>
<branch type="ELSE IF" condition="&quot;${Env}&quot; == &quot;dev&quot;">
<kw name="Click Element" library="SeleniumLibrary">
<arg>//*[@id="password-login"]/div/form/div[5]/button</arg>
<doc>Click the element identified by ``locator``.</doc>
<msg timestamp="20231229 14:01:38.310" level="INFO">Clicking element '//*[@id="password-login"]/div/form/div[5]/button'.</msg>
<status status="PASS" starttime="20231229 14:01:38.309" endtime="20231229 14:01:44.528"/>
</kw>
<status status="PASS" starttime="20231229 14:01:38.309" endtime="20231229 14:01:44.528"/>
</branch>
<status status="PASS" starttime="20231229 14:01:38.308" endtime="20231229 14:01:44.528"/>
</if>
<kw name="Wait Until Element Is Not Visible" library="SeleniumLibrary">
<arg>//*[@id="password-login"]/div/form/div/div[5]/div[1]/button</arg>
<doc>Waits until the element ``locator`` is not visible.</doc>
<status status="PASS" starttime="20231229 14:01:44.528" endtime="20231229 14:01:55.551"/>
</kw>
<status status="PASS" starttime="20231229 14:01:32.581" endtime="20231229 14:01:55.551"/>
</kw>
<kw name="Validate Followed Authors" library="BarronsPreferenceCenterPage">
<kw name="Page Should Contain" library="SeleniumLibrary">
<arg>Authors</arg>
<doc>Verifies that current page contains ``text``.</doc>
<msg timestamp="20231229 14:01:57.564" level="INFO">Current page contains text 'Authors'.</msg>
<status status="PASS" starttime="20231229 14:01:55.553" endtime="20231229 14:01:57.564"/>
</kw>
<status status="PASS" starttime="20231229 14:01:55.551" endtime="20231229 14:01:57.564"/>
</kw>
<kw name="Validate Following Toggle Feature" library="BarronsPreferenceCenterPage">
<kw name="Wait Until Element Is Visible" library="SeleniumLibrary">
<arg>//*[@id="root"]/div/div/div/div[2]/div/div/div/table[1]/tbody/tr[1]/td[3]/div</arg>
<doc>Waits until the element ``locator`` is visible.</doc>
<status status="PASS" starttime="20231229 14:01:57.564" endtime="20231229 14:01:59.586"/>
</kw>
<kw name="Page Should Contain Element" library="SeleniumLibrary">
<arg>//*[@id="root"]/div/div/div/div[2]/div/div/div/table[1]/tbody/tr[1]/td[3]/div</arg>
<doc>Verifies that element ``locator`` is found on the current page.</doc>
<msg timestamp="20231229 14:02:00.591" level="INFO">Current page contains element '//*[@id="root"]/div/div/div/div[2]/div/div/div/table[1]/tbody/tr[1]/td[3]/div'.</msg>
<status status="PASS" starttime="20231229 14:01:59.586" endtime="20231229 14:02:00.591"/>
</kw>
<status status="PASS" starttime="20231229 14:01:57.564" endtime="20231229 14:02:00.591"/>
</kw>
<kw name="Click Following Toggle Feature" library="BarronsPreferenceCenterPage">
<if>
<branch type="IF" condition="&quot;${Env}&quot; == &quot;prod&quot;">
<kw name="Click Element" library="SeleniumLibrary">
<arg>//*[text()="Angela Palumbo"]/../../../../td[4]/div</arg>
<doc>Click the element identified by ``locator``.</doc>
<status status="NOT RUN" starttime="20231229 14:02:00.592" endtime="20231229 14:02:00.592"/>
</kw>
<status status="NOT RUN" starttime="20231229 14:02:00.592" endtime="20231229 14:02:00.592"/>
</branch>
<branch type="ELSE IF" condition="&quot;${Env}&quot; == &quot;dev&quot;">
<kw name="Click Element" library="SeleniumLibrary">
<arg>//*[text()="Teresa Rivas"]/../../../../td[4]/div</arg>
<doc>Click the element identified by ``locator``.</doc>
<msg timestamp="20231229 14:02:00.593" level="INFO">Clicking element '//*[text()="Teresa Rivas"]/../../../../td[4]/div'.</msg>
<msg timestamp="20231229 14:02:12.668" level="INFO" html="true">&lt;/td&gt;&lt;/tr&gt;&lt;tr&gt;&lt;td colspan="3"&gt;&lt;a href="selenium-screenshot-122.png"&gt;&lt;img src="selenium-screenshot-122.png" width="800px"&gt;&lt;/a&gt;</msg>
<msg timestamp="20231229 14:02:12.669" level="FAIL">Element with locator '//*[text()="Teresa Rivas"]/../../../../td[4]/div' not found.</msg>
<status status="FAIL" starttime="20231229 14:02:00.592" endtime="20231229 14:02:12.670"/>
</kw>
<status status="FAIL" starttime="20231229 14:02:00.592" endtime="20231229 14:02:12.670"/>
</branch>
<status status="FAIL" starttime="20231229 14:02:00.592" endtime="20231229 14:02:12.670"/>
</if>
<status status="FAIL" starttime="20231229 14:02:00.591" endtime="20231229 14:02:12.670"/>
</kw>
<kw name="Validate Following Toggle Alert Pop up" library="BarronsPreferenceCenterPage">
<status status="NOT RUN" starttime="20231229 14:02:12.671" endtime="20231229 14:02:12.671"/>
</kw>
<kw name="Click Following Toggle Alert Pop up" library="BarronsPreferenceCenterPage">
<status status="NOT RUN" starttime="20231229 14:02:12.671" endtime="20231229 14:02:12.671"/>
</kw>
<kw name="Navigate Article page" library="BarronsPreferenceCenterPage">
<status status="NOT RUN" starttime="20231229 14:02:12.671" endtime="20231229 14:02:12.671"/>
</kw>
<kw name="Validate Follow Button" library="BarronsArticlePage">
<status status="NOT RUN" starttime="20231229 14:02:12.672" endtime="20231229 14:02:12.672"/>
</kw>
<kw name="Finish Testcase" library="CommonFunctionality" type="TEARDOWN">
<kw name="Close Browser" library="SeleniumLibrary">
<doc>Closes the current browser.</doc>
<status status="PASS" starttime="20231229 14:02:12.673" endtime="20231229 14:02:17.732"/>
</kw>
<status status="PASS" starttime="20231229 14:02:12.672" endtime="20231229 14:02:17.732"/>
</kw>
<doc>This test case validates the barrons preference center page</doc>
<tag>Barrons</tag>
<tag>PreferenceCenter</tag>
<tag>Smoke</tag>
<status status="FAIL" starttime="20231229 14:01:13.884" endtime="20231229 14:02:17.732">Element with locator '//*[text()="Teresa Rivas"]/../../../../td[4]/div' not found.</status>
</test>
<test id="s1-s1-s1-t5" name="Validate the stock pick follow button from stock pick page" line="101">
<kw name="Start Barrons Article" library="CommonFunctionality" type="SETUP">
<kw name="Set Selenium Speed" library="SeleniumLibrary">
<arg>0.5 seconds</arg>
<doc>Sets the delay that is waited after each Selenium command.</doc>
<status status="PASS" starttime="20231229 14:02:17.734" endtime="20231229 14:02:17.734"/>
</kw>
<if>
<branch type="IF" condition="&quot;${Env}&quot; == &quot;prod&quot;">
<kw name="Open Browser" library="SeleniumLibrary">
<arg>https://www.barrons.com</arg>
<arg>${Browser}</arg>
<doc>Opens a new browser instance to the optional ``url``.</doc>
<status status="NOT RUN" starttime="20231229 14:02:17.735" endtime="20231229 14:02:17.735"/>
</kw>
<kw name="Go To" library="SeleniumLibrary">
<arg>https://www.barrons.com/articles/wendys-wen-stock-earnings-51652268634</arg>
<doc>Navigates the current browser window to the provided ``url``.</doc>
<status status="NOT RUN" starttime="20231229 14:02:17.735" endtime="20231229 14:02:17.735"/>
</kw>
<status status="NOT RUN" starttime="20231229 14:02:17.734" endtime="20231229 14:02:17.735"/>
</branch>
<branch type="ELSE IF" condition="&quot;${Env}&quot; == &quot;dev&quot;">
<if>
<branch type="IF" condition="&quot;${Browser}&quot; == &quot;firefox&quot;">
<kw name="Evaluate" library="BuiltIn">
<var>${options}</var>
<arg>selenium.webdriver.FirefoxOptions()</arg>
<doc>Evaluates the given expression in Python and returns the result.</doc>
<msg timestamp="20231229 14:02:17.736" level="INFO">${options} = &lt;selenium.webdriver.firefox.options.Options object at 0x00000223C503DCD0&gt;</msg>
<status status="PASS" starttime="20231229 14:02:17.735" endtime="20231229 14:02:17.736"/>
</kw>
<kw name="Call Method" library="BuiltIn">
<arg>${options}</arg>
<arg>add_argument</arg>
<arg>--CreateProfile</arg>
<doc>Calls the named method of the given object with the provided arguments.</doc>
<status status="PASS" starttime="20231229 14:02:17.736" endtime="20231229 14:02:17.736"/>
</kw>
<kw name="Call Method" library="BuiltIn">
<arg>${options}</arg>
<arg>add_argument</arg>
<arg>--start-maximized</arg>
<doc>Calls the named method of the given object with the provided arguments.</doc>
<status status="PASS" starttime="20231229 14:02:17.736" endtime="20231229 14:02:17.736"/>
</kw>
<kw name="Call Method" library="BuiltIn">
<arg>${options}</arg>
<arg>add_argument</arg>
<arg>--disable-dev-shm-usage</arg>
<doc>Calls the named method of the given object with the provided arguments.</doc>
<status status="PASS" starttime="20231229 14:02:17.736" endtime="20231229 14:02:17.736"/>
</kw>
<kw name="Call Method" library="BuiltIn">
<arg>${options}</arg>
<arg>add_argument</arg>
<arg>--no-sandbox</arg>
<doc>Calls the named method of the given object with the provided arguments.</doc>
<status status="PASS" starttime="20231229 14:02:17.736" endtime="20231229 14:02:17.737"/>
</kw>
<kw name="Call Method" library="BuiltIn">
<arg>${options}</arg>
<arg>add_argument</arg>
<arg>--disable-gpu</arg>
<doc>Calls the named method of the given object with the provided arguments.</doc>
<status status="PASS" starttime="20231229 14:02:17.737" endtime="20231229 14:02:17.737"/>
</kw>
<kw name="Call Method" library="BuiltIn">
<arg>${options}</arg>
<arg>add_argument</arg>
<arg>--headless</arg>
<doc>Calls the named method of the given object with the provided arguments.</doc>
<status status="PASS" starttime="20231229 14:02:17.737" endtime="20231229 14:02:17.737"/>
</kw>
<kw name="Call Method" library="BuiltIn">
<arg>${options}</arg>
<arg>add_argument</arg>
<arg>--devtools.debugger.force-local</arg>
<doc>Calls the named method of the given object with the provided arguments.</doc>
<status status="PASS" starttime="20231229 14:02:17.737" endtime="20231229 14:02:17.737"/>
</kw>
<kw name="Call Method" library="BuiltIn">
<arg>${options}</arg>
<arg>add_argument</arg>
<arg>--devtools.debugger.remote-enabled</arg>
<doc>Calls the named method of the given object with the provided arguments.</doc>
<status status="PASS" starttime="20231229 14:02:17.737" endtime="20231229 14:02:17.738"/>
</kw>
<kw name="Call Method" library="BuiltIn">
<arg>${options}</arg>
<arg>add_argument</arg>
<arg>--devtools.chrome.enabled</arg>
<doc>Calls the named method of the given object with the provided arguments.</doc>
<status status="PASS" starttime="20231229 14:02:17.739" endtime="20231229 14:02:17.739"/>
</kw>
<kw name="Call Method" library="BuiltIn">
<arg>${options}</arg>
<arg>add_argument</arg>
<arg>--devtools.debugger.prompt-connection</arg>
<doc>Calls the named method of the given object with the provided arguments.</doc>
<status status="PASS" starttime="20231229 14:02:17.739" endtime="20231229 14:02:17.739"/>
</kw>
<kw name="Call Method" library="BuiltIn">
<arg>${options}</arg>
<arg>add_argument</arg>
<arg>--browser.dom.window.dump.enabled</arg>
<doc>Calls the named method of the given object with the provided arguments.</doc>
<status status="PASS" starttime="20231229 14:02:17.739" endtime="20231229 14:02:17.739"/>
</kw>
<kw name="Open Browser" library="SeleniumLibrary">
<arg>https://www.barrons.com</arg>
<arg>firefox</arg>
<arg>options=${options}</arg>
<doc>Opens a new browser instance to the optional ``url``.</doc>
<msg timestamp="20231229 14:02:17.740" level="INFO">Opening browser 'firefox' to base url 'https://www.barrons.com'.</msg>
<status status="PASS" starttime="20231229 14:02:17.739" endtime="20231229 14:02:27.252"/>
</kw>
<status status="PASS" starttime="20231229 14:02:17.735" endtime="20231229 14:02:27.252"/>
</branch>
<branch type="ELSE">
<kw name="Open Browser" library="SeleniumLibrary">
<arg>https://www.s.dev.barrons.com</arg>
<arg>${Browser1}</arg>
<doc>Opens a new browser instance to the optional ``url``.</doc>
<status status="NOT RUN" starttime="20231229 14:02:27.253" endtime="20231229 14:02:27.253"/>
</kw>
<status status="NOT RUN" starttime="20231229 14:02:27.252" endtime="20231229 14:02:27.253"/>
</branch>
<status status="PASS" starttime="20231229 14:02:17.735" endtime="20231229 14:02:27.253"/>
</if>
<kw name="Go To" library="SeleniumLibrary">
<arg>https://www.barrons.com/articles/buy-under-armour-stock-pick-51650672000</arg>
<doc>Navigates the current browser window to the provided ``url``.</doc>
<msg timestamp="20231229 14:02:27.253" level="INFO">Opening url 'https://www.barrons.com/articles/buy-under-armour-stock-pick-51650672000'</msg>
<status status="PASS" starttime="20231229 14:02:27.253" endtime="20231229 14:02:29.858"/>
</kw>
<status status="PASS" starttime="20231229 14:02:17.735" endtime="20231229 14:02:29.858"/>
</branch>
<status status="PASS" starttime="20231229 14:02:17.734" endtime="20231229 14:02:29.858"/>
</if>
<kw name="Wait Until Page Contains Element" library="SeleniumLibrary">
<arg>dom:${JSFollowButtonBarronsPath}</arg>
<doc>Waits until the element ``locator`` appears on the current page.</doc>
<status status="PASS" starttime="20231229 14:02:29.858" endtime="20231229 14:02:31.226"/>
</kw>
<kw name="Maximize Browser Window" library="SeleniumLibrary">
<doc>Maximizes current browser window.</doc>
<status status="PASS" starttime="20231229 14:02:31.226" endtime="20231229 14:02:31.763"/>
</kw>
<status status="PASS" starttime="20231229 14:02:17.734" endtime="20231229 14:02:31.763"/>
</kw>
<kw name="Start Barrons Stock Picks for Stock Picks breadcrumb" library="CommonFunctionality">
<kw name="Set Selenium Speed" library="SeleniumLibrary">
<arg>0.5 seconds</arg>
<doc>Sets the delay that is waited after each Selenium command.</doc>
<status status="PASS" starttime="20231229 14:02:32.179" endtime="20231229 14:02:32.179"/>
</kw>
<if>
<branch type="IF" condition="&quot;${Env}&quot; == &quot;prod&quot;">
<kw name="Open Browser" library="SeleniumLibrary">
<arg>https://www.barrons.com</arg>
<arg>${Browser}</arg>
<doc>Opens a new browser instance to the optional ``url``.</doc>
<status status="NOT RUN" starttime="20231229 14:02:32.180" endtime="20231229 14:02:32.180"/>
</kw>
<kw name="Go To" library="SeleniumLibrary">
<arg>https://www.barrons.com/market-data/stocks/stock-picks?mod=BOL_TOPNAV</arg>
<doc>Navigates the current browser window to the provided ``url``.</doc>
<status status="NOT RUN" starttime="20231229 14:02:32.180" endtime="20231229 14:02:32.180"/>
</kw>
<status status="NOT RUN" starttime="20231229 14:02:32.179" endtime="20231229 14:02:32.180"/>
</branch>
<branch type="ELSE IF" condition="&quot;${Env}&quot; == &quot;dev&quot;">
<kw name="Open Browser" library="SeleniumLibrary">
<arg>https://www.s.dev.barrons.com</arg>
<arg>${Browser}</arg>
<doc>Opens a new browser instance to the optional ``url``.</doc>
<msg timestamp="20231229 14:02:32.181" level="INFO">Opening browser 'firefox' to base url 'https://www.s.dev.barrons.com'.</msg>
<status status="PASS" starttime="20231229 14:02:32.180" endtime="20231229 14:02:59.038"/>
</kw>
<kw name="Go To" library="SeleniumLibrary">
<arg>https://www.s.dev.barrons.com/market-data/stocks/stock-picks?mod=BOL_TOPNAV</arg>
<doc>Navigates the current browser window to the provided ``url``.</doc>
<msg timestamp="20231229 14:02:59.038" level="INFO">Opening url 'https://www.s.dev.barrons.com/market-data/stocks/stock-picks?mod=BOL_TOPNAV'</msg>
<status status="PASS" starttime="20231229 14:02:59.038" endtime="20231229 14:03:05.767"/>
</kw>
<status status="PASS" starttime="20231229 14:02:32.180" endtime="20231229 14:03:05.767"/>
</branch>
<status status="PASS" starttime="20231229 14:02:32.179" endtime="20231229 14:03:05.767"/>
</if>
<kw name="Set Focus To Element" library="SeleniumLibrary">
<arg>//*[text()="Barron's Latest Stock Picks"]</arg>
<doc>Sets the focus to the element identified by ``locator``.</doc>
<status status="PASS" starttime="20231229 14:03:05.767" endtime="20231229 14:03:06.950"/>
</kw>
<kw name="Maximize Browser Window" library="SeleniumLibrary">
<doc>Maximizes current browser window.</doc>
<status status="PASS" starttime="20231229 14:03:06.950" endtime="20231229 14:03:07.732"/>
</kw>
<status status="PASS" starttime="20231229 14:02:32.177" endtime="20231229 14:03:07.732"/>
</kw>
<kw name="Validate Stock Pick Follow Button" library="BarronsArticlePage">
<kw name="Wait Until Element Is Visible" library="SeleniumLibrary">
<arg>dom:${JSStockPickFollowButtonBarronsPath}= StockPickFollowButton</arg>
<doc>Waits until the element ``locator`` is visible.</doc>
<msg timestamp="20231229 14:03:08.353" level="INFO" html="true">&lt;/td&gt;&lt;/tr&gt;&lt;tr&gt;&lt;td colspan="3"&gt;&lt;a href="selenium-screenshot-123.png"&gt;&lt;img src="selenium-screenshot-123.png" width="800px"&gt;&lt;/a&gt;</msg>
<msg timestamp="20231229 14:03:08.353" level="FAIL">JavascriptException: Message: ReferenceError: cannot assign to function call
Stacktrace:
@https://www.s.dev.barrons.com/market-data/stocks/stock-picks?mod=BOL_TOPNAV:2:175
@https://www.s.dev.barrons.com/market-data/stocks/stock-picks?mod=BOL_TOPNAV:3:8
</msg>
<status status="FAIL" starttime="20231229 14:03:07.733" endtime="20231229 14:03:08.354"/>
</kw>
<kw name="Element Text Should Be" library="SeleniumLibrary">
<arg>dom:${JSStockPickFollowButtonBarronsPath}</arg>
<arg>Follow</arg>
<arg>timeout=30</arg>
<doc>Verifies that element ``locator`` contains exact the text ``expected``.</doc>
<status status="NOT RUN" starttime="20231229 14:03:08.354" endtime="20231229 14:03:08.354"/>
</kw>
<status status="FAIL" starttime="20231229 14:03:07.732" endtime="20231229 14:03:08.355"/>
</kw>
<kw name="Click Stock Pick Follow Button" library="BarronsArticlePage">
<status status="NOT RUN" starttime="20231229 14:03:08.355" endtime="20231229 14:03:08.355"/>
</kw>
<kw name="Set Selenium Speed" library="SeleniumLibrary">
<arg>0.3 seconds</arg>
<doc>Sets the delay that is waited after each Selenium command.</doc>
<status status="NOT RUN" starttime="20231229 14:03:08.355" endtime="20231229 14:03:08.355"/>
</kw>
<kw name="Validate Sign In Modal" library="BarronsArticlePage">
<status status="NOT RUN" starttime="20231229 14:03:08.356" endtime="20231229 14:03:08.356"/>
</kw>
<kw name="Click Sign In Button Modal" library="BarronsArticlePage">
<status status="NOT RUN" starttime="20231229 14:03:08.356" endtime="20231229 14:03:08.356"/>
</kw>
<kw name="Sign In Process" library="DefinedKeywords">
<status status="NOT RUN" starttime="20231229 14:03:08.357" endtime="20231229 14:03:08.357"/>
</kw>
<kw name="Validate Stock Pick Following Button" library="BarronsArticlePage">
<status status="NOT RUN" starttime="20231229 14:03:08.357" endtime="20231229 14:03:08.357"/>
</kw>
<kw name="Click Stock Pick Following Button" library="BarronsArticlePage">
<status status="NOT RUN" starttime="20231229 14:03:08.358" endtime="20231229 14:03:08.358"/>
</kw>
<kw name="Click Stock Pick Undo Link" library="BarronsArticlePage">
<status status="NOT RUN" starttime="20231229 14:03:08.358" endtime="20231229 14:03:08.358"/>
</kw>
<kw name="Set Selenium Speed" library="SeleniumLibrary">
<arg>0.2 seconds</arg>
<doc>Sets the delay that is waited after each Selenium command.</doc>
<status status="NOT RUN" starttime="20231229 14:03:08.358" endtime="20231229 14:03:08.358"/>
</kw>
<kw name="Validate Stock Pick Following Button" library="BarronsArticlePage">
<status status="NOT RUN" starttime="20231229 14:03:08.359" endtime="20231229 14:03:08.359"/>
</kw>
<kw name="Click Stock Pick Preference Center Link" library="BarronsArticlePage">
<status status="NOT RUN" starttime="20231229 14:03:08.360" endtime="20231229 14:03:08.360"/>
</kw>
<kw name="Validate Preference Center page" library="BarronsPreferenceCenterPage">
<status status="NOT RUN" starttime="20231229 14:03:08.361" endtime="20231229 14:03:08.361"/>
</kw>
<kw name="Finish Testcase" library="CommonFunctionality" type="TEARDOWN">
<kw name="Close Browser" library="SeleniumLibrary">
<doc>Closes the current browser.</doc>
<status status="PASS" starttime="20231229 14:03:08.361" endtime="20231229 14:03:13.551"/>
</kw>
<status status="PASS" starttime="20231229 14:03:08.361" endtime="20231229 14:03:13.551"/>
</kw>
<doc>This test case validates the stock pick follow button from stock pick page</doc>
<tag>Barrons</tag>
<tag>CustomTopic</tag>
<tag>Follow</tag>
<tag>Smoke</tag>
<status status="FAIL" starttime="20231229 14:02:17.733" endtime="20231229 14:03:13.551">JavascriptException: Message: ReferenceError: cannot assign to function call
Stacktrace:
@https://www.s.dev.barrons.com/market-data/stocks/stock-picks?mod=BOL_TOPNAV:2:175
@https://www.s.dev.barrons.com/market-data/stocks/stock-picks?mod=BOL_TOPNAV:3:8
</status>
</test>
<doc>Barrons Smoke Tests</doc>
<status status="FAIL" starttime="20231229 13:59:10.926" endtime="20231229 14:03:13.553"/>
</suite>
<suite id="s1-s1-s2" name="FN Smoke" source="D:\Codes\Jenkins_2050\userservices-qa-automation\panda-qa\Tests\FollowWidget\Smoke\FN_Smoke.robot">
<test id="s1-s1-s2-t1" name="Validate the follow button from articles page" line="20">
<kw name="Start FN Article" library="CommonFunctionality" type="SETUP">
<kw name="Set Selenium Speed" library="SeleniumLibrary">
<arg>0.5 seconds</arg>
<doc>Sets the delay that is waited after each Selenium command.</doc>
<status status="PASS" starttime="20231229 14:03:13.583" endtime="20231229 14:03:13.584"/>
</kw>
<if>
<branch type="IF" condition="&quot;${Env}&quot; == &quot;prod&quot;">
<kw name="Open Browser" library="SeleniumLibrary">
<arg>https://www.fnlondon.com</arg>
<arg>${Browser}</arg>
<doc>Opens a new browser instance to the optional ``url``.</doc>
<status status="NOT RUN" starttime="20231229 14:03:13.584" endtime="20231229 14:03:13.584"/>
</kw>
<kw name="Go To" library="SeleniumLibrary">
<arg>https://www.fnlondon.com/articles/complaints-commissioner-fca-transparency-20220615</arg>
<doc>Navigates the current browser window to the provided ``url``.</doc>
<status status="NOT RUN" starttime="20231229 14:03:13.584" endtime="20231229 14:03:13.584"/>
</kw>
<status status="NOT RUN" starttime="20231229 14:03:13.584" endtime="20231229 14:03:13.584"/>
</branch>
<branch type="ELSE IF" condition="&quot;${Env}&quot; == &quot;dev&quot;">
<kw name="Open Browser" library="SeleniumLibrary">
<arg>https://www.s.dev.fnlondon.com</arg>
<arg>${Browser}</arg>
<doc>Opens a new browser instance to the optional ``url``.</doc>
<msg timestamp="20231229 14:03:13.586" level="INFO">Opening browser 'firefox' to base url 'https://www.s.dev.fnlondon.com'.</msg>
<status status="PASS" starttime="20231229 14:03:13.585" endtime="20231229 14:03:31.245"/>
</kw>
<kw name="Go To" library="SeleniumLibrary">
<arg>https://www.s.dev.fnlondon.com/articles/testing-article-timestamp-20231102</arg>
<doc>Navigates the current browser window to the provided ``url``.</doc>
<msg timestamp="20231229 14:03:31.246" level="INFO">Opening url 'https://www.s.dev.fnlondon.com/articles/testing-article-timestamp-20231102'</msg>
<status status="PASS" starttime="20231229 14:03:31.245" endtime="20231229 14:03:34.784"/>
</kw>
<kw name="Execute Javascript" library="SeleniumLibrary">
<arg>window.scrollTo(0,500)</arg>
<doc>Executes the given JavaScript code with possible arguments.</doc>
<msg timestamp="20231229 14:03:34.786" level="INFO">Executing JavaScript:
window.scrollTo(0,500)
Without any arguments.</msg>
<status status="PASS" starttime="20231229 14:03:34.784" endtime="20231229 14:03:35.424"/>
</kw>
<status status="PASS" starttime="20231229 14:03:13.584" endtime="20231229 14:03:35.424"/>
</branch>
<status status="PASS" starttime="20231229 14:03:13.584" endtime="20231229 14:03:35.424"/>
</if>
<kw name="Execute Javascript" library="SeleniumLibrary">
<arg>window.scrollTo(0,500)</arg>
<doc>Executes the given JavaScript code with possible arguments.</doc>
<msg timestamp="20231229 14:03:35.425" level="INFO">Executing JavaScript:
window.scrollTo(0,500)
Without any arguments.</msg>
<status status="PASS" starttime="20231229 14:03:35.424" endtime="20231229 14:03:36.561"/>
</kw>
<kw name="Wait Until Page Contains Element" library="SeleniumLibrary">
<arg>dom:${JSFollowButtonBarronsPath}</arg>
<doc>Waits until the element ``locator`` appears on the current page.</doc>
<msg timestamp="20231229 14:03:37.284" level="INFO" html="true">&lt;/td&gt;&lt;/tr&gt;&lt;tr&gt;&lt;td colspan="3"&gt;&lt;a href="selenium-screenshot-124.png"&gt;&lt;img src="selenium-screenshot-124.png" width="800px"&gt;&lt;/a&gt;</msg>
<msg timestamp="20231229 14:03:37.284" level="FAIL">JavascriptException: Message: TypeError: document.querySelector(...) is null
Stacktrace:
@https://www.s.dev.fnlondon.com/articles/testing-article-timestamp-20231102:2:23
@https://www.s.dev.fnlondon.com/articles/testing-article-timestamp-20231102:3:8
</msg>
<status status="FAIL" starttime="20231229 14:03:36.561" endtime="20231229 14:03:37.287"/>
</kw>
<kw name="Maximize Browser Window" library="SeleniumLibrary">
<doc>Maximizes current browser window.</doc>
<status status="NOT RUN" starttime="20231229 14:03:37.287" endtime="20231229 14:03:37.287"/>
</kw>
<status status="FAIL" starttime="20231229 14:03:13.583" endtime="20231229 14:03:37.288"/>
</kw>
<kw name="Finish Testcase" library="CommonFunctionality" type="TEARDOWN">
<kw name="Close Browser" library="SeleniumLibrary">
<doc>Closes the current browser.</doc>
<status status="PASS" starttime="20231229 14:03:37.289" endtime="20231229 14:03:41.929"/>
</kw>
<status status="PASS" starttime="20231229 14:03:37.288" endtime="20231229 14:03:41.929"/>
</kw>
<doc>This test case validates the follow button from articles page</doc>
<tag>Article</tag>
<tag>FinancialNews</tag>
<tag>Follow</tag>
<tag>Smoke</tag>
<status status="FAIL" starttime="20231229 14:03:13.583" endtime="20231229 14:03:41.930">Setup failed:
JavascriptException: Message: TypeError: document.querySelector(...) is null
Stacktrace:
@https://www.s.dev.fnlondon.com/articles/testing-article-timestamp-20231102:2:23
@https://www.s.dev.fnlondon.com/articles/testing-article-timestamp-20231102:3:8
</status>
</test>
<test id="s1-s1-s2-t2" name="Validate the follow button from authors page" line="39">
<kw name="Start FN Article" library="CommonFunctionality" type="SETUP">
<kw name="Set Selenium Speed" library="SeleniumLibrary">
<arg>0.5 seconds</arg>
<doc>Sets the delay that is waited after each Selenium command.</doc>
<status status="PASS" starttime="20231229 14:03:41.932" endtime="20231229 14:03:41.932"/>
</kw>
<if>
<branch type="IF" condition="&quot;${Env}&quot; == &quot;prod&quot;">
<kw name="Open Browser" library="SeleniumLibrary">
<arg>https://www.fnlondon.com</arg>
<arg>${Browser}</arg>
<doc>Opens a new browser instance to the optional ``url``.</doc>
<status status="NOT RUN" starttime="20231229 14:03:41.932" endtime="20231229 14:03:41.932"/>
</kw>
<kw name="Go To" library="SeleniumLibrary">
<arg>https://www.fnlondon.com/articles/complaints-commissioner-fca-transparency-20220615</arg>
<doc>Navigates the current browser window to the provided ``url``.</doc>
<status status="NOT RUN" starttime="20231229 14:03:41.932" endtime="20231229 14:03:41.933"/>
</kw>
<status status="NOT RUN" starttime="20231229 14:03:41.932" endtime="20231229 14:03:41.933"/>
</branch>
<branch type="ELSE IF" condition="&quot;${Env}&quot; == &quot;dev&quot;">
<kw name="Open Browser" library="SeleniumLibrary">
<arg>https://www.s.dev.fnlondon.com</arg>
<arg>${Browser}</arg>
<doc>Opens a new browser instance to the optional ``url``.</doc>
<msg timestamp="20231229 14:03:41.933" level="INFO">Opening browser 'firefox' to base url 'https://www.s.dev.fnlondon.com'.</msg>
<status status="PASS" starttime="20231229 14:03:41.933" endtime="20231229 14:03:55.041"/>
</kw>
<kw name="Go To" library="SeleniumLibrary">
<arg>https://www.s.dev.fnlondon.com/articles/testing-article-timestamp-20231102</arg>
<doc>Navigates the current browser window to the provided ``url``.</doc>
<msg timestamp="20231229 14:03:55.041" level="INFO">Opening url 'https://www.s.dev.fnlondon.com/articles/testing-article-timestamp-20231102'</msg>
<status status="PASS" starttime="20231229 14:03:55.041" endtime="20231229 14:03:57.530"/>
</kw>
<kw name="Execute Javascript" library="SeleniumLibrary">
<arg>window.scrollTo(0,500)</arg>
<doc>Executes the given JavaScript code with possible arguments.</doc>
<msg timestamp="20231229 14:03:57.531" level="INFO">Executing JavaScript:
window.scrollTo(0,500)
Without any arguments.</msg>
<status status="PASS" starttime="20231229 14:03:57.530" endtime="20231229 14:03:58.132"/>
</kw>
<status status="PASS" starttime="20231229 14:03:41.933" endtime="20231229 14:03:58.132"/>
</branch>
<status status="PASS" starttime="20231229 14:03:41.932" endtime="20231229 14:03:58.132"/>
</if>
<kw name="Execute Javascript" library="SeleniumLibrary">
<arg>window.scrollTo(0,500)</arg>
<doc>Executes the given JavaScript code with possible arguments.</doc>
<msg timestamp="20231229 14:03:58.134" level="INFO">Executing JavaScript:
window.scrollTo(0,500)
Without any arguments.</msg>
<status status="PASS" starttime="20231229 14:03:58.132" endtime="20231229 14:03:58.751"/>
</kw>
<kw name="Wait Until Page Contains Element" library="SeleniumLibrary">
<arg>dom:${JSFollowButtonBarronsPath}</arg>
<doc>Waits until the element ``locator`` appears on the current page.</doc>
<msg timestamp="20231229 14:03:59.746" level="INFO" html="true">&lt;/td&gt;&lt;/tr&gt;&lt;tr&gt;&lt;td colspan="3"&gt;&lt;a href="selenium-screenshot-125.png"&gt;&lt;img src="selenium-screenshot-125.png" width="800px"&gt;&lt;/a&gt;</msg>
<msg timestamp="20231229 14:03:59.746" level="FAIL">JavascriptException: Message: TypeError: document.querySelector(...) is null
Stacktrace:
@https://www.s.dev.fnlondon.com/articles/testing-article-timestamp-20231102:2:23
@https://www.s.dev.fnlondon.com/articles/testing-article-timestamp-20231102:3:8
</msg>
<status status="FAIL" starttime="20231229 14:03:58.751" endtime="20231229 14:03:59.749"/>
</kw>
<kw name="Maximize Browser Window" library="SeleniumLibrary">
<doc>Maximizes current browser window.</doc>
<status status="NOT RUN" starttime="20231229 14:03:59.749" endtime="20231229 14:03:59.749"/>
</kw>
<status status="FAIL" starttime="20231229 14:03:41.932" endtime="20231229 14:03:59.749"/>
</kw>
<kw name="Finish Testcase" library="CommonFunctionality" type="TEARDOWN">
<kw name="Close Browser" library="SeleniumLibrary">
<doc>Closes the current browser.</doc>
<status status="PASS" starttime="20231229 14:03:59.766" endtime="20231229 14:04:04.504"/>
</kw>
<status status="PASS" starttime="20231229 14:03:59.765" endtime="20231229 14:04:04.504"/>
</kw>
<doc>This test case validates the follow button from authors page</doc>
<tag>Author</tag>
<tag>FinancialNews</tag>
<tag>Follow</tag>
<tag>Smoke</tag>
<status status="FAIL" starttime="20231229 14:03:41.931" endtime="20231229 14:04:04.505">Setup failed:
JavascriptException: Message: TypeError: document.querySelector(...) is null
Stacktrace:
@https://www.s.dev.fnlondon.com/articles/testing-article-timestamp-20231102:2:23
@https://www.s.dev.fnlondon.com/articles/testing-article-timestamp-20231102:3:8
</status>
</test>
<test id="s1-s1-s2-t3" name="Validate the FN Preference Center page" line="51">
<kw name="Start FN Article" library="CommonFunctionality" type="SETUP">
<kw name="Set Selenium Speed" library="SeleniumLibrary">
<arg>0.5 seconds</arg>
<doc>Sets the delay that is waited after each Selenium command.</doc>
<status status="PASS" starttime="20231229 14:04:04.507" endtime="20231229 14:04:04.507"/>
</kw>
<if>
<branch type="IF" condition="&quot;${Env}&quot; == &quot;prod&quot;">
<kw name="Open Browser" library="SeleniumLibrary">
<arg>https://www.fnlondon.com</arg>
<arg>${Browser}</arg>
<doc>Opens a new browser instance to the optional ``url``.</doc>
<status status="NOT RUN" starttime="20231229 14:04:04.508" endtime="20231229 14:04:04.508"/>
</kw>
<kw name="Go To" library="SeleniumLibrary">
<arg>https://www.fnlondon.com/articles/complaints-commissioner-fca-transparency-20220615</arg>
<doc>Navigates the current browser window to the provided ``url``.</doc>
<status status="NOT RUN" starttime="20231229 14:04:04.508" endtime="20231229 14:04:04.508"/>
</kw>
<status status="NOT RUN" starttime="20231229 14:04:04.507" endtime="20231229 14:04:04.508"/>
</branch>
<branch type="ELSE IF" condition="&quot;${Env}&quot; == &quot;dev&quot;">
<kw name="Open Browser" library="SeleniumLibrary">
<arg>https://www.s.dev.fnlondon.com</arg>
<arg>${Browser}</arg>
<doc>Opens a new browser instance to the optional ``url``.</doc>
<msg timestamp="20231229 14:04:04.509" level="INFO">Opening browser 'firefox' to base url 'https://www.s.dev.fnlondon.com'.</msg>
<status status="PASS" starttime="20231229 14:04:04.508" endtime="20231229 14:04:17.463"/>
</kw>
<kw name="Go To" library="SeleniumLibrary">
<arg>https://www.s.dev.fnlondon.com/articles/testing-article-timestamp-20231102</arg>
<doc>Navigates the current browser window to the provided ``url``.</doc>
<msg timestamp="20231229 14:04:17.463" level="INFO">Opening url 'https://www.s.dev.fnlondon.com/articles/testing-article-timestamp-20231102'</msg>
<status status="PASS" starttime="20231229 14:04:17.463" endtime="20231229 14:04:20.972"/>
</kw>
<kw name="Execute Javascript" library="SeleniumLibrary">
<arg>window.scrollTo(0,500)</arg>
<doc>Executes the given JavaScript code with possible arguments.</doc>
<msg timestamp="20231229 14:04:20.973" level="INFO">Executing JavaScript:
window.scrollTo(0,500)
Without any arguments.</msg>
<status status="PASS" starttime="20231229 14:04:20.972" endtime="20231229 14:04:21.803"/>
</kw>
<status status="PASS" starttime="20231229 14:04:04.508" endtime="20231229 14:04:21.803"/>
</branch>
<status status="PASS" starttime="20231229 14:04:04.507" endtime="20231229 14:04:21.803"/>
</if>
<kw name="Execute Javascript" library="SeleniumLibrary">
<arg>window.scrollTo(0,500)</arg>
<doc>Executes the given JavaScript code with possible arguments.</doc>
<msg timestamp="20231229 14:04:21.804" level="INFO">Executing JavaScript:
window.scrollTo(0,500)
Without any arguments.</msg>
<status status="PASS" starttime="20231229 14:04:21.803" endtime="20231229 14:04:22.341"/>
</kw>
<kw name="Wait Until Page Contains Element" library="SeleniumLibrary">
<arg>dom:${JSFollowButtonBarronsPath}</arg>
<doc>Waits until the element ``locator`` appears on the current page.</doc>
<status status="PASS" starttime="20231229 14:04:22.341" endtime="20231229 14:04:22.877"/>
</kw>
<kw name="Maximize Browser Window" library="SeleniumLibrary">
<doc>Maximizes current browser window.</doc>
<status status="PASS" starttime="20231229 14:04:22.877" endtime="20231229 14:04:23.662"/>
</kw>
<status status="PASS" starttime="20231229 14:04:04.507" endtime="20231229 14:04:23.662"/>
</kw>
<kw name="Navigate Preference Center page" library="FNPreferenceCenterPage">
<if>
<branch type="IF" condition="&quot;${Env}&quot; == &quot;prod&quot;">
<kw name="Go To" library="SeleniumLibrary">
<arg>https://www.fnlondon.com/follow</arg>
<doc>Navigates the current browser window to the provided ``url``.</doc>
<status status="NOT RUN" starttime="20231229 14:04:23.663" endtime="20231229 14:04:23.663"/>
</kw>
<status status="NOT RUN" starttime="20231229 14:04:23.663" endtime="20231229 14:04:23.663"/>
</branch>
<branch type="ELSE IF" condition="&quot;${Env}&quot; == &quot;dev&quot;">
<kw name="Go To" library="SeleniumLibrary">
<arg>https://www.s.dev.fnlondon.com/follow</arg>
<doc>Navigates the current browser window to the provided ``url``.</doc>
<msg timestamp="20231229 14:04:23.664" level="INFO">Opening url 'https://www.s.dev.fnlondon.com/follow'</msg>
<status status="PASS" starttime="20231229 14:04:23.664" endtime="20231229 14:04:25.490"/>
</kw>
<status status="PASS" starttime="20231229 14:04:23.663" endtime="20231229 14:04:25.490"/>
</branch>
<status status="PASS" starttime="20231229 14:04:23.663" endtime="20231229 14:04:25.490"/>
</if>
<status status="PASS" starttime="20231229 14:04:23.662" endtime="20231229 14:04:25.490"/>
</kw>
<kw name="Sign In Process" library="DefinedKeywords">
<if>
<branch type="IF" condition="&quot;${Env}&quot; == &quot;prod&quot;">
<kw name="Set Variable" library="BuiltIn">
<var>${Email}</var>
<arg>${Email_prod}</arg>
<doc>Returns the given values which can then be assigned to a variables.</doc>
<status status="NOT RUN" starttime="20231229 14:04:25.492" endtime="20231229 14:04:25.492"/>
</kw>
<kw name="Set Variable" library="BuiltIn">
<var>${Password}</var>
<arg>${Password_prod}</arg>
<doc>Returns the given values which can then be assigned to a variables.</doc>
<status status="NOT RUN" starttime="20231229 14:04:25.492" endtime="20231229 14:04:25.492"/>
</kw>
<status status="NOT RUN" starttime="20231229 14:04:25.491" endtime="20231229 14:04:25.492"/>
</branch>
<branch type="ELSE IF" condition="&quot;${Env}&quot; == &quot;dev&quot;">
<kw name="Set Variable" library="BuiltIn">
<var>${Email}</var>
<arg>${Email_dev}</arg>
<doc>Returns the given values which can then be assigned to a variables.</doc>
<msg timestamp="20231229 14:04:25.492" level="INFO">${Email} = QABARRONSONLY</msg>
<status status="PASS" starttime="20231229 14:04:25.492" endtime="20231229 14:04:25.492"/>
</kw>
<kw name="Set Variable" library="BuiltIn">
<var>${Password}</var>
<arg>${Password_dev}</arg>
<doc>Returns the given values which can then be assigned to a variables.</doc>
<msg timestamp="20231229 14:04:25.492" level="INFO">${Password} = password1</msg>
<status status="PASS" starttime="20231229 14:04:25.492" endtime="20231229 14:04:25.492"/>
</kw>
<status status="PASS" starttime="20231229 14:04:25.492" endtime="20231229 14:04:25.492"/>
</branch>
<status status="PASS" starttime="20231229 14:04:25.491" endtime="20231229 14:04:25.492"/>
</if>
<kw name="Wait Until Element Is Visible" library="SeleniumLibrary">
<arg>//input[@type='email']</arg>
<doc>Waits until the element ``locator`` is visible.</doc>
<status status="PASS" starttime="20231229 14:04:25.492" endtime="20231229 14:04:26.524"/>
</kw>
<kw name="Click Button" library="SeleniumLibrary">
<arg>//input[@type='email']</arg>
<doc>Clicks the button identified by ``locator``.</doc>
<msg timestamp="20231229 14:04:26.524" level="INFO">Clicking button '//input[@type='email']'.</msg>
<status status="PASS" starttime="20231229 14:04:26.524" endtime="20231229 14:04:30.271"/>
</kw>
<kw name="Input Text" library="SeleniumLibrary">
<arg>//input[@type='email']</arg>
<arg>${Email}</arg>
<doc>Types the given ``text`` into the text field identified by ``locator``.</doc>
<msg timestamp="20231229 14:04:30.271" level="INFO">Typing text 'QABARRONSONLY' into text field '//input[@type='email']'.</msg>
<status status="PASS" starttime="20231229 14:04:30.271" endtime="20231229 14:04:31.806"/>
</kw>
<kw name="Set Selenium Implicit Wait" library="SeleniumLibrary">
<arg>10s</arg>
<doc>Sets the implicit wait value used by Selenium.</doc>
<status status="PASS" starttime="20231229 14:04:31.806" endtime="20231229 14:04:33.317"/>
</kw>
<kw name="Click Element" library="SeleniumLibrary">
<arg>//span[text()="Continue"]</arg>
<doc>Click the element identified by ``locator``.</doc>
<msg timestamp="20231229 14:04:33.318" level="INFO">Clicking element '//span[text()="Continue"]'.</msg>
<status status="PASS" starttime="20231229 14:04:33.317" endtime="20231229 14:04:34.563"/>
</kw>
<kw name="Set Selenium Implicit Wait" library="SeleniumLibrary">
<arg>10s</arg>
<doc>Sets the implicit wait value used by Selenium.</doc>
<status status="PASS" starttime="20231229 14:04:34.563" endtime="20231229 14:04:36.074"/>
</kw>
<kw name="Wait Until Element Is Visible" library="SeleniumLibrary">
<arg>//*[@id="password-login-password"]</arg>
<doc>Waits until the element ``locator`` is visible.</doc>
<status status="PASS" starttime="20231229 14:04:36.074" endtime="20231229 14:04:37.092"/>
</kw>
<kw name="Input Text" library="SeleniumLibrary">
<arg>//*[@id="password-login-password"]</arg>
<arg>${Password}</arg>
<doc>Types the given ``text`` into the text field identified by ``locator``.</doc>
<msg timestamp="20231229 14:04:37.093" level="INFO">Typing text 'password1' into text field '//*[@id="password-login-password"]'.</msg>
<status status="PASS" starttime="20231229 14:04:37.092" endtime="20231229 14:04:38.623"/>
</kw>
<kw name="Set Selenium Implicit Wait" library="SeleniumLibrary">
<arg>10s</arg>
<doc>Sets the implicit wait value used by Selenium.</doc>
<status status="PASS" starttime="20231229 14:04:38.623" endtime="20231229 14:04:40.133"/>
</kw>
<kw name="Set Selenium Speed" library="SeleniumLibrary">
<arg>1.0 seconds</arg>
<doc>Sets the delay that is waited after each Selenium command.</doc>
<status status="PASS" starttime="20231229 14:04:40.133" endtime="20231229 14:04:40.133"/>
</kw>
<if>
<branch type="IF" condition="&quot;${Env}&quot; == &quot;prod&quot;">
<kw name="Click Element" library="SeleniumLibrary">
<arg>//*[@id="password-login"]/div/form/div/div[5]/div[1]/button</arg>
<doc>Click the element identified by ``locator``.</doc>
<status status="NOT RUN" starttime="20231229 14:04:40.133" endtime="20231229 14:04:40.134"/>
</kw>
<status status="NOT RUN" starttime="20231229 14:04:40.133" endtime="20231229 14:04:40.134"/>
</branch>
<branch type="ELSE IF" condition="&quot;${Env}&quot; == &quot;dev&quot;">
<kw name="Click Element" library="SeleniumLibrary">
<arg>//*[@id="password-login"]/div/form/div[5]/button</arg>
<doc>Click the element identified by ``locator``.</doc>
<msg timestamp="20231229 14:04:40.134" level="INFO">Clicking element '//*[@id="password-login"]/div/form/div[5]/button'.</msg>
<status status="PASS" starttime="20231229 14:04:40.134" endtime="20231229 14:04:45.267"/>
</kw>
<status status="PASS" starttime="20231229 14:04:40.134" endtime="20231229 14:04:45.267"/>
</branch>
<status status="PASS" starttime="20231229 14:04:40.133" endtime="20231229 14:04:45.267"/>
</if>
<kw name="Wait Until Element Is Not Visible" library="SeleniumLibrary">
<arg>//*[@id="password-login"]/div/form/div/div[5]/div[1]/button</arg>
<doc>Waits until the element ``locator`` is not visible.</doc>
<status status="PASS" starttime="20231229 14:04:45.267" endtime="20231229 14:04:56.291"/>
</kw>
<status status="PASS" starttime="20231229 14:04:25.491" endtime="20231229 14:04:56.291"/>
</kw>
<kw name="Set Selenium Speed" library="SeleniumLibrary">
<arg>5 seconds</arg>
<doc>Sets the delay that is waited after each Selenium command.</doc>
<status status="PASS" starttime="20231229 14:04:56.292" endtime="20231229 14:04:56.292"/>
</kw>
<kw name="Validate Followed Authors" library="FNPreferenceCenterPage">
<kw name="Page Should Contain" library="SeleniumLibrary">
<arg>Authors</arg>
<doc>Verifies that current page contains ``text``.</doc>
<msg timestamp="20231229 14:05:06.305" level="INFO">Current page contains text 'Authors'.</msg>
<status status="PASS" starttime="20231229 14:04:56.293" endtime="20231229 14:05:06.305"/>
</kw>
<status status="PASS" starttime="20231229 14:04:56.292" endtime="20231229 14:05:06.305"/>
</kw>
<kw name="Set Selenium Speed" library="SeleniumLibrary">
<arg>0.5 seconds</arg>
<doc>Sets the delay that is waited after each Selenium command.</doc>
<status status="PASS" starttime="20231229 14:05:06.305" endtime="20231229 14:05:06.305"/>
</kw>
<kw name="Validate Following Toggle Feature" library="FNPreferenceCenterPage">
<kw name="Wait Until Element Is Visible" library="SeleniumLibrary">
<arg>//*[@id="root"]/div/div/div/div[2]/div/div/div/table[1]/tbody/tr[1]/td[3]/div</arg>
<doc>Waits until the element ``locator`` is visible.</doc>
<status status="PASS" starttime="20231229 14:05:06.306" endtime="20231229 14:05:07.325"/>
</kw>
<kw name="Page Should Contain Element" library="SeleniumLibrary">
<arg>//*[@id="root"]/div/div/div/div[2]/div/div/div/table[1]/tbody/tr[1]/td[3]/div</arg>
<doc>Verifies that element ``locator`` is found on the current page.</doc>
<msg timestamp="20231229 14:05:07.830" level="INFO">Current page contains element '//*[@id="root"]/div/div/div/div[2]/div/div/div/table[1]/tbody/tr[1]/td[3]/div'.</msg>
<status status="PASS" starttime="20231229 14:05:07.325" endtime="20231229 14:05:07.830"/>
</kw>
<status status="PASS" starttime="20231229 14:05:06.305" endtime="20231229 14:05:07.830"/>
</kw>
<kw name="Click Following Toggle Feature" library="FNPreferenceCenterPage">
<if>
<branch type="IF" condition="&quot;${Env}&quot; == &quot;prod&quot;">
<kw name="Click Element" library="SeleniumLibrary">
<arg>//*[text()="Paul Clarke"]/../../../../td[4]/div</arg>
<doc>Click the element identified by ``locator``.</doc>
<status status="NOT RUN" starttime="20231229 14:05:07.831" endtime="20231229 14:05:07.831"/>
</kw>
<status status="NOT RUN" starttime="20231229 14:05:07.831" endtime="20231229 14:05:07.831"/>
</branch>
<branch type="ELSE IF" condition="&quot;${Env}&quot; == &quot;dev&quot;">
<kw name="Click Element" library="SeleniumLibrary">
<arg>//*[text()="Christopher Mims"]/../../../../td[4]/div</arg>
<doc>Click the element identified by ``locator``.</doc>
<msg timestamp="20231229 14:05:07.832" level="INFO">Clicking element '//*[text()="Christopher Mims"]/../../../../td[4]/div'.</msg>
<msg timestamp="20231229 14:05:18.922" level="INFO" html="true">&lt;/td&gt;&lt;/tr&gt;&lt;tr&gt;&lt;td colspan="3"&gt;&lt;a href="selenium-screenshot-126.png"&gt;&lt;img src="selenium-screenshot-126.png" width="800px"&gt;&lt;/a&gt;</msg>
<msg timestamp="20231229 14:05:18.922" level="FAIL">Element with locator '//*[text()="Christopher Mims"]/../../../../td[4]/div' not found.</msg>
<status status="FAIL" starttime="20231229 14:05:07.831" endtime="20231229 14:05:18.924"/>
</kw>
<status status="FAIL" starttime="20231229 14:05:07.831" endtime="20231229 14:05:18.924"/>
</branch>
<status status="FAIL" starttime="20231229 14:05:07.831" endtime="20231229 14:05:18.924"/>
</if>
<status status="FAIL" starttime="20231229 14:05:07.830" endtime="20231229 14:05:18.925"/>
</kw>
<kw name="Validate Following Toggle Alert Pop up" library="FNPreferenceCenterPage">
<status status="NOT RUN" starttime="20231229 14:05:18.925" endtime="20231229 14:05:18.925"/>
</kw>
<kw name="Click Following Toggle Alert Pop up" library="FNPreferenceCenterPage">
<status status="NOT RUN" starttime="20231229 14:05:18.926" endtime="20231229 14:05:18.926"/>
</kw>
<kw name="Navigate Article page" library="FNPreferenceCenterPage">
<status status="NOT RUN" starttime="20231229 14:05:18.926" endtime="20231229 14:05:18.926"/>
</kw>
<kw name="Scroll Down" library="FNArticlePage">
<status status="NOT RUN" starttime="20231229 14:05:18.926" endtime="20231229 14:05:18.926"/>
</kw>
<kw name="Validate Follow Button" library="FNArticlePage">
<status status="NOT RUN" starttime="20231229 14:05:18.926" endtime="20231229 14:05:18.926"/>
</kw>
<kw name="Finish Testcase" library="CommonFunctionality" type="TEARDOWN">
<kw name="Close Browser" library="SeleniumLibrary">
<doc>Closes the current browser.</doc>
<status status="PASS" starttime="20231229 14:05:18.927" endtime="20231229 14:05:23.501"/>
</kw>
<status status="PASS" starttime="20231229 14:05:18.927" endtime="20231229 14:05:23.501"/>
</kw>
<doc>This test case validates the barrons preference center page</doc>
<tag>FinancialNews</tag>
<tag>PreferenceCenter</tag>
<tag>Smoke</tag>
<status status="FAIL" starttime="20231229 14:04:04.506" endtime="20231229 14:05:23.502">Element with locator '//*[text()="Christopher Mims"]/../../../../td[4]/div' not found.</status>
</test>
<doc>FN Smoke Tests</doc>
<status status="FAIL" starttime="20231229 14:03:13.555" endtime="20231229 14:05:23.503"/>
</suite>
<suite id="s1-s1-s3" name="MansionGlobal Smoke" source="D:\Codes\Jenkins_2050\userservices-qa-automation\panda-qa\Tests\FollowWidget\Smoke\MansionGlobal_Smoke.robot">
<test id="s1-s1-s3-t1" name="Validate the follow button from articles page" line="20">
<kw name="Start Mansion Global Article" library="CommonFunctionality" type="SETUP">
<kw name="Set Selenium Speed" library="SeleniumLibrary">
<arg>1 seconds</arg>
<doc>Sets the delay that is waited after each Selenium command.</doc>
<status status="PASS" starttime="20231229 14:05:23.531" endtime="20231229 14:05:23.532"/>
</kw>
<if>
<branch type="IF" condition="&quot;${Env}&quot; == &quot;prod&quot;">
<kw name="Open Browser" library="SeleniumLibrary">
<arg>https://www.mansionglobal.com</arg>
<arg>${Browser}</arg>
<doc>Opens a new browser instance to the optional ``url``.</doc>
<status status="NOT RUN" starttime="20231229 14:05:23.532" endtime="20231229 14:05:23.532"/>
</kw>
<kw name="Go To" library="SeleniumLibrary">
<arg>https://www.mansionglobal.com/articles/are-there-tax-breaks-on-agricultural-land-in-pennsylvania-01648119848</arg>
<doc>Navigates the current browser window to the provided ``url``.</doc>
<status status="NOT RUN" starttime="20231229 14:05:23.532" endtime="20231229 14:05:23.532"/>
</kw>
<status status="NOT RUN" starttime="20231229 14:05:23.532" endtime="20231229 14:05:23.532"/>
</branch>
<branch type="ELSE IF" condition="&quot;${Env}&quot; == &quot;dev&quot;">
<if>
<branch type="IF" condition="&quot;${Browser}&quot; == &quot;chrome&quot;">
<kw name="Evaluate" library="BuiltIn">
<var>${options}</var>
<arg>selenium.webdriver.ChromeOptions()</arg>
<doc>Evaluates the given expression in Python and returns the result.</doc>
<status status="NOT RUN" starttime="20231229 14:05:23.533" endtime="20231229 14:05:23.533"/>
</kw>
<kw name="Call Method" library="BuiltIn">
<arg>${options}</arg>
<arg>add_argument</arg>
<arg>--start-maximized</arg>
<doc>Calls the named method of the given object with the provided arguments.</doc>
<status status="NOT RUN" starttime="20231229 14:05:23.533" endtime="20231229 14:05:23.533"/>
</kw>
<kw name="Call Method" library="BuiltIn">
<arg>${options}</arg>
<arg>add_argument</arg>
<arg>--disable-dev-shm-usage</arg>
<doc>Calls the named method of the given object with the provided arguments.</doc>
<status status="NOT RUN" starttime="20231229 14:05:23.533" endtime="20231229 14:05:23.533"/>
</kw>
<kw name="Call Method" library="BuiltIn">
<arg>${options}</arg>
<arg>add_argument</arg>
<arg>--no-sandbox</arg>
<doc>Calls the named method of the given object with the provided arguments.</doc>
<status status="NOT RUN" starttime="20231229 14:05:23.533" endtime="20231229 14:05:23.533"/>
</kw>
<kw name="Call Method" library="BuiltIn">
<arg>${options}</arg>
<arg>add_argument</arg>
<arg>--headless</arg>
<doc>Calls the named method of the given object with the provided arguments.</doc>
<status status="NOT RUN" starttime="20231229 14:05:23.533" endtime="20231229 14:05:23.533"/>
</kw>
<kw name="Call Method" library="BuiltIn">
<arg>${options}</arg>
<arg>add_argument</arg>
<arg>--disable-gpu</arg>
<doc>Calls the named method of the given object with the provided arguments.</doc>
<status status="NOT RUN" starttime="20231229 14:05:23.533" endtime="20231229 14:05:23.533"/>
</kw>
<kw name="Call Method" library="BuiltIn">
<arg>${options}</arg>
<arg>add_argument</arg>
<arg>--no-user-gesture-required</arg>
<doc>Calls the named method of the given object with the provided arguments.</doc>
<status status="NOT RUN" starttime="20231229 14:05:23.533" endtime="20231229 14:05:23.533"/>
</kw>
<kw name="Call Method" library="BuiltIn">
<arg>${options}</arg>
<arg>add_argument</arg>
<arg>--no-first-run</arg>
<doc>Calls the named method of the given object with the provided arguments.</doc>
<status status="NOT RUN" starttime="20231229 14:05:23.533" endtime="20231229 14:05:23.533"/>
</kw>
<kw name="Call Method" library="BuiltIn">
<arg>${options}</arg>
<arg>add_argument</arg>
<arg>--use-fake-ui-for-media-stream</arg>
<doc>Calls the named method of the given object with the provided arguments.</doc>
<status status="NOT RUN" starttime="20231229 14:05:23.533" endtime="20231229 14:05:23.533"/>
</kw>
<kw name="Call Method" library="BuiltIn">
<arg>${options}</arg>
<arg>add_argument</arg>
<arg>--use-fake-device-for-media-stream</arg>
<doc>Calls the named method of the given object with the provided arguments.</doc>
<status status="NOT RUN" starttime="20231229 14:05:23.533" endtime="20231229 14:05:23.534"/>
</kw>
<kw name="Call Method" library="BuiltIn">
<arg>${options}</arg>
<arg>add_argument</arg>
<arg>--disable-sync</arg>
<doc>Calls the named method of the given object with the provided arguments.</doc>
<status status="NOT RUN" starttime="20231229 14:05:23.534" endtime="20231229 14:05:23.534"/>
</kw>
<kw name="Open Browser" library="SeleniumLibrary">
<arg>https://www.s.dev.mansionglobal.com</arg>
<arg>chrome</arg>
<arg>options=${options}</arg>
<doc>Opens a new browser instance to the optional ``url``.</doc>
<status status="NOT RUN" starttime="20231229 14:05:23.534" endtime="20231229 14:05:23.534"/>
</kw>
<status status="NOT RUN" starttime="20231229 14:05:23.532" endtime="20231229 14:05:23.534"/>
</branch>
<branch type="ELSE">
<kw name="Open Browser" library="SeleniumLibrary">
<arg>https://www.s.dev.mansionglobal.com</arg>
<arg>${Browser}</arg>
<doc>Opens a new browser instance to the optional ``url``.</doc>
<msg timestamp="20231229 14:05:23.534" level="INFO">Opening browser 'firefox' to base url 'https://www.s.dev.mansionglobal.com'.</msg>
<status status="PASS" starttime="20231229 14:05:23.534" endtime="20231229 14:05:37.287"/>
</kw>
<status status="PASS" starttime="20231229 14:05:23.534" endtime="20231229 14:05:37.287"/>
</branch>
<status status="PASS" starttime="20231229 14:05:23.532" endtime="20231229 14:05:37.287"/>
</if>
<kw name="Go To" library="SeleniumLibrary">
<arg>https://www.s.dev.mansionglobal.com/articles/article-long-text-01643043212</arg>
<doc>Navigates the current browser window to the provided ``url``.</doc>
<msg timestamp="20231229 14:05:37.287" level="INFO">Opening url 'https://www.s.dev.mansionglobal.com/articles/article-long-text-01643043212'</msg>
<status status="PASS" starttime="20231229 14:05:37.287" endtime="20231229 14:05:42.555"/>
</kw>
<status status="PASS" starttime="20231229 14:05:23.532" endtime="20231229 14:05:42.555"/>
</branch>
<status status="PASS" starttime="20231229 14:05:23.532" endtime="20231229 14:05:42.555"/>
</if>
<kw name="Wait Until Page Contains Element" library="SeleniumLibrary">
<arg>dom:${JSFollowButtonMGPath}</arg>
<doc>Waits until the element ``locator`` appears on the current page.</doc>
<status status="PASS" starttime="20231229 14:05:42.555" endtime="20231229 14:05:43.573"/>
</kw>
<kw name="Maximize Browser Window" library="SeleniumLibrary">
<doc>Maximizes current browser window.</doc>
<status status="PASS" starttime="20231229 14:05:43.573" endtime="20231229 14:05:44.841"/>
</kw>
<status status="PASS" starttime="20231229 14:05:23.531" endtime="20231229 14:05:44.841"/>
</kw>
<kw name="Validate Follow Button" library="MansionGlobalArticlePage">
<kw name="Wait Until Element Is Visible" library="SeleniumLibrary">
<arg>dom:${JSFollowButtonGMPath}</arg>
<doc>Waits until the element ``locator`` is visible.</doc>
<status status="PASS" starttime="20231229 14:05:44.842" endtime="20231229 14:05:46.860"/>
</kw>
<kw name="Element Text Should Be" library="SeleniumLibrary">
<arg>dom:${JSFollowButtonGMPath}</arg>
<arg>Follow</arg>
<arg>timeout=60s</arg>
<doc>Verifies that element ``locator`` contains exact the text ``expected``.</doc>
<msg timestamp="20231229 14:05:46.862" level="INFO">Verifying element 'dom:document.querySelector('ufc-follow-author-widget').shadowRoot .querySelector('ufc-follow-button').shadowRoot .querySelector('button')' contains exact text 'Follow'.</msg>
<status status="PASS" starttime="20231229 14:05:46.860" endtime="20231229 14:05:48.889"/>
</kw>
<status status="PASS" starttime="20231229 14:05:44.841" endtime="20231229 14:05:48.889"/>
</kw>
<kw name="Click Follow Button" library="MansionGlobalArticlePage">
<kw name="Click Button" library="SeleniumLibrary">
<arg>dom:${JSFollowButtonGMPath}</arg>
<doc>Clicks the button identified by ``locator``.</doc>
<msg timestamp="20231229 14:05:48.890" level="INFO">Clicking button 'dom:document.querySelector('ufc-follow-author-widget').shadowRoot .querySelector('ufc-follow-button').shadowRoot .querySelector('button')'.</msg>
<status status="PASS" starttime="20231229 14:05:48.889" endtime="20231229 14:05:54.179"/>
</kw>
<status status="PASS" starttime="20231229 14:05:48.889" endtime="20231229 14:05:54.179"/>
</kw>
<kw name="Validate Sign In Modal" library="MansionGlobalArticlePage">
<kw name="Wait Until Element Is Visible" library="SeleniumLibrary">
<arg>dom:${JSFollowSignInHeaderPath}</arg>
<doc>Waits until the element ``locator`` is visible.</doc>
<status status="PASS" starttime="20231229 14:05:54.180" endtime="20231229 14:05:56.200"/>
</kw>
<kw name="Page Should Contain Element" library="SeleniumLibrary">
<arg>dom:${JSFollowSignInHeaderPath}</arg>
<doc>Verifies that element ``locator`` is found on the current page.</doc>
<msg timestamp="20231229 14:05:57.206" level="INFO">Current page contains element 'dom:document.querySelector('ufc-portal') .querySelector('ufc-signin-modal').shadowRoot .querySelector('div') .querySelector('div.body') .querySelector('p')'.</msg>
<status status="PASS" starttime="20231229 14:05:56.200" endtime="20231229 14:05:57.206"/>
</kw>
<status status="PASS" starttime="20231229 14:05:54.180" endtime="20231229 14:05:57.206"/>
</kw>
<kw name="Click Sign In Button Modal" library="MansionGlobalArticlePage">
<kw name="Wait Until Element Is Visible" library="SeleniumLibrary">
<arg>dom:${JSFollowSignInHeaderPath}</arg>
<doc>Waits until the element ``locator`` is visible.</doc>
<status status="PASS" starttime="20231229 14:05:57.207" endtime="20231229 14:05:59.226"/>
</kw>
<if>
<branch type="IF" condition="&quot;${Env}&quot; == &quot;prod&quot;">
<kw name="Click Button" library="SeleniumLibrary">
<arg>dom:${JSFollowSignInButtonPath}</arg>
<doc>Clicks the button identified by ``locator``.</doc>
<status status="NOT RUN" starttime="20231229 14:05:59.226" endtime="20231229 14:05:59.226"/>
</kw>
<status status="NOT RUN" starttime="20231229 14:05:59.226" endtime="20231229 14:05:59.226"/>
</branch>
<branch type="ELSE IF" condition="&quot;${Env}&quot; == &quot;dev&quot;">
<kw name="Click Element" library="SeleniumLibrary">
<arg>dom:${JSFollowSignInButton2Path}</arg>
<doc>Click the element identified by ``locator``.</doc>
<msg timestamp="20231229 14:05:59.226" level="INFO">Clicking element 'dom:document.querySelector('ufc-portal') .querySelector('ufc-signin-modal').shadowRoot .querySelector('div') .querySelector('div.modal') .querySelector('focus-trap') .querySelector('div.footer') .querySelector('ufc-button') .querySelector('button')'.</msg>
<status status="PASS" starttime="20231229 14:05:59.226" endtime="20231229 14:06:02.228"/>
</kw>
<status status="PASS" starttime="20231229 14:05:59.226" endtime="20231229 14:06:02.228"/>
</branch>
<status status="PASS" starttime="20231229 14:05:59.226" endtime="20231229 14:06:02.228"/>
</if>
<status status="PASS" starttime="20231229 14:05:57.207" endtime="20231229 14:06:02.228"/>
</kw>
<kw name="Sign In Process" library="DefinedKeywords">
<if>
<branch type="IF" condition="&quot;${Env}&quot; == &quot;prod&quot;">
<kw name="Set Variable" library="BuiltIn">
<var>${Email}</var>
<arg>${Email_prod}</arg>
<doc>Returns the given values which can then be assigned to a variables.</doc>
<status status="NOT RUN" starttime="20231229 14:06:02.229" endtime="20231229 14:06:02.230"/>
</kw>
<kw name="Set Variable" library="BuiltIn">
<var>${Password}</var>
<arg>${Password_prod}</arg>
<doc>Returns the given values which can then be assigned to a variables.</doc>
<status status="NOT RUN" starttime="20231229 14:06:02.230" endtime="20231229 14:06:02.230"/>
</kw>
<status status="NOT RUN" starttime="20231229 14:06:02.228" endtime="20231229 14:06:02.230"/>
</branch>
<branch type="ELSE IF" condition="&quot;${Env}&quot; == &quot;dev&quot;">
<kw name="Set Variable" library="BuiltIn">
<var>${Email}</var>
<arg>${Email_dev}</arg>
<doc>Returns the given values which can then be assigned to a variables.</doc>
<msg timestamp="20231229 14:06:02.230" level="INFO">${Email} = QABARRONSONLY</msg>
<status status="PASS" starttime="20231229 14:06:02.230" endtime="20231229 14:06:02.230"/>
</kw>
<kw name="Set Variable" library="BuiltIn">
<var>${Password}</var>
<arg>${Password_dev}</arg>
<doc>Returns the given values which can then be assigned to a variables.</doc>
<msg timestamp="20231229 14:06:02.230" level="INFO">${Password} = password1</msg>
<status status="PASS" starttime="20231229 14:06:02.230" endtime="20231229 14:06:02.230"/>
</kw>
<status status="PASS" starttime="20231229 14:06:02.230" endtime="20231229 14:06:02.230"/>
</branch>
<status status="PASS" starttime="20231229 14:06:02.228" endtime="20231229 14:06:02.230"/>
</if>
<kw name="Wait Until Element Is Visible" library="SeleniumLibrary">
<arg>//input[@type='email']</arg>
<doc>Waits until the element ``locator`` is visible.</doc>
<status status="PASS" starttime="20231229 14:06:02.231" endtime="20231229 14:06:04.259"/>
</kw>
<kw name="Click Button" library="SeleniumLibrary">
<arg>//input[@type='email']</arg>
<doc>Clicks the button identified by ``locator``.</doc>
<msg timestamp="20231229 14:06:04.260" level="INFO">Clicking button '//input[@type='email']'.</msg>
<status status="PASS" starttime="20231229 14:06:04.259" endtime="20231229 14:06:11.508"/>
</kw>
<kw name="Input Text" library="SeleniumLibrary">
<arg>//input[@type='email']</arg>
<arg>${Email}</arg>
<doc>Types the given ``text`` into the text field identified by ``locator``.</doc>
<msg timestamp="20231229 14:06:11.508" level="INFO">Typing text 'QABARRONSONLY' into text field '//input[@type='email']'.</msg>
<status status="PASS" starttime="20231229 14:06:11.508" endtime="20231229 14:06:14.544"/>
</kw>
<kw name="Set Selenium Implicit Wait" library="SeleniumLibrary">
<arg>10s</arg>
<doc>Sets the implicit wait value used by Selenium.</doc>
<status status="PASS" starttime="20231229 14:06:14.544" endtime="20231229 14:06:17.557"/>
</kw>
<kw name="Click Element" library="SeleniumLibrary">
<arg>//span[text()="Continue"]</arg>
<doc>Click the element identified by ``locator``.</doc>
<msg timestamp="20231229 14:06:17.557" level="INFO">Clicking element '//span[text()="Continue"]'.</msg>
<status status="PASS" starttime="20231229 14:06:17.557" endtime="20231229 14:06:19.788"/>
</kw>
<kw name="Set Selenium Implicit Wait" library="SeleniumLibrary">
<arg>10s</arg>
<doc>Sets the implicit wait value used by Selenium.</doc>
<status status="PASS" starttime="20231229 14:06:19.788" endtime="20231229 14:06:22.798"/>
</kw>
<kw name="Wait Until Element Is Visible" library="SeleniumLibrary">
<arg>//*[@id="password-login-password"]</arg>
<doc>Waits until the element ``locator`` is visible.</doc>
<status status="PASS" starttime="20231229 14:06:22.798" endtime="20231229 14:06:24.815"/>
</kw>
<kw name="Input Text" library="SeleniumLibrary">
<arg>//*[@id="password-login-password"]</arg>
<arg>${Password}</arg>
<doc>Types the given ``text`` into the text field identified by ``locator``.</doc>
<msg timestamp="20231229 14:06:24.815" level="INFO">Typing text 'password1' into text field '//*[@id="password-login-password"]'.</msg>
<status status="PASS" starttime="20231229 14:06:24.815" endtime="20231229 14:06:27.838"/>
</kw>
<kw name="Set Selenium Implicit Wait" library="SeleniumLibrary">
<arg>10s</arg>
<doc>Sets the implicit wait value used by Selenium.</doc>
<status status="PASS" starttime="20231229 14:06:27.838" endtime="20231229 14:06:30.850"/>
</kw>
<kw name="Set Selenium Speed" library="SeleniumLibrary">
<arg>1.0 seconds</arg>
<doc>Sets the delay that is waited after each Selenium command.</doc>
<status status="PASS" starttime="20231229 14:06:30.850" endtime="20231229 14:06:30.850"/>
</kw>
<if>
<branch type="IF" condition="&quot;${Env}&quot; == &quot;prod&quot;">
<kw name="Click Element" library="SeleniumLibrary">
<arg>//*[@id="password-login"]/div/form/div/div[5]/div[1]/button</arg>
<doc>Click the element identified by ``locator``.</doc>
<status status="NOT RUN" starttime="20231229 14:06:30.850" endtime="20231229 14:06:30.851"/>
</kw>
<status status="NOT RUN" starttime="20231229 14:06:30.850" endtime="20231229 14:06:30.851"/>
</branch>
<branch type="ELSE IF" condition="&quot;${Env}&quot; == &quot;dev&quot;">
<kw name="Click Element" library="SeleniumLibrary">
<arg>//*[@id="password-login"]/div/form/div[5]/button</arg>
<doc>Click the element identified by ``locator``.</doc>
<msg timestamp="20231229 14:06:30.851" level="INFO">Clicking element '//*[@id="password-login"]/div/form/div[5]/button'.</msg>
<status status="PASS" starttime="20231229 14:06:30.851" endtime="20231229 14:06:39.013"/>
</kw>
<status status="PASS" starttime="20231229 14:06:30.851" endtime="20231229 14:06:39.013"/>
</branch>
<status status="PASS" starttime="20231229 14:06:30.850" endtime="20231229 14:06:39.013"/>
</if>
<kw name="Wait Until Element Is Not Visible" library="SeleniumLibrary">
<arg>//*[@id="password-login"]/div/form/div/div[5]/div[1]/button</arg>
<doc>Waits until the element ``locator`` is not visible.</doc>
<status status="PASS" starttime="20231229 14:06:39.013" endtime="20231229 14:06:50.033"/>
</kw>
<status status="PASS" starttime="20231229 14:06:02.228" endtime="20231229 14:06:50.033"/>
</kw>
<kw name="Set Selenium Speed" library="SeleniumLibrary">
<arg>0.2 seconds</arg>
<doc>Sets the delay that is waited after each Selenium command.</doc>
<status status="PASS" starttime="20231229 14:06:50.033" endtime="20231229 14:06:50.034"/>
</kw>
<kw name="Validate Following Button" library="MansionGlobalArticlePage">
<kw name="Wait Until Element Is Visible" library="SeleniumLibrary">
<arg>dom:${JSFollowButtonGMPath}</arg>
<doc>Waits until the element ``locator`` is visible.</doc>
<status status="PASS" starttime="20231229 14:06:50.034" endtime="20231229 14:06:50.458"/>
</kw>
<kw name="Element Text Should Be" library="SeleniumLibrary">
<arg>dom:${JSFollowButtonGMPath}</arg>
<arg>Following</arg>
<arg>timeout=60s</arg>
<doc>Verifies that element ``locator`` contains exact the text ``expected``.</doc>
<msg timestamp="20231229 14:06:50.459" level="INFO">Verifying element 'dom:document.querySelector('ufc-follow-author-widget').shadowRoot .querySelector('ufc-follow-button').shadowRoot .querySelector('button')' contains exact text 'Following'.</msg>
<status status="PASS" starttime="20231229 14:06:50.458" endtime="20231229 14:06:50.885"/>
</kw>
<status status="PASS" starttime="20231229 14:06:50.034" endtime="20231229 14:06:50.885"/>
</kw>
<kw name="Click Following Button" library="MansionGlobalArticlePage">
<kw name="Click Button" library="SeleniumLibrary">
<arg>dom:${JSFollowButtonGMPath}</arg>
<doc>Clicks the button identified by ``locator``.</doc>
<msg timestamp="20231229 14:06:50.886" level="INFO">Clicking button 'dom:document.querySelector('ufc-follow-author-widget').shadowRoot .querySelector('ufc-follow-button').shadowRoot .querySelector('button')'.</msg>
<status status="PASS" starttime="20231229 14:06:50.886" endtime="20231229 14:06:52.160"/>
</kw>
<status status="PASS" starttime="20231229 14:06:50.885" endtime="20231229 14:06:52.160"/>
</kw>
<kw name="Click Undo Link" library="MansionGlobalArticlePage">
<kw name="Wait Until Element Is Visible" library="SeleniumLibrary">
<arg>dom:${JSUndoButtonGlobalMansionPath}</arg>
<doc>Waits until the element ``locator`` is visible.</doc>
<status status="PASS" starttime="20231229 14:06:52.162" endtime="20231229 14:06:53.623"/>
</kw>
<kw name="Click Button" library="SeleniumLibrary">
<arg>dom:${JSUndoButtonGlobalMansionPath}</arg>
<doc>Clicks the button identified by ``locator``.</doc>
<msg timestamp="20231229 14:06:53.623" level="INFO">Clicking button 'dom:document.querySelector('ufc-snackbar').shadowRoot .querySelector('div') .querySelector('div') .querySelector('button')'.</msg>
<status status="PASS" starttime="20231229 14:06:53.623" endtime="20231229 14:06:54.874"/>
</kw>
<kw name="Wait Until Element Is Not Visible" library="SeleniumLibrary">
<arg>dom:${JSUndoButtonGlobalMansionPath}</arg>
<doc>Waits until the element ``locator`` is not visible.</doc>
<msg timestamp="20231229 14:06:55.451" level="INFO">Suppressing StaleElementReferenceException from Selenium.</msg>
<status status="PASS" starttime="20231229 14:06:54.874" endtime="20231229 14:06:55.856"/>
</kw>
<status status="PASS" starttime="20231229 14:06:52.162" endtime="20231229 14:06:55.856"/>
</kw>
<kw name="Validate Author Label" library="MansionGlobalArticlePage">
<kw name="Wait Until Element Is Visible" library="SeleniumLibrary">
<arg>//*[@id="mg-pre-body-article-wrap"]/div[3]/div/div/strong</arg>
<doc>Waits until the element ``locator`` is visible.</doc>
<status status="PASS" starttime="20231229 14:06:55.857" endtime="20231229 14:06:56.275"/>
</kw>
<kw name="Page Should Contain Element" library="SeleniumLibrary">
<arg>//*[@id="mg-pre-body-article-wrap"]/div[3]/div/div/strong</arg>
<doc>Verifies that element ``locator`` is found on the current page.</doc>
<msg timestamp="20231229 14:06:56.480" level="INFO">Current page contains element '//*[@id="mg-pre-body-article-wrap"]/div[3]/div/div/strong'.</msg>
<status status="PASS" starttime="20231229 14:06:56.275" endtime="20231229 14:06:56.480"/>
</kw>
<status status="PASS" starttime="20231229 14:06:55.857" endtime="20231229 14:06:56.480"/>
</kw>
<kw name="Set Implicit Wait" library="DefinedKeywords">
<kw name="Set Selenium Implicit Wait" library="SeleniumLibrary">
<arg>50s</arg>
<doc>Sets the implicit wait value used by Selenium.</doc>
<status status="PASS" starttime="20231229 14:06:56.481" endtime="20231229 14:06:57.094"/>
</kw>
<status status="PASS" starttime="20231229 14:06:56.480" endtime="20231229 14:06:57.094"/>
</kw>
<kw name="Validate Following Button" library="MansionGlobalArticlePage">
<kw name="Wait Until Element Is Visible" library="SeleniumLibrary">
<arg>dom:${JSFollowButtonGMPath}</arg>
<doc>Waits until the element ``locator`` is visible.</doc>
<status status="PASS" starttime="20231229 14:06:57.095" endtime="20231229 14:06:57.511"/>
</kw>
<kw name="Element Text Should Be" library="SeleniumLibrary">
<arg>dom:${JSFollowButtonGMPath}</arg>
<arg>Following</arg>
<arg>timeout=60s</arg>
<doc>Verifies that element ``locator`` contains exact the text ``expected``.</doc>
<msg timestamp="20231229 14:06:57.512" level="INFO">Verifying element 'dom:document.querySelector('ufc-follow-author-widget').shadowRoot .querySelector('ufc-follow-button').shadowRoot .querySelector('button')' contains exact text 'Following'.</msg>
<status status="PASS" starttime="20231229 14:06:57.511" endtime="20231229 14:06:57.922"/>
</kw>
<status status="PASS" starttime="20231229 14:06:57.094" endtime="20231229 14:06:57.922"/>
</kw>
<kw name="Click Following Button" library="MansionGlobalArticlePage">
<kw name="Click Button" library="SeleniumLibrary">
<arg>dom:${JSFollowButtonGMPath}</arg>
<doc>Clicks the button identified by ``locator``.</doc>
<msg timestamp="20231229 14:06:57.924" level="INFO">Clicking button 'dom:document.querySelector('ufc-follow-author-widget').shadowRoot .querySelector('ufc-follow-button').shadowRoot .querySelector('button')'.</msg>
<status status="PASS" starttime="20231229 14:06:57.923" endtime="20231229 14:06:59.174"/>
</kw>
<status status="PASS" starttime="20231229 14:06:57.922" endtime="20231229 14:06:59.174"/>
</kw>
<kw name="Set Implicit Wait" library="DefinedKeywords">
<kw name="Set Selenium Implicit Wait" library="SeleniumLibrary">
<arg>50s</arg>
<doc>Sets the implicit wait value used by Selenium.</doc>
<status status="PASS" starttime="20231229 14:06:59.174" endtime="20231229 14:06:59.785"/>
</kw>
<status status="PASS" starttime="20231229 14:06:59.174" endtime="20231229 14:06:59.785"/>
</kw>
<kw name="Validate Follow Button" library="MansionGlobalArticlePage">
<kw name="Wait Until Element Is Visible" library="SeleniumLibrary">
<arg>dom:${JSFollowButtonGMPath}</arg>
<doc>Waits until the element ``locator`` is visible.</doc>
<status status="PASS" starttime="20231229 14:06:59.786" endtime="20231229 14:07:00.205"/>
</kw>
<kw name="Element Text Should Be" library="SeleniumLibrary">
<arg>dom:${JSFollowButtonGMPath}</arg>
<arg>Follow</arg>
<arg>timeout=60s</arg>
<doc>Verifies that element ``locator`` contains exact the text ``expected``.</doc>
<msg timestamp="20231229 14:07:00.207" level="INFO">Verifying element 'dom:document.querySelector('ufc-follow-author-widget').shadowRoot .querySelector('ufc-follow-button').shadowRoot .querySelector('button')' contains exact text 'Follow'.</msg>
<status status="PASS" starttime="20231229 14:07:00.205" endtime="20231229 14:07:00.616"/>
</kw>
<status status="PASS" starttime="20231229 14:06:59.786" endtime="20231229 14:07:00.616"/>
</kw>
<kw name="Click Follow Button" library="MansionGlobalArticlePage">
<kw name="Click Button" library="SeleniumLibrary">
<arg>dom:${JSFollowButtonGMPath}</arg>
<doc>Clicks the button identified by ``locator``.</doc>
<msg timestamp="20231229 14:07:00.617" level="INFO">Clicking button 'dom:document.querySelector('ufc-follow-author-widget').shadowRoot .querySelector('ufc-follow-button').shadowRoot .querySelector('button')'.</msg>
<status status="PASS" starttime="20231229 14:07:00.617" endtime="20231229 14:07:01.858"/>
</kw>
<status status="PASS" starttime="20231229 14:07:00.616" endtime="20231229 14:07:01.858"/>
</kw>
<kw name="Click Preference Center Link" library="MansionGlobalArticlePage">
<kw name="Wait Until Element Is Visible" library="SeleniumLibrary">
<arg>dom:${JSPreferenceCenterLinkGlobalMansionPath}</arg>
<doc>Waits until the element ``locator`` is visible.</doc>
<status status="PASS" starttime="20231229 14:07:01.859" endtime="20231229 14:07:03.158"/>
</kw>
<kw name="Click Element" library="SeleniumLibrary">
<arg>dom:${JSPreferenceCenterLinkGlobalMansionPath}</arg>
<doc>Click the element identified by ``locator``.</doc>
<msg timestamp="20231229 14:07:03.159" level="INFO">Clicking element 'dom:document.querySelector('ufc-snackbar').shadowRoot .querySelector('div') .querySelector('div') .querySelector('span') .querySelector('a')'.</msg>
<status status="PASS" starttime="20231229 14:07:03.158" endtime="20231229 14:07:06.825"/>
</kw>
<status status="PASS" starttime="20231229 14:07:01.858" endtime="20231229 14:07:06.825"/>
</kw>
<kw name="Validate Preference Center page" library="MansionGlobalPreferenceCenterPage">
<kw name="Page Should Contain" library="SeleniumLibrary">
<arg>Follow Alerts</arg>
<doc>Verifies that current page contains ``text``.</doc>
<msg timestamp="20231229 14:07:07.237" level="INFO">Current page contains text 'Follow Alerts'.</msg>
<status status="PASS" starttime="20231229 14:07:06.826" endtime="20231229 14:07:07.237"/>
</kw>
<status status="PASS" starttime="20231229 14:07:06.825" endtime="20231229 14:07:07.237"/>
</kw>
<kw name="Finish Testcase" library="CommonFunctionality" type="TEARDOWN">
<kw name="Close Browser" library="SeleniumLibrary">
<doc>Closes the current browser.</doc>
<status status="PASS" starttime="20231229 14:07:07.238" endtime="20231229 14:07:11.344"/>
</kw>
<status status="PASS" starttime="20231229 14:07:07.237" endtime="20231229 14:07:11.344"/>
</kw>
<doc>These test cases validate the follow button from articles page</doc>
<tag>Article</tag>
<tag>Follow</tag>
<tag>MansionGlobal</tag>
<tag>Smoke</tag>
<status status="PASS" starttime="20231229 14:05:23.530" endtime="20231229 14:07:11.344"/>
</test>
<test id="s1-s1-s3-t2" name="Validate the Mansion Global Preference Center page" line="43">
<kw name="Start Mansion Global Article" library="CommonFunctionality" type="SETUP">
<kw name="Set Selenium Speed" library="SeleniumLibrary">
<arg>1 seconds</arg>
<doc>Sets the delay that is waited after each Selenium command.</doc>
<status status="PASS" starttime="20231229 14:07:11.346" endtime="20231229 14:07:11.346"/>
</kw>
<if>
<branch type="IF" condition="&quot;${Env}&quot; == &quot;prod&quot;">
<kw name="Open Browser" library="SeleniumLibrary">
<arg>https://www.mansionglobal.com</arg>
<arg>${Browser}</arg>
<doc>Opens a new browser instance to the optional ``url``.</doc>
<status status="NOT RUN" starttime="20231229 14:07:11.347" endtime="20231229 14:07:11.347"/>
</kw>
<kw name="Go To" library="SeleniumLibrary">
<arg>https://www.mansionglobal.com/articles/are-there-tax-breaks-on-agricultural-land-in-pennsylvania-01648119848</arg>
<doc>Navigates the current browser window to the provided ``url``.</doc>
<status status="NOT RUN" starttime="20231229 14:07:11.347" endtime="20231229 14:07:11.347"/>
</kw>
<status status="NOT RUN" starttime="20231229 14:07:11.347" endtime="20231229 14:07:11.347"/>
</branch>
<branch type="ELSE IF" condition="&quot;${Env}&quot; == &quot;dev&quot;">
<if>
<branch type="IF" condition="&quot;${Browser}&quot; == &quot;chrome&quot;">
<kw name="Evaluate" library="BuiltIn">
<var>${options}</var>
<arg>selenium.webdriver.ChromeOptions()</arg>
<doc>Evaluates the given expression in Python and returns the result.</doc>
<status status="NOT RUN" starttime="20231229 14:07:11.348" endtime="20231229 14:07:11.348"/>
</kw>
<kw name="Call Method" library="BuiltIn">
<arg>${options}</arg>
<arg>add_argument</arg>
<arg>--start-maximized</arg>
<doc>Calls the named method of the given object with the provided arguments.</doc>
<status status="NOT RUN" starttime="20231229 14:07:11.348" endtime="20231229 14:07:11.348"/>
</kw>
<kw name="Call Method" library="BuiltIn">
<arg>${options}</arg>
<arg>add_argument</arg>
<arg>--disable-dev-shm-usage</arg>
<doc>Calls the named method of the given object with the provided arguments.</doc>
<status status="NOT RUN" starttime="20231229 14:07:11.348" endtime="20231229 14:07:11.348"/>
</kw>
<kw name="Call Method" library="BuiltIn">
<arg>${options}</arg>
<arg>add_argument</arg>
<arg>--no-sandbox</arg>
<doc>Calls the named method of the given object with the provided arguments.</doc>
<status status="NOT RUN" starttime="20231229 14:07:11.348" endtime="20231229 14:07:11.349"/>
</kw>
<kw name="Call Method" library="BuiltIn">
<arg>${options}</arg>
<arg>add_argument</arg>
<arg>--headless</arg>
<doc>Calls the named method of the given object with the provided arguments.</doc>
<status status="NOT RUN" starttime="20231229 14:07:11.349" endtime="20231229 14:07:11.349"/>
</kw>
<kw name="Call Method" library="BuiltIn">
<arg>${options}</arg>
<arg>add_argument</arg>
<arg>--disable-gpu</arg>
<doc>Calls the named method of the given object with the provided arguments.</doc>
<status status="NOT RUN" starttime="20231229 14:07:11.349" endtime="20231229 14:07:11.349"/>
</kw>
<kw name="Call Method" library="BuiltIn">
<arg>${options}</arg>
<arg>add_argument</arg>
<arg>--no-user-gesture-required</arg>
<doc>Calls the named method of the given object with the provided arguments.</doc>
<status status="NOT RUN" starttime="20231229 14:07:11.349" endtime="20231229 14:07:11.349"/>
</kw>
<kw name="Call Method" library="BuiltIn">
<arg>${options}</arg>
<arg>add_argument</arg>
<arg>--no-first-run</arg>
<doc>Calls the named method of the given object with the provided arguments.</doc>
<status status="NOT RUN" starttime="20231229 14:07:11.349" endtime="20231229 14:07:11.349"/>
</kw>
<kw name="Call Method" library="BuiltIn">
<arg>${options}</arg>
<arg>add_argument</arg>
<arg>--use-fake-ui-for-media-stream</arg>
<doc>Calls the named method of the given object with the provided arguments.</doc>
<status status="NOT RUN" starttime="20231229 14:07:11.349" endtime="20231229 14:07:11.349"/>
</kw>
<kw name="Call Method" library="BuiltIn">
<arg>${options}</arg>
<arg>add_argument</arg>
<arg>--use-fake-device-for-media-stream</arg>
<doc>Calls the named method of the given object with the provided arguments.</doc>
<status status="NOT RUN" starttime="20231229 14:07:11.349" endtime="20231229 14:07:11.349"/>
</kw>
<kw name="Call Method" library="BuiltIn">
<arg>${options}</arg>
<arg>add_argument</arg>
<arg>--disable-sync</arg>
<doc>Calls the named method of the given object with the provided arguments.</doc>
<status status="NOT RUN" starttime="20231229 14:07:11.349" endtime="20231229 14:07:11.349"/>
</kw>
<kw name="Open Browser" library="SeleniumLibrary">
<arg>https://www.s.dev.mansionglobal.com</arg>
<arg>chrome</arg>
<arg>options=${options}</arg>
<doc>Opens a new browser instance to the optional ``url``.</doc>
<status status="NOT RUN" starttime="20231229 14:07:11.349" endtime="20231229 14:07:11.349"/>
</kw>
<status status="NOT RUN" starttime="20231229 14:07:11.348" endtime="20231229 14:07:11.350"/>
</branch>
<branch type="ELSE">
<kw name="Open Browser" library="SeleniumLibrary">
<arg>https://www.s.dev.mansionglobal.com</arg>
<arg>${Browser}</arg>
<doc>Opens a new browser instance to the optional ``url``.</doc>
<msg timestamp="20231229 14:07:11.350" level="INFO">Opening browser 'firefox' to base url 'https://www.s.dev.mansionglobal.com'.</msg>
<status status="PASS" starttime="20231229 14:07:11.350" endtime="20231229 14:07:24.103"/>
</kw>
<status status="PASS" starttime="20231229 14:07:11.350" endtime="20231229 14:07:24.103"/>
</branch>
<status status="PASS" starttime="20231229 14:07:11.348" endtime="20231229 14:07:24.103"/>
</if>
<kw name="Go To" library="SeleniumLibrary">
<arg>https://www.s.dev.mansionglobal.com/articles/article-long-text-01643043212</arg>
<doc>Navigates the current browser window to the provided ``url``.</doc>
<msg timestamp="20231229 14:07:24.103" level="INFO">Opening url 'https://www.s.dev.mansionglobal.com/articles/article-long-text-01643043212'</msg>
<status status="PASS" starttime="20231229 14:07:24.103" endtime="20231229 14:07:29.548"/>
</kw>
<status status="PASS" starttime="20231229 14:07:11.347" endtime="20231229 14:07:29.548"/>
</branch>
<status status="PASS" starttime="20231229 14:07:11.347" endtime="20231229 14:07:29.548"/>
</if>
<kw name="Wait Until Page Contains Element" library="SeleniumLibrary">
<arg>dom:${JSFollowButtonMGPath}</arg>
<doc>Waits until the element ``locator`` appears on the current page.</doc>
<status status="PASS" starttime="20231229 14:07:29.548" endtime="20231229 14:07:30.569"/>
</kw>
<kw name="Maximize Browser Window" library="SeleniumLibrary">
<doc>Maximizes current browser window.</doc>
<status status="PASS" starttime="20231229 14:07:30.569" endtime="20231229 14:07:31.839"/>
</kw>
<status status="PASS" starttime="20231229 14:07:11.346" endtime="20231229 14:07:31.839"/>
</kw>
<kw name="Navigate Preference Center page" library="MansionGlobalPreferenceCenterPage">
<if>
<branch type="IF" condition="&quot;${Env}&quot; == &quot;prod&quot;">
<kw name="Go To" library="SeleniumLibrary">
<arg>https://www.mansionglobal.com/follow</arg>
<doc>Navigates the current browser window to the provided ``url``.</doc>
<status status="NOT RUN" starttime="20231229 14:07:31.840" endtime="20231229 14:07:31.840"/>
</kw>
<status status="NOT RUN" starttime="20231229 14:07:31.840" endtime="20231229 14:07:31.840"/>
</branch>
<branch type="ELSE IF" condition="&quot;${Env}&quot; == &quot;dev&quot;">
<kw name="Go To" library="SeleniumLibrary">
<arg>https://www.s.dev.mansionglobal.com/follow</arg>
<doc>Navigates the current browser window to the provided ``url``.</doc>
<msg timestamp="20231229 14:07:31.840" level="INFO">Opening url 'https://www.s.dev.mansionglobal.com/follow'</msg>
<status status="PASS" starttime="20231229 14:07:31.840" endtime="20231229 14:07:33.941"/>
</kw>
<status status="PASS" starttime="20231229 14:07:31.840" endtime="20231229 14:07:33.941"/>
</branch>
<status status="PASS" starttime="20231229 14:07:31.840" endtime="20231229 14:07:33.941"/>
</if>
<status status="PASS" starttime="20231229 14:07:31.839" endtime="20231229 14:07:33.941"/>
</kw>
<kw name="Sign In Process" library="DefinedKeywords">
<if>
<branch type="IF" condition="&quot;${Env}&quot; == &quot;prod&quot;">
<kw name="Set Variable" library="BuiltIn">
<var>${Email}</var>
<arg>${Email_prod}</arg>
<doc>Returns the given values which can then be assigned to a variables.</doc>
<status status="NOT RUN" starttime="20231229 14:07:33.944" endtime="20231229 14:07:33.944"/>
</kw>
<kw name="Set Variable" library="BuiltIn">
<var>${Password}</var>
<arg>${Password_prod}</arg>
<doc>Returns the given values which can then be assigned to a variables.</doc>
<status status="NOT RUN" starttime="20231229 14:07:33.944" endtime="20231229 14:07:33.944"/>
</kw>
<status status="NOT RUN" starttime="20231229 14:07:33.943" endtime="20231229 14:07:33.944"/>
</branch>
<branch type="ELSE IF" condition="&quot;${Env}&quot; == &quot;dev&quot;">
<kw name="Set Variable" library="BuiltIn">
<var>${Email}</var>
<arg>${Email_dev}</arg>
<doc>Returns the given values which can then be assigned to a variables.</doc>
<msg timestamp="20231229 14:07:33.945" level="INFO">${Email} = QABARRONSONLY</msg>
<status status="PASS" starttime="20231229 14:07:33.944" endtime="20231229 14:07:33.945"/>
</kw>
<kw name="Set Variable" library="BuiltIn">
<var>${Password}</var>
<arg>${Password_dev}</arg>
<doc>Returns the given values which can then be assigned to a variables.</doc>
<msg timestamp="20231229 14:07:33.945" level="INFO">${Password} = password1</msg>
<status status="PASS" starttime="20231229 14:07:33.945" endtime="20231229 14:07:33.945"/>
</kw>
<status status="PASS" starttime="20231229 14:07:33.944" endtime="20231229 14:07:33.945"/>
</branch>
<status status="PASS" starttime="20231229 14:07:33.943" endtime="20231229 14:07:33.945"/>
</if>
<kw name="Wait Until Element Is Visible" library="SeleniumLibrary">
<arg>//input[@type='email']</arg>
<doc>Waits until the element ``locator`` is visible.</doc>
<status status="PASS" starttime="20231229 14:07:33.945" endtime="20231229 14:07:35.976"/>
</kw>
<kw name="Click Button" library="SeleniumLibrary">
<arg>//input[@type='email']</arg>
<doc>Clicks the button identified by ``locator``.</doc>
<msg timestamp="20231229 14:07:35.976" level="INFO">Clicking button '//input[@type='email']'.</msg>
<status status="PASS" starttime="20231229 14:07:35.976" endtime="20231229 14:07:43.237"/>
</kw>
<kw name="Input Text" library="SeleniumLibrary">
<arg>//input[@type='email']</arg>
<arg>${Email}</arg>
<doc>Types the given ``text`` into the text field identified by ``locator``.</doc>
<msg timestamp="20231229 14:07:43.237" level="INFO">Typing text 'QABARRONSONLY' into text field '//input[@type='email']'.</msg>
<status status="PASS" starttime="20231229 14:07:43.237" endtime="20231229 14:07:46.274"/>
</kw>
<kw name="Set Selenium Implicit Wait" library="SeleniumLibrary">
<arg>10s</arg>
<doc>Sets the implicit wait value used by Selenium.</doc>
<status status="PASS" starttime="20231229 14:07:46.274" endtime="20231229 14:07:49.286"/>
</kw>
<kw name="Click Element" library="SeleniumLibrary">
<arg>//span[text()="Continue"]</arg>
<doc>Click the element identified by ``locator``.</doc>
<msg timestamp="20231229 14:07:49.286" level="INFO">Clicking element '//span[text()="Continue"]'.</msg>
<status status="PASS" starttime="20231229 14:07:49.286" endtime="20231229 14:07:51.514"/>
</kw>
<kw name="Set Selenium Implicit Wait" library="SeleniumLibrary">
<arg>10s</arg>
<doc>Sets the implicit wait value used by Selenium.</doc>
<status status="PASS" starttime="20231229 14:07:51.514" endtime="20231229 14:07:54.524"/>
</kw>
<kw name="Wait Until Element Is Visible" library="SeleniumLibrary">
<arg>//*[@id="password-login-password"]</arg>
<doc>Waits until the element ``locator`` is visible.</doc>
<status status="PASS" starttime="20231229 14:07:54.524" endtime="20231229 14:07:56.543"/>
</kw>
<kw name="Input Text" library="SeleniumLibrary">
<arg>//*[@id="password-login-password"]</arg>
<arg>${Password}</arg>
<doc>Types the given ``text`` into the text field identified by ``locator``.</doc>
<msg timestamp="20231229 14:07:56.543" level="INFO">Typing text 'password1' into text field '//*[@id="password-login-password"]'.</msg>
<status status="PASS" starttime="20231229 14:07:56.543" endtime="20231229 14:07:59.566"/>
</kw>
<kw name="Set Selenium Implicit Wait" library="SeleniumLibrary">
<arg>10s</arg>
<doc>Sets the implicit wait value used by Selenium.</doc>
<status status="PASS" starttime="20231229 14:07:59.566" endtime="20231229 14:08:02.578"/>
</kw>
<kw name="Set Selenium Speed" library="SeleniumLibrary">
<arg>1.0 seconds</arg>
<doc>Sets the delay that is waited after each Selenium command.</doc>
<status status="PASS" starttime="20231229 14:08:02.578" endtime="20231229 14:08:02.578"/>
</kw>
<if>
<branch type="IF" condition="&quot;${Env}&quot; == &quot;prod&quot;">
<kw name="Click Element" library="SeleniumLibrary">
<arg>//*[@id="password-login"]/div/form/div/div[5]/div[1]/button</arg>
<doc>Click the element identified by ``locator``.</doc>
<status status="NOT RUN" starttime="20231229 14:08:02.579" endtime="20231229 14:08:02.579"/>
</kw>
<status status="NOT RUN" starttime="20231229 14:08:02.578" endtime="20231229 14:08:02.579"/>
</branch>
<branch type="ELSE IF" condition="&quot;${Env}&quot; == &quot;dev&quot;">
<kw name="Click Element" library="SeleniumLibrary">
<arg>//*[@id="password-login"]/div/form/div[5]/button</arg>
<doc>Click the element identified by ``locator``.</doc>
<msg timestamp="20231229 14:08:02.579" level="INFO">Clicking element '//*[@id="password-login"]/div/form/div[5]/button'.</msg>
<status status="PASS" starttime="20231229 14:08:02.579" endtime="20231229 14:08:07.906"/>
</kw>
<status status="PASS" starttime="20231229 14:08:02.579" endtime="20231229 14:08:07.906"/>
</branch>
<status status="PASS" starttime="20231229 14:08:02.578" endtime="20231229 14:08:07.906"/>
</if>
<kw name="Wait Until Element Is Not Visible" library="SeleniumLibrary">
<arg>//*[@id="password-login"]/div/form/div/div[5]/div[1]/button</arg>
<doc>Waits until the element ``locator`` is not visible.</doc>
<status status="PASS" starttime="20231229 14:08:07.906" endtime="20231229 14:08:18.923"/>
</kw>
<status status="PASS" starttime="20231229 14:07:33.943" endtime="20231229 14:08:18.923"/>
</kw>
<kw name="Validate Followed Authors" library="MansionGlobalPreferenceCenterPage">
<kw name="Page Should Contain" library="SeleniumLibrary">
<arg>Authors</arg>
<doc>Verifies that current page contains ``text``.</doc>
<msg timestamp="20231229 14:08:20.936" level="INFO">Current page contains text 'Authors'.</msg>
<status status="PASS" starttime="20231229 14:08:18.924" endtime="20231229 14:08:20.936"/>
</kw>
<status status="PASS" starttime="20231229 14:08:18.923" endtime="20231229 14:08:20.936"/>
</kw>
<kw name="Validate Following Toggle Feature" library="MansionGlobalPreferenceCenterPage">
<kw name="Wait Until Element Is Visible" library="SeleniumLibrary">
<arg>//*[@id="root"]/div/div/div/div[2]/div/div/div/table[1]/tbody/tr[1]/td[3]/div</arg>
<doc>Waits until the element ``locator`` is visible.</doc>
<status status="PASS" starttime="20231229 14:08:20.937" endtime="20231229 14:08:22.956"/>
</kw>
<kw name="Page Should Contain Element" library="SeleniumLibrary">
<arg>//*[@id="root"]/div/div/div/div[2]/div/div/div/table[1]/tbody/tr[1]/td[3]/div</arg>
<doc>Verifies that element ``locator`` is found on the current page.</doc>
<msg timestamp="20231229 14:08:23.961" level="INFO">Current page contains element '//*[@id="root"]/div/div/div/div[2]/div/div/div/table[1]/tbody/tr[1]/td[3]/div'.</msg>
<status status="PASS" starttime="20231229 14:08:22.956" endtime="20231229 14:08:23.961"/>
</kw>
<status status="PASS" starttime="20231229 14:08:20.936" endtime="20231229 14:08:23.961"/>
</kw>
<kw name="Click Following Toggle Feature" library="MansionGlobalPreferenceCenterPage">
<if>
<branch type="IF" condition="&quot;${Env}&quot; == &quot;prod&quot;">
<kw name="Click Element" library="SeleniumLibrary">
<arg>//*[text()="V.L. HENDRICKSON"]/../../../../td[4]/div</arg>
<doc>Click the element identified by ``locator``.</doc>
<status status="NOT RUN" starttime="20231229 14:08:23.962" endtime="20231229 14:08:23.962"/>
</kw>
<status status="NOT RUN" starttime="20231229 14:08:23.962" endtime="20231229 14:08:23.962"/>
</branch>
<branch type="ELSE IF" condition="&quot;${Env}&quot; == &quot;dev&quot;">
<kw name="Click Element" library="SeleniumLibrary">
<arg>//*[text()="Mariana Nuez"]/../../../../td[4]/div</arg>
<doc>Click the element identified by ``locator``.</doc>
<msg timestamp="20231229 14:08:23.965" level="INFO">Clicking element '//*[text()="Mariana Nuez"]/../../../../td[4]/div'.</msg>
<status status="PASS" starttime="20231229 14:08:23.962" endtime="20231229 14:08:26.218"/>
</kw>
<status status="PASS" starttime="20231229 14:08:23.962" endtime="20231229 14:08:26.218"/>
</branch>
<status status="PASS" starttime="20231229 14:08:23.962" endtime="20231229 14:08:26.218"/>
</if>
<status status="PASS" starttime="20231229 14:08:23.961" endtime="20231229 14:08:26.218"/>
</kw>
<kw name="Validate Following Toggle Alert Pop up" library="MansionGlobalPreferenceCenterPage">
<kw name="Page Should Contain Element" library="SeleniumLibrary">
<arg>//*[@id="root"]/div/div/div/div[3]/div/span</arg>
<doc>Verifies that element ``locator`` is found on the current page.</doc>
<msg timestamp="20231229 14:08:27.223" level="INFO">Current page contains element '//*[@id="root"]/div/div/div/div[3]/div/span'.</msg>
<status status="PASS" starttime="20231229 14:08:26.219" endtime="20231229 14:08:27.223"/>
</kw>
<status status="PASS" starttime="20231229 14:08:26.218" endtime="20231229 14:08:27.223"/>
</kw>
<kw name="Click Following Toggle Alert Pop up" library="MansionGlobalPreferenceCenterPage">
<kw name="Click Button" library="SeleniumLibrary">
<arg>//*[@id="root"]/div/div/div/div[3]/div/div/button</arg>
<doc>Clicks the button identified by ``locator``.</doc>
<msg timestamp="20231229 14:08:27.224" level="INFO">Clicking button '//*[@id="root"]/div/div/div/div[3]/div/div/button'.</msg>
<status status="PASS" starttime="20231229 14:08:27.224" endtime="20231229 14:08:32.461"/>
</kw>
<status status="PASS" starttime="20231229 14:08:27.223" endtime="20231229 14:08:32.461"/>
</kw>
<kw name="Navigate Article page" library="MansionGlobalPreferenceCenterPage">
<if>
<branch type="IF" condition="&quot;${Env}&quot; == &quot;prod&quot;">
<kw name="Go To" library="SeleniumLibrary">
<arg>https://www.mansionglobal.com/articles/are-there-tax-breaks-on-agricultural-land-in-pennsylvania-01648119848</arg>
<doc>Navigates the current browser window to the provided ``url``.</doc>
<status status="NOT RUN" starttime="20231229 14:08:32.462" endtime="20231229 14:08:32.462"/>
</kw>
<status status="NOT RUN" starttime="20231229 14:08:32.462" endtime="20231229 14:08:32.462"/>
</branch>
<branch type="ELSE IF" condition="&quot;${Env}&quot; == &quot;dev&quot;">
<kw name="Go To" library="SeleniumLibrary">
<arg>https://www.s.dev.mansionglobal.com/articles/article-long-text-01643043212</arg>
<doc>Navigates the current browser window to the provided ``url``.</doc>
<msg timestamp="20231229 14:08:32.462" level="INFO">Opening url 'https://www.s.dev.mansionglobal.com/articles/article-long-text-01643043212'</msg>
<status status="PASS" starttime="20231229 14:08:32.462" endtime="20231229 14:08:37.739"/>
</kw>
<status status="PASS" starttime="20231229 14:08:32.462" endtime="20231229 14:08:37.739"/>
</branch>
<status status="PASS" starttime="20231229 14:08:32.462" endtime="20231229 14:08:37.739"/>
</if>
<status status="PASS" starttime="20231229 14:08:32.461" endtime="20231229 14:08:37.739"/>
</kw>
<kw name="Execute Javascript" library="SeleniumLibrary">
<arg>window.scrollTo(0,500)</arg>
<doc>Executes the given JavaScript code with possible arguments.</doc>
<msg timestamp="20231229 14:08:37.749" level="INFO">Executing JavaScript:
window.scrollTo(0,500)
Without any arguments.</msg>
<status status="PASS" starttime="20231229 14:08:37.747" endtime="20231229 14:08:38.754"/>
</kw>
<kw name="Validate Follow Button" library="MansionGlobalArticlePage">
<kw name="Wait Until Element Is Visible" library="SeleniumLibrary">
<arg>dom:${JSFollowButtonGMPath}</arg>
<doc>Waits until the element ``locator`` is visible.</doc>
<status status="PASS" starttime="20231229 14:08:38.755" endtime="20231229 14:08:40.776"/>
</kw>
<kw name="Element Text Should Be" library="SeleniumLibrary">
<arg>dom:${JSFollowButtonGMPath}</arg>
<arg>Follow</arg>
<arg>timeout=60s</arg>
<doc>Verifies that element ``locator`` contains exact the text ``expected``.</doc>
<msg timestamp="20231229 14:08:40.777" level="INFO">Verifying element 'dom:document.querySelector('ufc-follow-author-widget').shadowRoot .querySelector('ufc-follow-button').shadowRoot .querySelector('button')' contains exact text 'Follow'.</msg>
<status status="PASS" starttime="20231229 14:08:40.776" endtime="20231229 14:08:42.803"/>
</kw>
<status status="PASS" starttime="20231229 14:08:38.754" endtime="20231229 14:08:42.803"/>
</kw>
<kw name="Finish Testcase" library="CommonFunctionality" type="TEARDOWN">
<kw name="Close Browser" library="SeleniumLibrary">
<doc>Closes the current browser.</doc>
<status status="PASS" starttime="20231229 14:08:42.804" endtime="20231229 14:08:47.813"/>
</kw>
<status status="PASS" starttime="20231229 14:08:42.804" endtime="20231229 14:08:47.813"/>
</kw>
<doc>This test case validates the mansion global preference center page</doc>
<tag>MansionGlobal</tag>
<tag>PreferenceCenter</tag>
<tag>Smoke</tag>
<status status="PASS" starttime="20231229 14:07:11.345" endtime="20231229 14:08:47.814"/>
</test>
<doc>Mansion Global Smoke Tests</doc>
<status status="PASS" starttime="20231229 14:05:23.504" endtime="20231229 14:08:47.815"/>
</suite>
<suite id="s1-s1-s4" name="MarketWatch Smoke" source="D:\Codes\Jenkins_2050\userservices-qa-automation\panda-qa\Tests\FollowWidget\Smoke\MarketWatch_Smoke.robot">
<test id="s1-s1-s4-t1" name="Validate the follow button from articles page" line="22">
<kw name="Start Market Watch Article" library="CommonFunctionality" type="SETUP">
<kw name="Set Selenium Speed" library="SeleniumLibrary">
<arg>1 seconds</arg>
<doc>Sets the delay that is waited after each Selenium command.</doc>
<status status="PASS" starttime="20231229 14:08:47.845" endtime="20231229 14:08:47.845"/>
</kw>
<if>
<branch type="IF" condition="&quot;${Env}&quot; == &quot;prod&quot;">
<kw name="Open Browser" library="SeleniumLibrary">
<arg>https://www.marketwatch.com</arg>
<arg>${Browser}</arg>
<doc>Opens a new browser instance to the optional ``url``.</doc>
<status status="NOT RUN" starttime="20231229 14:08:47.845" endtime="20231229 14:08:47.845"/>
</kw>
<kw name="Go To" library="SeleniumLibrary">
<arg>https://www.marketwatch.com/story/is-the-u-s-stock-market-closed-on-juneteenth-what-investors-need-to-know-11655230158</arg>
<doc>Navigates the current browser window to the provided ``url``.</doc>
<status status="NOT RUN" starttime="20231229 14:08:47.846" endtime="20231229 14:08:47.846"/>
</kw>
<status status="NOT RUN" starttime="20231229 14:08:47.845" endtime="20231229 14:08:47.846"/>
</branch>
<branch type="ELSE IF" condition="&quot;${Env}&quot; == &quot;dev&quot;">
<kw name="Open Browser" library="SeleniumLibrary">
<arg>https://www.dev.marketwatch.com</arg>
<arg>${Browser}</arg>
<doc>Opens a new browser instance to the optional ``url``.</doc>
<msg timestamp="20231229 14:08:47.846" level="INFO">Opening browser 'firefox' to base url 'https://www.dev.marketwatch.com'.</msg>
<status status="PASS" starttime="20231229 14:08:47.846" endtime="20231229 14:08:57.745"/>
</kw>
<kw name="Go To" library="SeleniumLibrary">
<arg>https://www.dev.marketwatch.com/author/Catey-Hill</arg>
<doc>Navigates the current browser window to the provided ``url``.</doc>
<msg timestamp="20231229 14:08:57.745" level="INFO">Opening url 'https://www.dev.marketwatch.com/author/Catey-Hill'</msg>
<status status="PASS" starttime="20231229 14:08:57.745" endtime="20231229 14:09:01.061"/>
</kw>
<status status="PASS" starttime="20231229 14:08:47.846" endtime="20231229 14:09:01.061"/>
</branch>
<status status="PASS" starttime="20231229 14:08:47.845" endtime="20231229 14:09:01.061"/>
</if>
<kw name="Wait Until Page Contains Element" library="SeleniumLibrary">
<arg>dom:${JSFollowButtonMWPath}</arg>
<doc>Waits until the element ``locator`` appears on the current page.</doc>
<status status="PASS" starttime="20231229 14:09:01.061" endtime="20231229 14:09:02.082"/>
</kw>
<kw name="Maximize Browser Window" library="SeleniumLibrary">
<doc>Maximizes current browser window.</doc>
<status status="PASS" starttime="20231229 14:09:02.082" endtime="20231229 14:09:03.350"/>
</kw>
<status status="PASS" starttime="20231229 14:08:47.845" endtime="20231229 14:09:03.350"/>
</kw>
<kw name="Validate Follow Button" library="MarketWatchArticlePage">
<if>
<branch type="IF" condition="&quot;${Env}&quot; == &quot;prod&quot;">
<kw name="Execute Javascript" library="SeleniumLibrary">
<arg>window.scrollTo(0,500)</arg>
<doc>Executes the given JavaScript code with possible arguments.</doc>
<status status="NOT RUN" starttime="20231229 14:09:03.375" endtime="20231229 14:09:03.375"/>
</kw>
<status status="NOT RUN" starttime="20231229 14:09:03.375" endtime="20231229 14:09:03.375"/>
</branch>
<status status="PASS" starttime="20231229 14:09:03.375" endtime="20231229 14:09:03.375"/>
</if>
<kw name="Wait Until Element Is Visible" library="SeleniumLibrary">
<arg>'dom:${JSFollowButtonMWPath= document.querySelector('ufc-follow-author-widget').shadowRoot</arg>
<arg>.querySelector('ufc-follow-widget')</arg>
<arg>.querySelector('ufc-follow-button').shadowRoot</arg>
<arg>.querySelector('button')' #4</arg>
<doc>Waits until the element ``locator`` is visible.</doc>
<msg timestamp="20231229 14:09:03.375" level="FAIL">Variable '${JSFollowButtonMWPath= document.querySelector('ufc-follow-author-widget').shadowRoot' was not closed properly.</msg>
<status status="FAIL" starttime="20231229 14:09:03.375" endtime="20231229 14:09:03.375"/>
</kw>
<kw name="Element Text Should Be" library="SeleniumLibrary">
<arg>'dom:${JSFollowButtonMWPath} = document.querySelector('ufc-follow-author-widget').shadowRoot</arg>
<arg>.querySelector('ufc-follow-widget')</arg>
<arg>.querySelector('ufc-follow-button').shadowRoot</arg>
<arg>.querySelector('button')'</arg>
<doc>Verifies that element ``locator`` contains exact the text ``expected``.</doc>
<status status="NOT RUN" starttime="20231229 14:09:03.375" endtime="20231229 14:09:03.375"/>
</kw>
<status status="FAIL" starttime="20231229 14:09:03.375" endtime="20231229 14:09:03.375"/>
</kw>
<kw name="Capture Page Screenshot" library="SeleniumLibrary">
<arg>screenshot.png</arg>
<doc>Takes a screenshot of the current page and embeds it into a log file.</doc>
<status status="NOT RUN" starttime="20231229 14:09:03.522" endtime="20231229 14:09:03.522"/>
</kw>
<kw name="Click Follow Button" library="MarketWatchArticlePage">
<status status="NOT RUN" starttime="20231229 14:09:03.688" endtime="20231229 14:09:03.688"/>
</kw>
<kw name="Capture Page Screenshot" library="SeleniumLibrary">
<arg>screenshot.png</arg>
<doc>Takes a screenshot of the current page and embeds it into a log file.</doc>
<status status="NOT RUN" starttime="20231229 14:09:03.790" endtime="20231229 14:09:03.790"/>
</kw>
<kw name="Validate Sign In Modal" library="MarketWatchArticlePage">
<status status="NOT RUN" starttime="20231229 14:09:03.805" endtime="20231229 14:09:03.805"/>
</kw>
<kw name="Capture Page Screenshot" library="SeleniumLibrary">
<arg>screenshot.png</arg>
<doc>Takes a screenshot of the current page and embeds it into a log file.</doc>
<status status="NOT RUN" starttime="20231229 14:09:03.813" endtime="20231229 14:09:03.813"/>
</kw>
<kw name="Click Sign In Button Modal" library="MarketWatchArticlePage">
<status status="NOT RUN" starttime="20231229 14:09:03.816" endtime="20231229 14:09:03.816"/>
</kw>
<kw name="Capture Page Screenshot" library="SeleniumLibrary">
<arg>screenshot.png</arg>
<doc>Takes a screenshot of the current page and embeds it into a log file.</doc>
<status status="NOT RUN" starttime="20231229 14:09:03.816" endtime="20231229 14:09:03.816"/>
</kw>
<kw name="Market Watch Sign In Process" library="DefinedKeywords">
<status status="NOT RUN" starttime="20231229 14:09:03.817" endtime="20231229 14:09:03.817"/>
</kw>
<kw name="Capture Page Screenshot" library="SeleniumLibrary">
<arg>screenshot.png</arg>
<doc>Takes a screenshot of the current page and embeds it into a log file.</doc>
<status status="NOT RUN" starttime="20231229 14:09:03.817" endtime="20231229 14:09:03.817"/>
</kw>
<kw name="Set Selenium Speed" library="SeleniumLibrary">
<arg>0.2 seconds</arg>
<doc>Sets the delay that is waited after each Selenium command.</doc>
<status status="NOT RUN" starttime="20231229 14:09:03.817" endtime="20231229 14:09:03.817"/>
</kw>
<kw name="Validate Following Button" library="MarketWatchArticlePage">
<status status="NOT RUN" starttime="20231229 14:09:03.818" endtime="20231229 14:09:03.818"/>
</kw>
<kw name="Capture Page Screenshot" library="SeleniumLibrary">
<arg>screenshot.png</arg>
<doc>Takes a screenshot of the current page and embeds it into a log file.</doc>
<status status="NOT RUN" starttime="20231229 14:09:03.818" endtime="20231229 14:09:03.818"/>
</kw>
<kw name="Click Following Button" library="MarketWatchArticlePage">
<status status="NOT RUN" starttime="20231229 14:09:03.818" endtime="20231229 14:09:03.818"/>
</kw>
<kw name="Capture Page Screenshot" library="SeleniumLibrary">
<arg>screenshot.png</arg>
<doc>Takes a screenshot of the current page and embeds it into a log file.</doc>
<status status="NOT RUN" starttime="20231229 14:09:03.821" endtime="20231229 14:09:03.821"/>
</kw>
<kw name="Click Undo Link" library="MarketWatchArticlePage">
<status status="NOT RUN" starttime="20231229 14:09:03.823" endtime="20231229 14:09:03.823"/>
</kw>
<kw name="Capture Page Screenshot" library="SeleniumLibrary">
<arg>screenshot.png</arg>
<doc>Takes a screenshot of the current page and embeds it into a log file.</doc>
<status status="NOT RUN" starttime="20231229 14:09:03.824" endtime="20231229 14:09:03.824"/>
</kw>
<kw name="Set Implicit Wait" library="DefinedKeywords">
<status status="NOT RUN" starttime="20231229 14:09:03.824" endtime="20231229 14:09:03.824"/>
</kw>
<kw name="Capture Page Screenshot" library="SeleniumLibrary">
<arg>screenshot.png</arg>
<doc>Takes a screenshot of the current page and embeds it into a log file.</doc>
<status status="NOT RUN" starttime="20231229 14:09:03.824" endtime="20231229 14:09:03.824"/>
</kw>
<kw name="Validate Following Button" library="MarketWatchArticlePage">
<status status="NOT RUN" starttime="20231229 14:09:03.825" endtime="20231229 14:09:03.825"/>
</kw>
<kw name="Capture Page Screenshot" library="SeleniumLibrary">
<arg>screenshot.png</arg>
<doc>Takes a screenshot of the current page and embeds it into a log file.</doc>
<status status="NOT RUN" starttime="20231229 14:09:03.825" endtime="20231229 14:09:03.825"/>
</kw>
<kw name="Click Following Button" library="MarketWatchArticlePage">
<status status="NOT RUN" starttime="20231229 14:09:03.825" endtime="20231229 14:09:03.825"/>
</kw>
<kw name="Capture Page Screenshot" library="SeleniumLibrary">
<arg>screenshot.png</arg>
<doc>Takes a screenshot of the current page and embeds it into a log file.</doc>
<status status="NOT RUN" starttime="20231229 14:09:03.826" endtime="20231229 14:09:03.826"/>
</kw>
<kw name="Set Implicit Wait" library="DefinedKeywords">
<status status="NOT RUN" starttime="20231229 14:09:03.826" endtime="20231229 14:09:03.826"/>
</kw>
<kw name="Capture Page Screenshot" library="SeleniumLibrary">
<arg>screenshot.png</arg>
<doc>Takes a screenshot of the current page and embeds it into a log file.</doc>
<status status="NOT RUN" starttime="20231229 14:09:03.827" endtime="20231229 14:09:03.827"/>
</kw>
<kw name="Validate Follow Button" library="MarketWatchArticlePage">
<status status="NOT RUN" starttime="20231229 14:09:03.828" endtime="20231229 14:09:03.828"/>
</kw>
<kw name="Capture Page Screenshot" library="SeleniumLibrary">
<arg>screenshot.png</arg>
<doc>Takes a screenshot of the current page and embeds it into a log file.</doc>
<status status="NOT RUN" starttime="20231229 14:09:03.828" endtime="20231229 14:09:03.828"/>
</kw>
<kw name="Click Follow Button" library="MarketWatchArticlePage">
<status status="NOT RUN" starttime="20231229 14:09:03.828" endtime="20231229 14:09:03.828"/>
</kw>
<kw name="Capture Page Screenshot" library="SeleniumLibrary">
<arg>screenshot.png</arg>
<doc>Takes a screenshot of the current page and embeds it into a log file.</doc>
<status status="NOT RUN" starttime="20231229 14:09:03.829" endtime="20231229 14:09:03.829"/>
</kw>
<kw name="Click Preference Center Link" library="MarketWatchArticlePage">
<status status="NOT RUN" starttime="20231229 14:09:03.829" endtime="20231229 14:09:03.829"/>
</kw>
<kw name="Capture Page Screenshot" library="SeleniumLibrary">
<arg>screenshot.png</arg>
<doc>Takes a screenshot of the current page and embeds it into a log file.</doc>
<status status="NOT RUN" starttime="20231229 14:09:03.830" endtime="20231229 14:09:03.830"/>
</kw>
<kw name="Validate Preference Center page" library="MarketWatchPreferenceCenterPage">
<status status="NOT RUN" starttime="20231229 14:09:03.830" endtime="20231229 14:09:03.830"/>
</kw>
<kw name="Capture Page Screenshot" library="SeleniumLibrary">
<arg>screenshot.png</arg>
<doc>Takes a screenshot of the current page and embeds it into a log file.</doc>
<status status="NOT RUN" starttime="20231229 14:09:03.832" endtime="20231229 14:09:03.832"/>
</kw>
<kw name="Finish Testcase" library="CommonFunctionality" type="TEARDOWN">
<kw name="Close Browser" library="SeleniumLibrary">
<doc>Closes the current browser.</doc>
<status status="PASS" starttime="20231229 14:09:03.833" endtime="20231229 14:09:09.229"/>
</kw>
<status status="PASS" starttime="20231229 14:09:03.832" endtime="20231229 14:09:09.229"/>
</kw>
<doc>These test cases validate the follow button from articles page</doc>
<tag>Article</tag>
<tag>Follow</tag>
<tag>MarketWatch</tag>
<tag>Smoke</tag>
<status status="FAIL" starttime="20231229 14:08:47.844" endtime="20231229 14:09:09.230">Variable '${JSFollowButtonMWPath= document.querySelector('ufc-follow-author-widget').shadowRoot' was not closed properly.</status>
</test>
<test id="s1-s1-s4-t2" name="Validate the follow button from authors page" line="65">
<kw name="Start Market Watch Article" library="CommonFunctionality" type="SETUP">
<kw name="Set Selenium Speed" library="SeleniumLibrary">
<arg>1 seconds</arg>
<doc>Sets the delay that is waited after each Selenium command.</doc>
<status status="PASS" starttime="20231229 14:09:09.233" endtime="20231229 14:09:09.233"/>
</kw>
<if>
<branch type="IF" condition="&quot;${Env}&quot; == &quot;prod&quot;">
<kw name="Open Browser" library="SeleniumLibrary">
<arg>https://www.marketwatch.com</arg>
<arg>${Browser}</arg>
<doc>Opens a new browser instance to the optional ``url``.</doc>
<status status="NOT RUN" starttime="20231229 14:09:09.233" endtime="20231229 14:09:09.234"/>
</kw>
<kw name="Go To" library="SeleniumLibrary">
<arg>https://www.marketwatch.com/story/is-the-u-s-stock-market-closed-on-juneteenth-what-investors-need-to-know-11655230158</arg>
<doc>Navigates the current browser window to the provided ``url``.</doc>
<status status="NOT RUN" starttime="20231229 14:09:09.234" endtime="20231229 14:09:09.234"/>
</kw>
<status status="NOT RUN" starttime="20231229 14:09:09.233" endtime="20231229 14:09:09.234"/>
</branch>
<branch type="ELSE IF" condition="&quot;${Env}&quot; == &quot;dev&quot;">
<kw name="Open Browser" library="SeleniumLibrary">
<arg>https://www.dev.marketwatch.com</arg>
<arg>${Browser}</arg>
<doc>Opens a new browser instance to the optional ``url``.</doc>
<msg timestamp="20231229 14:09:09.234" level="INFO">Opening browser 'firefox' to base url 'https://www.dev.marketwatch.com'.</msg>
<status status="PASS" starttime="20231229 14:09:09.234" endtime="20231229 14:09:18.750"/>
</kw>
<kw name="Go To" library="SeleniumLibrary">
<arg>https://www.dev.marketwatch.com/author/Catey-Hill</arg>
<doc>Navigates the current browser window to the provided ``url``.</doc>
<msg timestamp="20231229 14:09:18.751" level="INFO">Opening url 'https://www.dev.marketwatch.com/author/Catey-Hill'</msg>
<status status="PASS" starttime="20231229 14:09:18.750" endtime="20231229 14:09:27.913"/>
</kw>
<status status="PASS" starttime="20231229 14:09:09.234" endtime="20231229 14:09:27.913"/>
</branch>
<status status="PASS" starttime="20231229 14:09:09.233" endtime="20231229 14:09:27.913"/>
</if>
<kw name="Wait Until Page Contains Element" library="SeleniumLibrary">
<arg>dom:${JSFollowButtonMWPath}</arg>
<doc>Waits until the element ``locator`` appears on the current page.</doc>
<status status="PASS" starttime="20231229 14:09:27.913" endtime="20231229 14:09:28.933"/>
</kw>
<kw name="Maximize Browser Window" library="SeleniumLibrary">
<doc>Maximizes current browser window.</doc>
<status status="PASS" starttime="20231229 14:09:28.933" endtime="20231229 14:09:30.206"/>
</kw>
<status status="PASS" starttime="20231229 14:09:09.233" endtime="20231229 14:09:30.206"/>
</kw>
<kw name="Validate author hyperlink" library="MarketWatchArticlePage">
<kw name="Page Should Contain Element" library="SeleniumLibrary">
<arg>//*[@id="maincontent"]/div[1]/div[1]/div[2]/div[2]/div/a</arg>
<doc>Verifies that element ``locator`` is found on the current page.</doc>
<msg timestamp="20231229 14:09:43.475" level="INFO" html="true">&lt;/td&gt;&lt;/tr&gt;&lt;tr&gt;&lt;td colspan="3"&gt;&lt;a href="selenium-screenshot-127.png"&gt;&lt;img src="selenium-screenshot-127.png" width="800px"&gt;&lt;/a&gt;</msg>
<msg timestamp="20231229 14:09:43.477" level="FAIL">Page should have contained element '//*[@id="maincontent"]/div[1]/div[1]/div[2]/div[2]/div/a' but did not.</msg>
<status status="FAIL" starttime="20231229 14:09:30.228" endtime="20231229 14:09:43.479"/>
</kw>
<status status="FAIL" starttime="20231229 14:09:30.227" endtime="20231229 14:09:43.479"/>
</kw>
<kw name="Capture Page Screenshot" library="SeleniumLibrary">
<arg>screenshot.png</arg>
<doc>Takes a screenshot of the current page and embeds it into a log file.</doc>
<status status="NOT RUN" starttime="20231229 14:09:43.483" endtime="20231229 14:09:43.484"/>
</kw>
<kw name="Click author hyperlink" library="MarketWatchArticlePage">
<status status="NOT RUN" starttime="20231229 14:09:43.485" endtime="20231229 14:09:43.485"/>
</kw>
<kw name="Capture Page Screenshot" library="SeleniumLibrary">
<arg>screenshot.png</arg>
<doc>Takes a screenshot of the current page and embeds it into a log file.</doc>
<status status="NOT RUN" starttime="20231229 14:09:43.485" endtime="20231229 14:09:43.485"/>
</kw>
<kw name="Validate Authors Page" library="MarketWatchAuthorsPage">
<status status="NOT RUN" starttime="20231229 14:09:43.485" endtime="20231229 14:09:43.486"/>
</kw>
<kw name="Capture Page Screenshot" library="SeleniumLibrary">
<arg>screenshot.png</arg>
<doc>Takes a screenshot of the current page and embeds it into a log file.</doc>
<status status="NOT RUN" starttime="20231229 14:09:43.486" endtime="20231229 14:09:43.486"/>
</kw>
<kw name="Validate Follow Button" library="MarketWatchArticlePage">
<status status="NOT RUN" starttime="20231229 14:09:43.486" endtime="20231229 14:09:43.486"/>
</kw>
<kw name="Finish Testcase" library="CommonFunctionality" type="TEARDOWN">
<kw name="Close Browser" library="SeleniumLibrary">
<doc>Closes the current browser.</doc>
<status status="PASS" starttime="20231229 14:09:43.487" endtime="20231229 14:09:48.833"/>
</kw>
<status status="PASS" starttime="20231229 14:09:43.487" endtime="20231229 14:09:48.834"/>
</kw>
<doc>This test case validates the follow button from authors page</doc>
<tag>Author</tag>
<tag>Follow</tag>
<tag>MarketWatch</tag>
<tag>Smoke</tag>
<status status="FAIL" starttime="20231229 14:09:09.231" endtime="20231229 14:09:48.834">Page should have contained element '//*[@id="maincontent"]/div[1]/div[1]/div[2]/div[2]/div/a' but did not.</status>
</test>
<test id="s1-s1-s4-t3" name="Validate the Market Watch Preference Center page" line="79">
<kw name="Start Market Watch Article" library="CommonFunctionality" type="SETUP">
<kw name="Set Selenium Speed" library="SeleniumLibrary">
<arg>1 seconds</arg>
<doc>Sets the delay that is waited after each Selenium command.</doc>
<status status="PASS" starttime="20231229 14:09:48.836" endtime="20231229 14:09:48.836"/>
</kw>
<if>
<branch type="IF" condition="&quot;${Env}&quot; == &quot;prod&quot;">
<kw name="Open Browser" library="SeleniumLibrary">
<arg>https://www.marketwatch.com</arg>
<arg>${Browser}</arg>
<doc>Opens a new browser instance to the optional ``url``.</doc>
<status status="NOT RUN" starttime="20231229 14:09:48.837" endtime="20231229 14:09:48.837"/>
</kw>
<kw name="Go To" library="SeleniumLibrary">
<arg>https://www.marketwatch.com/story/is-the-u-s-stock-market-closed-on-juneteenth-what-investors-need-to-know-11655230158</arg>
<doc>Navigates the current browser window to the provided ``url``.</doc>
<status status="NOT RUN" starttime="20231229 14:09:48.837" endtime="20231229 14:09:48.837"/>
</kw>
<status status="NOT RUN" starttime="20231229 14:09:48.836" endtime="20231229 14:09:48.837"/>
</branch>
<branch type="ELSE IF" condition="&quot;${Env}&quot; == &quot;dev&quot;">
<kw name="Open Browser" library="SeleniumLibrary">
<arg>https://www.dev.marketwatch.com</arg>
<arg>${Browser}</arg>
<doc>Opens a new browser instance to the optional ``url``.</doc>
<msg timestamp="20231229 14:09:48.838" level="INFO">Opening browser 'firefox' to base url 'https://www.dev.marketwatch.com'.</msg>
<status status="PASS" starttime="20231229 14:09:48.837" endtime="20231229 14:09:58.612"/>
</kw>
<kw name="Go To" library="SeleniumLibrary">
<arg>https://www.dev.marketwatch.com/author/Catey-Hill</arg>
<doc>Navigates the current browser window to the provided ``url``.</doc>
<msg timestamp="20231229 14:09:58.612" level="INFO">Opening url 'https://www.dev.marketwatch.com/author/Catey-Hill'</msg>
<status status="PASS" starttime="20231229 14:09:58.612" endtime="20231229 14:10:01.991"/>
</kw>
<status status="PASS" starttime="20231229 14:09:48.837" endtime="20231229 14:10:01.991"/>
</branch>
<status status="PASS" starttime="20231229 14:09:48.836" endtime="20231229 14:10:01.991"/>
</if>
<kw name="Wait Until Page Contains Element" library="SeleniumLibrary">
<arg>dom:${JSFollowButtonMWPath}</arg>
<doc>Waits until the element ``locator`` appears on the current page.</doc>
<status status="PASS" starttime="20231229 14:10:01.991" endtime="20231229 14:10:03.104"/>
</kw>
<kw name="Maximize Browser Window" library="SeleniumLibrary">
<doc>Maximizes current browser window.</doc>
<status status="PASS" starttime="20231229 14:10:03.104" endtime="20231229 14:10:04.393"/>
</kw>
<status status="PASS" starttime="20231229 14:09:48.836" endtime="20231229 14:10:04.393"/>
</kw>
<kw name="Navigate Preference Center page" library="MarketWatchPreferenceCenterPage">
<if>
<branch type="IF" condition="&quot;${Env}&quot; == &quot;prod&quot;">
<kw name="Go To" library="SeleniumLibrary">
<arg>https://www.marketwatch.com/follow</arg>
<doc>Navigates the current browser window to the provided ``url``.</doc>
<status status="NOT RUN" starttime="20231229 14:10:04.488" endtime="20231229 14:10:04.488"/>
</kw>
<status status="NOT RUN" starttime="20231229 14:10:04.487" endtime="20231229 14:10:04.488"/>
</branch>
<branch type="ELSE IF" condition="&quot;${Env}&quot; == &quot;dev&quot;">
<kw name="Go To" library="SeleniumLibrary">
<arg>https://www.s.dev.marketwatch.com/follow</arg>
<doc>Navigates the current browser window to the provided ``url``.</doc>
<msg timestamp="20231229 14:10:04.490" level="INFO">Opening url 'https://www.s.dev.marketwatch.com/follow'</msg>
<status status="PASS" starttime="20231229 14:10:04.490" endtime="20231229 14:10:08.312"/>
</kw>
<status status="PASS" starttime="20231229 14:10:04.488" endtime="20231229 14:10:08.312"/>
</branch>
<status status="PASS" starttime="20231229 14:10:04.487" endtime="20231229 14:10:08.312"/>
</if>
<status status="PASS" starttime="20231229 14:10:04.486" endtime="20231229 14:10:08.312"/>
</kw>
<kw name="Capture Page Screenshot" library="SeleniumLibrary">
<arg>screenshot.png</arg>
<doc>Takes a screenshot of the current page and embeds it into a log file.</doc>
<msg timestamp="20231229 14:10:09.361" level="INFO" html="true">&lt;/td&gt;&lt;/tr&gt;&lt;tr&gt;&lt;td colspan="3"&gt;&lt;a href="screenshot.png"&gt;&lt;img src="screenshot.png" width="800px"&gt;&lt;/a&gt;</msg>
<status status="PASS" starttime="20231229 14:10:08.312" endtime="20231229 14:10:09.361"/>
</kw>
<kw name="Market Watch Sign In Process" library="DefinedKeywords">
<kw name="Click Button" library="SeleniumLibrary">
<arg>//input[@type='email']</arg>
<doc>Clicks the button identified by ``locator``.</doc>
<msg timestamp="20231229 14:10:09.363" level="INFO">Clicking button '//input[@type='email']'.</msg>
<status status="PASS" starttime="20231229 14:10:09.363" endtime="20231229 14:10:16.623"/>
</kw>
<kw name="Input Text" library="SeleniumLibrary">
<arg>//input[@type='email']</arg>
<arg>isaias.iniguez@dowjones.com</arg>
<doc>Types the given ``text`` into the text field identified by ``locator``.</doc>
<msg timestamp="20231229 14:10:16.624" level="INFO">Typing text 'isaias.iniguez@dowjones.com' into text field '//input[@type='email']'.</msg>
<status status="PASS" starttime="20231229 14:10:16.623" endtime="20231229 14:10:19.670"/>
</kw>
<kw name="Set Selenium Implicit Wait" library="SeleniumLibrary">
<arg>10s</arg>
<doc>Sets the implicit wait value used by Selenium.</doc>
<status status="PASS" starttime="20231229 14:10:19.670" endtime="20231229 14:10:22.683"/>
</kw>
<kw name="Click Button" library="SeleniumLibrary">
<arg>//*[@id="basic-login"]/div[1]/form/div[2]/div[6]/div[1]/button[2]</arg>
<doc>Clicks the button identified by ``locator``.</doc>
<msg timestamp="20231229 14:10:22.683" level="INFO">Clicking button '//*[@id="basic-login"]/div[1]/form/div[2]/div[6]/div[1]/button[2]'.</msg>
<msg timestamp="20231229 14:10:45.772" level="INFO" html="true">&lt;/td&gt;&lt;/tr&gt;&lt;tr&gt;&lt;td colspan="3"&gt;&lt;a href="selenium-screenshot-128.png"&gt;&lt;img src="selenium-screenshot-128.png" width="800px"&gt;&lt;/a&gt;</msg>
<msg timestamp="20231229 14:10:45.772" level="FAIL">Button with locator '//*[@id="basic-login"]/div[1]/form/div[2]/div[6]/div[1]/button[2]' not found.</msg>
<status status="FAIL" starttime="20231229 14:10:22.683" endtime="20231229 14:10:45.773"/>
</kw>
<kw name="Set Selenium Implicit Wait" library="SeleniumLibrary">
<arg>10s</arg>
<doc>Sets the implicit wait value used by Selenium.</doc>
<status status="NOT RUN" starttime="20231229 14:10:45.773" endtime="20231229 14:10:45.773"/>
</kw>
<kw name="Wait Until Element Is Visible" library="SeleniumLibrary">
<arg>//*[@id="password-login-password"]</arg>
<doc>Waits until the element ``locator`` is visible.</doc>
<status status="NOT RUN" starttime="20231229 14:10:45.773" endtime="20231229 14:10:45.773"/>
</kw>
<kw name="Input Text" library="SeleniumLibrary">
<arg>//*[@id="password-login-password"]</arg>
<arg>Cuceis19841234!</arg>
<doc>Types the given ``text`` into the text field identified by ``locator``.</doc>
<status status="NOT RUN" starttime="20231229 14:10:45.773" endtime="20231229 14:10:45.773"/>
</kw>
<kw name="Set Selenium Implicit Wait" library="SeleniumLibrary">
<arg>10s</arg>
<doc>Sets the implicit wait value used by Selenium.</doc>
<status status="NOT RUN" starttime="20231229 14:10:45.773" endtime="20231229 14:10:45.773"/>
</kw>
<kw name="Click Button" library="SeleniumLibrary">
<arg>//*[@id="password-login"]/div/form/div/div[5]/div[1]/button</arg>
<doc>Clicks the button identified by ``locator``.</doc>
<status status="NOT RUN" starttime="20231229 14:10:45.774" endtime="20231229 14:10:45.774"/>
</kw>
<kw name="Wait Until Element Is Not Visible" library="SeleniumLibrary">
<arg>//*[@id="password-login"]/div/form/div/div[5]/div[1]/button</arg>
<doc>Waits until the element ``locator`` is not visible.</doc>
<status status="NOT RUN" starttime="20231229 14:10:45.774" endtime="20231229 14:10:45.774"/>
</kw>
<status status="FAIL" starttime="20231229 14:10:09.363" endtime="20231229 14:10:45.774"/>
</kw>
<kw name="Capture Page Screenshot" library="SeleniumLibrary">
<arg>screenshot.png</arg>
<doc>Takes a screenshot of the current page and embeds it into a log file.</doc>
<status status="NOT RUN" starttime="20231229 14:10:45.774" endtime="20231229 14:10:45.774"/>
</kw>
<kw name="Validate Followed Authors" library="MarketWatchPreferenceCenterPage">
<status status="NOT RUN" starttime="20231229 14:10:45.775" endtime="20231229 14:10:45.775"/>
</kw>
<kw name="Capture Page Screenshot" library="SeleniumLibrary">
<arg>screenshot.png</arg>
<doc>Takes a screenshot of the current page and embeds it into a log file.</doc>
<status status="NOT RUN" starttime="20231229 14:10:45.775" endtime="20231229 14:10:45.775"/>
</kw>
<kw name="Validate Following Toggle Feature" library="MarketWatchPreferenceCenterPage">
<status status="NOT RUN" starttime="20231229 14:10:45.775" endtime="20231229 14:10:45.775"/>
</kw>
<kw name="Capture Page Screenshot" library="SeleniumLibrary">
<arg>screenshot.png</arg>
<doc>Takes a screenshot of the current page and embeds it into a log file.</doc>
<status status="NOT RUN" starttime="20231229 14:10:45.776" endtime="20231229 14:10:45.776"/>
</kw>
<kw name="Click Following Toggle Feature" library="MarketWatchPreferenceCenterPage">
<status status="NOT RUN" starttime="20231229 14:10:45.777" endtime="20231229 14:10:45.777"/>
</kw>
<kw name="Capture Page Screenshot" library="SeleniumLibrary">
<arg>screenshot.png</arg>
<doc>Takes a screenshot of the current page and embeds it into a log file.</doc>
<status status="NOT RUN" starttime="20231229 14:10:45.778" endtime="20231229 14:10:45.778"/>
</kw>
<kw name="Validate Following Toggle Alert Pop up" library="MarketWatchPreferenceCenterPage">
<status status="NOT RUN" starttime="20231229 14:10:45.778" endtime="20231229 14:10:45.778"/>
</kw>
<kw name="Capture Page Screenshot" library="SeleniumLibrary">
<arg>screenshot.png</arg>
<doc>Takes a screenshot of the current page and embeds it into a log file.</doc>
<status status="NOT RUN" starttime="20231229 14:10:45.778" endtime="20231229 14:10:45.778"/>
</kw>
<kw name="Click Following Toggle Alert Pop up" library="MarketWatchPreferenceCenterPage">
<status status="NOT RUN" starttime="20231229 14:10:45.778" endtime="20231229 14:10:45.778"/>
</kw>
<kw name="Capture Page Screenshot" library="SeleniumLibrary">
<arg>screenshot.png</arg>
<doc>Takes a screenshot of the current page and embeds it into a log file.</doc>
<status status="NOT RUN" starttime="20231229 14:10:45.779" endtime="20231229 14:10:45.779"/>
</kw>
<kw name="Navigate Article page" library="MarketWatchPreferenceCenterPage">
<status status="NOT RUN" starttime="20231229 14:10:45.779" endtime="20231229 14:10:45.779"/>
</kw>
<kw name="Capture Page Screenshot" library="SeleniumLibrary">
<arg>screenshot.png</arg>
<doc>Takes a screenshot of the current page and embeds it into a log file.</doc>
<status status="NOT RUN" starttime="20231229 14:10:45.779" endtime="20231229 14:10:45.779"/>
</kw>
<kw name="Set Selenium Speed" library="SeleniumLibrary">
<arg>0.3 seconds</arg>
<doc>Sets the delay that is waited after each Selenium command.</doc>
<status status="NOT RUN" starttime="20231229 14:10:45.780" endtime="20231229 14:10:45.780"/>
</kw>
<kw name="Validate Follow Button" library="MarketWatchArticlePage">
<status status="NOT RUN" starttime="20231229 14:10:45.780" endtime="20231229 14:10:45.780"/>
</kw>
<kw name="Capture Page Screenshot" library="SeleniumLibrary">
<arg>screenshot.png</arg>
<doc>Takes a screenshot of the current page and embeds it into a log file.</doc>
<status status="NOT RUN" starttime="20231229 14:10:45.780" endtime="20231229 14:10:45.781"/>
</kw>
<kw name="Finish Testcase" library="CommonFunctionality" type="TEARDOWN">
<kw name="Close Browser" library="SeleniumLibrary">
<doc>Closes the current browser.</doc>
<status status="PASS" starttime="20231229 14:10:45.781" endtime="20231229 14:10:50.688"/>
</kw>
<status status="PASS" starttime="20231229 14:10:45.781" endtime="20231229 14:10:50.688"/>
</kw>
<doc>This test case validates the barrons preference center page</doc>
<tag>MarketWatch</tag>
<tag>PreferenceCenter</tag>
<tag>Smoke</tag>
<status status="FAIL" starttime="20231229 14:09:48.835" endtime="20231229 14:10:50.688">Button with locator '//*[@id="basic-login"]/div[1]/form/div[2]/div[6]/div[1]/button[2]' not found.</status>
</test>
<doc>Market Watch Smoke Tests</doc>
<status status="FAIL" starttime="20231229 14:08:47.817" endtime="20231229 14:10:50.690"/>
</suite>
<suite id="s1-s1-s5" name="PEN Smoke" source="D:\Codes\Jenkins_2050\userservices-qa-automation\panda-qa\Tests\FollowWidget\Smoke\PEN_Smoke.robot">
<test id="s1-s1-s5-t1" name="Validate the follow button from articles page" line="20">
<kw name="Start PEN Article" library="CommonFunctionality" type="SETUP">
<kw name="Set Selenium Speed" library="SeleniumLibrary">
<arg>0.5 seconds</arg>
<doc>Sets the delay that is waited after each Selenium command.</doc>
<status status="PASS" starttime="20231229 14:10:50.720" endtime="20231229 14:10:50.721"/>
</kw>
<if>
<branch type="IF" condition="&quot;${Env}&quot; == &quot;prod&quot;">
<kw name="Open Browser" library="SeleniumLibrary">
<arg>https://www.penews.com</arg>
<arg>${Browser}</arg>
<doc>Opens a new browser instance to the optional ``url``.</doc>
<status status="NOT RUN" starttime="20231229 14:10:50.721" endtime="20231229 14:10:50.721"/>
</kw>
<kw name="Go To" library="SeleniumLibrary">
<arg>https://www.penews.com/articles/lp-survey-warns-brace-for-some-high-profile-fundraising-failures-20220622</arg>
<doc>Navigates the current browser window to the provided ``url``.</doc>
<status status="NOT RUN" starttime="20231229 14:10:50.721" endtime="20231229 14:10:50.721"/>
</kw>
<status status="NOT RUN" starttime="20231229 14:10:50.721" endtime="20231229 14:10:50.721"/>
</branch>
<branch type="ELSE IF" condition="&quot;${Env}&quot; == &quot;dev&quot;">
<kw name="Open Browser" library="SeleniumLibrary">
<arg>https://www.s.dev.penews.com</arg>
<arg>${Browser}</arg>
<doc>Opens a new browser instance to the optional ``url``.</doc>
<msg timestamp="20231229 14:10:50.722" level="INFO">Opening browser 'firefox' to base url 'https://www.s.dev.penews.com'.</msg>
<status status="PASS" starttime="20231229 14:10:50.721" endtime="20231229 14:11:03.616"/>
</kw>
<kw name="Go To" library="SeleniumLibrary">
<arg>https://www.s.dev.penews.com/articles/test-3testing-wsj-full-bleed-3k-words-20220215</arg>
<doc>Navigates the current browser window to the provided ``url``.</doc>
<msg timestamp="20231229 14:11:03.616" level="INFO">Opening url 'https://www.s.dev.penews.com/articles/test-3testing-wsj-full-bleed-3k-words-20220215'</msg>
<status status="PASS" starttime="20231229 14:11:03.616" endtime="20231229 14:11:06.331"/>
</kw>
<status status="PASS" starttime="20231229 14:10:50.721" endtime="20231229 14:11:06.331"/>
</branch>
<status status="PASS" starttime="20231229 14:10:50.721" endtime="20231229 14:11:06.331"/>
</if>
<kw name="Wait Until Element Is Visible" library="SeleniumLibrary">
<arg>dom:${JSFollowButtonMGPath}</arg>
<doc>Waits until the element ``locator`` is visible.</doc>
<status status="PASS" starttime="20231229 14:11:06.331" endtime="20231229 14:11:07.361"/>
</kw>
<kw name="Wait Until Page Contains Element" library="SeleniumLibrary">
<arg>dom:${JSFollowButtonMGPath}</arg>
<doc>Waits until the element ``locator`` appears on the current page.</doc>
<status status="PASS" starttime="20231229 14:11:07.361" endtime="20231229 14:11:07.868"/>
</kw>
<kw name="Maximize Browser Window" library="SeleniumLibrary">
<doc>Maximizes current browser window.</doc>
<status status="PASS" starttime="20231229 14:11:07.868" endtime="20231229 14:11:08.636"/>
</kw>
<status status="PASS" starttime="20231229 14:10:50.720" endtime="20231229 14:11:08.636"/>
</kw>
<kw name="Validate Follow Button" library="PENArticlePage">
<kw name="Wait Until Element Is Visible" library="SeleniumLibrary">
<arg>dom:${JSFollowButtonPENPath}</arg>
<doc>Waits until the element ``locator`` is visible.</doc>
<status status="PASS" starttime="20231229 14:11:08.637" endtime="20231229 14:11:09.656"/>
</kw>
<kw name="Wait Until Element Contains" library="SeleniumLibrary">
<arg>dom:${JSFollowButtonPENPath}</arg>
<arg>Follow</arg>
<arg>timeout=15</arg>
<doc>Waits until the element ``locator`` contains ``text``.</doc>
<status status="PASS" starttime="20231229 14:11:09.656" endtime="20231229 14:11:10.685"/>
</kw>
<kw name="Element Text Should Be" library="SeleniumLibrary">
<arg>dom:${JSFollowButtonPENPath}</arg>
<arg>Follow</arg>
<arg>timeout=30</arg>
<doc>Verifies that element ``locator`` contains exact the text ``expected``.</doc>
<msg timestamp="20231229 14:11:10.686" level="INFO">Verifying element 'dom:document.querySelector('ufc-follow-author-widget').shadowRoot .querySelector('ufc-follow-button').shadowRoot .querySelector('button')' contains exact text 'Follow'.</msg>
<status status="PASS" starttime="20231229 14:11:10.685" endtime="20231229 14:11:11.695"/>
</kw>
<status status="PASS" starttime="20231229 14:11:08.636" endtime="20231229 14:11:11.695"/>
</kw>
<kw name="Click Follow Button" library="PENArticlePage">
<kw name="Wait Until Element Contains" library="SeleniumLibrary">
<arg>dom:${JSFollowButtonPENPath}</arg>
<arg>Follow</arg>
<arg>timeout=15</arg>
<doc>Waits until the element ``locator`` contains ``text``.</doc>
<status status="PASS" starttime="20231229 14:11:11.696" endtime="20231229 14:11:12.709"/>
</kw>
<kw name="Click Button" library="SeleniumLibrary">
<arg>dom:${JSFollowButtonPENPath}</arg>
<doc>Clicks the button identified by ``locator``.</doc>
<msg timestamp="20231229 14:11:12.710" level="INFO">Clicking button 'dom:document.querySelector('ufc-follow-author-widget').shadowRoot .querySelector('ufc-follow-button').shadowRoot .querySelector('button')'.</msg>
<status status="PASS" starttime="20231229 14:11:12.709" endtime="20231229 14:11:15.476"/>
</kw>
<status status="PASS" starttime="20231229 14:11:11.695" endtime="20231229 14:11:15.476"/>
</kw>
<kw name="Validate Sign In Modal" library="PENArticlePage">
<kw name="Wait Until Element Is Visible" library="SeleniumLibrary">
<arg>dom:${JSFollowSignInHeaderPath}</arg>
<doc>Waits until the element ``locator`` is visible.</doc>
<status status="PASS" starttime="20231229 14:11:15.477" endtime="20231229 14:11:16.497"/>
</kw>
<kw name="Page Should Contain Element" library="SeleniumLibrary">
<arg>dom:${JSFollowSignInHeaderPath}</arg>
<doc>Verifies that element ``locator`` is found on the current page.</doc>
<msg timestamp="20231229 14:11:17.002" level="INFO">Current page contains element 'dom:document.querySelector('ufc-portal') .querySelector('ufc-signin-modal').shadowRoot .querySelector('div') .querySelector('div.body') .querySelector('p')'.</msg>
<status status="PASS" starttime="20231229 14:11:16.497" endtime="20231229 14:11:17.002"/>
</kw>
<status status="PASS" starttime="20231229 14:11:15.476" endtime="20231229 14:11:17.002"/>
</kw>
<kw name="Click Sign In Button Modal" library="PENArticlePage">
<kw name="Wait Until Element Is Visible" library="SeleniumLibrary">
<arg>dom:${JSFollowSignInHeaderPath}</arg>
<doc>Waits until the element ``locator`` is visible.</doc>
<status status="PASS" starttime="20231229 14:11:17.004" endtime="20231229 14:11:18.023"/>
</kw>
<kw name="Wait Until Element Is Visible" library="SeleniumLibrary">
<arg>dom:${JSFollowSignInButtonPath}</arg>
<doc>Waits until the element ``locator`` is visible.</doc>
<msg timestamp="20231229 14:11:18.632" level="INFO" html="true">&lt;/td&gt;&lt;/tr&gt;&lt;tr&gt;&lt;td colspan="3"&gt;&lt;a href="selenium-screenshot-129.png"&gt;&lt;img src="selenium-screenshot-129.png" width="800px"&gt;&lt;/a&gt;</msg>
<msg timestamp="20231229 14:11:18.632" level="FAIL">JavascriptException: Message: TypeError: document.querySelector(...).querySelector(...).shadowRoot.querySelector(...).querySelector(...).querySelector(...).querySelector(...).shadowRoot is null
Stacktrace:
@https://www.s.dev.penews.com/articles/test-3testing-wsj-full-bleed-3k-words-20220215:2:177
@https://www.s.dev.penews.com/articles/test-3testing-wsj-full-bleed-3k-words-20220215:3:8
</msg>
<status status="FAIL" starttime="20231229 14:11:18.023" endtime="20231229 14:11:18.634"/>
</kw>
<kw name="Click Element" library="SeleniumLibrary">
<arg>dom:${JSFollowSignInButtonPath}</arg>
<doc>Click the element identified by ``locator``.</doc>
<status status="NOT RUN" starttime="20231229 14:11:18.634" endtime="20231229 14:11:18.634"/>
</kw>
<status status="FAIL" starttime="20231229 14:11:17.002" endtime="20231229 14:11:18.634"/>
</kw>
<kw name="Sign In Process" library="DefinedKeywords">
<status status="NOT RUN" starttime="20231229 14:11:18.635" endtime="20231229 14:11:18.635"/>
</kw>
<kw name="Set Selenium Speed" library="SeleniumLibrary">
<arg>0.2 seconds</arg>
<doc>Sets the delay that is waited after each Selenium command.</doc>
<status status="NOT RUN" starttime="20231229 14:11:18.635" endtime="20231229 14:11:18.635"/>
</kw>
<kw name="Validate Following Button" library="PENArticlePage">
<status status="NOT RUN" starttime="20231229 14:11:18.636" endtime="20231229 14:11:18.636"/>
</kw>
<kw name="Click Following Button" library="PENArticlePage">
<status status="NOT RUN" starttime="20231229 14:11:18.636" endtime="20231229 14:11:18.636"/>
</kw>
<kw name="Click Undo Link" library="PENArticlePage">
<status status="NOT RUN" starttime="20231229 14:11:18.637" endtime="20231229 14:11:18.637"/>
</kw>
<kw name="Validate Following Button" library="PENArticlePage">
<status status="NOT RUN" starttime="20231229 14:11:18.638" endtime="20231229 14:11:18.638"/>
</kw>
<kw name="Click Following Button" library="PENArticlePage">
<status status="NOT RUN" starttime="20231229 14:11:18.638" endtime="20231229 14:11:18.638"/>
</kw>
<kw name="Validate Follow Button" library="PENArticlePage">
<status status="NOT RUN" starttime="20231229 14:11:18.638" endtime="20231229 14:11:18.638"/>
</kw>
<kw name="Click Follow Button" library="PENArticlePage">
<status status="NOT RUN" starttime="20231229 14:11:18.639" endtime="20231229 14:11:18.639"/>
</kw>
<kw name="Validate Following Button" library="PENArticlePage">
<status status="NOT RUN" starttime="20231229 14:11:18.639" endtime="20231229 14:11:18.639"/>
</kw>
<kw name="Click Preference Center Link" library="PENArticlePage">
<status status="NOT RUN" starttime="20231229 14:11:18.639" endtime="20231229 14:11:18.639"/>
</kw>
<kw name="Validate Preference Center page" library="PENPreferenceCenterPage">
<status status="NOT RUN" starttime="20231229 14:11:18.639" endtime="20231229 14:11:18.639"/>
</kw>
<kw name="Finish Testcase" library="CommonFunctionality" type="TEARDOWN">
<kw name="Close Browser" library="SeleniumLibrary">
<doc>Closes the current browser.</doc>
<status status="PASS" starttime="20231229 14:11:18.640" endtime="20231229 14:11:22.946"/>
</kw>
<status status="PASS" starttime="20231229 14:11:18.640" endtime="20231229 14:11:22.946"/>
</kw>
<doc>This test case validates the follow button from articles page</doc>
<tag>Article</tag>
<tag>Follow</tag>
<tag>PENews</tag>
<tag>Smoke</tag>
<status status="FAIL" starttime="20231229 14:10:50.720" endtime="20231229 14:11:22.947">JavascriptException: Message: TypeError: document.querySelector(...).querySelector(...).shadowRoot.querySelector(...).querySelector(...).querySelector(...).querySelector(...).shadowRoot is null
Stacktrace:
@https://www.s.dev.penews.com/articles/test-3testing-wsj-full-bleed-3k-words-20220215:2:177
@https://www.s.dev.penews.com/articles/test-3testing-wsj-full-bleed-3k-words-20220215:3:8
</status>
</test>
<test id="s1-s1-s5-t2" name="Validate the follow button from authors page" line="45">
<kw name="Start PEN Article" library="CommonFunctionality" type="SETUP">
<kw name="Set Selenium Speed" library="SeleniumLibrary">
<arg>0.5 seconds</arg>
<doc>Sets the delay that is waited after each Selenium command.</doc>
<status status="PASS" starttime="20231229 14:11:22.949" endtime="20231229 14:11:22.949"/>
</kw>
<if>
<branch type="IF" condition="&quot;${Env}&quot; == &quot;prod&quot;">
<kw name="Open Browser" library="SeleniumLibrary">
<arg>https://www.penews.com</arg>
<arg>${Browser}</arg>
<doc>Opens a new browser instance to the optional ``url``.</doc>
<status status="NOT RUN" starttime="20231229 14:11:22.950" endtime="20231229 14:11:22.950"/>
</kw>
<kw name="Go To" library="SeleniumLibrary">
<arg>https://www.penews.com/articles/lp-survey-warns-brace-for-some-high-profile-fundraising-failures-20220622</arg>
<doc>Navigates the current browser window to the provided ``url``.</doc>
<status status="NOT RUN" starttime="20231229 14:11:22.950" endtime="20231229 14:11:22.950"/>
</kw>
<status status="NOT RUN" starttime="20231229 14:11:22.949" endtime="20231229 14:11:22.950"/>
</branch>
<branch type="ELSE IF" condition="&quot;${Env}&quot; == &quot;dev&quot;">
<kw name="Open Browser" library="SeleniumLibrary">
<arg>https://www.s.dev.penews.com</arg>
<arg>${Browser}</arg>
<doc>Opens a new browser instance to the optional ``url``.</doc>
<msg timestamp="20231229 14:11:22.951" level="INFO">Opening browser 'firefox' to base url 'https://www.s.dev.penews.com'.</msg>
<status status="PASS" starttime="20231229 14:11:22.950" endtime="20231229 14:11:34.226"/>
</kw>
<kw name="Go To" library="SeleniumLibrary">
<arg>https://www.s.dev.penews.com/articles/test-3testing-wsj-full-bleed-3k-words-20220215</arg>
<doc>Navigates the current browser window to the provided ``url``.</doc>
<msg timestamp="20231229 14:11:34.226" level="INFO">Opening url 'https://www.s.dev.penews.com/articles/test-3testing-wsj-full-bleed-3k-words-20220215'</msg>
<status status="PASS" starttime="20231229 14:11:34.226" endtime="20231229 14:11:36.489"/>
</kw>
<status status="PASS" starttime="20231229 14:11:22.950" endtime="20231229 14:11:36.489"/>
</branch>
<status status="PASS" starttime="20231229 14:11:22.949" endtime="20231229 14:11:36.489"/>
</if>
<kw name="Wait Until Element Is Visible" library="SeleniumLibrary">
<arg>dom:${JSFollowButtonMGPath}</arg>
<doc>Waits until the element ``locator`` is visible.</doc>
<status status="PASS" starttime="20231229 14:11:36.489" endtime="20231229 14:11:37.535"/>
</kw>
<kw name="Wait Until Page Contains Element" library="SeleniumLibrary">
<arg>dom:${JSFollowButtonMGPath}</arg>
<doc>Waits until the element ``locator`` appears on the current page.</doc>
<status status="PASS" starttime="20231229 14:11:37.535" endtime="20231229 14:11:38.040"/>
</kw>
<kw name="Maximize Browser Window" library="SeleniumLibrary">
<doc>Maximizes current browser window.</doc>
<status status="PASS" starttime="20231229 14:11:38.040" endtime="20231229 14:11:38.820"/>
</kw>
<status status="PASS" starttime="20231229 14:11:22.949" endtime="20231229 14:11:38.820"/>
</kw>
<kw name="Validate author hyperlink" library="PENArticlePage">
<kw name="Page Should Contain Element" library="SeleniumLibrary">
<arg>//*[@id="pen-pre-body-article-wrap"]/div[3]/div/div/span/a</arg>
<doc>Verifies that element ``locator`` is found on the current page.</doc>
<msg timestamp="20231229 14:11:39.357" level="INFO">Current page contains element '//*[@id="pen-pre-body-article-wrap"]/div[3]/div/div/span/a'.</msg>
<status status="PASS" starttime="20231229 14:11:38.821" endtime="20231229 14:11:39.357"/>
</kw>
<status status="PASS" starttime="20231229 14:11:38.820" endtime="20231229 14:11:39.357"/>
</kw>
<kw name="Click author hyperlink" library="PENArticlePage">
<kw name="Click Element" library="SeleniumLibrary">
<arg>//*[@id="pen-pre-body-article-wrap"]/div[3]/div/div/span/a</arg>
<doc>Click the element identified by ``locator``.</doc>
<msg timestamp="20231229 14:11:39.358" level="INFO">Clicking element '//*[@id="pen-pre-body-article-wrap"]/div[3]/div/div/span/a'.</msg>
<status status="PASS" starttime="20231229 14:11:39.358" endtime="20231229 14:11:42.702"/>
</kw>
<status status="PASS" starttime="20231229 14:11:39.357" endtime="20231229 14:11:42.702"/>
</kw>
<kw name="Set Implicit Wait" library="DefinedKeywords">
<kw name="Set Selenium Implicit Wait" library="SeleniumLibrary">
<arg>50s</arg>
<doc>Sets the implicit wait value used by Selenium.</doc>
<status status="PASS" starttime="20231229 14:11:42.820" endtime="20231229 14:11:44.338"/>
</kw>
<status status="PASS" starttime="20231229 14:11:42.819" endtime="20231229 14:11:44.338"/>
</kw>
<kw name="Validate Authors Page" library="PENAuthorsPage">
<if>
<branch type="IF" condition="&quot;${Env}&quot; == &quot;prod&quot;">
<kw name="Page Should Contain" library="SeleniumLibrary">
<arg>Sebastian McCarthy</arg>
<doc>Verifies that current page contains ``text``.</doc>
<status status="NOT RUN" starttime="20231229 14:11:44.338" endtime="20231229 14:11:44.338"/>
</kw>
<status status="NOT RUN" starttime="20231229 14:11:44.338" endtime="20231229 14:11:44.338"/>
</branch>
<branch type="ELSE IF" condition="&quot;${Env}&quot; == &quot;dev&quot;">
<kw name="Page Should Contain" library="SeleniumLibrary">
<arg>Sunita Adhikarla</arg>
<doc>Verifies that current page contains ``text``.</doc>
<msg timestamp="20231229 14:11:45.356" level="INFO">Current page contains text 'Sunita Adhikarla'.</msg>
<status status="PASS" starttime="20231229 14:11:44.339" endtime="20231229 14:11:45.356"/>
</kw>
<status status="PASS" starttime="20231229 14:11:44.338" endtime="20231229 14:11:45.356"/>
</branch>
<status status="PASS" starttime="20231229 14:11:44.338" endtime="20231229 14:11:45.356"/>
</if>
<status status="PASS" starttime="20231229 14:11:44.338" endtime="20231229 14:11:45.356"/>
</kw>
<kw name="Validate Follow Button" library="PENArticlePage">
<kw name="Wait Until Element Is Visible" library="SeleniumLibrary">
<arg>dom:${JSFollowButtonPENPath}</arg>
<doc>Waits until the element ``locator`` is visible.</doc>
<status status="PASS" starttime="20231229 14:11:45.357" endtime="20231229 14:11:46.376"/>
</kw>
<kw name="Wait Until Element Contains" library="SeleniumLibrary">
<arg>dom:${JSFollowButtonPENPath}</arg>
<arg>Follow</arg>
<arg>timeout=15</arg>
<doc>Waits until the element ``locator`` contains ``text``.</doc>
<status status="PASS" starttime="20231229 14:11:46.376" endtime="20231229 14:11:47.402"/>
</kw>
<kw name="Element Text Should Be" library="SeleniumLibrary">
<arg>dom:${JSFollowButtonPENPath}</arg>
<arg>Follow</arg>
<arg>timeout=30</arg>
<doc>Verifies that element ``locator`` contains exact the text ``expected``.</doc>
<msg timestamp="20231229 14:11:47.403" level="INFO">Verifying element 'dom:document.querySelector('ufc-follow-author-widget').shadowRoot .querySelector('ufc-follow-button').shadowRoot .querySelector('button')' contains exact text 'Follow'.</msg>
<status status="PASS" starttime="20231229 14:11:47.402" endtime="20231229 14:11:48.414"/>
</kw>
<status status="PASS" starttime="20231229 14:11:45.357" endtime="20231229 14:11:48.414"/>
</kw>
<kw name="Finish Testcase" library="CommonFunctionality" type="TEARDOWN">
<kw name="Close Browser" library="SeleniumLibrary">
<doc>Closes the current browser.</doc>
<status status="PASS" starttime="20231229 14:11:48.415" endtime="20231229 14:11:52.574"/>
</kw>
<status status="PASS" starttime="20231229 14:11:48.414" endtime="20231229 14:11:52.574"/>
</kw>
<doc>This test case validates the follow button from authors page</doc>
<tag>Author</tag>
<tag>Follow</tag>
<tag>PENews</tag>
<tag>Smoke</tag>
<status status="PASS" starttime="20231229 14:11:22.948" endtime="20231229 14:11:52.575"/>
</test>
<test id="s1-s1-s5-t3" name="Validate the PEN Preference Center page" line="56">
<kw name="Start PEN Article" library="CommonFunctionality" type="SETUP">
<kw name="Set Selenium Speed" library="SeleniumLibrary">
<arg>0.5 seconds</arg>
<doc>Sets the delay that is waited after each Selenium command.</doc>
<status status="PASS" starttime="20231229 14:11:52.577" endtime="20231229 14:11:52.577"/>
</kw>
<if>
<branch type="IF" condition="&quot;${Env}&quot; == &quot;prod&quot;">
<kw name="Open Browser" library="SeleniumLibrary">
<arg>https://www.penews.com</arg>
<arg>${Browser}</arg>
<doc>Opens a new browser instance to the optional ``url``.</doc>
<status status="NOT RUN" starttime="20231229 14:11:52.577" endtime="20231229 14:11:52.577"/>
</kw>
<kw name="Go To" library="SeleniumLibrary">
<arg>https://www.penews.com/articles/lp-survey-warns-brace-for-some-high-profile-fundraising-failures-20220622</arg>
<doc>Navigates the current browser window to the provided ``url``.</doc>
<status status="NOT RUN" starttime="20231229 14:11:52.577" endtime="20231229 14:11:52.577"/>
</kw>
<status status="NOT RUN" starttime="20231229 14:11:52.577" endtime="20231229 14:11:52.577"/>
</branch>
<branch type="ELSE IF" condition="&quot;${Env}&quot; == &quot;dev&quot;">
<kw name="Open Browser" library="SeleniumLibrary">
<arg>https://www.s.dev.penews.com</arg>
<arg>${Browser}</arg>
<doc>Opens a new browser instance to the optional ``url``.</doc>
<msg timestamp="20231229 14:11:52.579" level="INFO">Opening browser 'firefox' to base url 'https://www.s.dev.penews.com'.</msg>
<status status="PASS" starttime="20231229 14:11:52.579" endtime="20231229 14:12:04.075"/>
</kw>
<kw name="Go To" library="SeleniumLibrary">
<arg>https://www.s.dev.penews.com/articles/test-3testing-wsj-full-bleed-3k-words-20220215</arg>
<doc>Navigates the current browser window to the provided ``url``.</doc>
<msg timestamp="20231229 14:12:04.075" level="INFO">Opening url 'https://www.s.dev.penews.com/articles/test-3testing-wsj-full-bleed-3k-words-20220215'</msg>
<status status="PASS" starttime="20231229 14:12:04.075" endtime="20231229 14:12:06.808"/>
</kw>
<status status="PASS" starttime="20231229 14:11:52.579" endtime="20231229 14:12:06.808"/>
</branch>
<status status="PASS" starttime="20231229 14:11:52.577" endtime="20231229 14:12:06.808"/>
</if>
<kw name="Wait Until Element Is Visible" library="SeleniumLibrary">
<arg>dom:${JSFollowButtonMGPath}</arg>
<doc>Waits until the element ``locator`` is visible.</doc>
<status status="PASS" starttime="20231229 14:12:06.808" endtime="20231229 14:12:07.841"/>
</kw>
<kw name="Wait Until Page Contains Element" library="SeleniumLibrary">
<arg>dom:${JSFollowButtonMGPath}</arg>
<doc>Waits until the element ``locator`` appears on the current page.</doc>
<status status="PASS" starttime="20231229 14:12:07.841" endtime="20231229 14:12:08.359"/>
</kw>
<kw name="Maximize Browser Window" library="SeleniumLibrary">
<doc>Maximizes current browser window.</doc>
<status status="PASS" starttime="20231229 14:12:08.359" endtime="20231229 14:12:09.140"/>
</kw>
<status status="PASS" starttime="20231229 14:11:52.577" endtime="20231229 14:12:09.140"/>
</kw>
<kw name="Navigate Preference Center page" library="PENPreferenceCenterPage">
<if>
<branch type="IF" condition="&quot;${Env}&quot; == &quot;prod&quot;">
<kw name="Go To" library="SeleniumLibrary">
<arg>https://www.penews.com/follow</arg>
<doc>Navigates the current browser window to the provided ``url``.</doc>
<status status="NOT RUN" starttime="20231229 14:12:09.142" endtime="20231229 14:12:09.142"/>
</kw>
<status status="NOT RUN" starttime="20231229 14:12:09.141" endtime="20231229 14:12:09.142"/>
</branch>
<branch type="ELSE IF" condition="&quot;${Env}&quot; == &quot;dev&quot;">
<kw name="Go To" library="SeleniumLibrary">
<arg>https://www.s.dev.penews.com/follow</arg>
<doc>Navigates the current browser window to the provided ``url``.</doc>
<msg timestamp="20231229 14:12:09.142" level="INFO">Opening url 'https://www.s.dev.penews.com/follow'</msg>
<status status="PASS" starttime="20231229 14:12:09.142" endtime="20231229 14:12:10.831"/>
</kw>
<status status="PASS" starttime="20231229 14:12:09.142" endtime="20231229 14:12:10.831"/>
</branch>
<status status="PASS" starttime="20231229 14:12:09.140" endtime="20231229 14:12:10.831"/>
</if>
<status status="PASS" starttime="20231229 14:12:09.140" endtime="20231229 14:12:10.831"/>
</kw>
<kw name="Sign In Process" library="DefinedKeywords">
<if>
<branch type="IF" condition="&quot;${Env}&quot; == &quot;prod&quot;">
<kw name="Set Variable" library="BuiltIn">
<var>${Email}</var>
<arg>${Email_prod}</arg>
<doc>Returns the given values which can then be assigned to a variables.</doc>
<status status="NOT RUN" starttime="20231229 14:12:10.833" endtime="20231229 14:12:10.833"/>
</kw>
<kw name="Set Variable" library="BuiltIn">
<var>${Password}</var>
<arg>${Password_prod}</arg>
<doc>Returns the given values which can then be assigned to a variables.</doc>
<status status="NOT RUN" starttime="20231229 14:12:10.833" endtime="20231229 14:12:10.833"/>
</kw>
<status status="NOT RUN" starttime="20231229 14:12:10.832" endtime="20231229 14:12:10.833"/>
</branch>
<branch type="ELSE IF" condition="&quot;${Env}&quot; == &quot;dev&quot;">
<kw name="Set Variable" library="BuiltIn">
<var>${Email}</var>
<arg>${Email_dev}</arg>
<doc>Returns the given values which can then be assigned to a variables.</doc>
<msg timestamp="20231229 14:12:10.833" level="INFO">${Email} = QABARRONSONLY</msg>
<status status="PASS" starttime="20231229 14:12:10.833" endtime="20231229 14:12:10.833"/>
</kw>
<kw name="Set Variable" library="BuiltIn">
<var>${Password}</var>
<arg>${Password_dev}</arg>
<doc>Returns the given values which can then be assigned to a variables.</doc>
<msg timestamp="20231229 14:12:10.834" level="INFO">${Password} = password1</msg>
<status status="PASS" starttime="20231229 14:12:10.833" endtime="20231229 14:12:10.834"/>
</kw>
<status status="PASS" starttime="20231229 14:12:10.833" endtime="20231229 14:12:10.834"/>
</branch>
<status status="PASS" starttime="20231229 14:12:10.832" endtime="20231229 14:12:10.834"/>
</if>
<kw name="Wait Until Element Is Visible" library="SeleniumLibrary">
<arg>//input[@type='email']</arg>
<doc>Waits until the element ``locator`` is visible.</doc>
<status status="PASS" starttime="20231229 14:12:10.834" endtime="20231229 14:12:11.866"/>
</kw>
<kw name="Click Button" library="SeleniumLibrary">
<arg>//input[@type='email']</arg>
<doc>Clicks the button identified by ``locator``.</doc>
<msg timestamp="20231229 14:12:11.866" level="INFO">Clicking button '//input[@type='email']'.</msg>
<status status="PASS" starttime="20231229 14:12:11.866" endtime="20231229 14:12:15.614"/>
</kw>
<kw name="Input Text" library="SeleniumLibrary">
<arg>//input[@type='email']</arg>
<arg>${Email}</arg>
<doc>Types the given ``text`` into the text field identified by ``locator``.</doc>
<msg timestamp="20231229 14:12:15.615" level="INFO">Typing text 'QABARRONSONLY' into text field '//input[@type='email']'.</msg>
<status status="PASS" starttime="20231229 14:12:15.614" endtime="20231229 14:12:17.148"/>
</kw>
<kw name="Set Selenium Implicit Wait" library="SeleniumLibrary">
<arg>10s</arg>
<doc>Sets the implicit wait value used by Selenium.</doc>
<status status="PASS" starttime="20231229 14:12:17.148" endtime="20231229 14:12:18.662"/>
</kw>
<kw name="Click Element" library="SeleniumLibrary">
<arg>//span[text()="Continue"]</arg>
<doc>Click the element identified by ``locator``.</doc>
<msg timestamp="20231229 14:12:18.662" level="INFO">Clicking element '//span[text()="Continue"]'.</msg>
<status status="PASS" starttime="20231229 14:12:18.662" endtime="20231229 14:12:19.901"/>
</kw>
<kw name="Set Selenium Implicit Wait" library="SeleniumLibrary">
<arg>10s</arg>
<doc>Sets the implicit wait value used by Selenium.</doc>
<status status="PASS" starttime="20231229 14:12:19.901" endtime="20231229 14:12:21.411"/>
</kw>
<kw name="Wait Until Element Is Visible" library="SeleniumLibrary">
<arg>//*[@id="password-login-password"]</arg>
<doc>Waits until the element ``locator`` is visible.</doc>
<status status="PASS" starttime="20231229 14:12:21.411" endtime="20231229 14:12:22.430"/>
</kw>
<kw name="Input Text" library="SeleniumLibrary">
<arg>//*[@id="password-login-password"]</arg>
<arg>${Password}</arg>
<doc>Types the given ``text`` into the text field identified by ``locator``.</doc>
<msg timestamp="20231229 14:12:22.430" level="INFO">Typing text 'password1' into text field '//*[@id="password-login-password"]'.</msg>
<status status="PASS" starttime="20231229 14:12:22.430" endtime="20231229 14:12:23.957"/>
</kw>
<kw name="Set Selenium Implicit Wait" library="SeleniumLibrary">
<arg>10s</arg>
<doc>Sets the implicit wait value used by Selenium.</doc>
<status status="PASS" starttime="20231229 14:12:23.957" endtime="20231229 14:12:25.465"/>
</kw>
<kw name="Set Selenium Speed" library="SeleniumLibrary">
<arg>1.0 seconds</arg>
<doc>Sets the delay that is waited after each Selenium command.</doc>
<status status="PASS" starttime="20231229 14:12:25.465" endtime="20231229 14:12:25.465"/>
</kw>
<if>
<branch type="IF" condition="&quot;${Env}&quot; == &quot;prod&quot;">
<kw name="Click Element" library="SeleniumLibrary">
<arg>//*[@id="password-login"]/div/form/div/div[5]/div[1]/button</arg>
<doc>Click the element identified by ``locator``.</doc>
<status status="NOT RUN" starttime="20231229 14:12:25.465" endtime="20231229 14:12:25.465"/>
</kw>
<status status="NOT RUN" starttime="20231229 14:12:25.465" endtime="20231229 14:12:25.465"/>
</branch>
<branch type="ELSE IF" condition="&quot;${Env}&quot; == &quot;dev&quot;">
<kw name="Click Element" library="SeleniumLibrary">
<arg>//*[@id="password-login"]/div/form/div[5]/button</arg>
<doc>Click the element identified by ``locator``.</doc>
<msg timestamp="20231229 14:12:25.467" level="INFO">Clicking element '//*[@id="password-login"]/div/form/div[5]/button'.</msg>
<status status="PASS" starttime="20231229 14:12:25.466" endtime="20231229 14:12:31.797"/>
</kw>
<status status="PASS" starttime="20231229 14:12:25.466" endtime="20231229 14:12:31.797"/>
</branch>
<status status="PASS" starttime="20231229 14:12:25.465" endtime="20231229 14:12:31.797"/>
</if>
<kw name="Wait Until Element Is Not Visible" library="SeleniumLibrary">
<arg>//*[@id="password-login"]/div/form/div/div[5]/div[1]/button</arg>
<doc>Waits until the element ``locator`` is not visible.</doc>
<status status="PASS" starttime="20231229 14:12:31.797" endtime="20231229 14:12:42.820"/>
</kw>
<status status="PASS" starttime="20231229 14:12:10.831" endtime="20231229 14:12:42.820"/>
</kw>
<kw name="Validate Followed Authors" library="PENPreferenceCenterPage">
<kw name="Page Should Contain" library="SeleniumLibrary">
<arg>Authors</arg>
<doc>Verifies that current page contains ``text``.</doc>
<msg timestamp="20231229 14:12:44.832" level="INFO">Current page contains text 'Authors'.</msg>
<status status="PASS" starttime="20231229 14:12:42.821" endtime="20231229 14:12:44.832"/>
</kw>
<status status="PASS" starttime="20231229 14:12:42.820" endtime="20231229 14:12:44.832"/>
</kw>
<kw name="Validate Following Toggle Feature" library="PENPreferenceCenterPage">
<kw name="Wait Until Element Is Visible" library="SeleniumLibrary">
<arg>//*[@id="root"]/div/div/div/div[2]/div/div/div/table[1]/tbody/tr[1]/td[3]/div</arg>
<doc>Waits until the element ``locator`` is visible.</doc>
<status status="PASS" starttime="20231229 14:12:44.833" endtime="20231229 14:12:46.853"/>
</kw>
<kw name="Page Should Contain Element" library="SeleniumLibrary">
<arg>//*[@id="root"]/div/div/div/div[2]/div/div/div/table[1]/tbody/tr[1]/td[3]/div</arg>
<doc>Verifies that element ``locator`` is found on the current page.</doc>
<msg timestamp="20231229 14:12:47.858" level="INFO">Current page contains element '//*[@id="root"]/div/div/div/div[2]/div/div/div/table[1]/tbody/tr[1]/td[3]/div'.</msg>
<status status="PASS" starttime="20231229 14:12:46.853" endtime="20231229 14:12:47.858"/>
</kw>
<status status="PASS" starttime="20231229 14:12:44.833" endtime="20231229 14:12:47.858"/>
</kw>
<kw name="Click Following Toggle Feature" library="PENPreferenceCenterPage">
<if>
<branch type="IF" condition="&quot;${Env}&quot; == &quot;prod&quot;">
<kw name="Click Element" library="SeleniumLibrary">
<arg>//*[text()="Sebastian McCarthy"]/../../../../td[4]/div</arg>
<doc>Click the element identified by ``locator``.</doc>
<status status="NOT RUN" starttime="20231229 14:12:47.859" endtime="20231229 14:12:47.859"/>
</kw>
<status status="NOT RUN" starttime="20231229 14:12:47.859" endtime="20231229 14:12:47.859"/>
</branch>
<branch type="ELSE IF" condition="&quot;${Env}&quot; == &quot;dev&quot;">
<kw name="Click Element" library="SeleniumLibrary">
<arg>//*[text()="Sunita Adhikarla"]/../../../../td[4]/div</arg>
<doc>Click the element identified by ``locator``.</doc>
<msg timestamp="20231229 14:12:47.860" level="INFO">Clicking element '//*[text()="Sunita Adhikarla"]/../../../../td[4]/div'.</msg>
<status status="PASS" starttime="20231229 14:12:47.859" endtime="20231229 14:12:50.106"/>
</kw>
<status status="PASS" starttime="20231229 14:12:47.859" endtime="20231229 14:12:50.106"/>
</branch>
<status status="PASS" starttime="20231229 14:12:47.859" endtime="20231229 14:12:50.106"/>
</if>
<status status="PASS" starttime="20231229 14:12:47.858" endtime="20231229 14:12:50.106"/>
</kw>
<kw name="Validate Following Toggle Alert Pop up" library="PENPreferenceCenterPage">
<kw name="Page Should Contain Element" library="SeleniumLibrary">
<arg>//*[@id="root"]/div/div/div/div[3]/div/span</arg>
<doc>Verifies that element ``locator`` is found on the current page.</doc>
<msg timestamp="20231229 14:12:51.111" level="INFO">Current page contains element '//*[@id="root"]/div/div/div/div[3]/div/span'.</msg>
<status status="PASS" starttime="20231229 14:12:50.107" endtime="20231229 14:12:51.111"/>
</kw>
<status status="PASS" starttime="20231229 14:12:50.106" endtime="20231229 14:12:51.111"/>
</kw>
<kw name="Click Following Toggle Alert Pop up" library="PENPreferenceCenterPage">
<kw name="Click Button" library="SeleniumLibrary">
<arg>//*[@id="root"]/div/div/div/div[3]/div/div/button</arg>
<doc>Clicks the button identified by ``locator``.</doc>
<msg timestamp="20231229 14:12:51.113" level="INFO">Clicking button '//*[@id="root"]/div/div/div/div[3]/div/div/button'.</msg>
<status status="PASS" starttime="20231229 14:12:51.112" endtime="20231229 14:12:56.341"/>
</kw>
<status status="PASS" starttime="20231229 14:12:51.112" endtime="20231229 14:12:56.341"/>
</kw>
<kw name="Navigate Article page" library="PENPreferenceCenterPage">
<if>
<branch type="IF" condition="&quot;${Env}&quot; == &quot;prod&quot;">
<kw name="Go To" library="SeleniumLibrary">
<arg>https://www.penews.com/articles/lp-survey-warns-brace-for-some-high-profile-fundraising-failures-20220622</arg>
<doc>Navigates the current browser window to the provided ``url``.</doc>
<status status="NOT RUN" starttime="20231229 14:12:56.342" endtime="20231229 14:12:56.342"/>
</kw>
<status status="NOT RUN" starttime="20231229 14:12:56.342" endtime="20231229 14:12:56.342"/>
</branch>
<branch type="ELSE IF" condition="&quot;${Env}&quot; == &quot;dev&quot;">
<kw name="Go To" library="SeleniumLibrary">
<arg>https://www.s.dev.penews.com/articles/test-3testing-wsj-full-bleed-3k-words-20220215</arg>
<doc>Navigates the current browser window to the provided ``url``.</doc>
<msg timestamp="20231229 14:12:56.342" level="INFO">Opening url 'https://www.s.dev.penews.com/articles/test-3testing-wsj-full-bleed-3k-words-20220215'</msg>
<status status="PASS" starttime="20231229 14:12:56.342" endtime="20231229 14:12:58.516"/>
</kw>
<status status="PASS" starttime="20231229 14:12:56.342" endtime="20231229 14:12:58.516"/>
</branch>
<status status="PASS" starttime="20231229 14:12:56.342" endtime="20231229 14:12:58.516"/>
</if>
<status status="PASS" starttime="20231229 14:12:56.341" endtime="20231229 14:12:58.516"/>
</kw>
<kw name="Validate Follow Button" library="PENArticlePage">
<kw name="Wait Until Element Is Visible" library="SeleniumLibrary">
<arg>dom:${JSFollowButtonPENPath}</arg>
<doc>Waits until the element ``locator`` is visible.</doc>
<status status="PASS" starttime="20231229 14:12:58.533" endtime="20231229 14:13:00.553"/>
</kw>
<kw name="Wait Until Element Contains" library="SeleniumLibrary">
<arg>dom:${JSFollowButtonPENPath}</arg>
<arg>Follow</arg>
<arg>timeout=15</arg>
<doc>Waits until the element ``locator`` contains ``text``.</doc>
<status status="PASS" starttime="20231229 14:13:00.553" endtime="20231229 14:13:02.577"/>
</kw>
<kw name="Element Text Should Be" library="SeleniumLibrary">
<arg>dom:${JSFollowButtonPENPath}</arg>
<arg>Follow</arg>
<arg>timeout=30</arg>
<doc>Verifies that element ``locator`` contains exact the text ``expected``.</doc>
<msg timestamp="20231229 14:13:02.578" level="INFO">Verifying element 'dom:document.querySelector('ufc-follow-author-widget').shadowRoot .querySelector('ufc-follow-button').shadowRoot .querySelector('button')' contains exact text 'Follow'.</msg>
<status status="PASS" starttime="20231229 14:13:02.577" endtime="20231229 14:13:04.588"/>
</kw>
<status status="PASS" starttime="20231229 14:12:58.533" endtime="20231229 14:13:04.588"/>
</kw>
<kw name="Finish Testcase" library="CommonFunctionality" type="TEARDOWN">
<kw name="Close Browser" library="SeleniumLibrary">
<doc>Closes the current browser.</doc>
<status status="PASS" starttime="20231229 14:13:04.589" endtime="20231229 14:13:09.422"/>
</kw>
<status status="PASS" starttime="20231229 14:13:04.588" endtime="20231229 14:13:09.422"/>
</kw>
<doc>This test case validates the barrons preference center page</doc>
<tag>PENews</tag>
<tag>PreferenceCenter</tag>
<tag>Smoke</tag>
<status status="PASS" starttime="20231229 14:11:52.576" endtime="20231229 14:13:09.424"/>
</test>
<doc>PEN Smoke Tests</doc>
<status status="FAIL" starttime="20231229 14:10:50.692" endtime="20231229 14:13:09.425"/>
</suite>
<suite id="s1-s1-s6" name="WSJ Smoke" source="D:\Codes\Jenkins_2050\userservices-qa-automation\panda-qa\Tests\FollowWidget\Smoke\WSJ_Smoke.robot">
<test id="s1-s1-s6-t1" name="Validate the follow button from articles page" line="20">
<kw name="Start WSJ Article" library="CommonFunctionality" type="SETUP">
<kw name="Set Selenium Speed" library="SeleniumLibrary">
<arg>0.5 seconds</arg>
<doc>Sets the delay that is waited after each Selenium command.</doc>
<status status="PASS" starttime="20231229 14:13:09.460" endtime="20231229 14:13:09.460"/>
</kw>
<if>
<branch type="IF" condition="&quot;${Env}&quot; == &quot;prod&quot;">
<kw name="Open Browser" library="SeleniumLibrary">
<arg>https://www.wsj.com</arg>
<arg>${Browser}</arg>
<doc>Opens a new browser instance to the optional ``url``.</doc>
<status status="NOT RUN" starttime="20231229 14:13:09.460" endtime="20231229 14:13:09.461"/>
</kw>
<kw name="Go To" library="SeleniumLibrary">
<arg>https://www.wsj.com/articles/twitter-elon-musk-to-argue-over-trial-timetable-to-force-44-billion-takeover-11658223001?cx_testId=3&amp;cx_testVariant=cx_5&amp;cx_artPos=6&amp;mod=WTRN#cxrecs_s</arg>
<doc>Navigates the current browser window to the provided ``url``.</doc>
<status status="NOT RUN" starttime="20231229 14:13:09.461" endtime="20231229 14:13:09.461"/>
</kw>
<status status="NOT RUN" starttime="20231229 14:13:09.460" endtime="20231229 14:13:09.461"/>
</branch>
<branch type="ELSE IF" condition="&quot;${Env}&quot; == &quot;dev&quot;">
<kw name="Open Browser" library="SeleniumLibrary">
<arg>https://www.s.dev.wsj.com</arg>
<arg>${Browser}</arg>
<doc>Opens a new browser instance to the optional ``url``.</doc>
<msg timestamp="20231229 14:13:09.461" level="INFO">Opening browser 'firefox' to base url 'https://www.s.dev.wsj.com'.</msg>
<status status="PASS" starttime="20231229 14:13:09.461" endtime="20231229 14:13:26.815"/>
</kw>
<kw name="Go To" library="SeleniumLibrary">
<arg>https://www.s.dev.wsj.com/articles/twitter-elon-musk-to-argue-over-trial-timetable-to-force-44-billion-takeover-11658223001?cx_testId=3&amp;cx_testVariant=cx_5&amp;cx_artPos=6&amp;mod=WTRN#cxrecs_s</arg>
<doc>Navigates the current browser window to the provided ``url``.</doc>
<msg timestamp="20231229 14:13:26.815" level="INFO">Opening url 'https://www.s.dev.wsj.com/articles/twitter-elon-musk-to-argue-over-trial-timetable-to-force-44-billion-takeover-11658223001?cx_testId=3&amp;cx_testVariant=cx_5&amp;cx_artPos=6&amp;mod=WTRN#cxrecs_s'</msg>
<status status="PASS" starttime="20231229 14:13:26.815" endtime="20231229 14:13:29.622"/>
</kw>
<status status="PASS" starttime="20231229 14:13:09.461" endtime="20231229 14:13:29.622"/>
</branch>
<status status="PASS" starttime="20231229 14:13:09.460" endtime="20231229 14:13:29.622"/>
</if>
<kw name="Set Focus To Element" library="SeleniumLibrary">
<arg>//*[text()="Dave Michaels"]</arg>
<doc>Sets the focus to the element identified by ``locator``.</doc>
<msg timestamp="20231229 14:13:40.799" level="INFO" html="true">&lt;/td&gt;&lt;/tr&gt;&lt;tr&gt;&lt;td colspan="3"&gt;&lt;a href="selenium-screenshot-130.png"&gt;&lt;img src="selenium-screenshot-130.png" width="800px"&gt;&lt;/a&gt;</msg>
<msg timestamp="20231229 14:13:40.800" level="FAIL">Element with locator '//*[text()="Dave Michaels"]' not found.</msg>
<status status="FAIL" starttime="20231229 14:13:29.622" endtime="20231229 14:13:40.801"/>
</kw>
<kw name="Wait Until Element Is Visible" library="SeleniumLibrary">
<arg>dom:${JSFollowButtonMGPath}</arg>
<arg>30s</arg>
<doc>Waits until the element ``locator`` is visible.</doc>
<status status="NOT RUN" starttime="20231229 14:13:40.801" endtime="20231229 14:13:40.801"/>
</kw>
<kw name="Maximize Browser Window" library="SeleniumLibrary">
<doc>Maximizes current browser window.</doc>
<status status="NOT RUN" starttime="20231229 14:13:40.801" endtime="20231229 14:13:40.801"/>
</kw>
<status status="FAIL" starttime="20231229 14:13:09.460" endtime="20231229 14:13:40.801"/>
</kw>
<kw name="Finish Testcase" library="CommonFunctionality" type="TEARDOWN">
<kw name="Close Browser" library="SeleniumLibrary">
<doc>Closes the current browser.</doc>
<status status="PASS" starttime="20231229 14:13:40.803" endtime="20231229 14:13:45.329"/>
</kw>
<status status="PASS" starttime="20231229 14:13:40.803" endtime="20231229 14:13:45.329"/>
</kw>
<doc>This test case validates the follow button from articles page</doc>
<tag>Article</tag>
<tag>Follow</tag>
<tag>Smoke</tag>
<tag>WSJ</tag>
<status status="FAIL" starttime="20231229 14:13:09.459" endtime="20231229 14:13:45.330">Setup failed:
Element with locator '//*[text()="Dave Michaels"]' not found.</status>
</test>
<test id="s1-s1-s6-t2" name="Validate the follow button from authors page" line="56">
<kw name="Start WSJ Article" library="CommonFunctionality" type="SETUP">
<kw name="Set Selenium Speed" library="SeleniumLibrary">
<arg>0.5 seconds</arg>
<doc>Sets the delay that is waited after each Selenium command.</doc>
<status status="PASS" starttime="20231229 14:13:45.332" endtime="20231229 14:13:45.332"/>
</kw>
<if>
<branch type="IF" condition="&quot;${Env}&quot; == &quot;prod&quot;">
<kw name="Open Browser" library="SeleniumLibrary">
<arg>https://www.wsj.com</arg>
<arg>${Browser}</arg>
<doc>Opens a new browser instance to the optional ``url``.</doc>
<status status="NOT RUN" starttime="20231229 14:13:45.333" endtime="20231229 14:13:45.333"/>
</kw>
<kw name="Go To" library="SeleniumLibrary">
<arg>https://www.wsj.com/articles/twitter-elon-musk-to-argue-over-trial-timetable-to-force-44-billion-takeover-11658223001?cx_testId=3&amp;cx_testVariant=cx_5&amp;cx_artPos=6&amp;mod=WTRN#cxrecs_s</arg>
<doc>Navigates the current browser window to the provided ``url``.</doc>
<status status="NOT RUN" starttime="20231229 14:13:45.333" endtime="20231229 14:13:45.333"/>
</kw>
<status status="NOT RUN" starttime="20231229 14:13:45.332" endtime="20231229 14:13:45.333"/>
</branch>
<branch type="ELSE IF" condition="&quot;${Env}&quot; == &quot;dev&quot;">
<kw name="Open Browser" library="SeleniumLibrary">
<arg>https://www.s.dev.wsj.com</arg>
<arg>${Browser}</arg>
<doc>Opens a new browser instance to the optional ``url``.</doc>
<msg timestamp="20231229 14:13:45.335" level="INFO">Opening browser 'firefox' to base url 'https://www.s.dev.wsj.com'.</msg>
<status status="PASS" starttime="20231229 14:13:45.333" endtime="20231229 14:14:03.462"/>
</kw>
<kw name="Go To" library="SeleniumLibrary">
<arg>https://www.s.dev.wsj.com/articles/twitter-elon-musk-to-argue-over-trial-timetable-to-force-44-billion-takeover-11658223001?cx_testId=3&amp;cx_testVariant=cx_5&amp;cx_artPos=6&amp;mod=WTRN#cxrecs_s</arg>
<doc>Navigates the current browser window to the provided ``url``.</doc>
<msg timestamp="20231229 14:14:03.462" level="INFO">Opening url 'https://www.s.dev.wsj.com/articles/twitter-elon-musk-to-argue-over-trial-timetable-to-force-44-billion-takeover-11658223001?cx_testId=3&amp;cx_testVariant=cx_5&amp;cx_artPos=6&amp;mod=WTRN#cxrecs_s'</msg>
<status status="PASS" starttime="20231229 14:14:03.462" endtime="20231229 14:14:05.410"/>
</kw>
<status status="PASS" starttime="20231229 14:13:45.333" endtime="20231229 14:14:05.410"/>
</branch>
<status status="PASS" starttime="20231229 14:13:45.332" endtime="20231229 14:14:05.410"/>
</if>
<kw name="Set Focus To Element" library="SeleniumLibrary">
<arg>//*[text()="Dave Michaels"]</arg>
<doc>Sets the focus to the element identified by ``locator``.</doc>
<msg timestamp="20231229 14:14:16.589" level="INFO" html="true">&lt;/td&gt;&lt;/tr&gt;&lt;tr&gt;&lt;td colspan="3"&gt;&lt;a href="selenium-screenshot-131.png"&gt;&lt;img src="selenium-screenshot-131.png" width="800px"&gt;&lt;/a&gt;</msg>
<msg timestamp="20231229 14:14:16.589" level="FAIL">Element with locator '//*[text()="Dave Michaels"]' not found.</msg>
<status status="FAIL" starttime="20231229 14:14:05.410" endtime="20231229 14:14:16.590"/>
</kw>
<kw name="Wait Until Element Is Visible" library="SeleniumLibrary">
<arg>dom:${JSFollowButtonMGPath}</arg>
<arg>30s</arg>
<doc>Waits until the element ``locator`` is visible.</doc>
<status status="NOT RUN" starttime="20231229 14:14:16.590" endtime="20231229 14:14:16.590"/>
</kw>
<kw name="Maximize Browser Window" library="SeleniumLibrary">
<doc>Maximizes current browser window.</doc>
<status status="NOT RUN" starttime="20231229 14:14:16.590" endtime="20231229 14:14:16.590"/>
</kw>
<status status="FAIL" starttime="20231229 14:13:45.332" endtime="20231229 14:14:16.590"/>
</kw>
<kw name="Finish Testcase" library="CommonFunctionality" type="TEARDOWN">
<kw name="Close Browser" library="SeleniumLibrary">
<doc>Closes the current browser.</doc>
<status status="PASS" starttime="20231229 14:14:16.591" endtime="20231229 14:14:21.096"/>
</kw>
<status status="PASS" starttime="20231229 14:14:16.591" endtime="20231229 14:14:21.096"/>
</kw>
<doc>This test case validates the follow button from authors page</doc>
<tag>Authors</tag>
<tag>Follow</tag>
<tag>Smoke</tag>
<tag>WSJ</tag>
<status status="FAIL" starttime="20231229 14:13:45.331" endtime="20231229 14:14:21.097">Setup failed:
Element with locator '//*[text()="Dave Michaels"]' not found.</status>
</test>
<test id="s1-s1-s6-t3" name="Validate the WSJ Preference Center page" line="69">
<kw name="Start WSJ Article" library="CommonFunctionality" type="SETUP">
<kw name="Set Selenium Speed" library="SeleniumLibrary">
<arg>0.5 seconds</arg>
<doc>Sets the delay that is waited after each Selenium command.</doc>
<status status="PASS" starttime="20231229 14:14:21.099" endtime="20231229 14:14:21.100"/>
</kw>
<if>
<branch type="IF" condition="&quot;${Env}&quot; == &quot;prod&quot;">
<kw name="Open Browser" library="SeleniumLibrary">
<arg>https://www.wsj.com</arg>
<arg>${Browser}</arg>
<doc>Opens a new browser instance to the optional ``url``.</doc>
<status status="NOT RUN" starttime="20231229 14:14:21.100" endtime="20231229 14:14:21.100"/>
</kw>
<kw name="Go To" library="SeleniumLibrary">
<arg>https://www.wsj.com/articles/twitter-elon-musk-to-argue-over-trial-timetable-to-force-44-billion-takeover-11658223001?cx_testId=3&amp;cx_testVariant=cx_5&amp;cx_artPos=6&amp;mod=WTRN#cxrecs_s</arg>
<doc>Navigates the current browser window to the provided ``url``.</doc>
<status status="NOT RUN" starttime="20231229 14:14:21.100" endtime="20231229 14:14:21.100"/>
</kw>
<status status="NOT RUN" starttime="20231229 14:14:21.100" endtime="20231229 14:14:21.100"/>
</branch>
<branch type="ELSE IF" condition="&quot;${Env}&quot; == &quot;dev&quot;">
<kw name="Open Browser" library="SeleniumLibrary">
<arg>https://www.s.dev.wsj.com</arg>
<arg>${Browser}</arg>
<doc>Opens a new browser instance to the optional ``url``.</doc>
<msg timestamp="20231229 14:14:21.101" level="INFO">Opening browser 'firefox' to base url 'https://www.s.dev.wsj.com'.</msg>
<status status="PASS" starttime="20231229 14:14:21.100" endtime="20231229 14:14:38.565"/>
</kw>
<kw name="Go To" library="SeleniumLibrary">
<arg>https://www.s.dev.wsj.com/articles/twitter-elon-musk-to-argue-over-trial-timetable-to-force-44-billion-takeover-11658223001?cx_testId=3&amp;cx_testVariant=cx_5&amp;cx_artPos=6&amp;mod=WTRN#cxrecs_s</arg>
<doc>Navigates the current browser window to the provided ``url``.</doc>
<msg timestamp="20231229 14:14:38.565" level="INFO">Opening url 'https://www.s.dev.wsj.com/articles/twitter-elon-musk-to-argue-over-trial-timetable-to-force-44-billion-takeover-11658223001?cx_testId=3&amp;cx_testVariant=cx_5&amp;cx_artPos=6&amp;mod=WTRN#cxrecs_s'</msg>
<status status="PASS" starttime="20231229 14:14:38.565" endtime="20231229 14:14:40.595"/>
</kw>
<status status="PASS" starttime="20231229 14:14:21.100" endtime="20231229 14:14:40.595"/>
</branch>
<status status="PASS" starttime="20231229 14:14:21.100" endtime="20231229 14:14:40.595"/>
</if>
<kw name="Set Focus To Element" library="SeleniumLibrary">
<arg>//*[text()="Dave Michaels"]</arg>
<doc>Sets the focus to the element identified by ``locator``.</doc>
<msg timestamp="20231229 14:14:51.772" level="INFO" html="true">&lt;/td&gt;&lt;/tr&gt;&lt;tr&gt;&lt;td colspan="3"&gt;&lt;a href="selenium-screenshot-132.png"&gt;&lt;img src="selenium-screenshot-132.png" width="800px"&gt;&lt;/a&gt;</msg>
<msg timestamp="20231229 14:14:51.772" level="FAIL">Element with locator '//*[text()="Dave Michaels"]' not found.</msg>
<status status="FAIL" starttime="20231229 14:14:40.595" endtime="20231229 14:14:51.773"/>
</kw>
<kw name="Wait Until Element Is Visible" library="SeleniumLibrary">
<arg>dom:${JSFollowButtonMGPath}</arg>
<arg>30s</arg>
<doc>Waits until the element ``locator`` is visible.</doc>
<status status="NOT RUN" starttime="20231229 14:14:51.773" endtime="20231229 14:14:51.773"/>
</kw>
<kw name="Maximize Browser Window" library="SeleniumLibrary">
<doc>Maximizes current browser window.</doc>
<status status="NOT RUN" starttime="20231229 14:14:51.773" endtime="20231229 14:14:51.773"/>
</kw>
<status status="FAIL" starttime="20231229 14:14:21.099" endtime="20231229 14:14:51.773"/>
</kw>
<kw name="Finish Testcase" library="CommonFunctionality" type="TEARDOWN">
<kw name="Close Browser" library="SeleniumLibrary">
<doc>Closes the current browser.</doc>
<status status="PASS" starttime="20231229 14:14:51.775" endtime="20231229 14:14:56.462"/>
</kw>
<status status="PASS" starttime="20231229 14:14:51.774" endtime="20231229 14:14:56.462"/>
</kw>
<doc>This test case validates the barrons preference center page</doc>
<tag>PreferenceCenter</tag>
<tag>Smoke</tag>
<tag>WSJ</tag>
<status status="FAIL" starttime="20231229 14:14:21.098" endtime="20231229 14:14:56.463">Setup failed:
Element with locator '//*[text()="Dave Michaels"]' not found.</status>
</test>
<doc>WSJ Smoke Tests</doc>
<status status="FAIL" starttime="20231229 14:13:09.426" endtime="20231229 14:14:56.464"/>
</suite>
<status status="FAIL" starttime="20231229 13:59:10.922" endtime="20231229 14:14:56.467"/>
</suite>
<status status="FAIL" starttime="20231229 13:59:10.888" endtime="20231229 14:14:56.469"/>
</suite>
<statistics>
<total>
<stat pass="5" fail="14" skip="0">All Tests</stat>
</total>
<tag>
<stat pass="1" fail="4" skip="0">Article</stat>
<stat pass="2" fail="2" skip="0">Author</stat>
<stat pass="0" fail="1" skip="0">Authors</stat>
<stat pass="1" fail="4" skip="0">Barrons</stat>
<stat pass="0" fail="2" skip="0">CustomTopic</stat>
<stat pass="0" fail="3" skip="0">FinancialNews</stat>
<stat pass="3" fail="9" skip="0">Follow</stat>
<stat pass="0" fail="1" skip="0">Follow Article</stat>
<stat pass="2" fail="0" skip="0">MansionGlobal</stat>
<stat pass="0" fail="3" skip="0">MarketWatch</stat>
<stat pass="2" fail="1" skip="0">PENews</stat>
<stat pass="2" fail="4" skip="0">PreferenceCenter</stat>
<stat pass="5" fail="14" skip="0">Smoke</stat>
<stat pass="0" fail="3" skip="0">WSJ</stat>
</tag>
<suite>
<stat pass="5" fail="14" skip="0" id="s1" name="FollowWidget">FollowWidget</stat>
<stat pass="5" fail="14" skip="0" id="s1-s1" name="Smoke">FollowWidget.Smoke</stat>
<stat pass="1" fail="4" skip="0" id="s1-s1-s1" name="Barrons Smoke">FollowWidget.Smoke.Barrons Smoke</stat>
<stat pass="0" fail="3" skip="0" id="s1-s1-s2" name="FN Smoke">FollowWidget.Smoke.FN Smoke</stat>
<stat pass="2" fail="0" skip="0" id="s1-s1-s3" name="MansionGlobal Smoke">FollowWidget.Smoke.MansionGlobal Smoke</stat>
<stat pass="0" fail="3" skip="0" id="s1-s1-s4" name="MarketWatch Smoke">FollowWidget.Smoke.MarketWatch Smoke</stat>
<stat pass="2" fail="1" skip="0" id="s1-s1-s5" name="PEN Smoke">FollowWidget.Smoke.PEN Smoke</stat>
<stat pass="0" fail="3" skip="0" id="s1-s1-s6" name="WSJ Smoke">FollowWidget.Smoke.WSJ Smoke</stat>
</suite>
</statistics>
<errors>
</errors>
</robot>
