<?xml version="1.0" encoding="UTF-8"?>
<robot generator="Robot 6.1.1 (Python 3.12.5 on win32)" generated="20241003 15:14:19.234" rpa="false" schemaversion="4">
<suite id="s1" name="Userservices-Qa-Automation" source="D:\Users\sasikumarj\PycharmProjects\userservices-qa-automation">
<suite id="s1-s1" name="Panda-Qa" source="D:\Users\sasikumarj\PycharmProjects\userservices-qa-automation\panda-qa">
<suite id="s1-s1-s1" name="Tests" source="D:\Users\sasikumarj\PycharmProjects\userservices-qa-automation\panda-qa\Tests">
<suite id="s1-s1-s1-s1" name="FollowWidget" source="D:\Users\sasikumarj\PycharmProjects\userservices-qa-automation\panda-qa\Tests\FollowWidget">
<suite id="s1-s1-s1-s1-s1" name="Regression" source="D:\Users\sasikumarj\PycharmProjects\userservices-qa-automation\panda-qa\Tests\FollowWidget\Regression">
<suite id="s1-s1-s1-s1-s1-s1" name="WSJ Regression" source="D:\Users\sasikumarj\PycharmProjects\userservices-qa-automation\panda-qa\Tests\FollowWidget\Regression\WSJ_Regression.robot">
<test id="s1-s1-s1-s1-s1-s1-t1" name="Validate the WSJ Preference Center page" line="51">
<kw name="Start WSJ Article" library="CommonFunctionality" type="SETUP">
<kw name="Set Selenium Speed" library="SeleniumLibrary">
<arg>0.5 seconds</arg>
<doc>Sets the delay that is waited after each Selenium command.</doc>
<status status="PASS" starttime="20241003 15:14:19.761" endtime="20241003 15:14:19.761"/>
</kw>
<kw name="Set Browser Options" library="CommonFunctionality">
<var>${options}</var>
<if>
<branch type="IF" condition="&quot;${Browser}&quot; == &quot;firefox&quot;">
<kw name="Evaluate" library="BuiltIn">
<var>${options}</var>
<arg>selenium.webdriver.FirefoxOptions()</arg>
<doc>Evaluates the given expression in Python and returns the result.</doc>
<status status="NOT RUN" starttime="20241003 15:14:19.761" endtime="20241003 15:14:19.761"/>
</kw>
<kw name="Call Method" library="BuiltIn">
<arg>${options}</arg>
<arg>add_argument</arg>
<arg>--CreateProfile</arg>
<doc>Calls the named method of the given object with the provided arguments.</doc>
<status status="NOT RUN" starttime="20241003 15:14:19.762" endtime="20241003 15:14:19.762"/>
</kw>
<kw name="Call Method" library="BuiltIn">
<arg>${options}</arg>
<arg>add_argument</arg>
<arg>--start-maximized</arg>
<doc>Calls the named method of the given object with the provided arguments.</doc>
<status status="NOT RUN" starttime="20241003 15:14:19.762" endtime="20241003 15:14:19.762"/>
</kw>
<kw name="Call Method" library="BuiltIn">
<arg>${options}</arg>
<arg>add_argument</arg>
<arg>--disable-dev-shm-usage</arg>
<doc>Calls the named method of the given object with the provided arguments.</doc>
<status status="NOT RUN" starttime="20241003 15:14:19.762" endtime="20241003 15:14:19.762"/>
</kw>
<kw name="Call Method" library="BuiltIn">
<arg>${options}</arg>
<arg>add_argument</arg>
<arg>--no-sandbox</arg>
<doc>Calls the named method of the given object with the provided arguments.</doc>
<status status="NOT RUN" starttime="20241003 15:14:19.762" endtime="20241003 15:14:19.762"/>
</kw>
<kw name="Call Method" library="BuiltIn">
<arg>${options}</arg>
<arg>add_argument</arg>
<arg>--disable-gpu</arg>
<doc>Calls the named method of the given object with the provided arguments.</doc>
<status status="NOT RUN" starttime="20241003 15:14:19.762" endtime="20241003 15:14:19.762"/>
</kw>
<kw name="Call Method" library="BuiltIn">
<arg>${options}</arg>
<arg>add_argument</arg>
<arg>--headless</arg>
<doc>Calls the named method of the given object with the provided arguments.</doc>
<status status="NOT RUN" starttime="20241003 15:14:19.762" endtime="20241003 15:14:19.762"/>
</kw>
<kw name="Call Method" library="BuiltIn">
<arg>${options}</arg>
<arg>add_argument</arg>
<arg>--devtools.debugger.force-local</arg>
<doc>Calls the named method of the given object with the provided arguments.</doc>
<status status="NOT RUN" starttime="20241003 15:14:19.762" endtime="20241003 15:14:19.762"/>
</kw>
<kw name="Call Method" library="BuiltIn">
<arg>${options}</arg>
<arg>add_argument</arg>
<arg>--devtools.debugger.remote-enabled</arg>
<doc>Calls the named method of the given object with the provided arguments.</doc>
<status status="NOT RUN" starttime="20241003 15:14:19.762" endtime="20241003 15:14:19.762"/>
</kw>
<kw name="Call Method" library="BuiltIn">
<arg>${options}</arg>
<arg>add_argument</arg>
<arg>--devtools.chrome.enabled</arg>
<doc>Calls the named method of the given object with the provided arguments.</doc>
<status status="NOT RUN" starttime="20241003 15:14:19.762" endtime="20241003 15:14:19.762"/>
</kw>
<kw name="Call Method" library="BuiltIn">
<arg>${options}</arg>
<arg>add_argument</arg>
<arg>--devtools.debugger.prompt-connection</arg>
<doc>Calls the named method of the given object with the provided arguments.</doc>
<status status="NOT RUN" starttime="20241003 15:14:19.762" endtime="20241003 15:14:19.762"/>
</kw>
<kw name="Call Method" library="BuiltIn">
<arg>${options}</arg>
<arg>add_argument</arg>
<arg>--browser.dom.window.dump.enabled</arg>
<doc>Calls the named method of the given object with the provided arguments.</doc>
<status status="NOT RUN" starttime="20241003 15:14:19.762" endtime="20241003 15:14:19.762"/>
</kw>
<return>
<value>${options}</value>
<status status="NOT RUN" starttime="20241003 15:14:19.762" endtime="20241003 15:14:19.762"/>
</return>
<status status="NOT RUN" starttime="20241003 15:14:19.761" endtime="20241003 15:14:19.762"/>
</branch>
<branch type="ELSE IF" condition="&quot;${Browser}&quot; == &quot;chrome&quot;">
<kw name="Evaluate" library="BuiltIn">
<var>${options}</var>
<arg>selenium.webdriver.ChromeOptions()</arg>
<doc>Evaluates the given expression in Python and returns the result.</doc>
<status status="NOT RUN" starttime="20241003 15:14:19.763" endtime="20241003 15:14:19.763"/>
</kw>
<kw name="Call Method" library="BuiltIn">
<arg>${options}</arg>
<arg>add_argument</arg>
<arg>--start-maximized</arg>
<doc>Calls the named method of the given object with the provided arguments.</doc>
<status status="NOT RUN" starttime="20241003 15:14:19.763" endtime="20241003 15:14:19.763"/>
</kw>
<kw name="Call Method" library="BuiltIn">
<arg>${options}</arg>
<arg>add_argument</arg>
<arg>--disable-dev-shm-usage</arg>
<doc>Calls the named method of the given object with the provided arguments.</doc>
<status status="NOT RUN" starttime="20241003 15:14:19.763" endtime="20241003 15:14:19.763"/>
</kw>
<kw name="Call Method" library="BuiltIn">
<arg>${options}</arg>
<arg>add_argument</arg>
<arg>--no-sandbox</arg>
<doc>Calls the named method of the given object with the provided arguments.</doc>
<status status="NOT RUN" starttime="20241003 15:14:19.763" endtime="20241003 15:14:19.763"/>
</kw>
<kw name="Call Method" library="BuiltIn">
<arg>${options}</arg>
<arg>add_argument</arg>
<arg>--headless</arg>
<doc>Calls the named method of the given object with the provided arguments.</doc>
<status status="NOT RUN" starttime="20241003 15:14:19.763" endtime="20241003 15:14:19.763"/>
</kw>
<kw name="Call Method" library="BuiltIn">
<arg>${options}</arg>
<arg>add_argument</arg>
<arg>--disable-gpu</arg>
<doc>Calls the named method of the given object with the provided arguments.</doc>
<status status="NOT RUN" starttime="20241003 15:14:19.763" endtime="20241003 15:14:19.763"/>
</kw>
<kw name="Call Method" library="BuiltIn">
<arg>${options}</arg>
<arg>add_argument</arg>
<arg>--ignore-certificate-errors</arg>
<doc>Calls the named method of the given object with the provided arguments.</doc>
<status status="NOT RUN" starttime="20241003 15:14:19.763" endtime="20241003 15:14:19.763"/>
</kw>
<kw name="Call Method" library="BuiltIn">
<arg>${options}</arg>
<arg>add_argument</arg>
<arg>--disable-extensions</arg>
<doc>Calls the named method of the given object with the provided arguments.</doc>
<status status="NOT RUN" starttime="20241003 15:14:19.763" endtime="20241003 15:14:19.763"/>
</kw>
<kw name="Call Method" library="BuiltIn">
<arg>${options}</arg>
<arg>add_argument</arg>
<arg>--no-user-gesture-required</arg>
<doc>Calls the named method of the given object with the provided arguments.</doc>
<status status="NOT RUN" starttime="20241003 15:14:19.763" endtime="20241003 15:14:19.764"/>
</kw>
<kw name="Call Method" library="BuiltIn">
<arg>${options}</arg>
<arg>add_argument</arg>
<arg>--no-first-run</arg>
<doc>Calls the named method of the given object with the provided arguments.</doc>
<status status="NOT RUN" starttime="20241003 15:14:19.764" endtime="20241003 15:14:19.764"/>
</kw>
<kw name="Call Method" library="BuiltIn">
<arg>${options}</arg>
<arg>add_argument</arg>
<arg>--use-fake-ui-for-media-stream</arg>
<doc>Calls the named method of the given object with the provided arguments.</doc>
<status status="NOT RUN" starttime="20241003 15:14:19.764" endtime="20241003 15:14:19.764"/>
</kw>
<kw name="Call Method" library="BuiltIn">
<arg>${options}</arg>
<arg>add_argument</arg>
<arg>--use-fake-device-for-media-stream</arg>
<doc>Calls the named method of the given object with the provided arguments.</doc>
<status status="NOT RUN" starttime="20241003 15:14:19.764" endtime="20241003 15:14:19.764"/>
</kw>
<kw name="Call Method" library="BuiltIn">
<arg>${options}</arg>
<arg>add_argument</arg>
<arg>--disable-sync</arg>
<doc>Calls the named method of the given object with the provided arguments.</doc>
<status status="NOT RUN" starttime="20241003 15:14:19.764" endtime="20241003 15:14:19.764"/>
</kw>
<return>
<value>${options}</value>
<status status="NOT RUN" starttime="20241003 15:14:19.764" endtime="20241003 15:14:19.764"/>
</return>
<status status="NOT RUN" starttime="20241003 15:14:19.762" endtime="20241003 15:14:19.764"/>
</branch>
<status status="PASS" starttime="20241003 15:14:19.761" endtime="20241003 15:14:19.764"/>
</if>
<msg timestamp="20241003 15:14:19.764" level="INFO">${options} = None</msg>
<status status="PASS" starttime="20241003 15:14:19.761" endtime="20241003 15:14:19.764"/>
</kw>
<if>
<branch type="IF" condition="&quot;${Env}&quot; == &quot;prod&quot;">
<kw name="Open Browser" library="SeleniumLibrary">
<arg>https://www.wsj.com</arg>
<arg>${Browser}</arg>
<arg>options=${options}</arg>
<doc>Opens a new browser instance to the optional ``url``.</doc>
<status status="NOT RUN" starttime="20241003 15:14:19.764" endtime="20241003 15:14:19.764"/>
</kw>
<kw name="Go To" library="SeleniumLibrary">
<arg>https://www.wsj.com/articles/twitter-elon-musk-to-argue-over-trial-timetable-to-force-44-billion-takeover-11658223001?cx_testId=3&amp;cx_testVariant=cx_5&amp;cx_artPos=6&amp;mod=WTRN#cxrecs_s</arg>
<doc>Navigates the current browser window to the provided ``url``.</doc>
<status status="NOT RUN" starttime="20241003 15:14:19.764" endtime="20241003 15:14:19.764"/>
</kw>
<status status="NOT RUN" starttime="20241003 15:14:19.764" endtime="20241003 15:14:19.764"/>
</branch>
<branch type="ELSE IF" condition="&quot;${Env}&quot; == &quot;dev&quot;">
<kw name="Open Browser" library="SeleniumLibrary">
<arg>https://www.dev.wsj.com</arg>
<arg>${Browser}</arg>
<arg>options=${options}</arg>
<doc>Opens a new browser instance to the optional ``url``.</doc>
<msg timestamp="20241003 15:14:19.765" level="INFO">Opening browser 'ff' to base url 'https://www.dev.wsj.com'.</msg>
<status status="PASS" starttime="20241003 15:14:19.765" endtime="20241003 15:14:42.978"/>
</kw>
<kw name="Go To" library="SeleniumLibrary">
<arg>https://www.dev.wsj.com/articles/twitter-elon-musk-to-argue-over-trial-timetable-to-force-44-billion-takeover-11658223001?cx_testId=3&amp;cx_testVariant=cx_5&amp;cx_artPos=6&amp;mod=WTRN#cxrecs_s</arg>
<doc>Navigates the current browser window to the provided ``url``.</doc>
<msg timestamp="20241003 15:14:42.979" level="INFO">Opening url 'https://www.dev.wsj.com/articles/twitter-elon-musk-to-argue-over-trial-timetable-to-force-44-billion-takeover-11658223001?cx_testId=3&amp;cx_testVariant=cx_5&amp;cx_artPos=6&amp;mod=WTRN#cxrecs_s'</msg>
<status status="PASS" starttime="20241003 15:14:42.978" endtime="20241003 15:14:46.398"/>
</kw>
<status status="PASS" starttime="20241003 15:14:19.765" endtime="20241003 15:14:46.398"/>
</branch>
<status status="PASS" starttime="20241003 15:14:19.764" endtime="20241003 15:14:46.398"/>
</if>
<kw name="Maximize Browser Window" library="SeleniumLibrary">
<doc>Maximizes current browser window.</doc>
<status status="PASS" starttime="20241003 15:14:46.398" endtime="20241003 15:14:46.906"/>
</kw>
<status status="PASS" starttime="20241003 15:14:19.760" endtime="20241003 15:14:46.906"/>
</kw>
<kw name="Start WSJ Preference Center Page" library="CommonFunctionality">
<kw name="Set Browser Options" library="CommonFunctionality">
<var>${options}</var>
<if>
<branch type="IF" condition="&quot;${Browser}&quot; == &quot;firefox&quot;">
<kw name="Evaluate" library="BuiltIn">
<var>${options}</var>
<arg>selenium.webdriver.FirefoxOptions()</arg>
<doc>Evaluates the given expression in Python and returns the result.</doc>
<status status="NOT RUN" starttime="20241003 15:14:46.909" endtime="20241003 15:14:46.909"/>
</kw>
<kw name="Call Method" library="BuiltIn">
<arg>${options}</arg>
<arg>add_argument</arg>
<arg>--CreateProfile</arg>
<doc>Calls the named method of the given object with the provided arguments.</doc>
<status status="NOT RUN" starttime="20241003 15:14:46.910" endtime="20241003 15:14:46.910"/>
</kw>
<kw name="Call Method" library="BuiltIn">
<arg>${options}</arg>
<arg>add_argument</arg>
<arg>--start-maximized</arg>
<doc>Calls the named method of the given object with the provided arguments.</doc>
<status status="NOT RUN" starttime="20241003 15:14:46.910" endtime="20241003 15:14:46.910"/>
</kw>
<kw name="Call Method" library="BuiltIn">
<arg>${options}</arg>
<arg>add_argument</arg>
<arg>--disable-dev-shm-usage</arg>
<doc>Calls the named method of the given object with the provided arguments.</doc>
<status status="NOT RUN" starttime="20241003 15:14:46.911" endtime="20241003 15:14:46.911"/>
</kw>
<kw name="Call Method" library="BuiltIn">
<arg>${options}</arg>
<arg>add_argument</arg>
<arg>--no-sandbox</arg>
<doc>Calls the named method of the given object with the provided arguments.</doc>
<status status="NOT RUN" starttime="20241003 15:14:46.911" endtime="20241003 15:14:46.911"/>
</kw>
<kw name="Call Method" library="BuiltIn">
<arg>${options}</arg>
<arg>add_argument</arg>
<arg>--disable-gpu</arg>
<doc>Calls the named method of the given object with the provided arguments.</doc>
<status status="NOT RUN" starttime="20241003 15:14:46.911" endtime="20241003 15:14:46.911"/>
</kw>
<kw name="Call Method" library="BuiltIn">
<arg>${options}</arg>
<arg>add_argument</arg>
<arg>--headless</arg>
<doc>Calls the named method of the given object with the provided arguments.</doc>
<status status="NOT RUN" starttime="20241003 15:14:46.911" endtime="20241003 15:14:46.911"/>
</kw>
<kw name="Call Method" library="BuiltIn">
<arg>${options}</arg>
<arg>add_argument</arg>
<arg>--devtools.debugger.force-local</arg>
<doc>Calls the named method of the given object with the provided arguments.</doc>
<status status="NOT RUN" starttime="20241003 15:14:46.911" endtime="20241003 15:14:46.911"/>
</kw>
<kw name="Call Method" library="BuiltIn">
<arg>${options}</arg>
<arg>add_argument</arg>
<arg>--devtools.debugger.remote-enabled</arg>
<doc>Calls the named method of the given object with the provided arguments.</doc>
<status status="NOT RUN" starttime="20241003 15:14:46.911" endtime="20241003 15:14:46.911"/>
</kw>
<kw name="Call Method" library="BuiltIn">
<arg>${options}</arg>
<arg>add_argument</arg>
<arg>--devtools.chrome.enabled</arg>
<doc>Calls the named method of the given object with the provided arguments.</doc>
<status status="NOT RUN" starttime="20241003 15:14:46.911" endtime="20241003 15:14:46.911"/>
</kw>
<kw name="Call Method" library="BuiltIn">
<arg>${options}</arg>
<arg>add_argument</arg>
<arg>--devtools.debugger.prompt-connection</arg>
<doc>Calls the named method of the given object with the provided arguments.</doc>
<status status="NOT RUN" starttime="20241003 15:14:46.911" endtime="20241003 15:14:46.911"/>
</kw>
<kw name="Call Method" library="BuiltIn">
<arg>${options}</arg>
<arg>add_argument</arg>
<arg>--browser.dom.window.dump.enabled</arg>
<doc>Calls the named method of the given object with the provided arguments.</doc>
<status status="NOT RUN" starttime="20241003 15:14:46.912" endtime="20241003 15:14:46.912"/>
</kw>
<return>
<value>${options}</value>
<status status="NOT RUN" starttime="20241003 15:14:46.912" endtime="20241003 15:14:46.912"/>
</return>
<status status="NOT RUN" starttime="20241003 15:14:46.908" endtime="20241003 15:14:46.912"/>
</branch>
<branch type="ELSE IF" condition="&quot;${Browser}&quot; == &quot;chrome&quot;">
<kw name="Evaluate" library="BuiltIn">
<var>${options}</var>
<arg>selenium.webdriver.ChromeOptions()</arg>
<doc>Evaluates the given expression in Python and returns the result.</doc>
<status status="NOT RUN" starttime="20241003 15:14:46.912" endtime="20241003 15:14:46.912"/>
</kw>
<kw name="Call Method" library="BuiltIn">
<arg>${options}</arg>
<arg>add_argument</arg>
<arg>--start-maximized</arg>
<doc>Calls the named method of the given object with the provided arguments.</doc>
<status status="NOT RUN" starttime="20241003 15:14:46.913" endtime="20241003 15:14:46.913"/>
</kw>
<kw name="Call Method" library="BuiltIn">
<arg>${options}</arg>
<arg>add_argument</arg>
<arg>--disable-dev-shm-usage</arg>
<doc>Calls the named method of the given object with the provided arguments.</doc>
<status status="NOT RUN" starttime="20241003 15:14:46.913" endtime="20241003 15:14:46.913"/>
</kw>
<kw name="Call Method" library="BuiltIn">
<arg>${options}</arg>
<arg>add_argument</arg>
<arg>--no-sandbox</arg>
<doc>Calls the named method of the given object with the provided arguments.</doc>
<status status="NOT RUN" starttime="20241003 15:14:46.913" endtime="20241003 15:14:46.913"/>
</kw>
<kw name="Call Method" library="BuiltIn">
<arg>${options}</arg>
<arg>add_argument</arg>
<arg>--headless</arg>
<doc>Calls the named method of the given object with the provided arguments.</doc>
<status status="NOT RUN" starttime="20241003 15:14:46.913" endtime="20241003 15:14:46.913"/>
</kw>
<kw name="Call Method" library="BuiltIn">
<arg>${options}</arg>
<arg>add_argument</arg>
<arg>--disable-gpu</arg>
<doc>Calls the named method of the given object with the provided arguments.</doc>
<status status="NOT RUN" starttime="20241003 15:14:46.914" endtime="20241003 15:14:46.914"/>
</kw>
<kw name="Call Method" library="BuiltIn">
<arg>${options}</arg>
<arg>add_argument</arg>
<arg>--ignore-certificate-errors</arg>
<doc>Calls the named method of the given object with the provided arguments.</doc>
<status status="NOT RUN" starttime="20241003 15:14:46.914" endtime="20241003 15:14:46.914"/>
</kw>
<kw name="Call Method" library="BuiltIn">
<arg>${options}</arg>
<arg>add_argument</arg>
<arg>--disable-extensions</arg>
<doc>Calls the named method of the given object with the provided arguments.</doc>
<status status="NOT RUN" starttime="20241003 15:14:46.914" endtime="20241003 15:14:46.914"/>
</kw>
<kw name="Call Method" library="BuiltIn">
<arg>${options}</arg>
<arg>add_argument</arg>
<arg>--no-user-gesture-required</arg>
<doc>Calls the named method of the given object with the provided arguments.</doc>
<status status="NOT RUN" starttime="20241003 15:14:46.915" endtime="20241003 15:14:46.915"/>
</kw>
<kw name="Call Method" library="BuiltIn">
<arg>${options}</arg>
<arg>add_argument</arg>
<arg>--no-first-run</arg>
<doc>Calls the named method of the given object with the provided arguments.</doc>
<status status="NOT RUN" starttime="20241003 15:14:46.915" endtime="20241003 15:14:46.915"/>
</kw>
<kw name="Call Method" library="BuiltIn">
<arg>${options}</arg>
<arg>add_argument</arg>
<arg>--use-fake-ui-for-media-stream</arg>
<doc>Calls the named method of the given object with the provided arguments.</doc>
<status status="NOT RUN" starttime="20241003 15:14:46.915" endtime="20241003 15:14:46.915"/>
</kw>
<kw name="Call Method" library="BuiltIn">
<arg>${options}</arg>
<arg>add_argument</arg>
<arg>--use-fake-device-for-media-stream</arg>
<doc>Calls the named method of the given object with the provided arguments.</doc>
<status status="NOT RUN" starttime="20241003 15:14:46.915" endtime="20241003 15:14:46.915"/>
</kw>
<kw name="Call Method" library="BuiltIn">
<arg>${options}</arg>
<arg>add_argument</arg>
<arg>--disable-sync</arg>
<doc>Calls the named method of the given object with the provided arguments.</doc>
<status status="NOT RUN" starttime="20241003 15:14:46.916" endtime="20241003 15:14:46.916"/>
</kw>
<return>
<value>${options}</value>
<status status="NOT RUN" starttime="20241003 15:14:46.916" endtime="20241003 15:14:46.916"/>
</return>
<status status="NOT RUN" starttime="20241003 15:14:46.912" endtime="20241003 15:14:46.916"/>
</branch>
<status status="PASS" starttime="20241003 15:14:46.908" endtime="20241003 15:14:46.916"/>
</if>
<msg timestamp="20241003 15:14:46.916" level="INFO">${options} = None</msg>
<status status="PASS" starttime="20241003 15:14:46.908" endtime="20241003 15:14:46.916"/>
</kw>
<if>
<branch type="IF" condition="&quot;${Env}&quot; == &quot;prod&quot;">
<kw name="Open Browser" library="SeleniumLibrary">
<arg>https://www.wsj.com/preference-center/alerts</arg>
<arg>${Browser}</arg>
<arg>options=${options}</arg>
<doc>Opens a new browser instance to the optional ``url``.</doc>
<status status="NOT RUN" starttime="20241003 15:14:46.918" endtime="20241003 15:14:46.918"/>
</kw>
<status status="NOT RUN" starttime="20241003 15:14:46.917" endtime="20241003 15:14:46.918"/>
</branch>
<branch type="ELSE IF" condition="&quot;${Env}&quot; == &quot;dev&quot;">
<kw name="Open Browser" library="SeleniumLibrary">
<arg>https://www.dev.wsj.com/preference-center/alerts</arg>
<arg>${Browser}</arg>
<arg>options=${options}</arg>
<doc>Opens a new browser instance to the optional ``url``.</doc>
<msg timestamp="20241003 15:14:46.919" level="INFO">Opening browser 'ff' to base url 'https://www.dev.wsj.com/preference-center/alerts'.</msg>
<status status="PASS" starttime="20241003 15:14:46.918" endtime="20241003 15:15:00.113"/>
</kw>
<status status="PASS" starttime="20241003 15:14:46.918" endtime="20241003 15:15:00.113"/>
</branch>
<status status="PASS" starttime="20241003 15:14:46.917" endtime="20241003 15:15:00.113"/>
</if>
<kw name="Maximize Browser Window" library="SeleniumLibrary">
<doc>Maximizes current browser window.</doc>
<status status="PASS" starttime="20241003 15:15:00.113" endtime="20241003 15:15:00.620"/>
</kw>
<status status="PASS" starttime="20241003 15:14:46.908" endtime="20241003 15:15:00.620"/>
</kw>
<if>
<branch type="IF" condition="&quot;${Env}&quot; == &quot;prod&quot;">
<kw name="New WSJ Sign In Process" library="DefinedKeywords">
<status status="NOT RUN" starttime="20241003 15:15:00.624" endtime="20241003 15:15:00.624"/>
</kw>
<status status="NOT RUN" starttime="20241003 15:15:00.624" endtime="20241003 15:15:00.624"/>
</branch>
<branch type="ELSE IF" condition="&quot;${Env}&quot; == &quot;dev&quot;">
<kw name="New WSJ Sign In Process" library="DefinedKeywords">
<kw name="Click Button" library="SeleniumLibrary">
<arg>//input[@type='text']</arg>
<doc>Clicks the button identified by ``locator``.</doc>
<msg timestamp="20241003 15:15:00.626" level="INFO">Clicking button '//input[@type='text']'.</msg>
<msg timestamp="20241003 15:15:02.426" level="INFO" html="true">&lt;/td&gt;&lt;/tr&gt;&lt;tr&gt;&lt;td colspan="3"&gt;&lt;a href="selenium-screenshot-469.png"&gt;&lt;img src="selenium-screenshot-469.png" width="800px"&gt;&lt;/a&gt;</msg>
<msg timestamp="20241003 15:15:02.427" level="FAIL">ElementClickInterceptedException: Message: Element &lt;input id="ref-floating-ui-0" class="css-8ld8lg" type="text"&gt; is not clickable at point (804,479) because another element &lt;div class="loader-layout css-1gz38a3"&gt; obscures it
Stacktrace:
RemoteError@chrome://remote/content/shared/RemoteError.sys.mjs:8:8
WebDriverError@chrome://remote/content/shared/webdriver/Errors.sys.mjs:193:5
ElementClickInterceptedError@chrome://remote/content/shared/webdriver/Errors.sys.mjs:337:5
webdriverClickElement@chrome://remote/content/marionette/interaction.sys.mjs:177:11
interaction.clickElement@chrome://remote/content/marionette/interaction.sys.mjs:136:11
clickElement@chrome://remote/content/marionette/actors/MarionetteCommandsChild.sys.mjs:205:29
receiveMessage@chrome://remote/content/marionette/actors/MarionetteCommandsChild.sys.mjs:85:31
</msg>
<status status="FAIL" starttime="20241003 15:15:00.625" endtime="20241003 15:15:02.447"/>
</kw>
<kw name="Input Text" library="SeleniumLibrary">
<arg>//input[@type='text']</arg>
<arg>newsroomdev.test@dowjones.com</arg>
<doc>Types the given ``text`` into the text field identified by ``locator``.</doc>
<status status="NOT RUN" starttime="20241003 15:15:02.447" endtime="20241003 15:15:02.448"/>
</kw>
<kw name="Set Selenium Implicit Wait" library="SeleniumLibrary">
<arg>10s</arg>
<doc>Sets the implicit wait value used by Selenium.</doc>
<status status="NOT RUN" starttime="20241003 15:15:02.448" endtime="20241003 15:15:02.448"/>
</kw>
<kw name="Click Button" library="SeleniumLibrary">
<arg>//input[@type='submit']</arg>
<doc>Clicks the button identified by ``locator``.</doc>
<status status="NOT RUN" starttime="20241003 15:15:02.448" endtime="20241003 15:15:02.448"/>
</kw>
<kw name="Set Selenium Implicit Wait" library="SeleniumLibrary">
<arg>10s</arg>
<doc>Sets the implicit wait value used by Selenium.</doc>
<status status="NOT RUN" starttime="20241003 15:15:02.448" endtime="20241003 15:15:02.448"/>
</kw>
<kw name="Wait Until Element Is Visible" library="SeleniumLibrary">
<arg>//input[@type='password']</arg>
<doc>Waits until the element ``locator`` is visible.</doc>
<status status="NOT RUN" starttime="20241003 15:15:02.448" endtime="20241003 15:15:02.448"/>
</kw>
<kw name="Input Text" library="SeleniumLibrary">
<arg>//input[@type='password']</arg>
<arg>B9oB6pTg4LO8obgDjsy6Gjj9vUE2fe</arg>
<doc>Types the given ``text`` into the text field identified by ``locator``.</doc>
<status status="NOT RUN" starttime="20241003 15:15:02.448" endtime="20241003 15:15:02.448"/>
</kw>
<kw name="Set Selenium Implicit Wait" library="SeleniumLibrary">
<arg>10s</arg>
<doc>Sets the implicit wait value used by Selenium.</doc>
<status status="NOT RUN" starttime="20241003 15:15:02.449" endtime="20241003 15:15:02.449"/>
</kw>
<kw name="Click Button" library="SeleniumLibrary">
<arg>//input[@type='submit']</arg>
<doc>Clicks the button identified by ``locator``.</doc>
<status status="NOT RUN" starttime="20241003 15:15:02.449" endtime="20241003 15:15:02.450"/>
</kw>
<kw name="Set Selenium Implicit Wait" library="SeleniumLibrary">
<arg>30s</arg>
<doc>Sets the implicit wait value used by Selenium.</doc>
<status status="NOT RUN" starttime="20241003 15:15:02.451" endtime="20241003 15:15:02.451"/>
</kw>
<kw name="Wait Until Element Is Visible" library="SeleniumLibrary">
<arg>//*[@id="input86"]</arg>
<doc>Waits until the element ``locator`` is visible.</doc>
<status status="NOT RUN" starttime="20241003 15:15:02.451" endtime="20241003 15:15:02.451"/>
</kw>
<kw name="Input Text" library="SeleniumLibrary">
<arg>//*[@id="input86"]</arg>
<arg>QA integration testing</arg>
<doc>Types the given ``text`` into the text field identified by ``locator``.</doc>
<status status="NOT RUN" starttime="20241003 15:15:02.451" endtime="20241003 15:15:02.451"/>
</kw>
<kw name="Set Selenium Implicit Wait" library="SeleniumLibrary">
<arg>10s</arg>
<doc>Sets the implicit wait value used by Selenium.</doc>
<status status="NOT RUN" starttime="20241003 15:15:02.451" endtime="20241003 15:15:02.451"/>
</kw>
<kw name="Click Button" library="SeleniumLibrary">
<arg>//input[@type='submit']</arg>
<doc>Clicks the button identified by ``locator``.</doc>
<status status="NOT RUN" starttime="20241003 15:15:02.451" endtime="20241003 15:15:02.451"/>
</kw>
<status status="FAIL" starttime="20241003 15:15:00.625" endtime="20241003 15:15:02.452"/>
</kw>
<status status="FAIL" starttime="20241003 15:15:00.625" endtime="20241003 15:15:02.452"/>
</branch>
<status status="FAIL" starttime="20241003 15:15:00.624" endtime="20241003 15:15:02.452"/>
</if>
<kw name="Set Selenium Implicit Wait" library="SeleniumLibrary">
<arg>50s</arg>
<doc>Sets the implicit wait value used by Selenium.</doc>
<status status="NOT RUN" starttime="20241003 15:15:02.624" endtime="20241003 15:15:02.624"/>
</kw>
<kw name="Add Author By Hotlink" library="WSJPreferenceCenterPage">
<status status="NOT RUN" starttime="20241003 15:15:02.873" endtime="20241003 15:15:02.874"/>
</kw>
<kw name="WSJ Preference Center Page Sign In Process" library="DefinedKeywords">
<status status="NOT RUN" starttime="20241003 15:15:02.951" endtime="20241003 15:15:02.951"/>
</kw>
<kw name="Finish Testcase" library="CommonFunctionality" type="TEARDOWN">
<kw name="Close Browser" library="SeleniumLibrary">
<doc>Closes the current browser.</doc>
<status status="PASS" starttime="20241003 15:15:03.040" endtime="20241003 15:15:07.103"/>
</kw>
<status status="PASS" starttime="20241003 15:15:03.039" endtime="20241003 15:15:07.103"/>
</kw>
<doc>This test case validates the WSJ preference center page</doc>
<tag>PreferenceCenter</tag>
<tag>Regression</tag>
<tag>TagWSJ</tag>
<tag>WSJ</tag>
<status status="FAIL" starttime="20241003 15:14:19.760" endtime="20241003 15:15:07.104">ElementClickInterceptedException: Message: Element &lt;input id="ref-floating-ui-0" class="css-8ld8lg" type="text"&gt; is not clickable at point (804,479) because another element &lt;div class="loader-layout css-1gz38a3"&gt; obscures it
Stacktrace:
RemoteError@chrome://remote/content/shared/RemoteError.sys.mjs:8:8
WebDriverError@chrome://remote/content/shared/webdriver/Errors.sys.mjs:193:5
ElementClickInterceptedError@chrome://remote/content/shared/webdriver/Errors.sys.mjs:337:5
webdriverClickElement@chrome://remote/content/marionette/interaction.sys.mjs:177:11
interaction.clickElement@chrome://remote/content/marionette/interaction.sys.mjs:136:11
clickElement@chrome://remote/content/marionette/actors/MarionetteCommandsChild.sys.mjs:205:29
receiveMessage@chrome://remote/content/marionette/actors/MarionetteCommandsChild.sys.mjs:85:31
</status>
</test>
<doc>WSJ Regression Tests</doc>
<status status="FAIL" starttime="20241003 15:14:19.302" endtime="20241003 15:15:07.106"/>
</suite>
<status status="FAIL" starttime="20241003 15:14:19.299" endtime="20241003 15:15:07.108"/>
</suite>
<status status="FAIL" starttime="20241003 15:14:19.294" endtime="20241003 15:15:07.110"/>
</suite>
<status status="FAIL" starttime="20241003 15:14:19.290" endtime="20241003 15:15:07.112"/>
</suite>
<status status="FAIL" starttime="20241003 15:14:19.287" endtime="20241003 15:15:07.113"/>
</suite>
<status status="FAIL" starttime="20241003 15:14:19.238" endtime="20241003 15:15:07.114"/>
</suite>
<statistics>
<total>
<stat pass="0" fail="1" skip="0">All Tests</stat>
</total>
<tag>
<stat pass="0" fail="1" skip="0">PreferenceCenter</stat>
<stat pass="0" fail="1" skip="0">Regression</stat>
<stat pass="0" fail="1" skip="0">TagWSJ</stat>
<stat pass="0" fail="1" skip="0">WSJ</stat>
</tag>
<suite>
<stat pass="0" fail="1" skip="0" id="s1" name="Userservices-Qa-Automation">Userservices-Qa-Automation</stat>
<stat pass="0" fail="1" skip="0" id="s1-s1" name="Panda-Qa">Userservices-Qa-Automation.Panda-Qa</stat>
<stat pass="0" fail="1" skip="0" id="s1-s1-s1" name="Tests">Userservices-Qa-Automation.Panda-Qa.Tests</stat>
<stat pass="0" fail="1" skip="0" id="s1-s1-s1-s1" name="FollowWidget">Userservices-Qa-Automation.Panda-Qa.Tests.FollowWidget</stat>
<stat pass="0" fail="1" skip="0" id="s1-s1-s1-s1-s1" name="Regression">Userservices-Qa-Automation.Panda-Qa.Tests.FollowWidget.Regression</stat>
<stat pass="0" fail="1" skip="0" id="s1-s1-s1-s1-s1-s1" name="WSJ Regression">Userservices-Qa-Automation.Panda-Qa.Tests.FollowWidget.Regression.WSJ Regression</stat>
</suite>
</statistics>
<errors>
</errors>
</robot>
